#
# A fatal error has been detected by the Java Runtime Environment:
#
#  EXCEPTION_ACCESS_VIOLATION (0xc0000005) at pc=0x0000014e08179883, pid=53076, tid=41788
#
# JRE version: OpenJDK Runtime Environment (18.0+36) (build 18+36-2087)
# Java VM: OpenJDK 64-Bit Server VM (18+36-2087, mixed mode, sharing, tiered, compressed oops, compressed class ptrs, g1 gc, windows-amd64)
# Problematic frame:
# J 1327 c1 jdk.internal.misc.ScopedMemoryAccess.getByte(Ljdk/internal/misc/ScopedMemoryAccess$Scope;Ljava/lang/Object;J)B java.base@18 (20 bytes) @ 0x0000014e08179883 [0x0000014e08179520+0x0000000000000363]
#
# No core dump will be written. Minidumps are not enabled by default on client versions of Windows
#
# If you would like to submit a bug report, please visit:
#   https://bugreport.java.com/bugreport/crash.jsp
#

---------------  S U M M A R Y ------------

Command Line: --enable-native-access=test.jfreetype,jfreetype -javaagent:D:\Program Files\JetBrains\IntelliJ IDEA 2021.2.3\lib\idea_rt.jar=65288:D:\Program Files\JetBrains\IntelliJ IDEA 2021.2.3\bin -Dfile.encoding=UTF-8 --module-path=D:\jfreetype\test\target\test-classes;D:\jfreetype\target\classes -Djdk.module.main=test.jfreetype test.jfreetype/io.github.mmc1234.jfreetype.example.Main

Host: 11th Gen Intel(R) Core(TM) i7-11800H @ 2.30GHz, 16 cores, 15G,  Windows 10 , 64 bit Build 19041 (10.0.19041.1503)
Time: Sat Feb 26 21:53:04 2022  Windows 10 , 64 bit Build 19041 (10.0.19041.1503) elapsed time: 0.399820 seconds (0d 0h 0m 0s)

---------------  T H R E A D  ---------------

Current thread (0x0000014e78980e40):  JavaThread "main" [_thread_in_Java, id=41788, stack(0x000000260d600000,0x000000260d700000)]

Stack: [0x000000260d600000,0x000000260d700000],  sp=0x000000260d6fec80,  free space=1019k
Native frames: (J=compiled Java code, j=interpreted, Vv=VM code, C=native code)
C  0x0000014e08179883


siginfo: EXCEPTION_ACCESS_VIOLATION (0xc0000005), reading address 0xffffffffffffffff


Register to memory mapping:

RIP=0x0000014e08179883 is at entry_point+867 in (nmethod*)0x0000014e08179310
Compiled method (c1)     404 1327   !   3       jdk.internal.misc.ScopedMemoryAccess::getByte (20 bytes)
 total in heap  [0x0000014e08179310,0x0000014e0817a180] = 3696
 relocation     [0x0000014e08179468,0x0000014e08179520] = 184
 main code      [0x0000014e08179520,0x0000014e08179d00] = 2016
 stub code      [0x0000014e08179d00,0x0000014e08179d58] = 88
 metadata       [0x0000014e08179d58,0x0000014e08179d98] = 64
 scopes data    [0x0000014e08179d98,0x0000014e08179e88] = 240
 scopes pcs     [0x0000014e08179e88,0x0000014e0817a008] = 384
 dependencies   [0x0000014e0817a008,0x0000014e0817a018] = 16
 handler table  [0x0000014e0817a018,0x0000014e0817a150] = 312
 nul chk table  [0x0000014e0817a150,0x0000014e0817a180] = 48
RAX=0x0000014e1ca5c138 is pointing into metadata
RBX={method} {0x000000080008f7f0} 'getByte' '(Ljdk/internal/misc/ScopedMemoryAccess$Scope;Ljava/lang/Object;J)B' in 'jdk/internal/misc/ScopedMemoryAccess'
RCX=0x0000000000000009 is an unknown value
RDX=0x0000000000000170 is an unknown value
RSP=0x000000260d6fec80 is pointing into the stack for thread: 0x0000014e78980e40
RBP=0x000000260d6fedb8 is pointing into the stack for thread: 0x0000014e78980e40
RSI=0x0000000000000024 is an unknown value
RDI=0x20c6aad000000000 is an unknown value
R8 =0x00000007134c5710 is an oop: jdk.internal.foreign.ResourceScopeImpl$GlobalScopeImpl 
{0x00000007134c5710} - klass: 'jdk/internal/foreign/ResourceScopeImpl$GlobalScopeImpl'
 - ---- fields (total size 4 words):
 - 'state' 'I' @12  0
 - final 'resourceList' 'Ljdk/internal/foreign/ResourceScopeImpl$ResourceList;' @16  a 'jdk/internal/foreign/SharedScope$SharedResourceList'{0x00000007134c5b60} (e2698b6c)
 - final 'cleanable' 'Ljava/lang/ref/Cleaner$Cleanable;' @20  NULL (0)
 - final 'owner' 'Ljava/lang/Thread;' @24  NULL (0)
 - final 'ref' 'Ljava/lang/Object;' @28  NULL (0)
R9 =0x0 is NULL
R10=0x0000000800000000 is pointing into metadata
R11=0x0000014e08179540 is at entry_point+32 in (nmethod*)0x0000014e08179310
Compiled method (c1)     409 1327   !   3       jdk.internal.misc.ScopedMemoryAccess::getByte (20 bytes)
 total in heap  [0x0000014e08179310,0x0000014e0817a180] = 3696
 relocation     [0x0000014e08179468,0x0000014e08179520] = 184
 main code      [0x0000014e08179520,0x0000014e08179d00] = 2016
 stub code      [0x0000014e08179d00,0x0000014e08179d58] = 88
 metadata       [0x0000014e08179d58,0x0000014e08179d98] = 64
 scopes data    [0x0000014e08179d98,0x0000014e08179e88] = 240
 scopes pcs     [0x0000014e08179e88,0x0000014e0817a008] = 384
 dependencies   [0x0000014e0817a008,0x0000014e0817a018] = 16
 handler table  [0x0000014e0817a018,0x0000014e0817a150] = 312
 nul chk table  [0x0000014e0817a150,0x0000014e0817a180] = 48
R12=0x0 is NULL
R13=0x000000260d6fed48 is pointing into the stack for thread: 0x0000014e78980e40
R14=0x0 is NULL
R15=0x0000014e78980e40 is a thread


Registers:
RAX=0x0000014e1ca5c138, RBX=0x000000080008f7e8, RCX=0x0000000000000009, RDX=0x0000000000000170
RSP=0x000000260d6fec80, RBP=0x000000260d6fedb8, RSI=0x0000000000000024, RDI=0x20c6aad000000000
R8 =0x00000007134c5710, R9 =0x0000000000000000, R10=0x0000000800000000, R11=0x0000014e08179540
R12=0x0000000000000000, R13=0x000000260d6fed48, R14=0x0000000000000000, R15=0x0000014e78980e40
RIP=0x0000014e08179883, EFLAGS=0x0000000000010246

Top of Stack: (sp=0x000000260d6fec80)
0x000000260d6fec80:   000000260d6fec98 000000260d6fece8
0x000000260d6fec90:   0000000000000000 0000000000000000
0x000000260d6feca0:   000000260d6feca0 0000014e1ca61625
0x000000260d6fecb0:   000000260d6fed50 0000014e1ca622d8
0x000000260d6fecc0:   0000000000000000 000000071277bee8
0x000000260d6fecd0:   0000014e1ca616c8 0000000000000000
0x000000260d6fece0:   000000260d6fed28 000000260d6fedb8
0x000000260d6fecf0:   0000014e078695cd 0000000000000000
0x000000260d6fed00:   000000260d6fedf0 0000014e1c9e72e0
0x000000260d6fed10:   000000260d6fedb8 0000014e07879e42
0x000000260d6fed20:   0000000000000000 00000000000000b6
0x000000260d6fed30:   000000260d6fedb8 0000014e07869612
0x000000260d6fed40:   0000014e07869612 20c6aad000000000
0x000000260d6fed50:   0000000000000000 0000000000000000
0x000000260d6fed60:   00000007134c5710 00000007136566c8
0x000000260d6fed70:   000000260d6fed70 0000014e1ca61790 

Instructions: (pc=0x0000014e08179883)
0x0000014e08179783:   01 00 00 01 48 b8 38 c1 a5 1c 4e 01 00 00 8b 90
0x0000014e08179793:   cc 00 00 00 83 c2 02 89 90 cc 00 00 00 81 e2 fe
0x0000014e081797a3:   ff 1f 00 83 fa 00 0f 84 9e 03 00 00 41 8b 40 18
0x0000014e081797b3:   48 c1 e0 03 48 83 f8 00 48 ba 38 c1 a5 1c 4e 01
0x0000014e081797c3:   00 00 48 be 10 01 00 00 00 00 00 00 0f 84 0a 00
0x0000014e081797d3:   00 00 48 be 20 01 00 00 00 00 00 00 48 8b 0c 32
0x0000014e081797e3:   48 8d 49 01 48 89 0c 32 0f 84 55 00 00 00 48 ba
0x0000014e081797f3:   38 c1 a5 1c 4e 01 00 00 48 83 82 30 01 00 00 01
0x0000014e08179803:   49 8b 97 68 02 00 00 48 8b 12 48 3b c2 48 b8 38
0x0000014e08179813:   c1 a5 1c 4e 01 00 00 48 ba 50 01 00 00 00 00 00
0x0000014e08179823:   00 0f 85 0a 00 00 00 48 ba 40 01 00 00 00 00 00
0x0000014e08179833:   00 48 8b 34 10 48 8d 76 01 48 89 34 10 0f 85 cf
0x0000014e08179843:   00 00 00 41 8b 40 0c 83 f8 00 48 b8 38 c1 a5 1c
0x0000014e08179853:   4e 01 00 00 48 ba 80 01 00 00 00 00 00 00 0f 8c
0x0000014e08179863:   0a 00 00 00 48 ba 70 01 00 00 00 00 00 00 48 8b
0x0000014e08179873:   34 10 48 8d 76 01 48 89 34 10 0f 8c 61 00 00 00
0x0000014e08179883:   41 0f be 04 39 48 ba 00 bf a5 1c 4e 01 00 00 48
0x0000014e08179893:   83 82 b8 01 00 00 01 48 ba 18 ea 89 1c 4e 01 00
0x0000014e081798a3:   00 8b b2 cc 00 00 00 83 c6 02 89 b2 cc 00 00 00
0x0000014e081798b3:   81 e6 fe ff 1f 00 83 fe 00 0f 84 ac 02 00 00 c1
0x0000014e081798c3:   e0 18 c1 f8 18 c1 e0 18 c1 f8 18 48 81 c4 b0 00
0x0000014e081798d3:   00 00 5d 49 3b a7 38 03 00 00 0f 87 ac 02 00 00
0x0000014e081798e3:   c3 0f 1f 40 00 e9 34 03 00 00 00 00 00 00 00 66
0x0000014e081798f3:   0f 1f 44 00 00 e9 3e 03 00 00 90 48 c1 e0 03 48
0x0000014e08179903:   3b 00 48 ba 05 99 17 08 4e 01 00 00 e8 ec 2f 7e
0x0000014e08179913:   ff 90 48 89 bc 24 88 00 00 00 4c 89 8c 24 90 00
0x0000014e08179923:   00 00 4c 89 84 24 80 00 00 00 66 66 90 e9 24 03
0x0000014e08179933:   00 00 00 00 00 00 00 80 ba 23 01 00 00 04 0f 85
0x0000014e08179943:   21 03 00 00 49 8b 87 f0 00 00 00 48 8d 78 28 49
0x0000014e08179953:   3b bf 00 01 00 00 0f 87 09 03 00 00 49 89 bf f0
0x0000014e08179963:   00 00 00 48 c7 00 01 00 00 00 48 8b ca 49 ba 00
0x0000014e08179973:   00 00 00 08 00 00 00 49 2b ca 89 48 08 48 33 c9 


Stack slot to memory mapping:
stack at sp + 0 slots: 0x000000260d6fec98 is pointing into the stack for thread: 0x0000014e78980e40
stack at sp + 1 slots: 0x000000260d6fece8 is pointing into the stack for thread: 0x0000014e78980e40
stack at sp + 2 slots: 0x0 is NULL
stack at sp + 3 slots: 0x0 is NULL
stack at sp + 4 slots: 0x000000260d6feca0 is pointing into the stack for thread: 0x0000014e78980e40
stack at sp + 5 slots: 0x0000014e1ca61625 is pointing into metadata
stack at sp + 6 slots: 0x000000260d6fed50 is pointing into the stack for thread: 0x0000014e78980e40
stack at sp + 7 slots: 0x0000014e1ca622d8 is pointing into metadata


Compiled method (c1)     419 1327   !   3       jdk.internal.misc.ScopedMemoryAccess::getByte (20 bytes)
 total in heap  [0x0000014e08179310,0x0000014e0817a180] = 3696
 relocation     [0x0000014e08179468,0x0000014e08179520] = 184
 main code      [0x0000014e08179520,0x0000014e08179d00] = 2016
 stub code      [0x0000014e08179d00,0x0000014e08179d58] = 88
 metadata       [0x0000014e08179d58,0x0000014e08179d98] = 64
 scopes data    [0x0000014e08179d98,0x0000014e08179e88] = 240
 scopes pcs     [0x0000014e08179e88,0x0000014e0817a008] = 384
 dependencies   [0x0000014e0817a008,0x0000014e0817a018] = 16
 handler table  [0x0000014e0817a018,0x0000014e0817a150] = 312
 nul chk table  [0x0000014e0817a150,0x0000014e0817a180] = 48

[Constant Pool (empty)]

[MachCode]
[Entry Point]
  # {method} {0x000000080008f7f0} 'getByte' '(Ljdk/internal/misc/ScopedMemoryAccess$Scope;Ljava/lang/Object;J)B' in 'jdk/internal/misc/ScopedMemoryAccess'
  # this:     rdx:rdx   = 'jdk/internal/misc/ScopedMemoryAccess'
  # parm0:    r8:r8     = 'jdk/internal/misc/ScopedMemoryAccess$Scope'
  # parm1:    r9:r9     = 'java/lang/Object'
  # parm2:    rdi:rdi   = long
  #           [sp+0xc0]  (sp of caller)
  0x0000014e08179520: 448b 5208 | 49bb 0000 | 0000 0800 | 0000 4d03 | d34c 3bd0 

  0x0000014e08179534: ;   {runtime_call ic_miss_stub}
  0x0000014e08179534: 0f85 463a | 73ff 660f | 1f44 0000 
[Verified Entry Point]
  0x0000014e08179540: 8984 2400 | 90ff ff55 | 4881 ecb0 

  0x0000014e0817954c: ;   {metadata(method data for {method} {0x000000080008f7f0} 'getByte' '(Ljdk/internal/misc/ScopedMemoryAccess$Scope;Ljava/lang/Object;J)B' in 'jdk/internal/misc/ScopedMemoryAccess')}
  0x0000014e0817954c: 0000 0048 | b820 bda5 | 1c4e 0100 | 008b b0cc | 0000 0083 | c602 89b0 | cc00 0000 | 81e6 fe07 
  0x0000014e0817956c: 0000 83fe | 000f 848a 

  0x0000014e08179574: ;   {metadata(method data for {method} {0x000000080008f7f0} 'getByte' '(Ljdk/internal/misc/ScopedMemoryAccess$Scope;Ljava/lang/Object;J)B' in 'jdk/internal/misc/ScopedMemoryAccess')}
  0x0000014e08179574: 0500 0048 | b820 bda5 | 1c4e 0100 | 0048 8d80 | 4801 0000 | 498b f048 | 85f6 7502 | eb52 8b76 
  0x0000014e08179594: 0849 ba00 | 0000 0008 | 0000 0049 | 03f2 4833 | 7008 48f7 | c6fc ffff | ff74 3548 | f7c6 0200 
  0x0000014e081795b4: 0000 752c | 4881 7808 | 0000 0000 | 741e 4881 | 7808 0100 | 0000 7414 | 4833 7008 | 48f7 c6fc 
  0x0000014e081795d4: ffff ff74 | 0b48 8348 | 0802 eb04 | 4889 7008 | 498b f148 | 85f6 7502 | eb52 8b76 | 0849 ba00 
  0x0000014e081795f4: 0000 0008 | 0000 0049 | 03f2 4833 | 7018 48f7 | c6fc ffff | ff74 3548 | f7c6 0200 | 0000 752c 
  0x0000014e08179614: 4881 7818 | 0000 0000 | 741e 4881 | 7818 0100 | 0000 7414 | 4833 7018 | 48f7 c6fc | ffff ff74 
  0x0000014e08179634: 0b48 8348 | 1802 eb04 | 4889 7018 

  0x0000014e08179640: ;   {metadata(method data for {method} {0x000000080008f7f0} 'getByte' '(Ljdk/internal/misc/ScopedMemoryAccess$Scope;Ljava/lang/Object;J)B' in 'jdk/internal/misc/ScopedMemoryAccess')}
  0x0000014e08179640: 48b8 20bd | a51c 4e01 | 0000 4883 | 8010 0100 

  0x0000014e08179650: ;   {metadata(method data for {method} {0x0000000800093cd0} 'getByteInternal' '(Ljdk/internal/misc/ScopedMemoryAccess$Scope;Ljava/lang/Object;J)B' in 'jdk/internal/misc/ScopedMemoryAccess')}
  0x0000014e08179650: 0001 48b8 | 00bf a51c | 4e01 0000 | 8b90 cc00 | 0000 83c2 | 0289 90cc | 0000 0081 | e2fe ff1f 
  0x0000014e08179670: 0083 fa00 | 0f84 a804 | 0000 4983 

  0x0000014e0817967c: ;   {metadata(method data for {method} {0x0000000800093cd0} 'getByteInternal' '(Ljdk/internal/misc/ScopedMemoryAccess$Scope;Ljava/lang/Object;J)B' in 'jdk/internal/misc/ScopedMemoryAccess')}
  0x0000014e0817967c: f800 48b8 | 00bf a51c | 4e01 0000 | 48ba 1001 | 0000 0000 | 0000 0f84 | 0a00 0000 | 48ba 2001 
  0x0000014e0817969c: 0000 0000 | 0000 488b | 3410 488d | 7601 4889 | 3410 0f84 | cf01 0000 | 4983 f800 | 0f84 2a00 
  0x0000014e081796bc: ;   {metadata('jdk/internal/foreign/ResourceScopeImpl')}
  0x0000014e081796bc: 0000 48b9 | 6083 c500 | 0800 0000 | 418b 7008 | 49ba 0000 | 0000 0800 | 0000 4903 | f248 3b4e 
  0x0000014e081796dc: 380f 8560 | 0400 00e9 | 0000 0000 | 498b c049 | 3b00 498b 

  0x0000014e081796f0: ;   {metadata(method data for {method} {0x0000000800093cd0} 'getByteInternal' '(Ljdk/internal/misc/ScopedMemoryAccess$Scope;Ljava/lang/Object;J)B' in 'jdk/internal/misc/ScopedMemoryAccess')}
  0x0000014e081796f0: c048 ba00 | bfa5 1c4e | 0100 008b | 4008 49ba | 0000 0000 | 0800 0000 | 4903 c248 | 3b82 4001 
  0x0000014e08179710: 0000 750d | 4883 8248 | 0100 0001 | e966 0000 | 0048 3b82 | 5001 0000 | 750d 4883 | 8258 0100 
  0x0000014e08179730: 0001 e950 | 0000 0048 | 81ba 4001 | 0000 0000 | 0000 7517 | 4889 8240 | 0100 0048 | c782 4801 
  0x0000014e08179750: 0000 0100 | 0000 e92c | 0000 0048 | 81ba 5001 | 0000 0000 | 0000 7517 | 4889 8250 | 0100 0048 
  0x0000014e08179770: c782 5801 | 0000 0100 | 0000 e908 | 0000 0048 | 8382 3001 

  0x0000014e08179784: ;   {metadata(method data for {method} {0x0000014e1c90d4b8} 'checkValidState' '()V' in 'jdk/internal/foreign/ResourceScopeImpl')}
  0x0000014e08179784: 0000 0148 | b838 c1a5 | 1c4e 0100 | 008b 90cc | 0000 0083 | c202 8990 | cc00 0000 | 81e2 feff 
  0x0000014e081797a4: 1f00 83fa | 000f 849e | 0300 0041 | 8b40 1848 | c1e0 0348 

  0x0000014e081797b8: ;   {metadata(method data for {method} {0x0000014e1c90d4b8} 'checkValidState' '()V' in 'jdk/internal/foreign/ResourceScopeImpl')}
  0x0000014e081797b8: 83f8 0048 | ba38 c1a5 | 1c4e 0100 | 0048 be10 | 0100 0000 | 0000 000f | 840a 0000 | 0048 be20 
  0x0000014e081797d8: 0100 0000 | 0000 0048 | 8b0c 3248 | 8d49 0148 | 890c 320f | 8455 0000 

  0x0000014e081797f0: ;   {metadata(method data for {method} {0x0000014e1c90d4b8} 'checkValidState' '()V' in 'jdk/internal/foreign/ResourceScopeImpl')}
  0x0000014e081797f0: 0048 ba38 | c1a5 1c4e | 0100 0048 | 8382 3001 | 0000 0149 | 8b97 6802 | 0000 488b | 1248 3bc2 
  0x0000014e08179810: ;   {metadata(method data for {method} {0x0000014e1c90d4b8} 'checkValidState' '()V' in 'jdk/internal/foreign/ResourceScopeImpl')}
  0x0000014e08179810: 48b8 38c1 | a51c 4e01 | 0000 48ba | 5001 0000 | 0000 0000 | 0f85 0a00 | 0000 48ba | 4001 0000 
  0x0000014e08179830: 0000 0000 | 488b 3410 | 488d 7601 | 4889 3410 | 0f85 cf00 | 0000 418b | 400c 83f8 

  0x0000014e0817984c: ;   {metadata(method data for {method} {0x0000014e1c90d4b8} 'checkValidState' '()V' in 'jdk/internal/foreign/ResourceScopeImpl')}
  0x0000014e0817984c: 0048 b838 | c1a5 1c4e | 0100 0048 | ba80 0100 | 0000 0000 | 000f 8c0a | 0000 0048 | ba70 0100 
  0x0000014e0817986c: 0000 0000 | 0048 8b34 | 1048 8d76 | 0148 8934 | 100f 8c61 | 0000 0041 | 0fbe 0439 

  0x0000014e08179888: ;   {metadata(method data for {method} {0x0000000800093cd0} 'getByteInternal' '(Ljdk/internal/misc/ScopedMemoryAccess$Scope;Ljava/lang/Object;J)B' in 'jdk/internal/misc/ScopedMemoryAccess')}
  0x0000014e08179888: 48ba 00bf | a51c 4e01 | 0000 4883 | 82b8 0100 

  0x0000014e08179898: ;   {metadata(method data for {method} {0x000000080003def0} 'reachabilityFence' '(Ljava/lang/Object;)V' in 'java/lang/ref/Reference')}
  0x0000014e08179898: 0001 48ba | 18ea 891c | 4e01 0000 | 8bb2 cc00 | 0000 83c6 | 0289 b2cc | 0000 0081 | e6fe ff1f 
  0x0000014e081798b8: 0083 fe00 | 0f84 ac02 | 0000 c1e0 | 18c1 f818 | c1e0 18c1 | f818 4881 | c4b0 0000 

  0x0000014e081798d4: ;   {poll_return}
  0x0000014e081798d4: 005d 493b | a738 0300 | 000f 87ac | 0200 00c3 | 0f1f 4000 

  0x0000014e081798e8: ;   {no_reloc}
  0x0000014e081798e8: e934 0300 | 0000 0000 | 0000 660f | 1f44 0000 

  0x0000014e081798f8: ; implicit exception: dispatches to 0x0000014e08179c2b
  0x0000014e081798f8: e93e 0300 | 0090 48c1 | e003 483b 

  0x0000014e08179904: ; ImmutableOopMap {r9=Oop r8=Oop rax=Oop }
                      ;*athrow {reexecute=1 rethrow=0 return_oop=0}
                      ; - (reexecute) jdk.internal.foreign.ResourceScopeImpl::checkValidState@37 (line 194)
                      ; - jdk.internal.misc.ScopedMemoryAccess::getByteInternal@5 (line 571)
                      ; - jdk.internal.misc.ScopedMemoryAccess::getByte@4 (line 561)
                      ;   {section_word}
  0x0000014e08179904: 0048 ba05 | 9917 084e 

  0x0000014e0817990c: ;   {runtime_call handle_exception_nofpu Runtime1 stub}
  0x0000014e0817990c: 0100 00e8 | ec2f 7eff | 9048 89bc | 2488 0000 | 004c 898c | 2490 0000 | 004c 8984 | 2480 0000 
  0x0000014e0817992c: 0066 6690 

  0x0000014e08179930: ;   {no_reloc}
  0x0000014e08179930: e924 0300 | 0000 0000 | 0000 80ba | 2301 0000 | 040f 8521 | 0300 0049 | 8b87 f000 | 0000 488d 
  0x0000014e08179950: 7828 493b | bf00 0100 | 000f 8709 | 0300 0049 | 89bf f000 | 0000 48c7 | 0001 0000 | 0048 8bca 
  0x0000014e08179970: 49ba 0000 | 0000 0800 | 0000 492b | ca89 4808 | 4833 c989 | 480c 4833 | c948 8948 | 1048 8948 
  0x0000014e08179990: 1848 8948 | 2048 8bd0 

  0x0000014e08179998: ;   {metadata(method data for {method} {0x0000014e1c90d4b8} 'checkValidState' '()V' in 'jdk/internal/foreign/ResourceScopeImpl')}
  0x0000014e08179998: 48be 38c1 | a51c 4e01 | 0000 4883 | 8660 0100 

  0x0000014e081799a8: ;   {oop("Attempted access outside owning thread"{0x00000007134e2298})}
  0x0000014e081799a8: 0001 49b8 | 9822 4e13 | 0700 0000 | 488b d048 | 8944 2478 

  0x0000014e081799bc: ;   {optimized virtual_call}
  0x0000014e081799bc: 6666 90e8 

  0x0000014e081799c0: ; ImmutableOopMap {[144]=Oop [128]=Oop [120]=Oop }
                      ;*invokespecial <init> {reexecute=0 rethrow=0 return_oop=0}
                      ; - jdk.internal.foreign.ResourceScopeImpl::checkValidState@23 (line 191)
                      ; - jdk.internal.misc.ScopedMemoryAccess::getByteInternal@5 (line 571)
                      ; - jdk.internal.misc.ScopedMemoryAccess::getByte@4 (line 561)
  0x0000014e081799c0: 3c3b 73ff | 488b 4424 

  0x0000014e081799c8: ; ImmutableOopMap {[144]=Oop [128]=Oop rax=Oop }
                      ;*athrow {reexecute=1 rethrow=0 return_oop=0}
                      ; - (reexecute) jdk.internal.foreign.ResourceScopeImpl::checkValidState@26 (line 191)
                      ; - jdk.internal.misc.ScopedMemoryAccess::getByteInternal@5 (line 571)
                      ; - jdk.internal.misc.ScopedMemoryAccess::getByte@4 (line 561)
                      ;   {section_word}
  0x0000014e081799c8: 7848 bac9 | 9917 084e 

  0x0000014e081799d0: ;   {runtime_call handle_exception_nofpu Runtime1 stub}
  0x0000014e081799d0: 0100 00e8 | 282f 7eff | 9049 8b87 | c803 0000 | 4d33 d24d | 8997 c803 | 0000 4d33 | d24d 8997 
  0x0000014e081799f0: d003 0000 

  0x0000014e081799f4: ;   {metadata(method data for {method} {0x0000000800093cd0} 'getByteInternal' '(Ljdk/internal/misc/ScopedMemoryAccess$Scope;Ljava/lang/Object;J)B' in 'jdk/internal/misc/ScopedMemoryAccess')}
  0x0000014e081799f4: 48ba 00bf | a51c 4e01 | 0000 4883 | 82c8 0100 

  0x0000014e08179a04: ;   {metadata(method data for {method} {0x000000080003def0} 'reachabilityFence' '(Ljava/lang/Object;)V' in 'java/lang/ref/Reference')}
  0x0000014e08179a04: 0001 48ba | 18ea 891c | 4e01 0000 | 8bb2 cc00 | 0000 83c6 | 0289 b2cc | 0000 0081 | e6fe ff1f 
  0x0000014e08179a24: 0083 fe00 | 0f84 4702 

  0x0000014e08179a2c: ; ImmutableOopMap {rax=Oop }
                      ;*athrow {reexecute=1 rethrow=0 return_oop=0}
                      ; - (reexecute) jdk.internal.misc.ScopedMemoryAccess::getByteInternal@35 (line 576)
                      ; - jdk.internal.misc.ScopedMemoryAccess::getByte@4 (line 561)
                      ;   {section_word}
  0x0000014e08179a2c: 0000 48ba | 2e9a 1708 | 4e01 0000 

  0x0000014e08179a38: ;   {runtime_call handle_exception_nofpu Runtime1 stub}
  0x0000014e08179a38: e8c3 2e7e | ff90 498b | 87c8 0300 | 004d 33d2 | 4d89 97c8 | 0300 004d | 33d2 4d89 | 97d0 0300 
  0x0000014e08179a58: 000f 1f80 | 0000 0000 

  0x0000014e08179a60: ;   {no_reloc}
  0x0000014e08179a60: e940 0200 | 0000 0000 | 0000 80ba | 2301 0000 | 040f 853d | 0200 0049 | 8b87 f000 | 0000 488d 
  0x0000014e08179a80: 7828 493b | bf00 0100 | 000f 8725 | 0200 0049 | 89bf f000 | 0000 48c7 | 0001 0000 | 0048 8bca 
  0x0000014e08179aa0: 49ba 0000 | 0000 0800 | 0000 492b | ca89 4808 | 4833 c989 | 480c 4833 | c948 8948 | 1048 8948 
  0x0000014e08179ac0: 1848 8948 | 204c 8bc0 

  0x0000014e08179ac8: ;   {metadata(method data for {method} {0x000000080008f7f0} 'getByte' '(Ljdk/internal/misc/ScopedMemoryAccess$Scope;Ljava/lang/Object;J)B' in 'jdk/internal/misc/ScopedMemoryAccess')}
  0x0000014e08179ac8: 48ba 20bd | a51c 4e01 | 0000 4883 | 8270 0100 

  0x0000014e08179ad8: ;   {oop("This segment is already closed"{0x00000007134e22e8})}
  0x0000014e08179ad8: 0001 49b8 | e822 4e13 | 0700 0000 | 488b d048 | 8984 2498 

  0x0000014e08179aec: ;   {optimized virtual_call}
  0x0000014e08179aec: 0000 00e8 

  0x0000014e08179af0: ; ImmutableOopMap {[152]=Oop }
                      ;*invokespecial <init> {reexecute=0 rethrow=0 return_oop=0}
                      ; - jdk.internal.misc.ScopedMemoryAccess::getByte@16 (line 563)
  0x0000014e08179af0: 0c3a 73ff | 488b 8424 | 9800 0000 | e9df 0100 

  0x0000014e08179b00: ;   {metadata({method} {0x000000080008f7f0} 'getByte' '(Ljdk/internal/misc/ScopedMemoryAccess$Scope;Ljava/lang/Object;J)B' in 'jdk/internal/misc/ScopedMemoryAccess')}
  0x0000014e08179b00: 0049 bae8 | f708 0008 | 0000 004c | 8954 2408 | 48c7 0424 | ffff ffff 

  0x0000014e08179b18: ;   {runtime_call counter_overflow Runtime1 stub}
  0x0000014e08179b18: e863 7a7e 

  0x0000014e08179b1c: ; ImmutableOopMap {rdx=Oop r8=Oop r9=Oop }
                      ;*synchronization entry
                      ; - jdk.internal.misc.ScopedMemoryAccess::getByte@-1 (line 561)
  0x0000014e08179b1c: ffe9 55fa 

  0x0000014e08179b20: ;   {metadata({method} {0x0000000800093cd0} 'getByteInternal' '(Ljdk/internal/misc/ScopedMemoryAccess$Scope;Ljava/lang/Object;J)B' in 'jdk/internal/misc/ScopedMemoryAccess')}
  0x0000014e08179b20: ffff 49ba | c83c 0900 | 0800 0000 | 4c89 5424 | 0848 c704 | 24ff ffff 

  0x0000014e08179b38: ;   {runtime_call counter_overflow Runtime1 stub}
  0x0000014e08179b38: ffe8 427a 

  0x0000014e08179b3c: ; ImmutableOopMap {r8=Oop r9=Oop }
                      ;*synchronization entry
                      ; - jdk.internal.misc.ScopedMemoryAccess::getByteInternal@-1 (line 570)
                      ; - jdk.internal.misc.ScopedMemoryAccess::getByte@4 (line 561)
  0x0000014e08179b3c: 7eff e937 

  0x0000014e08179b40: ;   {runtime_call throw_incompatible_class_change_error Runtime1 stub}
  0x0000014e08179b40: fbff ffe8 

  0x0000014e08179b44: ; ImmutableOopMap {r9=Oop r8=Oop }
                      ;*invokeinterface checkValidState {reexecute=0 rethrow=0 return_oop=0}
                      ; - jdk.internal.misc.ScopedMemoryAccess::getByteInternal@5 (line 571)
                      ; - jdk.internal.misc.ScopedMemoryAccess::getByte@4 (line 561)
  0x0000014e08179b44: d846 7eff 

  0x0000014e08179b48: ;   {runtime_call throw_null_pointer_exception Runtime1 stub}
  0x0000014e08179b48: e8d3 027e 

  0x0000014e08179b4c: ; ImmutableOopMap {r9=Oop r8=Oop }
                      ;*invokeinterface checkValidState {reexecute=0 rethrow=0 return_oop=0}
                      ; - jdk.internal.misc.ScopedMemoryAccess::getByteInternal@5 (line 571)
                      ; - jdk.internal.misc.ScopedMemoryAccess::getByte@4 (line 561)
                      ;   {metadata({method} {0x0000014e1c90d4b8} 'checkValidState' '()V' in 'jdk/internal/foreign/ResourceScopeImpl')}
  0x0000014e08179b4c: ff49 bab0 | d490 1c4e | 0100 004c | 8954 2408 | 48c7 0424 | ffff ffff 

  0x0000014e08179b64: ;   {runtime_call counter_overflow Runtime1 stub}
  0x0000014e08179b64: e817 7a7e 

  0x0000014e08179b68: ; ImmutableOopMap {r9=Oop r8=Oop }
                      ;*synchronization entry
                      ; - jdk.internal.foreign.ResourceScopeImpl::checkValidState@-1 (line 190)
                      ; - jdk.internal.misc.ScopedMemoryAccess::getByteInternal@5 (line 571)
                      ; - jdk.internal.misc.ScopedMemoryAccess::getByte@4 (line 561)
  0x0000014e08179b68: ffe9 41fc 

  0x0000014e08179b6c: ;   {metadata({method} {0x000000080003def0} 'reachabilityFence' '(Ljava/lang/Object;)V' in 'java/lang/ref/Reference')}
  0x0000014e08179b6c: ffff 49ba | e8de 0300 | 0800 0000 | 4c89 5424 | 0848 c704 | 24ff ffff 

  0x0000014e08179b84: ;   {runtime_call counter_overflow Runtime1 stub}
  0x0000014e08179b84: ffe8 f679 

  0x0000014e08179b88: ; ImmutableOopMap {}
                      ;*synchronization entry
                      ; - java.lang.ref.Reference::reachabilityFence@-1 (line 619)
                      ; - jdk.internal.misc.ScopedMemoryAccess::getByteInternal@21 (line 575)
                      ; - jdk.internal.misc.ScopedMemoryAccess::getByte@4 (line 561)
  0x0000014e08179b88: 7eff e933 

  0x0000014e08179b8c: ;   {internal_word}
  0x0000014e08179b8c: fdff ff49 | bad6 9817 | 084e 0100 | 004d 8997 | 5003 0000 

  0x0000014e08179ba0: ;   {runtime_call SafepointBlob}
  0x0000014e08179ba0: e9db ad73 

  0x0000014e08179ba4: ;   {oop(NULL)}
  0x0000014e08179ba4: ff48 b800 | 0000 0000 | 0000 0050 | 5348 8b58 | 1057 5652 | 5141 5041 | 5141 5241 | 5348 83ec 
  0x0000014e08179bc4: 20f7 c40f | 0000 000f | 841a 0000 | 0048 83ec 

  0x0000014e08179bd4: ;   {runtime_call}
  0x0000014e08179bd4: 0849 ba30 | febd 0dfc | 7f00 0041 | ffd2 4883 | c408 e90d 

  0x0000014e08179be8: ;   {runtime_call}
  0x0000014e08179be8: 0000 0049 | ba30 febd | 0dfc 7f00 | 0041 ffd2 | 4883 c420 | 415b 415a | 4159 4158 | 595a 5e5f 
  0x0000014e08179c08: 483b 8328 | 0100 005b | 580f 850a | 0000 00e9 | d6fc ffff | b800 7c72 

  0x0000014e08179c20: ;   {runtime_call load_mirror_patching Runtime1 stub}
  0x0000014e08179c20: 0ae8 5a69 

  0x0000014e08179c24: ; ImmutableOopMap {r9=Oop r8=Oop }
                      ;*getstatic INSTANCE {reexecute=1 rethrow=0 return_oop=0}
                      ; - (reexecute) jdk.internal.foreign.ResourceScopeImpl::checkValidState@34 (line 194)
                      ; - jdk.internal.misc.ScopedMemoryAccess::getByteInternal@5 (line 571)
                      ; - jdk.internal.misc.ScopedMemoryAccess::getByte@4 (line 561)
  0x0000014e08179c24: 7eff e9bd 

  0x0000014e08179c28: ;   {runtime_call throw_null_pointer_exception Runtime1 stub}
  0x0000014e08179c28: fcff ffe8 

  0x0000014e08179c2c: ; ImmutableOopMap {r9=Oop r8=Oop rax=Oop }
                      ;*getstatic INSTANCE {reexecute=1 rethrow=0 return_oop=0}
                      ; - (reexecute) jdk.internal.foreign.ResourceScopeImpl::checkValidState@34 (line 194)
                      ; - jdk.internal.misc.ScopedMemoryAccess::getByteInternal@5 (line 571)
                      ; - jdk.internal.misc.ScopedMemoryAccess::getByte@4 (line 561)
  0x0000014e08179c2c: f001 7eff | 8b80 0000 | 0000 b800 

  0x0000014e08179c38: ;   {runtime_call access_field_patching Runtime1 stub}
  0x0000014e08179c38: 0b05 06e8 

  0x0000014e08179c3c: ; ImmutableOopMap {r9=Oop r8=Oop rax=Oop }
                      ;*getstatic INSTANCE {reexecute=1 rethrow=0 return_oop=0}
                      ; - (reexecute) jdk.internal.foreign.ResourceScopeImpl::checkValidState@34 (line 194)
                      ; - jdk.internal.misc.ScopedMemoryAccess::getByteInternal@5 (line 571)
                      ; - jdk.internal.misc.ScopedMemoryAccess::getByte@4 (line 561)
  0x0000014e08179c3c: 405c 7eff | e9b3 fcff 

  0x0000014e08179c44: ;   {runtime_call throw_null_pointer_exception Runtime1 stub}
  0x0000014e08179c44: ffe8 d601 

  0x0000014e08179c48: ; ImmutableOopMap {r9=Oop r8=Oop rax=Oop }
                      ;*athrow {reexecute=1 rethrow=0 return_oop=0}
                      ; - (reexecute) jdk.internal.foreign.ResourceScopeImpl::checkValidState@37 (line 194)
                      ; - jdk.internal.misc.ScopedMemoryAccess::getByteInternal@5 (line 571)
                      ; - jdk.internal.misc.ScopedMemoryAccess::getByte@4 (line 561)
                      ;   {metadata(NULL)}
  0x0000014e08179c48: 7eff 48ba | 0000 0000 | 0000 0000 | b800 0f05 

  0x0000014e08179c58: ;   {runtime_call load_klass_patching Runtime1 stub}
  0x0000014e08179c58: 0ae8 a262 

  0x0000014e08179c5c: ; ImmutableOopMap {[128]=Oop [144]=Oop }
                      ;*new {reexecute=1 rethrow=0 return_oop=0}
                      ; - (reexecute) jdk.internal.foreign.ResourceScopeImpl::checkValidState@17 (line 191)
                      ; - jdk.internal.misc.ScopedMemoryAccess::getByteInternal@5 (line 571)
                      ; - jdk.internal.misc.ScopedMemoryAccess::getByte@4 (line 561)
  0x0000014e08179c5c: 7eff e9cd 

  0x0000014e08179c60: ;   {runtime_call throw_null_pointer_exception Runtime1 stub}
  0x0000014e08179c60: fcff ffe8 

  0x0000014e08179c64: ; ImmutableOopMap {[128]=Oop [144]=Oop }
                      ;*new {reexecute=0 rethrow=0 return_oop=0}
                      ; - jdk.internal.foreign.ResourceScopeImpl::checkValidState@17 (line 191)
                      ; - jdk.internal.misc.ScopedMemoryAccess::getByteInternal@5 (line 571)
                      ; - jdk.internal.misc.ScopedMemoryAccess::getByte@4 (line 561)
  0x0000014e08179c64: b801 7eff 

  0x0000014e08179c68: ;   {runtime_call fast_new_instance_init_check Runtime1 stub}
  0x0000014e08179c68: 488b d2e8 

  0x0000014e08179c6c: ; ImmutableOopMap {[128]=Oop [144]=Oop }
                      ;*new {reexecute=0 rethrow=0 return_oop=0}
                      ; - jdk.internal.foreign.ResourceScopeImpl::checkValidState@17 (line 191)
                      ; - jdk.internal.misc.ScopedMemoryAccess::getByteInternal@5 (line 571)
                      ; - jdk.internal.misc.ScopedMemoryAccess::getByte@4 (line 561)
  0x0000014e08179c6c: 9019 7eff | e920 fdff 

  0x0000014e08179c74: ;   {metadata({method} {0x000000080003def0} 'reachabilityFence' '(Ljava/lang/Object;)V' in 'java/lang/ref/Reference')}
  0x0000014e08179c74: ff49 bae8 | de03 0008 | 0000 004c | 8954 2408 | 48c7 0424 | ffff ffff 

  0x0000014e08179c8c: ;   {runtime_call counter_overflow Runtime1 stub}
  0x0000014e08179c8c: e8ef 787e 

  0x0000014e08179c90: ; ImmutableOopMap {rax=Oop }
                      ;*synchronization entry
                      ; - java.lang.ref.Reference::reachabilityFence@-1 (line 619)
                      ; - jdk.internal.misc.ScopedMemoryAccess::getByteInternal@30 (line 575)
                      ; - jdk.internal.misc.ScopedMemoryAccess::getByte@4 (line 561)
  0x0000014e08179c90: ffe9 98fd 

  0x0000014e08179c94: ;   {metadata(NULL)}
  0x0000014e08179c94: ffff 48ba | 0000 0000 | 0000 0000 | b800 0f05 

  0x0000014e08179ca4: ;   {runtime_call load_klass_patching Runtime1 stub}
  0x0000014e08179ca4: 0ae8 5662 

  0x0000014e08179ca8: ; ImmutableOopMap {}
                      ;*new {reexecute=1 rethrow=0 return_oop=0}
                      ; - (reexecute) jdk.internal.misc.ScopedMemoryAccess::getByte@10 (line 563)
  0x0000014e08179ca8: 7eff e9b1 

  0x0000014e08179cac: ;   {runtime_call throw_null_pointer_exception Runtime1 stub}
  0x0000014e08179cac: fdff ffe8 

  0x0000014e08179cb0: ; ImmutableOopMap {}
                      ;*new {reexecute=0 rethrow=0 return_oop=0}
                      ; - jdk.internal.misc.ScopedMemoryAccess::getByte@10 (line 563)
  0x0000014e08179cb0: 6c01 7eff 

  0x0000014e08179cb4: ;   {runtime_call fast_new_instance_init_check Runtime1 stub}
  0x0000014e08179cb4: 488b d2e8 

  0x0000014e08179cb8: ; ImmutableOopMap {}
                      ;*new {reexecute=0 rethrow=0 return_oop=0}
                      ; - jdk.internal.misc.ScopedMemoryAccess::getByte@10 (line 563)
  0x0000014e08179cb8: 4419 7eff | e904 feff | ff90 9049 | 8b87 c803 | 0000 49c7 | 87c8 0300 | 0000 0000 | 0049 c787 
  0x0000014e08179cd8: d003 0000 | 0000 0000 | 4881 c4b0 | 0000 005d 

  0x0000014e08179ce8: ;   {runtime_call unwind_exception Runtime1 stub}
  0x0000014e08179ce8: e913 ef7d | fff4 f4f4 | f4f4 f4f4 | f4f4 f4f4 | f4f4 f4f4 | f4f4 f4f4 
[Stub Code]
  0x0000014e08179d00: ;   {no_reloc}
  0x0000014e08179d00: 0f1f 4400 

  0x0000014e08179d04: ;   {static_stub}
  0x0000014e08179d04: 0048 bb00 | 0000 0000 

  0x0000014e08179d0c: ;   {runtime_call}
  0x0000014e08179d0c: 0000 00e9 | fbff ffff 

  0x0000014e08179d14: ;   {static_stub}
  0x0000014e08179d14: 9048 bb00 | 0000 0000 

  0x0000014e08179d1c: ;   {runtime_call}
  0x0000014e08179d1c: 0000 00e9 | fbff ffff 
[Exception Handler]
  0x0000014e08179d24: ;   {runtime_call handle_exception_from_callee Runtime1 stub}
  0x0000014e08179d24: e8d7 357e 

  0x0000014e08179d28: ;   {external_word}
  0x0000014e08179d28: ff48 b9a0 | 304c 0efc | 7f00 0048 

  0x0000014e08179d34: ;   {runtime_call}
  0x0000014e08179d34: 83e4 f049 | bab0 ce19 | 0efc 7f00 | 0041 ffd2 

  0x0000014e08179d44: ;   {section_word}
  0x0000014e08179d44: f449 ba45 | 9d17 084e | 0100 0041 

  0x0000014e08179d50: ;   {runtime_call DeoptimizationBlob}
  0x0000014e08179d50: 52e9 4ac1 | 73ff f4f4 
[/MachCode]


---------------  P R O C E S S  ---------------

Threads class SMR info:
_java_thread_list=0x0000014e20bb3ac0, length=16, elements={
0x0000014e78980e40, 0x0000014e7f9ff550, 0x0000014e7f9ffef0, 0x0000014e7fa19dd0,
0x0000014e7fa1a770, 0x0000014e7fa1d120, 0x0000014e7fa1dac0, 0x0000014e7fa20db0,
0x0000014e7fa233b0, 0x0000014e7fa23ae0, 0x0000014e20897360, 0x0000014e20912f50,
0x0000014e209f8510, 0x0000014e209f89d0, 0x0000014e20ad35c0, 0x0000014e20c6a3b0
}

Java Threads: ( => current thread )
=>0x0000014e78980e40 JavaThread "main" [_thread_in_Java, id=41788, stack(0x000000260d600000,0x000000260d700000)]
  0x0000014e7f9ff550 JavaThread "Reference Handler" daemon [_thread_blocked, id=55548, stack(0x000000260dd00000,0x000000260de00000)]
  0x0000014e7f9ffef0 JavaThread "Finalizer" daemon [_thread_blocked, id=49188, stack(0x000000260de00000,0x000000260df00000)]
  0x0000014e7fa19dd0 JavaThread "Signal Dispatcher" daemon [_thread_blocked, id=44360, stack(0x000000260df00000,0x000000260e000000)]
  0x0000014e7fa1a770 JavaThread "Attach Listener" daemon [_thread_blocked, id=41912, stack(0x000000260e000000,0x000000260e100000)]
  0x0000014e7fa1d120 JavaThread "Service Thread" daemon [_thread_blocked, id=52740, stack(0x000000260e100000,0x000000260e200000)]
  0x0000014e7fa1dac0 JavaThread "Monitor Deflation Thread" daemon [_thread_blocked, id=52516, stack(0x000000260e200000,0x000000260e300000)]
  0x0000014e7fa20db0 JavaThread "C2 CompilerThread0" daemon [_thread_blocked, id=48896, stack(0x000000260e300000,0x000000260e400000)]
  0x0000014e7fa233b0 JavaThread "C1 CompilerThread0" daemon [_thread_blocked, id=52944, stack(0x000000260e400000,0x000000260e500000)]
  0x0000014e7fa23ae0 JavaThread "Sweeper thread" daemon [_thread_blocked, id=42956, stack(0x000000260e500000,0x000000260e600000)]
  0x0000014e20897360 JavaThread "Common-Cleaner" daemon [_thread_blocked, id=47672, stack(0x000000260e600000,0x000000260e700000)]
  0x0000014e20912f50 JavaThread "C1 CompilerThread1" daemon [_thread_blocked, id=40288, stack(0x000000260e700000,0x000000260e800000)]
  0x0000014e209f8510 JavaThread "Monitor Ctrl-Break" daemon [_thread_in_native, id=56008, stack(0x000000260e800000,0x000000260e900000)]
  0x0000014e209f89d0 JavaThread "Notification Thread" daemon [_thread_blocked, id=49084, stack(0x000000260e900000,0x000000260ea00000)]
  0x0000014e20ad35c0 JavaThread "C2 CompilerThread1" daemon [_thread_blocked, id=49796, stack(0x000000260eb00000,0x000000260ec00000)]
  0x0000014e20c6a3b0 JavaThread "C2 CompilerThread2" daemon [_thread_blocked, id=40296, stack(0x000000260ec00000,0x000000260ed00000)]

Other Threads:
  0x0000014e7f9f9c90 VMThread "VM Thread" [stack: 0x000000260dc00000,0x000000260dd00000] [id=55392]
  0x0000014e78981de0 WatcherThread "VM Periodic Task Thread" [stack: 0x000000260ea00000,0x000000260eb00000] [id=44352]
  0x0000014e789f5600 WorkerThread "GC Thread#0" [stack: 0x000000260d700000,0x000000260d800000] [id=50572]
  0x0000014e78a06180 ConcurrentGCThread "G1 Main Marker" [stack: 0x000000260d800000,0x000000260d900000] [id=56088]
  0x0000014e78a07310 WorkerThread "G1 Conc#0" [stack: 0x000000260d900000,0x000000260da00000] [id=54312]
  0x0000014e7f8ac560 ConcurrentGCThread "G1 Refine#0" [stack: 0x000000260da00000,0x000000260db00000] [id=28736]
  0x0000014e7f8acc20 ConcurrentGCThread "G1 Service" [stack: 0x000000260db00000,0x000000260dc00000] [id=46192]

Threads with active compile tasks:

VM state: not at safepoint (normal execution)

VM Mutex/Monitor currently owned by a thread: None

Heap address: 0x0000000703a00000, size: 4038 MB, Compressed Oops mode: Zero based, Oop shift amount: 3

CDS archive(s) mapped at: [0x0000000800000000-0x0000000800b90000-0x0000000800b90000), size 12124160, SharedBaseAddress: 0x0000000800000000, ArchiveRelocationMode: 0.
Compressed class space mapped at: 0x0000000800c00000-0x0000000840c00000, reserved size: 1073741824
Narrow klass base: 0x0000000800000000, Narrow klass shift: 0, Narrow klass range: 0x100000000

GC Precious Log:
 CardTable entry size: 512
 Card Set container configuration: InlinePtr #cards 4 size 8 Array Of Cards #cards 16 size 48 Howl #buckets 8 coarsen threshold 3686 Howl Bitmap #cards 512 size 80 coarsen threshold 460 Card regions per heap region 1 cards per card region 4096
 CPUs: 16 total, 16 available
 Memory: 16151M
 Large Page Support: Disabled
 NUMA Support: Disabled
 Compressed Oops: Enabled (Zero based)
 Heap Region Size: 2M
 Heap Min Capacity: 8M
 Heap Initial Capacity: 254M
 Heap Max Capacity: 4038M
 Pre-touch: Disabled
 Parallel Workers: 13
 Concurrent Workers: 3
 Concurrent Refinement Workers: 13
 Periodic GC: Disabled

Heap:
 garbage-first heap   total 260096K, used 18432K [0x0000000703a00000, 0x0000000800000000)
  region size 2048K, 10 young (20480K), 0 survivors (0K)
 Metaspace       used 4404K, committed 5376K, reserved 1114112K
  class space    used 639K, committed 1088K, reserved 1048576K

Heap Regions: E=young(eden), S=young(survivor), O=old, HS=humongous(starts), HC=humongous(continues), CS=collection set, F=free, OA=open archive, CA=closed archive, TAMS=top-at-mark-start (previous, next)
|   0|0x0000000703a00000, 0x0000000703a00000, 0x0000000703c00000|  0%| F|  |TAMS 0x0000000703a00000, 0x0000000703a00000| Untracked 
|   1|0x0000000703c00000, 0x0000000703c00000, 0x0000000703e00000|  0%| F|  |TAMS 0x0000000703c00000, 0x0000000703c00000| Untracked 
|   2|0x0000000703e00000, 0x0000000703e00000, 0x0000000704000000|  0%| F|  |TAMS 0x0000000703e00000, 0x0000000703e00000| Untracked 
|   3|0x0000000704000000, 0x0000000704000000, 0x0000000704200000|  0%| F|  |TAMS 0x0000000704000000, 0x0000000704000000| Untracked 
|   4|0x0000000704200000, 0x0000000704200000, 0x0000000704400000|  0%| F|  |TAMS 0x0000000704200000, 0x0000000704200000| Untracked 
|   5|0x0000000704400000, 0x0000000704400000, 0x0000000704600000|  0%| F|  |TAMS 0x0000000704400000, 0x0000000704400000| Untracked 
|   6|0x0000000704600000, 0x0000000704600000, 0x0000000704800000|  0%| F|  |TAMS 0x0000000704600000, 0x0000000704600000| Untracked 
|   7|0x0000000704800000, 0x0000000704800000, 0x0000000704a00000|  0%| F|  |TAMS 0x0000000704800000, 0x0000000704800000| Untracked 
|   8|0x0000000704a00000, 0x0000000704a00000, 0x0000000704c00000|  0%| F|  |TAMS 0x0000000704a00000, 0x0000000704a00000| Untracked 
|   9|0x0000000704c00000, 0x0000000704c00000, 0x0000000704e00000|  0%| F|  |TAMS 0x0000000704c00000, 0x0000000704c00000| Untracked 
|  10|0x0000000704e00000, 0x0000000704e00000, 0x0000000705000000|  0%| F|  |TAMS 0x0000000704e00000, 0x0000000704e00000| Untracked 
|  11|0x0000000705000000, 0x0000000705000000, 0x0000000705200000|  0%| F|  |TAMS 0x0000000705000000, 0x0000000705000000| Untracked 
|  12|0x0000000705200000, 0x0000000705200000, 0x0000000705400000|  0%| F|  |TAMS 0x0000000705200000, 0x0000000705200000| Untracked 
|  13|0x0000000705400000, 0x0000000705400000, 0x0000000705600000|  0%| F|  |TAMS 0x0000000705400000, 0x0000000705400000| Untracked 
|  14|0x0000000705600000, 0x0000000705600000, 0x0000000705800000|  0%| F|  |TAMS 0x0000000705600000, 0x0000000705600000| Untracked 
|  15|0x0000000705800000, 0x0000000705800000, 0x0000000705a00000|  0%| F|  |TAMS 0x0000000705800000, 0x0000000705800000| Untracked 
|  16|0x0000000705a00000, 0x0000000705a00000, 0x0000000705c00000|  0%| F|  |TAMS 0x0000000705a00000, 0x0000000705a00000| Untracked 
|  17|0x0000000705c00000, 0x0000000705c00000, 0x0000000705e00000|  0%| F|  |TAMS 0x0000000705c00000, 0x0000000705c00000| Untracked 
|  18|0x0000000705e00000, 0x0000000705e00000, 0x0000000706000000|  0%| F|  |TAMS 0x0000000705e00000, 0x0000000705e00000| Untracked 
|  19|0x0000000706000000, 0x0000000706000000, 0x0000000706200000|  0%| F|  |TAMS 0x0000000706000000, 0x0000000706000000| Untracked 
|  20|0x0000000706200000, 0x0000000706200000, 0x0000000706400000|  0%| F|  |TAMS 0x0000000706200000, 0x0000000706200000| Untracked 
|  21|0x0000000706400000, 0x0000000706400000, 0x0000000706600000|  0%| F|  |TAMS 0x0000000706400000, 0x0000000706400000| Untracked 
|  22|0x0000000706600000, 0x0000000706600000, 0x0000000706800000|  0%| F|  |TAMS 0x0000000706600000, 0x0000000706600000| Untracked 
|  23|0x0000000706800000, 0x0000000706800000, 0x0000000706a00000|  0%| F|  |TAMS 0x0000000706800000, 0x0000000706800000| Untracked 
|  24|0x0000000706a00000, 0x0000000706a00000, 0x0000000706c00000|  0%| F|  |TAMS 0x0000000706a00000, 0x0000000706a00000| Untracked 
|  25|0x0000000706c00000, 0x0000000706c00000, 0x0000000706e00000|  0%| F|  |TAMS 0x0000000706c00000, 0x0000000706c00000| Untracked 
|  26|0x0000000706e00000, 0x0000000706e00000, 0x0000000707000000|  0%| F|  |TAMS 0x0000000706e00000, 0x0000000706e00000| Untracked 
|  27|0x0000000707000000, 0x0000000707000000, 0x0000000707200000|  0%| F|  |TAMS 0x0000000707000000, 0x0000000707000000| Untracked 
|  28|0x0000000707200000, 0x0000000707200000, 0x0000000707400000|  0%| F|  |TAMS 0x0000000707200000, 0x0000000707200000| Untracked 
|  29|0x0000000707400000, 0x0000000707400000, 0x0000000707600000|  0%| F|  |TAMS 0x0000000707400000, 0x0000000707400000| Untracked 
|  30|0x0000000707600000, 0x0000000707600000, 0x0000000707800000|  0%| F|  |TAMS 0x0000000707600000, 0x0000000707600000| Untracked 
|  31|0x0000000707800000, 0x0000000707800000, 0x0000000707a00000|  0%| F|  |TAMS 0x0000000707800000, 0x0000000707800000| Untracked 
|  32|0x0000000707a00000, 0x0000000707a00000, 0x0000000707c00000|  0%| F|  |TAMS 0x0000000707a00000, 0x0000000707a00000| Untracked 
|  33|0x0000000707c00000, 0x0000000707c00000, 0x0000000707e00000|  0%| F|  |TAMS 0x0000000707c00000, 0x0000000707c00000| Untracked 
|  34|0x0000000707e00000, 0x0000000707e00000, 0x0000000708000000|  0%| F|  |TAMS 0x0000000707e00000, 0x0000000707e00000| Untracked 
|  35|0x0000000708000000, 0x0000000708000000, 0x0000000708200000|  0%| F|  |TAMS 0x0000000708000000, 0x0000000708000000| Untracked 
|  36|0x0000000708200000, 0x0000000708200000, 0x0000000708400000|  0%| F|  |TAMS 0x0000000708200000, 0x0000000708200000| Untracked 
|  37|0x0000000708400000, 0x0000000708400000, 0x0000000708600000|  0%| F|  |TAMS 0x0000000708400000, 0x0000000708400000| Untracked 
|  38|0x0000000708600000, 0x0000000708600000, 0x0000000708800000|  0%| F|  |TAMS 0x0000000708600000, 0x0000000708600000| Untracked 
|  39|0x0000000708800000, 0x0000000708800000, 0x0000000708a00000|  0%| F|  |TAMS 0x0000000708800000, 0x0000000708800000| Untracked 
|  40|0x0000000708a00000, 0x0000000708a00000, 0x0000000708c00000|  0%| F|  |TAMS 0x0000000708a00000, 0x0000000708a00000| Untracked 
|  41|0x0000000708c00000, 0x0000000708c00000, 0x0000000708e00000|  0%| F|  |TAMS 0x0000000708c00000, 0x0000000708c00000| Untracked 
|  42|0x0000000708e00000, 0x0000000708e00000, 0x0000000709000000|  0%| F|  |TAMS 0x0000000708e00000, 0x0000000708e00000| Untracked 
|  43|0x0000000709000000, 0x0000000709000000, 0x0000000709200000|  0%| F|  |TAMS 0x0000000709000000, 0x0000000709000000| Untracked 
|  44|0x0000000709200000, 0x0000000709200000, 0x0000000709400000|  0%| F|  |TAMS 0x0000000709200000, 0x0000000709200000| Untracked 
|  45|0x0000000709400000, 0x0000000709400000, 0x0000000709600000|  0%| F|  |TAMS 0x0000000709400000, 0x0000000709400000| Untracked 
|  46|0x0000000709600000, 0x0000000709600000, 0x0000000709800000|  0%| F|  |TAMS 0x0000000709600000, 0x0000000709600000| Untracked 
|  47|0x0000000709800000, 0x0000000709800000, 0x0000000709a00000|  0%| F|  |TAMS 0x0000000709800000, 0x0000000709800000| Untracked 
|  48|0x0000000709a00000, 0x0000000709a00000, 0x0000000709c00000|  0%| F|  |TAMS 0x0000000709a00000, 0x0000000709a00000| Untracked 
|  49|0x0000000709c00000, 0x0000000709c00000, 0x0000000709e00000|  0%| F|  |TAMS 0x0000000709c00000, 0x0000000709c00000| Untracked 
|  50|0x0000000709e00000, 0x0000000709e00000, 0x000000070a000000|  0%| F|  |TAMS 0x0000000709e00000, 0x0000000709e00000| Untracked 
|  51|0x000000070a000000, 0x000000070a000000, 0x000000070a200000|  0%| F|  |TAMS 0x000000070a000000, 0x000000070a000000| Untracked 
|  52|0x000000070a200000, 0x000000070a200000, 0x000000070a400000|  0%| F|  |TAMS 0x000000070a200000, 0x000000070a200000| Untracked 
|  53|0x000000070a400000, 0x000000070a400000, 0x000000070a600000|  0%| F|  |TAMS 0x000000070a400000, 0x000000070a400000| Untracked 
|  54|0x000000070a600000, 0x000000070a600000, 0x000000070a800000|  0%| F|  |TAMS 0x000000070a600000, 0x000000070a600000| Untracked 
|  55|0x000000070a800000, 0x000000070a800000, 0x000000070aa00000|  0%| F|  |TAMS 0x000000070a800000, 0x000000070a800000| Untracked 
|  56|0x000000070aa00000, 0x000000070aa00000, 0x000000070ac00000|  0%| F|  |TAMS 0x000000070aa00000, 0x000000070aa00000| Untracked 
|  57|0x000000070ac00000, 0x000000070ac00000, 0x000000070ae00000|  0%| F|  |TAMS 0x000000070ac00000, 0x000000070ac00000| Untracked 
|  58|0x000000070ae00000, 0x000000070ae00000, 0x000000070b000000|  0%| F|  |TAMS 0x000000070ae00000, 0x000000070ae00000| Untracked 
|  59|0x000000070b000000, 0x000000070b000000, 0x000000070b200000|  0%| F|  |TAMS 0x000000070b000000, 0x000000070b000000| Untracked 
|  60|0x000000070b200000, 0x000000070b200000, 0x000000070b400000|  0%| F|  |TAMS 0x000000070b200000, 0x000000070b200000| Untracked 
|  61|0x000000070b400000, 0x000000070b400000, 0x000000070b600000|  0%| F|  |TAMS 0x000000070b400000, 0x000000070b400000| Untracked 
|  62|0x000000070b600000, 0x000000070b600000, 0x000000070b800000|  0%| F|  |TAMS 0x000000070b600000, 0x000000070b600000| Untracked 
|  63|0x000000070b800000, 0x000000070b800000, 0x000000070ba00000|  0%| F|  |TAMS 0x000000070b800000, 0x000000070b800000| Untracked 
|  64|0x000000070ba00000, 0x000000070ba00000, 0x000000070bc00000|  0%| F|  |TAMS 0x000000070ba00000, 0x000000070ba00000| Untracked 
|  65|0x000000070bc00000, 0x000000070bc00000, 0x000000070be00000|  0%| F|  |TAMS 0x000000070bc00000, 0x000000070bc00000| Untracked 
|  66|0x000000070be00000, 0x000000070be00000, 0x000000070c000000|  0%| F|  |TAMS 0x000000070be00000, 0x000000070be00000| Untracked 
|  67|0x000000070c000000, 0x000000070c000000, 0x000000070c200000|  0%| F|  |TAMS 0x000000070c000000, 0x000000070c000000| Untracked 
|  68|0x000000070c200000, 0x000000070c200000, 0x000000070c400000|  0%| F|  |TAMS 0x000000070c200000, 0x000000070c200000| Untracked 
|  69|0x000000070c400000, 0x000000070c400000, 0x000000070c600000|  0%| F|  |TAMS 0x000000070c400000, 0x000000070c400000| Untracked 
|  70|0x000000070c600000, 0x000000070c600000, 0x000000070c800000|  0%| F|  |TAMS 0x000000070c600000, 0x000000070c600000| Untracked 
|  71|0x000000070c800000, 0x000000070c800000, 0x000000070ca00000|  0%| F|  |TAMS 0x000000070c800000, 0x000000070c800000| Untracked 
|  72|0x000000070ca00000, 0x000000070ca00000, 0x000000070cc00000|  0%| F|  |TAMS 0x000000070ca00000, 0x000000070ca00000| Untracked 
|  73|0x000000070cc00000, 0x000000070cc00000, 0x000000070ce00000|  0%| F|  |TAMS 0x000000070cc00000, 0x000000070cc00000| Untracked 
|  74|0x000000070ce00000, 0x000000070ce00000, 0x000000070d000000|  0%| F|  |TAMS 0x000000070ce00000, 0x000000070ce00000| Untracked 
|  75|0x000000070d000000, 0x000000070d000000, 0x000000070d200000|  0%| F|  |TAMS 0x000000070d000000, 0x000000070d000000| Untracked 
|  76|0x000000070d200000, 0x000000070d200000, 0x000000070d400000|  0%| F|  |TAMS 0x000000070d200000, 0x000000070d200000| Untracked 
|  77|0x000000070d400000, 0x000000070d400000, 0x000000070d600000|  0%| F|  |TAMS 0x000000070d400000, 0x000000070d400000| Untracked 
|  78|0x000000070d600000, 0x000000070d600000, 0x000000070d800000|  0%| F|  |TAMS 0x000000070d600000, 0x000000070d600000| Untracked 
|  79|0x000000070d800000, 0x000000070d800000, 0x000000070da00000|  0%| F|  |TAMS 0x000000070d800000, 0x000000070d800000| Untracked 
|  80|0x000000070da00000, 0x000000070da00000, 0x000000070dc00000|  0%| F|  |TAMS 0x000000070da00000, 0x000000070da00000| Untracked 
|  81|0x000000070dc00000, 0x000000070dc00000, 0x000000070de00000|  0%| F|  |TAMS 0x000000070dc00000, 0x000000070dc00000| Untracked 
|  82|0x000000070de00000, 0x000000070de00000, 0x000000070e000000|  0%| F|  |TAMS 0x000000070de00000, 0x000000070de00000| Untracked 
|  83|0x000000070e000000, 0x000000070e000000, 0x000000070e200000|  0%| F|  |TAMS 0x000000070e000000, 0x000000070e000000| Untracked 
|  84|0x000000070e200000, 0x000000070e200000, 0x000000070e400000|  0%| F|  |TAMS 0x000000070e200000, 0x000000070e200000| Untracked 
|  85|0x000000070e400000, 0x000000070e400000, 0x000000070e600000|  0%| F|  |TAMS 0x000000070e400000, 0x000000070e400000| Untracked 
|  86|0x000000070e600000, 0x000000070e600000, 0x000000070e800000|  0%| F|  |TAMS 0x000000070e600000, 0x000000070e600000| Untracked 
|  87|0x000000070e800000, 0x000000070e800000, 0x000000070ea00000|  0%| F|  |TAMS 0x000000070e800000, 0x000000070e800000| Untracked 
|  88|0x000000070ea00000, 0x000000070ea00000, 0x000000070ec00000|  0%| F|  |TAMS 0x000000070ea00000, 0x000000070ea00000| Untracked 
|  89|0x000000070ec00000, 0x000000070ec00000, 0x000000070ee00000|  0%| F|  |TAMS 0x000000070ec00000, 0x000000070ec00000| Untracked 
|  90|0x000000070ee00000, 0x000000070ee00000, 0x000000070f000000|  0%| F|  |TAMS 0x000000070ee00000, 0x000000070ee00000| Untracked 
|  91|0x000000070f000000, 0x000000070f000000, 0x000000070f200000|  0%| F|  |TAMS 0x000000070f000000, 0x000000070f000000| Untracked 
|  92|0x000000070f200000, 0x000000070f200000, 0x000000070f400000|  0%| F|  |TAMS 0x000000070f200000, 0x000000070f200000| Untracked 
|  93|0x000000070f400000, 0x000000070f400000, 0x000000070f600000|  0%| F|  |TAMS 0x000000070f400000, 0x000000070f400000| Untracked 
|  94|0x000000070f600000, 0x000000070f600000, 0x000000070f800000|  0%| F|  |TAMS 0x000000070f600000, 0x000000070f600000| Untracked 
|  95|0x000000070f800000, 0x000000070f800000, 0x000000070fa00000|  0%| F|  |TAMS 0x000000070f800000, 0x000000070f800000| Untracked 
|  96|0x000000070fa00000, 0x000000070fa00000, 0x000000070fc00000|  0%| F|  |TAMS 0x000000070fa00000, 0x000000070fa00000| Untracked 
|  97|0x000000070fc00000, 0x000000070fc00000, 0x000000070fe00000|  0%| F|  |TAMS 0x000000070fc00000, 0x000000070fc00000| Untracked 
|  98|0x000000070fe00000, 0x000000070fe00000, 0x0000000710000000|  0%| F|  |TAMS 0x000000070fe00000, 0x000000070fe00000| Untracked 
|  99|0x0000000710000000, 0x0000000710000000, 0x0000000710200000|  0%| F|  |TAMS 0x0000000710000000, 0x0000000710000000| Untracked 
| 100|0x0000000710200000, 0x0000000710200000, 0x0000000710400000|  0%| F|  |TAMS 0x0000000710200000, 0x0000000710200000| Untracked 
| 101|0x0000000710400000, 0x0000000710400000, 0x0000000710600000|  0%| F|  |TAMS 0x0000000710400000, 0x0000000710400000| Untracked 
| 102|0x0000000710600000, 0x0000000710600000, 0x0000000710800000|  0%| F|  |TAMS 0x0000000710600000, 0x0000000710600000| Untracked 
| 103|0x0000000710800000, 0x0000000710800000, 0x0000000710a00000|  0%| F|  |TAMS 0x0000000710800000, 0x0000000710800000| Untracked 
| 104|0x0000000710a00000, 0x0000000710a00000, 0x0000000710c00000|  0%| F|  |TAMS 0x0000000710a00000, 0x0000000710a00000| Untracked 
| 105|0x0000000710c00000, 0x0000000710c00000, 0x0000000710e00000|  0%| F|  |TAMS 0x0000000710c00000, 0x0000000710c00000| Untracked 
| 106|0x0000000710e00000, 0x0000000710e00000, 0x0000000711000000|  0%| F|  |TAMS 0x0000000710e00000, 0x0000000710e00000| Untracked 
| 107|0x0000000711000000, 0x0000000711000000, 0x0000000711200000|  0%| F|  |TAMS 0x0000000711000000, 0x0000000711000000| Untracked 
| 108|0x0000000711200000, 0x0000000711200000, 0x0000000711400000|  0%| F|  |TAMS 0x0000000711200000, 0x0000000711200000| Untracked 
| 109|0x0000000711400000, 0x0000000711400000, 0x0000000711600000|  0%| F|  |TAMS 0x0000000711400000, 0x0000000711400000| Untracked 
| 110|0x0000000711600000, 0x0000000711600000, 0x0000000711800000|  0%| F|  |TAMS 0x0000000711600000, 0x0000000711600000| Untracked 
| 111|0x0000000711800000, 0x0000000711800000, 0x0000000711a00000|  0%| F|  |TAMS 0x0000000711800000, 0x0000000711800000| Untracked 
| 112|0x0000000711a00000, 0x0000000711a00000, 0x0000000711c00000|  0%| F|  |TAMS 0x0000000711a00000, 0x0000000711a00000| Untracked 
| 113|0x0000000711c00000, 0x0000000711c00000, 0x0000000711e00000|  0%| F|  |TAMS 0x0000000711c00000, 0x0000000711c00000| Untracked 
| 114|0x0000000711e00000, 0x0000000711e00000, 0x0000000712000000|  0%| F|  |TAMS 0x0000000711e00000, 0x0000000711e00000| Untracked 
| 115|0x0000000712000000, 0x0000000712000000, 0x0000000712200000|  0%| F|  |TAMS 0x0000000712000000, 0x0000000712000000| Untracked 
| 116|0x0000000712200000, 0x0000000712200000, 0x0000000712400000|  0%| F|  |TAMS 0x0000000712200000, 0x0000000712200000| Untracked 
| 117|0x0000000712400000, 0x00000007124e1d28, 0x0000000712600000| 44%| E|  |TAMS 0x0000000712400000, 0x0000000712400000| Complete 
| 118|0x0000000712600000, 0x0000000712800000, 0x0000000712800000|100%| E|CS|TAMS 0x0000000712600000, 0x0000000712600000| Complete 
| 119|0x0000000712800000, 0x0000000712a00000, 0x0000000712a00000|100%| E|CS|TAMS 0x0000000712800000, 0x0000000712800000| Complete 
| 120|0x0000000712a00000, 0x0000000712c00000, 0x0000000712c00000|100%| E|CS|TAMS 0x0000000712a00000, 0x0000000712a00000| Complete 
| 121|0x0000000712c00000, 0x0000000712e00000, 0x0000000712e00000|100%| E|CS|TAMS 0x0000000712c00000, 0x0000000712c00000| Complete 
| 122|0x0000000712e00000, 0x0000000713000000, 0x0000000713000000|100%| E|CS|TAMS 0x0000000712e00000, 0x0000000712e00000| Complete 
| 123|0x0000000713000000, 0x0000000713200000, 0x0000000713200000|100%| E|CS|TAMS 0x0000000713000000, 0x0000000713000000| Complete 
| 124|0x0000000713200000, 0x0000000713400000, 0x0000000713400000|100%| E|CS|TAMS 0x0000000713200000, 0x0000000713200000| Complete 
| 125|0x0000000713400000, 0x0000000713600000, 0x0000000713600000|100%| E|CS|TAMS 0x0000000713400000, 0x0000000713400000| Complete 
| 126|0x0000000713600000, 0x0000000713800000, 0x0000000713800000|100%| E|CS|TAMS 0x0000000713600000, 0x0000000713600000| Complete 

Card table byte_map: [0x0000014e79ae0000,0x0000014e7a2d0000] _byte_map_base: 0x0000014e762c3000

Marking Bits (Prev, Next): (CMBitMap*) 0x0000014e789f5c00, (CMBitMap*) 0x0000014e789f5c40
 Prev Bits: [0x0000014e7aac0000, 0x0000014e7e9d8000)
 Next Bits: [0x0000014e16860000, 0x0000014e1a778000)

Polling page: 0x0000014e76900000

Metaspace:

Usage:
  Non-class:      3.68 MB used.
      Class:    639.53 KB used.
       Both:      4.30 MB used.

Virtual space:
  Non-class space:       64.00 MB reserved,       4.19 MB (  7%) committed,  1 nodes.
      Class space:        1.00 GB reserved,       1.06 MB ( <1%) committed,  1 nodes.
             Both:        1.06 GB reserved,       5.25 MB ( <1%) committed. 

Chunk freelists:
   Non-Class:  2.39 MB
       Class:  2.97 MB
        Both:  5.37 MB

MaxMetaspaceSize: unlimited
CompressedClassSpaceSize: 1.00 GB
Initial GC threshold: 21.00 MB
Current GC threshold: 21.00 MB
CDS: on
MetaspaceReclaimPolicy: balanced
 - commit_granule_bytes: 65536.
 - commit_granule_words: 8192.
 - virtual_space_node_default_size: 8388608.
 - enlarge_chunks_in_place: 1.
 - new_chunks_are_fully_committed: 0.
 - uncommit_free_chunks: 1.
 - use_allocation_guard: 0.


Internal statistics:

num_allocs_failed_limit: 0.
num_arena_births: 1528.
num_arena_deaths: 0.
num_vsnodes_births: 2.
num_vsnodes_deaths: 0.
num_space_committed: 84.
num_space_uncommitted: 0.
num_chunks_returned_to_freelist: 0.
num_chunks_taken_from_freelist: 1961.
num_chunk_merges: 0.
num_chunk_splits: 1149.
num_chunks_enlarged: 348.
num_inconsistent_stats: 0.

CodeHeap 'non-profiled nmethods': size=119168Kb used=660Kb max_used=660Kb free=118507Kb
 bounds [0x0000014e0f400000, 0x0000014e0f670000, 0x0000014e16860000]
CodeHeap 'profiled nmethods': size=119104Kb used=2033Kb max_used=2033Kb free=117070Kb
 bounds [0x0000014e07fb0000, 0x0000014e08220000, 0x0000014e0f400000]
CodeHeap 'non-nmethods': size=7488Kb used=1872Kb max_used=1902Kb free=5615Kb
 bounds [0x0000014e07860000, 0x0000014e07ad0000, 0x0000014e07fb0000]
 total_blobs=2047 nmethods=1438 adapters=519
 compilation: enabled
              stopped_count=0, restarted_count=0
 full_count=0

Compilation events (20 events):
Event: 0.386 Thread 0x0000014e20912f50 1424       3       java.util.Optional::of (12 bytes)
Event: 0.386 Thread 0x0000014e7fa233b0 1423       1       java.nio.Buffer::capacity (5 bytes)
Event: 0.387 Thread 0x0000014e20912f50 nmethod 1424 0x0000014e0819cf10 code [0x0000014e0819d0e0, 0x0000014e0819d4a8]
Event: 0.387 Thread 0x0000014e7fa233b0 nmethod 1423 0x0000014e0f49f190 code [0x0000014e0f49f320, 0x0000014e0f49f3f8]
Event: 0.388 Thread 0x0000014e20912f50 1427       3       jdk.internal.org.objectweb.asm.Frame::getAbstractTypeFromDescriptor (415 bytes)
Event: 0.388 Thread 0x0000014e7fa233b0 1428       3       jdk.internal.org.objectweb.asm.Frame::execute (2305 bytes)
Event: 0.388 Thread 0x0000014e20c6a3b0 1431       4       java.lang.invoke.LambdaForm$BasicType::basicType (187 bytes)
Event: 0.388 Thread 0x0000014e20912f50 nmethod 1427 0x0000014e0819d610 code [0x0000014e0819d9a0, 0x0000014e0819f578]
Event: 0.388 Thread 0x0000014e20912f50 1429       3       java.lang.invoke.InvokerBytecodeGenerator::emitPushArgument (150 bytes)
Event: 0.389 Thread 0x0000014e7fa20db0 1433       4       jdk.internal.org.objectweb.asm.SymbolTable::addConstantMemberReference (147 bytes)
Event: 0.389 Thread 0x0000014e20912f50 nmethod 1429 0x0000014e0819fe90 code [0x0000014e081a0160, 0x0000014e081a1068]
Event: 0.389 Thread 0x0000014e20912f50 1434       3       jdk.internal.org.objectweb.asm.Frame::accept (264 bytes)
Event: 0.389 Thread 0x0000014e20ad35c0 nmethod 1418 0x0000014e0f4a0090 code [0x0000014e0f4a0280, 0x0000014e0f4a0930]
Event: 0.389 Thread 0x0000014e20c6a3b0 nmethod 1431 0x0000014e0f4a0d90 code [0x0000014e0f4a0f20, 0x0000014e0f4a1058]
Event: 0.389 Thread 0x0000014e20c6a3b0 1436       4       jdk.internal.org.objectweb.asm.Type::getTypeInternal (199 bytes)
Event: 0.390 Thread 0x0000014e20912f50 nmethod 1434 0x0000014e081a1490 code [0x0000014e081a16c0, 0x0000014e081a1ff8]
Event: 0.390 Thread 0x0000014e20912f50 1435       3       java.lang.invoke.ClassSpecializer$Factory$1Var::slotSize (8 bytes)
Event: 0.390 Thread 0x0000014e20912f50 nmethod 1435 0x0000014e081a2390 code [0x0000014e081a2540, 0x0000014e081a2738]
Event: 0.390 Thread 0x0000014e20912f50 1438       3       java.lang.invoke.DirectMethodHandle::make (21 bytes)
Event: 0.390 Thread 0x0000014e20912f50 nmethod 1438 0x0000014e081a2890 code [0x0000014e081a2a40, 0x0000014e081a2c28]

GC Heap History (0 events):
No events

Deoptimization events (20 events):
Event: 0.369 Thread 0x0000014e78980e40 Uncommon trap: trap_request=0xffffff45 fr.pc=0x0000014e0f41215c relative=0x000000000000005c
Event: 0.369 Thread 0x0000014e78980e40 Uncommon trap: reason=unstable_if action=reinterpret pc=0x0000014e0f41215c method=java.lang.String.isLatin1()Z @ 10 c2
Event: 0.369 Thread 0x0000014e78980e40 DEOPT PACKING pc=0x0000014e0f41215c sp=0x000000260d6fe9d0
Event: 0.369 Thread 0x0000014e78980e40 DEOPT UNPACKING pc=0x0000014e078b5c23 sp=0x000000260d6fe960 mode 2
Event: 0.379 Thread 0x0000014e78980e40 Uncommon trap: trap_request=0xffffff45 fr.pc=0x0000014e0f488fcc relative=0x0000000000001b4c
Event: 0.379 Thread 0x0000014e78980e40 Uncommon trap: reason=unstable_if action=reinterpret pc=0x0000014e0f488fcc method=java.lang.invoke.InvokerBytecodeGenerator.getInternalName(Ljava/lang/Class;)Ljava/lang/String; @ 24 c2
Event: 0.379 Thread 0x0000014e78980e40 DEOPT PACKING pc=0x0000014e0f488fcc sp=0x000000260d6fccc0
Event: 0.379 Thread 0x0000014e78980e40 DEOPT UNPACKING pc=0x0000014e078b5c23 sp=0x000000260d6fcb50 mode 2
Event: 0.379 Thread 0x0000014e78980e40 Uncommon trap: trap_request=0xffffff45 fr.pc=0x0000014e0f485620 relative=0x00000000000007a0
Event: 0.379 Thread 0x0000014e78980e40 Uncommon trap: reason=unstable_if action=reinterpret pc=0x0000014e0f485620 method=jdk.internal.org.objectweb.asm.Frame.getAbstractTypeFromDescriptor(Ljdk/internal/org/objectweb/asm/SymbolTable;Ljava/lang/String;I)I @ 5 c2
Event: 0.379 Thread 0x0000014e78980e40 DEOPT PACKING pc=0x0000014e0f485620 sp=0x000000260d6fcbf0
Event: 0.379 Thread 0x0000014e78980e40 DEOPT UNPACKING pc=0x0000014e078b5c23 sp=0x000000260d6fcbb0 mode 2
Event: 0.379 Thread 0x0000014e78980e40 Uncommon trap: trap_request=0xffffff45 fr.pc=0x0000014e0f48139c relative=0x000000000000105c
Event: 0.379 Thread 0x0000014e78980e40 Uncommon trap: reason=unstable_if action=reinterpret pc=0x0000014e0f48139c method=jdk.internal.org.objectweb.asm.Frame.execute(IILjdk/internal/org/objectweb/asm/Symbol;Ljdk/internal/org/objectweb/asm/SymbolTable;)V @ 1 c2
Event: 0.379 Thread 0x0000014e78980e40 DEOPT PACKING pc=0x0000014e0f48139c sp=0x000000260d6fcce0
Event: 0.379 Thread 0x0000014e78980e40 DEOPT UNPACKING pc=0x0000014e078b5c23 sp=0x000000260d6fcc90 mode 2
Event: 0.389 Thread 0x0000014e78980e40 Uncommon trap: trap_request=0xffffff45 fr.pc=0x0000014e0f4960ec relative=0x000000000000024c
Event: 0.389 Thread 0x0000014e78980e40 Uncommon trap: reason=unstable_if action=reinterpret pc=0x0000014e0f4960ec method=sun.invoke.util.VerifyType.isNullConversion(Ljava/lang/Class;Ljava/lang/Class;Z)Z @ 75 c2
Event: 0.389 Thread 0x0000014e78980e40 DEOPT PACKING pc=0x0000014e0f4960ec sp=0x000000260d6fec00
Event: 0.389 Thread 0x0000014e78980e40 DEOPT UNPACKING pc=0x0000014e078b5c23 sp=0x000000260d6feba8 mode 2

Classes loaded (20 events):
Event: 0.377 Loading class jdk/internal/foreign/LayoutPath$PathElementImpl$PathKind
Event: 0.377 Loading class jdk/internal/foreign/LayoutPath$PathElementImpl$PathKind done
Event: 0.380 Loading class java/util/ArrayDeque$DeqSpliterator
Event: 0.380 Loading class java/util/ArrayDeque$DeqSpliterator done
Event: 0.380 Loading class java/util/stream/ReferencePipeline$4
Event: 0.380 Loading class java/util/stream/ReferencePipeline$4 done
Event: 0.380 Loading class java/util/stream/Nodes$IntFixedNodeBuilder
Event: 0.380 Loading class java/util/stream/Node$Builder$OfInt
Event: 0.380 Loading class java/util/stream/Node$Builder$OfInt done
Event: 0.380 Loading class java/util/stream/Nodes$IntArrayNode
Event: 0.380 Loading class java/util/stream/Nodes$IntArrayNode done
Event: 0.380 Loading class java/util/stream/Nodes$IntFixedNodeBuilder done
Event: 0.380 Loading class java/util/stream/ReferencePipeline$4$1
Event: 0.380 Loading class java/util/stream/ReferencePipeline$4$1 done
Event: 0.384 Loading class java/lang/invoke/MemoryAccessVarHandleShortHelper
Event: 0.384 Loading class java/lang/invoke/MemoryAccessVarHandleShortHelper done
Event: 0.388 Loading class java/lang/invoke/BoundMethodHandle$Species_LLLLJ
Event: 0.388 Loading class java/lang/invoke/BoundMethodHandle$Species_LLLLJ done
Event: 0.389 Loading class java/lang/invoke/BoundMethodHandle$Species_LLLLJL
Event: 0.389 Loading class java/lang/invoke/BoundMethodHandle$Species_LLLLJL done

Classes unloaded (0 events):
No events

Classes redefined (0 events):
No events

Internal exceptions (20 events):
Event: 0.357 Thread 0x0000014e78980e40 Exception <a 'java/lang/NoSuchMethodError'{0x00000007126c6400}: 'void java.lang.invoke.DelegatingMethodHandle$Holder.reinvoke_L(java.lang.Object, java.lang.Object, java.lang.Object, long, long)'> (0x00000007126c6400) 
thrown [t:\workspace\open\src\hotspot\share\interpreter\linkResolver.cpp, line 766]
Event: 0.357 Thread 0x0000014e78980e40 Exception <a 'java/lang/NoSuchMethodError'{0x00000007126d8f08}: 'java.lang.Object java.lang.invoke.DirectMethodHandle$Holder.invokeStatic(java.lang.Object, java.lang.Object, java.lang.Object, java.lang.Object, java.lang.Object, long)'> (0x00000007126d8f08) 
thrown [t:\workspace\open\src\hotspot\share\interpreter\linkResolver.cpp, line 766]
Event: 0.358 Thread 0x0000014e78980e40 Exception <a 'java/lang/NoSuchMethodError'{0x00000007126e2d90}: 'int java.lang.invoke.DirectMethodHandle$Holder.invokeStatic(java.lang.Object, java.lang.Object, java.lang.Object, long)'> (0x00000007126e2d90) 
thrown [t:\workspace\open\src\hotspot\share\interpreter\linkResolver.cpp, line 766]
Event: 0.358 Thread 0x0000014e78980e40 Exception <a 'java/lang/NoSuchMethodError'{0x00000007126e69e8}: 'int java.lang.invoke.DirectMethodHandle$Holder.invokeSpecial(java.lang.Object, java.lang.Object, java.lang.Object, java.lang.Object, long)'> (0x00000007126e69e8) 
thrown [t:\workspace\open\src\hotspot\share\interpreter\linkResolver.cpp, line 766]
Event: 0.358 Thread 0x0000014e78980e40 Exception <a 'java/lang/NoSuchMethodError'{0x00000007126ea170}: 'int java.lang.invoke.DelegatingMethodHandle$Holder.reinvoke_L(java.lang.Object, java.lang.Object, java.lang.Object, long)'> (0x00000007126ea170) 
thrown [t:\workspace\open\src\hotspot\share\interpreter\linkResolver.cpp, line 766]
Event: 0.359 Thread 0x0000014e78980e40 Exception <a 'java/lang/NoSuchMethodError'{0x00000007126fd970}: 'long java.lang.invoke.DirectMethodHandle$Holder.invokeStatic(java.lang.Object, java.lang.Object, java.lang.Object, long)'> (0x00000007126fd970) 
thrown [t:\workspace\open\src\hotspot\share\interpreter\linkResolver.cpp, line 766]
Event: 0.359 Thread 0x0000014e78980e40 Exception <a 'java/lang/NoSuchMethodError'{0x00000007127015c8}: 'long java.lang.invoke.DirectMethodHandle$Holder.invokeSpecial(java.lang.Object, java.lang.Object, java.lang.Object, java.lang.Object, long)'> (0x00000007127015c8) 
thrown [t:\workspace\open\src\hotspot\share\interpreter\linkResolver.cpp, line 766]
Event: 0.359 Thread 0x0000014e78980e40 Exception <a 'java/lang/NoSuchMethodError'{0x0000000712704d50}: 'long java.lang.invoke.DelegatingMethodHandle$Holder.reinvoke_L(java.lang.Object, java.lang.Object, java.lang.Object, long)'> (0x0000000712704d50) 
thrown [t:\workspace\open\src\hotspot\share\interpreter\linkResolver.cpp, line 766]
Event: 0.360 Thread 0x0000014e78980e40 Exception <a 'java/lang/NoSuchMethodError'{0x000000071270f508}: 'void java.lang.invoke.Invokers$Holder.invoke_MT(java.lang.Object, java.lang.Object, java.lang.Object, java.lang.Object, java.lang.Object, java.lang.Object)'> (0x000000071270f508) 
thrown [t:\workspace\open\src\hotspot\share\interpreter\linkResolver.cpp, line 766]
Event: 0.371 Thread 0x0000014e78980e40 Exception <a 'java/lang/NoSuchMethodError'{0x000000071277daa0}: 'void java.lang.invoke.DirectMethodHandle$Holder.invokeStatic(java.lang.Object, java.lang.Object, java.lang.Object, long, int)'> (0x000000071277daa0) 
thrown [t:\workspace\open\src\hotspot\share\interpreter\linkResolver.cpp, line 766]
Event: 0.371 Thread 0x0000014e78980e40 Exception <a 'java/lang/NoSuchMethodError'{0x0000000712781300}: 'void java.lang.invoke.DelegatingMethodHandle$Holder.reinvoke_L(java.lang.Object, java.lang.Object, java.lang.Object, long, int)'> (0x0000000712781300) 
thrown [t:\workspace\open\src\hotspot\share\interpreter\linkResolver.cpp, line 766]
Event: 0.372 Thread 0x0000014e78980e40 Exception <a 'java/lang/NoSuchMethodError'{0x00000007127889c8}: 'int java.lang.invoke.DirectMethodHandle$Holder.invokeSpecial(java.lang.Object, java.lang.Object, java.lang.Object, java.lang.Object, long, java.lang.Object)'> (0x00000007127889c8) 
thrown [t:\workspace\open\src\hotspot\share\interpreter\linkResolver.cpp, line 766]
Event: 0.373 Thread 0x0000014e78980e40 Exception <a 'java/lang/NoSuchMethodError'{0x00000007127905a0}: 'int java.lang.invoke.DirectMethodHandle$Holder.invokeSpecial(java.lang.Object, java.lang.Object, java.lang.Object, long, long, int, int)'> (0x00000007127905a0) 
thrown [t:\workspace\open\src\hotspot\share\interpreter\linkResolver.cpp, line 766]
Event: 0.378 Thread 0x0000014e78980e40 Exception <a 'java/lang/NoSuchMethodError'{0x00000007127bc3d0}: 'long java.lang.invoke.DirectMethodHandle$Holder.invokeSpecial(java.lang.Object, java.lang.Object, java.lang.Object, long, long, long)'> (0x00000007127bc3d0) 
thrown [t:\workspace\open\src\hotspot\share\interpreter\linkResolver.cpp, line 766]
Event: 0.378 Thread 0x0000014e78980e40 Exception <a 'java/lang/NoSuchMethodError'{0x00000007127bfb20}: 'long java.lang.invoke.DelegatingMethodHandle$Holder.reinvoke_L(java.lang.Object, java.lang.Object, long, long, long)'> (0x00000007127bfb20) 
thrown [t:\workspace\open\src\hotspot\share\interpreter\linkResolver.cpp, line 766]
Event: 0.379 Thread 0x0000014e78980e40 Exception <a 'java/lang/NoSuchMethodError'{0x00000007127cd6a8}: 'java.lang.Object java.lang.invoke.DirectMethodHandle$Holder.invokeSpecial(java.lang.Object, java.lang.Object, java.lang.Object, long, long)'> (0x00000007127cd6a8) 
thrown [t:\workspace\open\src\hotspot\share\interpreter\linkResolver.cpp, line 766]
Event: 0.379 Thread 0x0000014e78980e40 Exception <a 'java/lang/NoSuchMethodError'{0x00000007127d0fc0}: 'java.lang.Object java.lang.invoke.DelegatingMethodHandle$Holder.delegate(java.lang.Object, java.lang.Object, java.lang.Object, long, long)'> (0x00000007127d0fc0) 
thrown [t:\workspace\open\src\hotspot\share\interpreter\linkResolver.cpp, line 766]
Event: 0.387 Thread 0x0000014e78980e40 Exception <a 'java/lang/NoSuchMethodError'{0x00000007124384d8}: 'long java.lang.invoke.DirectMethodHandle$Holder.invokeSpecial(java.lang.Object, java.lang.Object, java.lang.Object, long, long)'> (0x00000007124384d8) 
thrown [t:\workspace\open\src\hotspot\share\interpreter\linkResolver.cpp, line 766]
Event: 0.388 Thread 0x0000014e78980e40 Exception <a 'java/lang/NoSuchMethodError'{0x000000071244ce28}: 'java.lang.Object java.lang.invoke.DirectMethodHandle$Holder.invokeStatic(java.lang.Object, java.lang.Object, java.lang.Object, java.lang.Object, java.lang.Object, java.lang.Object, java.lang.Object, long)'> (0x000000071244ce28) 
thrown [t:\workspace\open\src\hotspot\share\interpreter\linkResolver.cpp, line 766]
Event: 0.390 Thread 0x0000014e78980e40 Exception <a 'java/lang/NoSuchMethodError'{0x00000007124694a8}: 'java.lang.Object java.lang.invoke.DirectMethodHandle$Holder.invokeStatic(java.lang.Object, java.lang.Object, java.lang.Object, java.lang.Object, java.lang.Object, java.lang.Object, java.lang.Object, long, java.lang.Object)'> (0x00000007124694a8) 
thrown [t:\workspace\open\src\hotspot\share\interpreter\linkResolver.cpp, line 766]

VM Operations (6 events):
Event: 0.078 Executing VM operation: HandshakeAllThreads
Event: 0.078 Executing VM operation: HandshakeAllThreads done
Event: 0.101 Executing VM operation: HandshakeAllThreads
Event: 0.101 Executing VM operation: HandshakeAllThreads done
Event: 0.366 Executing VM operation: ICBufferFull
Event: 0.366 Executing VM operation: ICBufferFull done

Events (20 events):
Event: 0.036 Thread 0x0000014e7fa1a770 Thread added: 0x0000014e7fa1a770
Event: 0.036 Thread 0x0000014e7fa1d120 Thread added: 0x0000014e7fa1d120
Event: 0.036 Thread 0x0000014e7fa1dac0 Thread added: 0x0000014e7fa1dac0
Event: 0.036 Thread 0x0000014e7fa20db0 Thread added: 0x0000014e7fa20db0
Event: 0.036 Thread 0x0000014e7fa233b0 Thread added: 0x0000014e7fa233b0
Event: 0.036 Thread 0x0000014e7fa23ae0 Thread added: 0x0000014e7fa23ae0
Event: 0.048 Thread 0x0000014e20897360 Thread added: 0x0000014e20897360
Event: 0.052 Loaded shared library D:\Program Files\Java\jdk-18\bin\net.dll
Event: 0.054 Loaded shared library D:\Program Files\Java\jdk-18\bin\nio.dll
Event: 0.073 Thread 0x0000014e20912f50 Thread added: 0x0000014e20912f50
Event: 0.086 Loaded shared library D:\Program Files\Java\jdk-18\bin\zip.dll
Event: 0.087 Loaded shared library D:\Program Files\Java\jdk-18\bin\instrument.dll
Event: 0.090 Loaded shared library D:\Program Files\Java\jdk-18\bin\zip.dll
Event: 0.097 Loaded shared library D:\Program Files\JetBrains\IntelliJ IDEA 2021.2.3\bin\breakgen64.dll
Event: 0.098 Thread 0x0000014e209f8510 Thread added: 0x0000014e209f8510
Event: 0.098 Thread 0x0000014e209f89d0 Thread added: 0x0000014e209f89d0
Event: 0.113 Loaded shared library D:\freetype.dll
Event: 0.209 Thread 0x0000014e20ad35c0 Thread added: 0x0000014e20ad35c0
Event: 0.223 Thread 0x0000014e20c6a3b0 Thread added: 0x0000014e20c6a3b0
Event: 0.363 Loaded shared library D:\Program Files\Java\jdk-18\bin\jimage.dll


Dynamic libraries:
0x00007ff7ae150000 - 0x00007ff7ae15e000 	D:\Program Files\Java\jdk-18\bin\java.exe
0x00007ffc77510000 - 0x00007ffc77705000 	C:\Windows\SYSTEM32\ntdll.dll
0x00007ffc76f20000 - 0x00007ffc76fde000 	C:\Windows\System32\KERNEL32.DLL
0x00007ffc74c70000 - 0x00007ffc74f38000 	C:\Windows\System32\KERNELBASE.dll
0x00007ffc74f40000 - 0x00007ffc75040000 	C:\Windows\System32\ucrtbase.dll
0x00007ffc6eaa0000 - 0x00007ffc6eaba000 	D:\Program Files\Java\jdk-18\bin\VCRUNTIME140.dll
0x00007ffc6e800000 - 0x00007ffc6e817000 	D:\Program Files\Java\jdk-18\bin\jli.dll
0x00007ffc75cc0000 - 0x00007ffc75e60000 	C:\Windows\System32\USER32.dll
0x00007ffc75530000 - 0x00007ffc75552000 	C:\Windows\System32\win32u.dll
0x00007ffc75c30000 - 0x00007ffc75c5b000 	C:\Windows\System32\GDI32.dll
0x00007ffc750e0000 - 0x00007ffc751ed000 	C:\Windows\System32\gdi32full.dll
0x00007ffc75040000 - 0x00007ffc750dd000 	C:\Windows\System32\msvcp_win.dll
0x00007ffc60870000 - 0x00007ffc60b0a000 	C:\Windows\WinSxS\amd64_microsoft.windows.common-controls_6595b64144ccf1df_6.0.19041.1110_none_60b5254171f9507e\COMCTL32.dll
0x00007ffc76c60000 - 0x00007ffc76cfe000 	C:\Windows\System32\msvcrt.dll
0x00007ffc76e50000 - 0x00007ffc76e80000 	C:\Windows\System32\IMM32.DLL
0x00007ffc6e7c0000 - 0x00007ffc6e7cc000 	D:\Program Files\Java\jdk-18\bin\vcruntime140_1.dll
0x00007ffc61770000 - 0x00007ffc617fd000 	D:\Program Files\Java\jdk-18\bin\msvcp140.dll
0x00007ffc0dbd0000 - 0x00007ffc0e7e1000 	D:\Program Files\Java\jdk-18\bin\server\jvm.dll
0x00007ffc76830000 - 0x00007ffc768de000 	C:\Windows\System32\ADVAPI32.dll
0x00007ffc75560000 - 0x00007ffc755fc000 	C:\Windows\System32\sechost.dll
0x00007ffc75e60000 - 0x00007ffc75f85000 	C:\Windows\System32\RPCRT4.dll
0x00007ffc770b0000 - 0x00007ffc770b8000 	C:\Windows\System32\PSAPI.DLL
0x00007ffc63420000 - 0x00007ffc63447000 	C:\Windows\SYSTEM32\WINMM.dll
0x00007ffc6b890000 - 0x00007ffc6b89a000 	C:\Windows\SYSTEM32\VERSION.dll
0x00007ffc6d640000 - 0x00007ffc6d649000 	C:\Windows\SYSTEM32\WSOCK32.dll
0x00007ffc76de0000 - 0x00007ffc76e4b000 	C:\Windows\System32\WS2_32.dll
0x00007ffc73460000 - 0x00007ffc73472000 	C:\Windows\SYSTEM32\kernel.appcore.dll
0x00007ffc6d650000 - 0x00007ffc6d65a000 	D:\Program Files\Java\jdk-18\bin\jimage.dll
0x00007ffc73170000 - 0x00007ffc73354000 	C:\Windows\SYSTEM32\DBGHELP.DLL
0x00007ffc57450000 - 0x00007ffc5747c000 	C:\Windows\SYSTEM32\dbgcore.DLL
0x00007ffc754a0000 - 0x00007ffc75522000 	C:\Windows\System32\bcryptPrimitives.dll
0x00007ffc6d570000 - 0x00007ffc6d57e000 	D:\Program Files\Java\jdk-18\bin\instrument.dll
0x00007ffc6d580000 - 0x00007ffc6d5a5000 	D:\Program Files\Java\jdk-18\bin\java.dll
0x00007ffc2f9c0000 - 0x00007ffc2fa96000 	D:\Program Files\Java\jdk-18\bin\jsvml.dll
0x00007ffc75f90000 - 0x00007ffc766d4000 	C:\Windows\System32\SHELL32.dll
0x00007ffc72900000 - 0x00007ffc73094000 	C:\Windows\SYSTEM32\windows.storage.dll
0x00007ffc770c0000 - 0x00007ffc77415000 	C:\Windows\System32\combase.dll
0x00007ffc74670000 - 0x00007ffc7469e000 	C:\Windows\SYSTEM32\Wldp.dll
0x00007ffc768e0000 - 0x00007ffc7698d000 	C:\Windows\System32\SHCORE.dll
0x00007ffc75c60000 - 0x00007ffc75cb5000 	C:\Windows\System32\shlwapi.dll
0x00007ffc74b60000 - 0x00007ffc74b7f000 	C:\Windows\SYSTEM32\profapi.dll
0x00007ffc61700000 - 0x00007ffc61713000 	D:\Program Files\Java\jdk-18\bin\net.dll
0x00007ffc6cbc0000 - 0x00007ffc6cccc000 	C:\Windows\SYSTEM32\WINHTTP.dll
0x00007ffc743d0000 - 0x00007ffc7443a000 	C:\Windows\system32\mswsock.dll
0x00007ffc601d0000 - 0x00007ffc601e6000 	D:\Program Files\Java\jdk-18\bin\nio.dll
0x00007ffc520c0000 - 0x00007ffc520d8000 	D:\Program Files\Java\jdk-18\bin\zip.dll
0x00007ffc52080000 - 0x00007ffc5209a000 	D:\Program Files\JetBrains\IntelliJ IDEA 2021.2.3\bin\breakgen64.dll
0x00007ffc388f0000 - 0x00007ffc3899a000 	D:\freetype.dll

dbghelp: loaded successfully - version: 4.0.5 - missing functions: none
symbol engine: initialized successfully - sym options: 0x614 - pdb path: .;D:\Program Files\Java\jdk-18\bin;C:\Windows\SYSTEM32;C:\Windows\WinSxS\amd64_microsoft.windows.common-controls_6595b64144ccf1df_6.0.19041.1110_none_60b5254171f9507e;D:\Program Files\Java\jdk-18\bin\server;D:\Program Files\JetBrains\IntelliJ IDEA 2021.2.3\bin;D:

VM Arguments:
jvm_args: --enable-native-access=test.jfreetype,jfreetype -javaagent:D:\Program Files\JetBrains\IntelliJ IDEA 2021.2.3\lib\idea_rt.jar=65288:D:\Program Files\JetBrains\IntelliJ IDEA 2021.2.3\bin -Dfile.encoding=UTF-8 --module-path=D:\jfreetype\test\target\test-classes;D:\jfreetype\target\classes -Djdk.module.main=test.jfreetype 
java_command: test.jfreetype/io.github.mmc1234.jfreetype.example.Main
java_class_path (initial): <not set>
Launcher Type: SUN_STANDARD

[Global flags]
     intx CICompilerCount                          = 12                                        {product} {ergonomic}
     uint ConcGCThreads                            = 3                                         {product} {ergonomic}
     uint G1ConcRefinementThreads                  = 13                                        {product} {ergonomic}
   size_t G1HeapRegionSize                         = 2097152                                   {product} {ergonomic}
    uintx GCDrainStackTargetSize                   = 64                                        {product} {ergonomic}
   size_t InitialHeapSize                          = 266338304                                 {product} {ergonomic}
   size_t MarkStackSize                            = 4194304                                   {product} {ergonomic}
   size_t MaxHeapSize                              = 4234149888                                {product} {ergonomic}
   size_t MaxNewSize                               = 2539651072                                {product} {ergonomic}
   size_t MinHeapDeltaBytes                        = 2097152                                   {product} {ergonomic}
   size_t MinHeapSize                              = 8388608                                   {product} {ergonomic}
    uintx NonNMethodCodeHeapSize                   = 7602480                                {pd product} {ergonomic}
    uintx NonProfiledCodeHeapSize                  = 122027880                              {pd product} {ergonomic}
    uintx ProfiledCodeHeapSize                     = 122027880                              {pd product} {ergonomic}
    uintx ReservedCodeCacheSize                    = 251658240                              {pd product} {ergonomic}
     bool SegmentedCodeCache                       = true                                      {product} {ergonomic}
   size_t SoftMaxHeapSize                          = 4234149888                             {manageable} {ergonomic}
     bool UseCompressedClassPointers               = true                           {product lp64_product} {ergonomic}
     bool UseCompressedOops                        = true                           {product lp64_product} {ergonomic}
     bool UseG1GC                                  = true                                      {product} {ergonomic}
     bool UseLargePagesIndividualAllocation        = false                                  {pd product} {ergonomic}

Logging:
Log output configuration:
 #0: stdout all=warning uptime,level,tags foldmultilines=false
 #1: stderr all=off uptime,level,tags foldmultilines=false

Environment Variables:
JAVA_HOME=D:\Program Files\Java\jdk1.8.0_301
PATH=C:\Program Files (x86)\Common Files\Intel\Shared Libraries\redist\intel64_win\compiler;D:\Program Files (x86)\VMware\VMware Workstation\bin\;C:\Program Files\PlasticSCM5\server;C:\Program Files\PlasticSCM5\client;C:\Program Files (x86)\Common Files\Intel\Shared Libraries\redist\intel64\compiler;C:\Program Files (x86)\Common Files\Oracle\Java\javapath;C:\Windows\system32;C:\Windows;C:\Windows\System32\Wbem;C:\Windows\System32\WindowsPowerShell\v1.0\;C:\Windows\System32\OpenSSH\;C:\Program Files (x86)\NVIDIA Corporation\PhysX\Common;C:\Program Files\NVIDIA Corporation\NVIDIA NvDLISR;D:\Program Files\Java\jdk1.8.0_301\bin;D:\Program Files\nodejs\;C:\Program Files (x86)\Gpg4win\..\GnuPG\bin;D:\Program Files\Git\cmd;C:\Program Files\dotnet\;C:\Users\Nickid2018\AppData\Local\Microsoft\WindowsApps;D:\Program Files\JetBrains\IntelliJ IDEA Community Edition 2021.2\bin;D:\Program Files\JetBrains\CLion 2021.2\bin;D:\Program Files\JetBrains\IntelliJ IDEA 2021.2\bin;D:\Program Files\JetBrains\PyCharm 2021.2\bin;D:\Program Files\Fiddler;C:\Users\Nickid2018\AppData\Roaming\npm;D:\Program Files\Bandizip\7z;D:\Program Files\JetBrains\PyCharm 2021.2.3\bin;;D:\Program Files\JetBrains\IntelliJ IDEA 2021.2.3\bin;;C:\Users\Nickid2018\.dotnet\tools
USERNAME=Nickid2018
OS=Windows_NT
PROCESSOR_IDENTIFIER=Intel64 Family 6 Model 141 Stepping 1, GenuineIntel



---------------  S Y S T E M  ---------------

OS:
 Windows 10 , 64 bit Build 19041 (10.0.19041.1503)
OS uptime: 8 days 7:48 hours
Hyper-V role detected

CPU: total 16 (initial active 16) (8 cores per cpu, 2 threads per core) family 6 model 141 stepping 1 microcode 0x32, cx8, cmov, fxsr, ht, mmx, 3dnowpref, sse, sse2, sse3, ssse3, sse4.1, sse4.2, popcnt, lzcnt, tsc, tscinvbit, avx, avx2, aes, erms, clmul, bmi1, bmi2, adx, avx512f, avx512dq, avx512cd, avx512bw, avx512vl, sha, fma, vzeroupper, avx512_vpopcntdq, avx512_vpclmulqdq, avx512_vaes, avx512_vnni, clflush, clflushopt, clwb, avx512_vbmi2, avx512_vbmi, hv

Memory: 4k page, system-wide physical 16151M (3429M free)
TotalPageFile size 25367M (AvailPageFile size 5296M)
current process WorkingSet (physical memory assigned to process): 73M, peak: 75M
current process commit charge ("private bytes"): 370M, peak: 374M

vm_info: OpenJDK 64-Bit Server VM (18+36-2087) for windows-amd64 JRE (18+36-2087), built on Feb 15 2022 09:37:35 by "mach5one" with MS VC++ 16.8 / 16.9 (VS2019)

END.
