#
# A fatal error has been detected by the Java Runtime Environment:
#
#  EXCEPTION_ACCESS_VIOLATION (0xc0000005) at pc=0x00000202d7d9930d, pid=55628, tid=5804
#
# JRE version: OpenJDK Runtime Environment (18.0+36) (build 18+36-2087)
# Java VM: OpenJDK 64-Bit Server VM (18+36-2087, mixed mode, sharing, tiered, compressed oops, compressed class ptrs, g1 gc, windows-amd64)
# Problematic frame:
# J 1335 c1 jdk.internal.misc.ScopedMemoryAccess.getByte(Ljdk/internal/misc/ScopedMemoryAccess$Scope;Ljava/lang/Object;J)B java.base@18 (20 bytes) @ 0x00000202d7d9930d [0x00000202d7d98fa0+0x000000000000036d]
#
# No core dump will be written. Minidumps are not enabled by default on client versions of Windows
#
# If you would like to submit a bug report, please visit:
#   https://bugreport.java.com/bugreport/crash.jsp
#

---------------  S U M M A R Y ------------

Command Line: --enable-native-access=test.jfreetype,jfreetype -javaagent:D:\Program Files\JetBrains\IntelliJ IDEA 2021.2.3\lib\idea_rt.jar=65276:D:\Program Files\JetBrains\IntelliJ IDEA 2021.2.3\bin -Dfile.encoding=UTF-8 --module-path=D:\jfreetype\test\target\test-classes;D:\jfreetype\target\classes -Djdk.module.main=test.jfreetype test.jfreetype/io.github.mmc1234.jfreetype.example.Main

Host: 11th Gen Intel(R) Core(TM) i7-11800H @ 2.30GHz, 16 cores, 15G,  Windows 10 , 64 bit Build 19041 (10.0.19041.1503)
Time: Sat Feb 26 21:51:54 2022  Windows 10 , 64 bit Build 19041 (10.0.19041.1503) elapsed time: 0.390785 seconds (0d 0h 0m 0s)

---------------  T H R E A D  ---------------

Current thread (0x00000202ce351ee0):  JavaThread "main" [_thread_in_Java, id=5804, stack(0x000000090b200000,0x000000090b300000)]

Stack: [0x000000090b200000,0x000000090b300000],  sp=0x000000090b2fef60,  free space=1019k
Native frames: (J=compiled Java code, j=interpreted, Vv=VM code, C=native code)
C  0x00000202d7d9930d


siginfo: EXCEPTION_ACCESS_VIOLATION (0xc0000005), reading address 0xffffffffffffffff


Register to memory mapping:

RIP=0x00000202d7d9930d is at entry_point+877 in (nmethod*)0x00000202d7d98d90
Compiled method (c1)     396 1335   !   3       jdk.internal.misc.ScopedMemoryAccess::getByte (20 bytes)
 total in heap  [0x00000202d7d98d90,0x00000202d7d99c00] = 3696
 relocation     [0x00000202d7d98ee8,0x00000202d7d98fa0] = 184
 main code      [0x00000202d7d98fa0,0x00000202d7d99780] = 2016
 stub code      [0x00000202d7d99780,0x00000202d7d997d8] = 88
 metadata       [0x00000202d7d997d8,0x00000202d7d99818] = 64
 scopes data    [0x00000202d7d99818,0x00000202d7d99908] = 240
 scopes pcs     [0x00000202d7d99908,0x00000202d7d99a88] = 384
 dependencies   [0x00000202d7d99a88,0x00000202d7d99a98] = 16
 handler table  [0x00000202d7d99a98,0x00000202d7d99bd0] = 312
 nul chk table  [0x00000202d7d99bd0,0x00000202d7d99c00] = 48
RAX=0x00000202f3e5c9e8 is pointing into metadata
RBX={method} {0x000000080008f7f0} 'getByte' '(Ljdk/internal/misc/ScopedMemoryAccess$Scope;Ljava/lang/Object;J)B' in 'jdk/internal/misc/ScopedMemoryAccess'
RCX=0x0000000000000009 is an unknown value
RDX=0x0000000000000170 is an unknown value
RSP=0x000000090b2fef60 is pointing into the stack for thread: 0x00000202ce351ee0
RBP=0x000000090b2ff098 is pointing into the stack for thread: 0x00000202ce351ee0
RSI=0x0000000000000024 is an unknown value
RDI=0xf7f2c12000000000 is an unknown value
R8 =0x00000007134c55c8 is an oop: jdk.internal.foreign.ResourceScopeImpl$GlobalScopeImpl 
{0x00000007134c55c8} - klass: 'jdk/internal/foreign/ResourceScopeImpl$GlobalScopeImpl'
 - ---- fields (total size 4 words):
 - 'state' 'I' @12  0
 - final 'resourceList' 'Ljdk/internal/foreign/ResourceScopeImpl$ResourceList;' @16  a 'jdk/internal/foreign/SharedScope$SharedResourceList'{0x00000007134c5a18} (e2698b43)
 - final 'cleanable' 'Ljava/lang/ref/Cleaner$Cleanable;' @20  NULL (0)
 - final 'owner' 'Ljava/lang/Thread;' @24  NULL (0)
 - final 'ref' 'Ljava/lang/Object;' @28  NULL (0)
R9 =0x0 is NULL
R10=0x0000000800000000 is pointing into metadata
R11=0x00000202d7d98fc0 is at entry_point+32 in (nmethod*)0x00000202d7d98d90
Compiled method (c1)     401 1335   !   3       jdk.internal.misc.ScopedMemoryAccess::getByte (20 bytes)
 total in heap  [0x00000202d7d98d90,0x00000202d7d99c00] = 3696
 relocation     [0x00000202d7d98ee8,0x00000202d7d98fa0] = 184
 main code      [0x00000202d7d98fa0,0x00000202d7d99780] = 2016
 stub code      [0x00000202d7d99780,0x00000202d7d997d8] = 88
 metadata       [0x00000202d7d997d8,0x00000202d7d99818] = 64
 scopes data    [0x00000202d7d99818,0x00000202d7d99908] = 240
 scopes pcs     [0x00000202d7d99908,0x00000202d7d99a88] = 384
 dependencies   [0x00000202d7d99a88,0x00000202d7d99a98] = 16
 handler table  [0x00000202d7d99a98,0x00000202d7d99bd0] = 312
 nul chk table  [0x00000202d7d99bd0,0x00000202d7d99c00] = 48
R12=0x0 is NULL
R13=0x000000090b2ff028 is pointing into the stack for thread: 0x00000202ce351ee0
R14=0x0 is NULL
R15=0x00000202ce351ee0 is a thread


Registers:
RAX=0x00000202f3e5c9e8, RBX=0x000000080008f7e8, RCX=0x0000000000000009, RDX=0x0000000000000170
RSP=0x000000090b2fef60, RBP=0x000000090b2ff098, RSI=0x0000000000000024, RDI=0xf7f2c12000000000
R8 =0x00000007134c55c8, R9 =0x0000000000000000, R10=0x0000000800000000, R11=0x00000202d7d98fc0
R12=0x0000000000000000, R13=0x000000090b2ff028, R14=0x0000000000000000, R15=0x00000202ce351ee0
RIP=0x00000202d7d9930d, EFLAGS=0x0000000000010246

Top of Stack: (sp=0x000000090b2fef60)
0x000000090b2fef60:   000000090b2fef78 000000090b2fefc8
0x000000090b2fef70:   0000000000000000 0000000000000000
0x000000090b2fef80:   000000090b2fef80 00000202f3e61ed5
0x000000090b2fef90:   000000090b2ff030 00000202f3e62b88
0x000000090b2fefa0:   0000000000000000 00000007127b9400
0x000000090b2fefb0:   00000202f3e61f78 0000000000000000
0x000000090b2fefc0:   000000090b2ff008 000000090b2ff098
0x000000090b2fefd0:   00000202d74895cd 0000000000000000
0x000000090b2fefe0:   000000090b2ff0d0 00000202f3de6780
0x000000090b2feff0:   000000090b2ff098 00000202d7499e42
0x000000090b2ff000:   0000000000000000 00000000000000b6
0x000000090b2ff010:   000000090b2ff098 00000202d7489612
0x000000090b2ff020:   00000202d7489612 f7f2c12000000000
0x000000090b2ff030:   0000000000000000 0000000000000000
0x000000090b2ff040:   00000007134c55c8 00000007136566c8
0x000000090b2ff050:   000000090b2ff050 00000202f3e62040 

Instructions: (pc=0x00000202d7d9930d)
0x00000202d7d9920d:   01 00 00 01 48 b8 e8 c9 e5 f3 02 02 00 00 8b 90
0x00000202d7d9921d:   cc 00 00 00 83 c2 02 89 90 cc 00 00 00 81 e2 fe
0x00000202d7d9922d:   ff 1f 00 83 fa 00 0f 84 9c 03 00 00 41 8b 40 18
0x00000202d7d9923d:   48 c1 e0 03 48 83 f8 00 48 ba e8 c9 e5 f3 02 02
0x00000202d7d9924d:   00 00 48 be 10 01 00 00 00 00 00 00 0f 84 0a 00
0x00000202d7d9925d:   00 00 48 be 20 01 00 00 00 00 00 00 48 8b 0c 32
0x00000202d7d9926d:   48 8d 49 01 48 89 0c 32 0f 84 55 00 00 00 48 ba
0x00000202d7d9927d:   e8 c9 e5 f3 02 02 00 00 48 83 82 30 01 00 00 01
0x00000202d7d9928d:   49 8b 97 68 02 00 00 48 8b 12 48 3b c2 48 b8 e8
0x00000202d7d9929d:   c9 e5 f3 02 02 00 00 48 ba 50 01 00 00 00 00 00
0x00000202d7d992ad:   00 0f 85 0a 00 00 00 48 ba 40 01 00 00 00 00 00
0x00000202d7d992bd:   00 48 8b 34 10 48 8d 76 01 48 89 34 10 0f 85 cd
0x00000202d7d992cd:   00 00 00 41 8b 40 0c 83 f8 00 48 b8 e8 c9 e5 f3
0x00000202d7d992dd:   02 02 00 00 48 ba 80 01 00 00 00 00 00 00 0f 8c
0x00000202d7d992ed:   0a 00 00 00 48 ba 70 01 00 00 00 00 00 00 48 8b
0x00000202d7d992fd:   34 10 48 8d 76 01 48 89 34 10 0f 8c 61 00 00 00
0x00000202d7d9930d:   41 0f be 04 39 48 ba b0 c7 e5 f3 02 02 00 00 48
0x00000202d7d9931d:   83 82 b8 01 00 00 01 48 ba 90 df c9 f3 02 02 00
0x00000202d7d9932d:   00 8b b2 cc 00 00 00 83 c6 02 89 b2 cc 00 00 00
0x00000202d7d9933d:   81 e6 fe ff 1f 00 83 fe 00 0f 84 aa 02 00 00 c1
0x00000202d7d9934d:   e0 18 c1 f8 18 c1 e0 18 c1 f8 18 48 81 c4 b0 00
0x00000202d7d9935d:   00 00 5d 49 3b a7 38 03 00 00 0f 87 aa 02 00 00
0x00000202d7d9936d:   c3 66 90 e9 34 03 00 00 00 00 00 00 00 66 0f 1f
0x00000202d7d9937d:   44 00 00 e9 3e 03 00 00 90 48 c1 e0 03 48 3b 00
0x00000202d7d9938d:   48 ba 8d 93 d9 d7 02 02 00 00 e8 e4 29 7e ff 90
0x00000202d7d9939d:   48 89 bc 24 88 00 00 00 4c 89 8c 24 90 00 00 00
0x00000202d7d993ad:   4c 89 84 24 80 00 00 00 66 66 90 e9 24 03 00 00
0x00000202d7d993bd:   00 00 00 00 00 80 ba 23 01 00 00 04 0f 85 21 03
0x00000202d7d993cd:   00 00 49 8b 87 f0 00 00 00 48 8d 78 28 49 3b bf
0x00000202d7d993dd:   00 01 00 00 0f 87 09 03 00 00 49 89 bf f0 00 00
0x00000202d7d993ed:   00 48 c7 00 01 00 00 00 48 8b ca 49 ba 00 00 00
0x00000202d7d993fd:   00 08 00 00 00 49 2b ca 89 48 08 48 33 c9 89 48 


Stack slot to memory mapping:
stack at sp + 0 slots: 0x000000090b2fef78 is pointing into the stack for thread: 0x00000202ce351ee0
stack at sp + 1 slots: 0x000000090b2fefc8 is pointing into the stack for thread: 0x00000202ce351ee0
stack at sp + 2 slots: 0x0 is NULL
stack at sp + 3 slots: 0x0 is NULL
stack at sp + 4 slots: 0x000000090b2fef80 is pointing into the stack for thread: 0x00000202ce351ee0
stack at sp + 5 slots: 0x00000202f3e61ed5 is pointing into metadata
stack at sp + 6 slots: 0x000000090b2ff030 is pointing into the stack for thread: 0x00000202ce351ee0
stack at sp + 7 slots: 0x00000202f3e62b88 is pointing into metadata


Compiled method (c1)     412 1335   !   3       jdk.internal.misc.ScopedMemoryAccess::getByte (20 bytes)
 total in heap  [0x00000202d7d98d90,0x00000202d7d99c00] = 3696
 relocation     [0x00000202d7d98ee8,0x00000202d7d98fa0] = 184
 main code      [0x00000202d7d98fa0,0x00000202d7d99780] = 2016
 stub code      [0x00000202d7d99780,0x00000202d7d997d8] = 88
 metadata       [0x00000202d7d997d8,0x00000202d7d99818] = 64
 scopes data    [0x00000202d7d99818,0x00000202d7d99908] = 240
 scopes pcs     [0x00000202d7d99908,0x00000202d7d99a88] = 384
 dependencies   [0x00000202d7d99a88,0x00000202d7d99a98] = 16
 handler table  [0x00000202d7d99a98,0x00000202d7d99bd0] = 312
 nul chk table  [0x00000202d7d99bd0,0x00000202d7d99c00] = 48

[Constant Pool (empty)]

[MachCode]
[Entry Point]
  # {method} {0x000000080008f7f0} 'getByte' '(Ljdk/internal/misc/ScopedMemoryAccess$Scope;Ljava/lang/Object;J)B' in 'jdk/internal/misc/ScopedMemoryAccess'
  # this:     rdx:rdx   = 'jdk/internal/misc/ScopedMemoryAccess'
  # parm0:    r8:r8     = 'jdk/internal/misc/ScopedMemoryAccess$Scope'
  # parm1:    r9:r9     = 'java/lang/Object'
  # parm2:    rdi:rdi   = long
  #           [sp+0xc0]  (sp of caller)
  0x00000202d7d98fa0: 448b 5208 | 49bb 0000 | 0000 0800 | 0000 4d03 | d34c 3bd0 

  0x00000202d7d98fb4: ;   {runtime_call ic_miss_stub}
  0x00000202d7d98fb4: 0f85 c63f | 73ff 660f | 1f44 0000 
[Verified Entry Point]
  0x00000202d7d98fc0: 8984 2400 | 90ff ff55 | 4881 ecb0 

  0x00000202d7d98fcc: ;   {metadata(method data for {method} {0x000000080008f7f0} 'getByte' '(Ljdk/internal/misc/ScopedMemoryAccess$Scope;Ljava/lang/Object;J)B' in 'jdk/internal/misc/ScopedMemoryAccess')}
  0x00000202d7d98fcc: 0000 0048 | b8d0 c5e5 | f302 0200 | 008b b0cc | 0000 0083 | c602 89b0 | cc00 0000 | 81e6 fe07 
  0x00000202d7d98fec: 0000 83fe | 000f 8492 

  0x00000202d7d98ff4: ;   {metadata(method data for {method} {0x000000080008f7f0} 'getByte' '(Ljdk/internal/misc/ScopedMemoryAccess$Scope;Ljava/lang/Object;J)B' in 'jdk/internal/misc/ScopedMemoryAccess')}
  0x00000202d7d98ff4: 0500 0048 | b8d0 c5e5 | f302 0200 | 0048 8d80 | 4801 0000 | 498b f048 | 85f6 7507 | 4883 4808 
  0x00000202d7d99014: 01eb 528b | 7608 49ba | 0000 0000 | 0800 0000 | 4903 f248 | 3370 0848 | f7c6 fcff | ffff 7435 
  0x00000202d7d99034: 48f7 c602 | 0000 0075 | 2c48 8178 | 0800 0000 | 0074 1e48 | 8178 0801 | 0000 0074 | 1448 3370 
  0x00000202d7d99054: 0848 f7c6 | fcff ffff | 740b 4883 | 4808 02eb | 0448 8970 | 0849 8bf1 | 4885 f675 | 0748 8348 
  0x00000202d7d99074: 1801 eb52 | 8b76 0849 | ba00 0000 | 0008 0000 | 0049 03f2 | 4833 7018 | 48f7 c6fc | ffff ff74 
  0x00000202d7d99094: 3548 f7c6 | 0200 0000 | 752c 4881 | 7818 0000 | 0000 741e | 4881 7818 | 0100 0000 | 7414 4833 
  0x00000202d7d990b4: 7018 48f7 | c6fc ffff | ff74 0b48 | 8348 1802 | eb04 4889 

  0x00000202d7d990c8: ;   {metadata(method data for {method} {0x000000080008f7f0} 'getByte' '(Ljdk/internal/misc/ScopedMemoryAccess$Scope;Ljava/lang/Object;J)B' in 'jdk/internal/misc/ScopedMemoryAccess')}
  0x00000202d7d990c8: 7018 48b8 | d0c5 e5f3 | 0202 0000 | 4883 8010 | 0100 0001 

  0x00000202d7d990dc: ;   {metadata(method data for {method} {0x0000000800093cd0} 'getByteInternal' '(Ljdk/internal/misc/ScopedMemoryAccess$Scope;Ljava/lang/Object;J)B' in 'jdk/internal/misc/ScopedMemoryAccess')}
  0x00000202d7d990dc: 48b8 b0c7 | e5f3 0202 | 0000 8b90 | cc00 0000 | 83c2 0289 | 90cc 0000 | 0081 e2fe | ff1f 0083 
  0x00000202d7d990fc: fa00 0f84 | a604 0000 | 4983 f800 

  0x00000202d7d99108: ;   {metadata(method data for {method} {0x0000000800093cd0} 'getByteInternal' '(Ljdk/internal/misc/ScopedMemoryAccess$Scope;Ljava/lang/Object;J)B' in 'jdk/internal/misc/ScopedMemoryAccess')}
  0x00000202d7d99108: 48b8 b0c7 | e5f3 0202 | 0000 48ba | 1001 0000 | 0000 0000 | 0f84 0a00 | 0000 48ba | 2001 0000 
  0x00000202d7d99128: 0000 0000 | 488b 3410 | 488d 7601 | 4889 3410 | 0f84 cf01 | 0000 4983 | f800 0f84 | 2a00 0000 
  0x00000202d7d99148: ;   {metadata('jdk/internal/foreign/ResourceScopeImpl')}
  0x00000202d7d99148: 48b9 00a3 | c500 0800 | 0000 418b | 7008 49ba | 0000 0000 | 0800 0000 | 4903 f248 | 3b4e 380f 
  0x00000202d7d99168: 855e 0400 | 00e9 0000 | 0000 498b | c049 3b00 

  0x00000202d7d99178: ;   {metadata(method data for {method} {0x0000000800093cd0} 'getByteInternal' '(Ljdk/internal/misc/ScopedMemoryAccess$Scope;Ljava/lang/Object;J)B' in 'jdk/internal/misc/ScopedMemoryAccess')}
  0x00000202d7d99178: 498b c048 | bab0 c7e5 | f302 0200 | 008b 4008 | 49ba 0000 | 0000 0800 | 0000 4903 | c248 3b82 
  0x00000202d7d99198: 4001 0000 | 750d 4883 | 8248 0100 | 0001 e966 | 0000 0048 | 3b82 5001 | 0000 750d | 4883 8258 
  0x00000202d7d991b8: 0100 0001 | e950 0000 | 0048 81ba | 4001 0000 | 0000 0000 | 7517 4889 | 8240 0100 | 0048 c782 
  0x00000202d7d991d8: 4801 0000 | 0100 0000 | e92c 0000 | 0048 81ba | 5001 0000 | 0000 0000 | 7517 4889 | 8250 0100 
  0x00000202d7d991f8: 0048 c782 | 5801 0000 | 0100 0000 | e908 0000 | 0048 8382 | 3001 0000 

  0x00000202d7d99210: ;   {metadata(method data for {method} {0x00000202f3d12ec8} 'checkValidState' '()V' in 'jdk/internal/foreign/ResourceScopeImpl')}
  0x00000202d7d99210: 0148 b8e8 | c9e5 f302 | 0200 008b | 90cc 0000 | 0083 c202 | 8990 cc00 | 0000 81e2 | feff 1f00 
  0x00000202d7d99230: 83fa 000f | 849c 0300 | 0041 8b40 | 1848 c1e0 | 0348 83f8 

  0x00000202d7d99244: ;   {metadata(method data for {method} {0x00000202f3d12ec8} 'checkValidState' '()V' in 'jdk/internal/foreign/ResourceScopeImpl')}
  0x00000202d7d99244: 0048 bae8 | c9e5 f302 | 0200 0048 | be10 0100 | 0000 0000 | 000f 840a | 0000 0048 | be20 0100 
  0x00000202d7d99264: 0000 0000 | 0048 8b0c | 3248 8d49 | 0148 890c | 320f 8455 

  0x00000202d7d99278: ;   {metadata(method data for {method} {0x00000202f3d12ec8} 'checkValidState' '()V' in 'jdk/internal/foreign/ResourceScopeImpl')}
  0x00000202d7d99278: 0000 0048 | bae8 c9e5 | f302 0200 | 0048 8382 | 3001 0000 | 0149 8b97 | 6802 0000 | 488b 1248 
  0x00000202d7d99298: ;   {metadata(method data for {method} {0x00000202f3d12ec8} 'checkValidState' '()V' in 'jdk/internal/foreign/ResourceScopeImpl')}
  0x00000202d7d99298: 3bc2 48b8 | e8c9 e5f3 | 0202 0000 | 48ba 5001 | 0000 0000 | 0000 0f85 | 0a00 0000 | 48ba 4001 
  0x00000202d7d992b8: 0000 0000 | 0000 488b | 3410 488d | 7601 4889 | 3410 0f85 | cd00 0000 | 418b 400c 

  0x00000202d7d992d4: ;   {metadata(method data for {method} {0x00000202f3d12ec8} 'checkValidState' '()V' in 'jdk/internal/foreign/ResourceScopeImpl')}
  0x00000202d7d992d4: 83f8 0048 | b8e8 c9e5 | f302 0200 | 0048 ba80 | 0100 0000 | 0000 000f | 8c0a 0000 | 0048 ba70 
  0x00000202d7d992f4: 0100 0000 | 0000 0048 | 8b34 1048 | 8d76 0148 | 8934 100f | 8c61 0000 | 0041 0fbe 

  0x00000202d7d99310: ;   {metadata(method data for {method} {0x0000000800093cd0} 'getByteInternal' '(Ljdk/internal/misc/ScopedMemoryAccess$Scope;Ljava/lang/Object;J)B' in 'jdk/internal/misc/ScopedMemoryAccess')}
  0x00000202d7d99310: 0439 48ba | b0c7 e5f3 | 0202 0000 | 4883 82b8 | 0100 0001 

  0x00000202d7d99324: ;   {metadata(method data for {method} {0x000000080003def0} 'reachabilityFence' '(Ljava/lang/Object;)V' in 'java/lang/ref/Reference')}
  0x00000202d7d99324: 48ba 90df | c9f3 0202 | 0000 8bb2 | cc00 0000 | 83c6 0289 | b2cc 0000 | 0081 e6fe | ff1f 0083 
  0x00000202d7d99344: fe00 0f84 | aa02 0000 | c1e0 18c1 | f818 c1e0 | 18c1 f818 | 4881 c4b0 | 0000 005d 

  0x00000202d7d99360: ;   {poll_return}
  0x00000202d7d99360: 493b a738 | 0300 000f | 87aa 0200 | 00c3 6690 

  0x00000202d7d99370: ;   {no_reloc}
  0x00000202d7d99370: e934 0300 | 0000 0000 | 0000 660f | 1f44 0000 

  0x00000202d7d99380: ; implicit exception: dispatches to 0x00000202d7d996b3
  0x00000202d7d99380: e93e 0300 | 0090 48c1 | e003 483b 

  0x00000202d7d9938c: ; ImmutableOopMap {r9=Oop r8=Oop rax=Oop }
                      ;*athrow {reexecute=1 rethrow=0 return_oop=0}
                      ; - (reexecute) jdk.internal.foreign.ResourceScopeImpl::checkValidState@37 (line 194)
                      ; - jdk.internal.misc.ScopedMemoryAccess::getByteInternal@5 (line 571)
                      ; - jdk.internal.misc.ScopedMemoryAccess::getByte@4 (line 561)
                      ;   {section_word}
  0x00000202d7d9938c: 0048 ba8d | 93d9 d702 

  0x00000202d7d99394: ;   {runtime_call handle_exception_nofpu Runtime1 stub}
  0x00000202d7d99394: 0200 00e8 | e429 7eff | 9048 89bc | 2488 0000 | 004c 898c | 2490 0000 | 004c 8984 | 2480 0000 
  0x00000202d7d993b4: 0066 6690 

  0x00000202d7d993b8: ;   {no_reloc}
  0x00000202d7d993b8: e924 0300 | 0000 0000 | 0000 80ba | 2301 0000 | 040f 8521 | 0300 0049 | 8b87 f000 | 0000 488d 
  0x00000202d7d993d8: 7828 493b | bf00 0100 | 000f 8709 | 0300 0049 | 89bf f000 | 0000 48c7 | 0001 0000 | 0048 8bca 
  0x00000202d7d993f8: 49ba 0000 | 0000 0800 | 0000 492b | ca89 4808 | 4833 c989 | 480c 4833 | c948 8948 | 1048 8948 
  0x00000202d7d99418: 1848 8948 | 2048 8bd0 

  0x00000202d7d99420: ;   {metadata(method data for {method} {0x00000202f3d12ec8} 'checkValidState' '()V' in 'jdk/internal/foreign/ResourceScopeImpl')}
  0x00000202d7d99420: 48be e8c9 | e5f3 0202 | 0000 4883 | 8660 0100 

  0x00000202d7d99430: ;   {oop("Attempted access outside owning thread"{0x0000000713552aa0})}
  0x00000202d7d99430: 0001 49b8 | a02a 5513 | 0700 0000 | 488b d048 | 8944 2478 

  0x00000202d7d99444: ;   {optimized virtual_call}
  0x00000202d7d99444: 6666 90e8 

  0x00000202d7d99448: ; ImmutableOopMap {[144]=Oop [128]=Oop [120]=Oop }
                      ;*invokespecial <init> {reexecute=0 rethrow=0 return_oop=0}
                      ; - jdk.internal.foreign.ResourceScopeImpl::checkValidState@23 (line 191)
                      ; - jdk.internal.misc.ScopedMemoryAccess::getByteInternal@5 (line 571)
                      ; - jdk.internal.misc.ScopedMemoryAccess::getByte@4 (line 561)
  0x00000202d7d99448: b440 73ff | 488b 4424 

  0x00000202d7d99450: ; ImmutableOopMap {[144]=Oop [128]=Oop rax=Oop }
                      ;*athrow {reexecute=1 rethrow=0 return_oop=0}
                      ; - (reexecute) jdk.internal.foreign.ResourceScopeImpl::checkValidState@26 (line 191)
                      ; - jdk.internal.misc.ScopedMemoryAccess::getByteInternal@5 (line 571)
                      ; - jdk.internal.misc.ScopedMemoryAccess::getByte@4 (line 561)
                      ;   {section_word}
  0x00000202d7d99450: 7848 ba51 | 94d9 d702 

  0x00000202d7d99458: ;   {runtime_call handle_exception_nofpu Runtime1 stub}
  0x00000202d7d99458: 0200 00e8 | 2029 7eff | 9049 8b87 | c803 0000 | 4d33 d24d | 8997 c803 | 0000 4d33 | d24d 8997 
  0x00000202d7d99478: d003 0000 

  0x00000202d7d9947c: ;   {metadata(method data for {method} {0x0000000800093cd0} 'getByteInternal' '(Ljdk/internal/misc/ScopedMemoryAccess$Scope;Ljava/lang/Object;J)B' in 'jdk/internal/misc/ScopedMemoryAccess')}
  0x00000202d7d9947c: 48ba b0c7 | e5f3 0202 | 0000 4883 | 82c8 0100 

  0x00000202d7d9948c: ;   {metadata(method data for {method} {0x000000080003def0} 'reachabilityFence' '(Ljava/lang/Object;)V' in 'java/lang/ref/Reference')}
  0x00000202d7d9948c: 0001 48ba | 90df c9f3 | 0202 0000 | 8bb2 cc00 | 0000 83c6 | 0289 b2cc | 0000 0081 | e6fe ff1f 
  0x00000202d7d994ac: 0083 fe00 | 0f84 4702 

  0x00000202d7d994b4: ; ImmutableOopMap {rax=Oop }
                      ;*athrow {reexecute=1 rethrow=0 return_oop=0}
                      ; - (reexecute) jdk.internal.misc.ScopedMemoryAccess::getByteInternal@35 (line 576)
                      ; - jdk.internal.misc.ScopedMemoryAccess::getByte@4 (line 561)
                      ;   {section_word}
  0x00000202d7d994b4: 0000 48ba | b694 d9d7 | 0202 0000 

  0x00000202d7d994c0: ;   {runtime_call handle_exception_nofpu Runtime1 stub}
  0x00000202d7d994c0: e8bb 287e | ff90 498b | 87c8 0300 | 004d 33d2 | 4d89 97c8 | 0300 004d | 33d2 4d89 | 97d0 0300 
  0x00000202d7d994e0: 000f 1f80 | 0000 0000 

  0x00000202d7d994e8: ;   {no_reloc}
  0x00000202d7d994e8: e940 0200 | 0000 0000 | 0000 80ba | 2301 0000 | 040f 853d | 0200 0049 | 8b87 f000 | 0000 488d 
  0x00000202d7d99508: 7828 493b | bf00 0100 | 000f 8725 | 0200 0049 | 89bf f000 | 0000 48c7 | 0001 0000 | 0048 8bca 
  0x00000202d7d99528: 49ba 0000 | 0000 0800 | 0000 492b | ca89 4808 | 4833 c989 | 480c 4833 | c948 8948 | 1048 8948 
  0x00000202d7d99548: 1848 8948 | 204c 8bc0 

  0x00000202d7d99550: ;   {metadata(method data for {method} {0x000000080008f7f0} 'getByte' '(Ljdk/internal/misc/ScopedMemoryAccess$Scope;Ljava/lang/Object;J)B' in 'jdk/internal/misc/ScopedMemoryAccess')}
  0x00000202d7d99550: 48ba d0c5 | e5f3 0202 | 0000 4883 | 8270 0100 

  0x00000202d7d99560: ;   {oop("This segment is already closed"{0x0000000713552af0})}
  0x00000202d7d99560: 0001 49b8 | f02a 5513 | 0700 0000 | 488b d048 | 8984 2498 

  0x00000202d7d99574: ;   {optimized virtual_call}
  0x00000202d7d99574: 0000 00e8 

  0x00000202d7d99578: ; ImmutableOopMap {[152]=Oop }
                      ;*invokespecial <init> {reexecute=0 rethrow=0 return_oop=0}
                      ; - jdk.internal.misc.ScopedMemoryAccess::getByte@16 (line 563)
  0x00000202d7d99578: 843f 73ff | 488b 8424 | 9800 0000 | e9df 0100 

  0x00000202d7d99588: ;   {metadata({method} {0x000000080008f7f0} 'getByte' '(Ljdk/internal/misc/ScopedMemoryAccess$Scope;Ljava/lang/Object;J)B' in 'jdk/internal/misc/ScopedMemoryAccess')}
  0x00000202d7d99588: 0049 bae8 | f708 0008 | 0000 004c | 8954 2408 | 48c7 0424 | ffff ffff 

  0x00000202d7d995a0: ;   {runtime_call counter_overflow Runtime1 stub}
  0x00000202d7d995a0: e85b 807e 

  0x00000202d7d995a4: ; ImmutableOopMap {rdx=Oop r8=Oop r9=Oop }
                      ;*synchronization entry
                      ; - jdk.internal.misc.ScopedMemoryAccess::getByte@-1 (line 561)
  0x00000202d7d995a4: ffe9 4dfa 

  0x00000202d7d995a8: ;   {metadata({method} {0x0000000800093cd0} 'getByteInternal' '(Ljdk/internal/misc/ScopedMemoryAccess$Scope;Ljava/lang/Object;J)B' in 'jdk/internal/misc/ScopedMemoryAccess')}
  0x00000202d7d995a8: ffff 49ba | c83c 0900 | 0800 0000 | 4c89 5424 | 0848 c704 | 24ff ffff 

  0x00000202d7d995c0: ;   {runtime_call counter_overflow Runtime1 stub}
  0x00000202d7d995c0: ffe8 3a80 

  0x00000202d7d995c4: ; ImmutableOopMap {r8=Oop r9=Oop }
                      ;*synchronization entry
                      ; - jdk.internal.misc.ScopedMemoryAccess::getByteInternal@-1 (line 570)
                      ; - jdk.internal.misc.ScopedMemoryAccess::getByte@4 (line 561)
  0x00000202d7d995c4: 7eff e939 

  0x00000202d7d995c8: ;   {runtime_call throw_incompatible_class_change_error Runtime1 stub}
  0x00000202d7d995c8: fbff ffe8 

  0x00000202d7d995cc: ; ImmutableOopMap {r9=Oop r8=Oop }
                      ;*invokeinterface checkValidState {reexecute=0 rethrow=0 return_oop=0}
                      ; - jdk.internal.misc.ScopedMemoryAccess::getByteInternal@5 (line 571)
                      ; - jdk.internal.misc.ScopedMemoryAccess::getByte@4 (line 561)
  0x00000202d7d995cc: d040 7eff 

  0x00000202d7d995d0: ;   {runtime_call throw_null_pointer_exception Runtime1 stub}
  0x00000202d7d995d0: e8cb 027e 

  0x00000202d7d995d4: ; ImmutableOopMap {r9=Oop r8=Oop }
                      ;*invokeinterface checkValidState {reexecute=0 rethrow=0 return_oop=0}
                      ; - jdk.internal.misc.ScopedMemoryAccess::getByteInternal@5 (line 571)
                      ; - jdk.internal.misc.ScopedMemoryAccess::getByte@4 (line 561)
                      ;   {metadata({method} {0x00000202f3d12ec8} 'checkValidState' '()V' in 'jdk/internal/foreign/ResourceScopeImpl')}
  0x00000202d7d995d4: ff49 bac0 | 2ed1 f302 | 0200 004c | 8954 2408 | 48c7 0424 | ffff ffff 

  0x00000202d7d995ec: ;   {runtime_call counter_overflow Runtime1 stub}
  0x00000202d7d995ec: e80f 807e 

  0x00000202d7d995f0: ; ImmutableOopMap {r9=Oop r8=Oop }
                      ;*synchronization entry
                      ; - jdk.internal.foreign.ResourceScopeImpl::checkValidState@-1 (line 190)
                      ; - jdk.internal.misc.ScopedMemoryAccess::getByteInternal@5 (line 571)
                      ; - jdk.internal.misc.ScopedMemoryAccess::getByte@4 (line 561)
  0x00000202d7d995f0: ffe9 43fc 

  0x00000202d7d995f4: ;   {metadata({method} {0x000000080003def0} 'reachabilityFence' '(Ljava/lang/Object;)V' in 'java/lang/ref/Reference')}
  0x00000202d7d995f4: ffff 49ba | e8de 0300 | 0800 0000 | 4c89 5424 | 0848 c704 | 24ff ffff 

  0x00000202d7d9960c: ;   {runtime_call counter_overflow Runtime1 stub}
  0x00000202d7d9960c: ffe8 ee7f 

  0x00000202d7d99610: ; ImmutableOopMap {}
                      ;*synchronization entry
                      ; - java.lang.ref.Reference::reachabilityFence@-1 (line 619)
                      ; - jdk.internal.misc.ScopedMemoryAccess::getByteInternal@21 (line 575)
                      ; - jdk.internal.misc.ScopedMemoryAccess::getByte@4 (line 561)
  0x00000202d7d99610: 7eff e935 

  0x00000202d7d99614: ;   {internal_word}
  0x00000202d7d99614: fdff ff49 | ba60 93d9 | d702 0200 | 004d 8997 | 5003 0000 

  0x00000202d7d99628: ;   {runtime_call SafepointBlob}
  0x00000202d7d99628: e953 b373 

  0x00000202d7d9962c: ;   {oop(NULL)}
  0x00000202d7d9962c: ff48 b800 | 0000 0000 | 0000 0050 | 5348 8b58 | 1057 5652 | 5141 5041 | 5141 5241 | 5348 83ec 
  0x00000202d7d9964c: 20f7 c40f | 0000 000f | 841a 0000 | 0048 83ec 

  0x00000202d7d9965c: ;   {runtime_call}
  0x00000202d7d9965c: 0849 ba30 | febd 0dfc | 7f00 0041 | ffd2 4883 | c408 e90d 

  0x00000202d7d99670: ;   {runtime_call}
  0x00000202d7d99670: 0000 0049 | ba30 febd | 0dfc 7f00 | 0041 ffd2 | 4883 c420 | 415b 415a | 4159 4158 | 595a 5e5f 
  0x00000202d7d99690: 483b 8328 | 0100 005b | 580f 850a | 0000 00e9 | d6fc ffff | b800 7c72 

  0x00000202d7d996a8: ;   {runtime_call load_mirror_patching Runtime1 stub}
  0x00000202d7d996a8: 0ae8 526f 

  0x00000202d7d996ac: ; ImmutableOopMap {r9=Oop r8=Oop }
                      ;*getstatic INSTANCE {reexecute=1 rethrow=0 return_oop=0}
                      ; - (reexecute) jdk.internal.foreign.ResourceScopeImpl::checkValidState@34 (line 194)
                      ; - jdk.internal.misc.ScopedMemoryAccess::getByteInternal@5 (line 571)
                      ; - jdk.internal.misc.ScopedMemoryAccess::getByte@4 (line 561)
  0x00000202d7d996ac: 7eff e9bd 

  0x00000202d7d996b0: ;   {runtime_call throw_null_pointer_exception Runtime1 stub}
  0x00000202d7d996b0: fcff ffe8 

  0x00000202d7d996b4: ; ImmutableOopMap {r9=Oop r8=Oop rax=Oop }
                      ;*getstatic INSTANCE {reexecute=1 rethrow=0 return_oop=0}
                      ; - (reexecute) jdk.internal.foreign.ResourceScopeImpl::checkValidState@34 (line 194)
                      ; - jdk.internal.misc.ScopedMemoryAccess::getByteInternal@5 (line 571)
                      ; - jdk.internal.misc.ScopedMemoryAccess::getByte@4 (line 561)
  0x00000202d7d996b4: e801 7eff | 8b80 0000 | 0000 b800 

  0x00000202d7d996c0: ;   {runtime_call access_field_patching Runtime1 stub}
  0x00000202d7d996c0: 0b05 06e8 

  0x00000202d7d996c4: ; ImmutableOopMap {r9=Oop r8=Oop rax=Oop }
                      ;*getstatic INSTANCE {reexecute=1 rethrow=0 return_oop=0}
                      ; - (reexecute) jdk.internal.foreign.ResourceScopeImpl::checkValidState@34 (line 194)
                      ; - jdk.internal.misc.ScopedMemoryAccess::getByteInternal@5 (line 571)
                      ; - jdk.internal.misc.ScopedMemoryAccess::getByte@4 (line 561)
  0x00000202d7d996c4: 385c 7eff | e9b3 fcff 

  0x00000202d7d996cc: ;   {runtime_call throw_null_pointer_exception Runtime1 stub}
  0x00000202d7d996cc: ffe8 ce01 

  0x00000202d7d996d0: ; ImmutableOopMap {r9=Oop r8=Oop rax=Oop }
                      ;*athrow {reexecute=1 rethrow=0 return_oop=0}
                      ; - (reexecute) jdk.internal.foreign.ResourceScopeImpl::checkValidState@37 (line 194)
                      ; - jdk.internal.misc.ScopedMemoryAccess::getByteInternal@5 (line 571)
                      ; - jdk.internal.misc.ScopedMemoryAccess::getByte@4 (line 561)
                      ;   {metadata(NULL)}
  0x00000202d7d996d0: 7eff 48ba | 0000 0000 | 0000 0000 | b800 0f05 

  0x00000202d7d996e0: ;   {runtime_call load_klass_patching Runtime1 stub}
  0x00000202d7d996e0: 0ae8 9a68 

  0x00000202d7d996e4: ; ImmutableOopMap {[128]=Oop [144]=Oop }
                      ;*new {reexecute=1 rethrow=0 return_oop=0}
                      ; - (reexecute) jdk.internal.foreign.ResourceScopeImpl::checkValidState@17 (line 191)
                      ; - jdk.internal.misc.ScopedMemoryAccess::getByteInternal@5 (line 571)
                      ; - jdk.internal.misc.ScopedMemoryAccess::getByte@4 (line 561)
  0x00000202d7d996e4: 7eff e9cd 

  0x00000202d7d996e8: ;   {runtime_call throw_null_pointer_exception Runtime1 stub}
  0x00000202d7d996e8: fcff ffe8 

  0x00000202d7d996ec: ; ImmutableOopMap {[128]=Oop [144]=Oop }
                      ;*new {reexecute=0 rethrow=0 return_oop=0}
                      ; - jdk.internal.foreign.ResourceScopeImpl::checkValidState@17 (line 191)
                      ; - jdk.internal.misc.ScopedMemoryAccess::getByteInternal@5 (line 571)
                      ; - jdk.internal.misc.ScopedMemoryAccess::getByte@4 (line 561)
  0x00000202d7d996ec: b001 7eff 

  0x00000202d7d996f0: ;   {runtime_call fast_new_instance_init_check Runtime1 stub}
  0x00000202d7d996f0: 488b d2e8 

  0x00000202d7d996f4: ; ImmutableOopMap {[128]=Oop [144]=Oop }
                      ;*new {reexecute=0 rethrow=0 return_oop=0}
                      ; - jdk.internal.foreign.ResourceScopeImpl::checkValidState@17 (line 191)
                      ; - jdk.internal.misc.ScopedMemoryAccess::getByteInternal@5 (line 571)
                      ; - jdk.internal.misc.ScopedMemoryAccess::getByte@4 (line 561)
  0x00000202d7d996f4: 8816 7eff | e920 fdff 

  0x00000202d7d996fc: ;   {metadata({method} {0x000000080003def0} 'reachabilityFence' '(Ljava/lang/Object;)V' in 'java/lang/ref/Reference')}
  0x00000202d7d996fc: ff49 bae8 | de03 0008 | 0000 004c | 8954 2408 | 48c7 0424 | ffff ffff 

  0x00000202d7d99714: ;   {runtime_call counter_overflow Runtime1 stub}
  0x00000202d7d99714: e8e7 7e7e 

  0x00000202d7d99718: ; ImmutableOopMap {rax=Oop }
                      ;*synchronization entry
                      ; - java.lang.ref.Reference::reachabilityFence@-1 (line 619)
                      ; - jdk.internal.misc.ScopedMemoryAccess::getByteInternal@30 (line 575)
                      ; - jdk.internal.misc.ScopedMemoryAccess::getByte@4 (line 561)
  0x00000202d7d99718: ffe9 98fd 

  0x00000202d7d9971c: ;   {metadata(NULL)}
  0x00000202d7d9971c: ffff 48ba | 0000 0000 | 0000 0000 | b800 0f05 

  0x00000202d7d9972c: ;   {runtime_call load_klass_patching Runtime1 stub}
  0x00000202d7d9972c: 0ae8 4e68 

  0x00000202d7d99730: ; ImmutableOopMap {}
                      ;*new {reexecute=1 rethrow=0 return_oop=0}
                      ; - (reexecute) jdk.internal.misc.ScopedMemoryAccess::getByte@10 (line 563)
  0x00000202d7d99730: 7eff e9b1 

  0x00000202d7d99734: ;   {runtime_call throw_null_pointer_exception Runtime1 stub}
  0x00000202d7d99734: fdff ffe8 

  0x00000202d7d99738: ; ImmutableOopMap {}
                      ;*new {reexecute=0 rethrow=0 return_oop=0}
                      ; - jdk.internal.misc.ScopedMemoryAccess::getByte@10 (line 563)
  0x00000202d7d99738: 6401 7eff 

  0x00000202d7d9973c: ;   {runtime_call fast_new_instance_init_check Runtime1 stub}
  0x00000202d7d9973c: 488b d2e8 

  0x00000202d7d99740: ; ImmutableOopMap {}
                      ;*new {reexecute=0 rethrow=0 return_oop=0}
                      ; - jdk.internal.misc.ScopedMemoryAccess::getByte@10 (line 563)
  0x00000202d7d99740: 3c16 7eff | e904 feff | ff90 9049 | 8b87 c803 | 0000 49c7 | 87c8 0300 | 0000 0000 | 0049 c787 
  0x00000202d7d99760: d003 0000 | 0000 0000 | 4881 c4b0 | 0000 005d 

  0x00000202d7d99770: ;   {runtime_call unwind_exception Runtime1 stub}
  0x00000202d7d99770: e98b ee7d | fff4 f4f4 | f4f4 f4f4 | f4f4 f4f4 
[Stub Code]
  0x00000202d7d99780: ;   {no_reloc}
  0x00000202d7d99780: 0f1f 4400 

  0x00000202d7d99784: ;   {static_stub}
  0x00000202d7d99784: 0048 bb00 | 0000 0000 

  0x00000202d7d9978c: ;   {runtime_call}
  0x00000202d7d9978c: 0000 00e9 | fbff ffff 

  0x00000202d7d99794: ;   {static_stub}
  0x00000202d7d99794: 9048 bb00 | 0000 0000 

  0x00000202d7d9979c: ;   {runtime_call}
  0x00000202d7d9979c: 0000 00e9 | fbff ffff 
[Exception Handler]
  0x00000202d7d997a4: ;   {runtime_call handle_exception_from_callee Runtime1 stub}
  0x00000202d7d997a4: e8d7 327e 

  0x00000202d7d997a8: ;   {external_word}
  0x00000202d7d997a8: ff48 b9a0 | 304c 0efc | 7f00 0048 

  0x00000202d7d997b4: ;   {runtime_call}
  0x00000202d7d997b4: 83e4 f049 | bab0 ce19 | 0efc 7f00 | 0041 ffd2 

  0x00000202d7d997c4: ;   {section_word}
  0x00000202d7d997c4: f449 bac5 | 97d9 d702 | 0200 0041 

  0x00000202d7d997d0: ;   {runtime_call DeoptimizationBlob}
  0x00000202d7d997d0: 52e9 cac6 | 73ff f4f4 
[/MachCode]


---------------  P R O C E S S  ---------------

Threads class SMR info:
_java_thread_list=0x00000202f7ed8890, length=18, elements={
0x00000202ce351ee0, 0x00000202f3a574a0, 0x00000202f3a57d50, 0x00000202f3a76060,
0x00000202f3a7a920, 0x00000202f3a7d9f0, 0x00000202f3a7e6c0, 0x00000202f3a81ac0,
0x00000202f3a82b50, 0x00000202f3a85940, 0x00000202f3a42c40, 0x00000202f7d21770,
0x00000202f7d23390, 0x00000202f7d24b90, 0x00000202f7e68b40, 0x00000202f7e6a410,
0x00000202f7f7c2b0, 0x00000202f8101ea0
}

Java Threads: ( => current thread )
=>0x00000202ce351ee0 JavaThread "main" [_thread_in_Java, id=5804, stack(0x000000090b200000,0x000000090b300000)]
  0x00000202f3a574a0 JavaThread "Reference Handler" daemon [_thread_blocked, id=47728, stack(0x000000090b900000,0x000000090ba00000)]
  0x00000202f3a57d50 JavaThread "Finalizer" daemon [_thread_blocked, id=55552, stack(0x000000090ba00000,0x000000090bb00000)]
  0x00000202f3a76060 JavaThread "Signal Dispatcher" daemon [_thread_blocked, id=3584, stack(0x000000090bb00000,0x000000090bc00000)]
  0x00000202f3a7a920 JavaThread "Attach Listener" daemon [_thread_blocked, id=51892, stack(0x000000090bc00000,0x000000090bd00000)]
  0x00000202f3a7d9f0 JavaThread "Service Thread" daemon [_thread_blocked, id=55632, stack(0x000000090bd00000,0x000000090be00000)]
  0x00000202f3a7e6c0 JavaThread "Monitor Deflation Thread" daemon [_thread_blocked, id=48952, stack(0x000000090be00000,0x000000090bf00000)]
  0x00000202f3a81ac0 JavaThread "C2 CompilerThread0" daemon [_thread_blocked, id=55360, stack(0x000000090bf00000,0x000000090c000000)]
  0x00000202f3a82b50 JavaThread "C1 CompilerThread0" daemon [_thread_blocked, id=37592, stack(0x000000090c000000,0x000000090c100000)]
  0x00000202f3a85940 JavaThread "Sweeper thread" daemon [_thread_blocked, id=53820, stack(0x000000090c100000,0x000000090c200000)]
  0x00000202f3a42c40 JavaThread "Common-Cleaner" daemon [_thread_blocked, id=55584, stack(0x000000090c200000,0x000000090c300000)]
  0x00000202f7d21770 JavaThread "C1 CompilerThread1" daemon [_thread_blocked, id=55728, stack(0x000000090c300000,0x000000090c400000)]
  0x00000202f7d23390 JavaThread "C1 CompilerThread2" daemon [_thread_blocked, id=54456, stack(0x000000090c400000,0x000000090c500000)]
  0x00000202f7d24b90 JavaThread "C1 CompilerThread3" daemon [_thread_blocked, id=55776, stack(0x000000090c500000,0x000000090c600000)]
  0x00000202f7e68b40 JavaThread "Monitor Ctrl-Break" daemon [_thread_in_native, id=55968, stack(0x000000090c600000,0x000000090c700000)]
  0x00000202f7e6a410 JavaThread "Notification Thread" daemon [_thread_blocked, id=44876, stack(0x000000090c700000,0x000000090c800000)]
  0x00000202f7f7c2b0 JavaThread "C2 CompilerThread1" daemon [_thread_blocked, id=53276, stack(0x000000090c900000,0x000000090ca00000)]
  0x00000202f8101ea0 JavaThread "C2 CompilerThread2" daemon [_thread_blocked, id=33916, stack(0x000000090ca00000,0x000000090cb00000)]

Other Threads:
  0x00000202f3a53f50 VMThread "VM Thread" [stack: 0x000000090b800000,0x000000090b900000] [id=45876]
  0x00000202ce352d90 WatcherThread "VM Periodic Task Thread" [stack: 0x000000090c800000,0x000000090c900000] [id=55832]
  0x00000202ce3c55a0 WorkerThread "GC Thread#0" [stack: 0x000000090b300000,0x000000090b400000] [id=32944]
  0x00000202ce3d6030 ConcurrentGCThread "G1 Main Marker" [stack: 0x000000090b400000,0x000000090b500000] [id=47152]
  0x00000202ce3d6930 WorkerThread "G1 Conc#0" [stack: 0x000000090b500000,0x000000090b600000] [id=55544]
  0x00000202ce41e5f0 ConcurrentGCThread "G1 Refine#0" [stack: 0x000000090b600000,0x000000090b700000] [id=53536]
  0x00000202f390e160 ConcurrentGCThread "G1 Service" [stack: 0x000000090b700000,0x000000090b800000] [id=10608]

Threads with active compile tasks:

VM state: not at safepoint (normal execution)

VM Mutex/Monitor currently owned by a thread: None

Heap address: 0x0000000703a00000, size: 4038 MB, Compressed Oops mode: Zero based, Oop shift amount: 3

CDS archive(s) mapped at: [0x0000000800000000-0x0000000800b90000-0x0000000800b90000), size 12124160, SharedBaseAddress: 0x0000000800000000, ArchiveRelocationMode: 0.
Compressed class space mapped at: 0x0000000800c00000-0x0000000840c00000, reserved size: 1073741824
Narrow klass base: 0x0000000800000000, Narrow klass shift: 0, Narrow klass range: 0x100000000

GC Precious Log:
 CardTable entry size: 512
 Card Set container configuration: InlinePtr #cards 4 size 8 Array Of Cards #cards 16 size 48 Howl #buckets 8 coarsen threshold 3686 Howl Bitmap #cards 512 size 80 coarsen threshold 460 Card regions per heap region 1 cards per card region 4096
 CPUs: 16 total, 16 available
 Memory: 16151M
 Large Page Support: Disabled
 NUMA Support: Disabled
 Compressed Oops: Enabled (Zero based)
 Heap Region Size: 2M
 Heap Min Capacity: 8M
 Heap Initial Capacity: 254M
 Heap Max Capacity: 4038M
 Pre-touch: Disabled
 Parallel Workers: 13
 Concurrent Workers: 3
 Concurrent Refinement Workers: 13
 Periodic GC: Disabled

Heap:
 garbage-first heap   total 260096K, used 18432K [0x0000000703a00000, 0x0000000800000000)
  region size 2048K, 10 young (20480K), 0 survivors (0K)
 Metaspace       used 4406K, committed 5376K, reserved 1114112K
  class space    used 639K, committed 1088K, reserved 1048576K

Heap Regions: E=young(eden), S=young(survivor), O=old, HS=humongous(starts), HC=humongous(continues), CS=collection set, F=free, OA=open archive, CA=closed archive, TAMS=top-at-mark-start (previous, next)
|   0|0x0000000703a00000, 0x0000000703a00000, 0x0000000703c00000|  0%| F|  |TAMS 0x0000000703a00000, 0x0000000703a00000| Untracked 
|   1|0x0000000703c00000, 0x0000000703c00000, 0x0000000703e00000|  0%| F|  |TAMS 0x0000000703c00000, 0x0000000703c00000| Untracked 
|   2|0x0000000703e00000, 0x0000000703e00000, 0x0000000704000000|  0%| F|  |TAMS 0x0000000703e00000, 0x0000000703e00000| Untracked 
|   3|0x0000000704000000, 0x0000000704000000, 0x0000000704200000|  0%| F|  |TAMS 0x0000000704000000, 0x0000000704000000| Untracked 
|   4|0x0000000704200000, 0x0000000704200000, 0x0000000704400000|  0%| F|  |TAMS 0x0000000704200000, 0x0000000704200000| Untracked 
|   5|0x0000000704400000, 0x0000000704400000, 0x0000000704600000|  0%| F|  |TAMS 0x0000000704400000, 0x0000000704400000| Untracked 
|   6|0x0000000704600000, 0x0000000704600000, 0x0000000704800000|  0%| F|  |TAMS 0x0000000704600000, 0x0000000704600000| Untracked 
|   7|0x0000000704800000, 0x0000000704800000, 0x0000000704a00000|  0%| F|  |TAMS 0x0000000704800000, 0x0000000704800000| Untracked 
|   8|0x0000000704a00000, 0x0000000704a00000, 0x0000000704c00000|  0%| F|  |TAMS 0x0000000704a00000, 0x0000000704a00000| Untracked 
|   9|0x0000000704c00000, 0x0000000704c00000, 0x0000000704e00000|  0%| F|  |TAMS 0x0000000704c00000, 0x0000000704c00000| Untracked 
|  10|0x0000000704e00000, 0x0000000704e00000, 0x0000000705000000|  0%| F|  |TAMS 0x0000000704e00000, 0x0000000704e00000| Untracked 
|  11|0x0000000705000000, 0x0000000705000000, 0x0000000705200000|  0%| F|  |TAMS 0x0000000705000000, 0x0000000705000000| Untracked 
|  12|0x0000000705200000, 0x0000000705200000, 0x0000000705400000|  0%| F|  |TAMS 0x0000000705200000, 0x0000000705200000| Untracked 
|  13|0x0000000705400000, 0x0000000705400000, 0x0000000705600000|  0%| F|  |TAMS 0x0000000705400000, 0x0000000705400000| Untracked 
|  14|0x0000000705600000, 0x0000000705600000, 0x0000000705800000|  0%| F|  |TAMS 0x0000000705600000, 0x0000000705600000| Untracked 
|  15|0x0000000705800000, 0x0000000705800000, 0x0000000705a00000|  0%| F|  |TAMS 0x0000000705800000, 0x0000000705800000| Untracked 
|  16|0x0000000705a00000, 0x0000000705a00000, 0x0000000705c00000|  0%| F|  |TAMS 0x0000000705a00000, 0x0000000705a00000| Untracked 
|  17|0x0000000705c00000, 0x0000000705c00000, 0x0000000705e00000|  0%| F|  |TAMS 0x0000000705c00000, 0x0000000705c00000| Untracked 
|  18|0x0000000705e00000, 0x0000000705e00000, 0x0000000706000000|  0%| F|  |TAMS 0x0000000705e00000, 0x0000000705e00000| Untracked 
|  19|0x0000000706000000, 0x0000000706000000, 0x0000000706200000|  0%| F|  |TAMS 0x0000000706000000, 0x0000000706000000| Untracked 
|  20|0x0000000706200000, 0x0000000706200000, 0x0000000706400000|  0%| F|  |TAMS 0x0000000706200000, 0x0000000706200000| Untracked 
|  21|0x0000000706400000, 0x0000000706400000, 0x0000000706600000|  0%| F|  |TAMS 0x0000000706400000, 0x0000000706400000| Untracked 
|  22|0x0000000706600000, 0x0000000706600000, 0x0000000706800000|  0%| F|  |TAMS 0x0000000706600000, 0x0000000706600000| Untracked 
|  23|0x0000000706800000, 0x0000000706800000, 0x0000000706a00000|  0%| F|  |TAMS 0x0000000706800000, 0x0000000706800000| Untracked 
|  24|0x0000000706a00000, 0x0000000706a00000, 0x0000000706c00000|  0%| F|  |TAMS 0x0000000706a00000, 0x0000000706a00000| Untracked 
|  25|0x0000000706c00000, 0x0000000706c00000, 0x0000000706e00000|  0%| F|  |TAMS 0x0000000706c00000, 0x0000000706c00000| Untracked 
|  26|0x0000000706e00000, 0x0000000706e00000, 0x0000000707000000|  0%| F|  |TAMS 0x0000000706e00000, 0x0000000706e00000| Untracked 
|  27|0x0000000707000000, 0x0000000707000000, 0x0000000707200000|  0%| F|  |TAMS 0x0000000707000000, 0x0000000707000000| Untracked 
|  28|0x0000000707200000, 0x0000000707200000, 0x0000000707400000|  0%| F|  |TAMS 0x0000000707200000, 0x0000000707200000| Untracked 
|  29|0x0000000707400000, 0x0000000707400000, 0x0000000707600000|  0%| F|  |TAMS 0x0000000707400000, 0x0000000707400000| Untracked 
|  30|0x0000000707600000, 0x0000000707600000, 0x0000000707800000|  0%| F|  |TAMS 0x0000000707600000, 0x0000000707600000| Untracked 
|  31|0x0000000707800000, 0x0000000707800000, 0x0000000707a00000|  0%| F|  |TAMS 0x0000000707800000, 0x0000000707800000| Untracked 
|  32|0x0000000707a00000, 0x0000000707a00000, 0x0000000707c00000|  0%| F|  |TAMS 0x0000000707a00000, 0x0000000707a00000| Untracked 
|  33|0x0000000707c00000, 0x0000000707c00000, 0x0000000707e00000|  0%| F|  |TAMS 0x0000000707c00000, 0x0000000707c00000| Untracked 
|  34|0x0000000707e00000, 0x0000000707e00000, 0x0000000708000000|  0%| F|  |TAMS 0x0000000707e00000, 0x0000000707e00000| Untracked 
|  35|0x0000000708000000, 0x0000000708000000, 0x0000000708200000|  0%| F|  |TAMS 0x0000000708000000, 0x0000000708000000| Untracked 
|  36|0x0000000708200000, 0x0000000708200000, 0x0000000708400000|  0%| F|  |TAMS 0x0000000708200000, 0x0000000708200000| Untracked 
|  37|0x0000000708400000, 0x0000000708400000, 0x0000000708600000|  0%| F|  |TAMS 0x0000000708400000, 0x0000000708400000| Untracked 
|  38|0x0000000708600000, 0x0000000708600000, 0x0000000708800000|  0%| F|  |TAMS 0x0000000708600000, 0x0000000708600000| Untracked 
|  39|0x0000000708800000, 0x0000000708800000, 0x0000000708a00000|  0%| F|  |TAMS 0x0000000708800000, 0x0000000708800000| Untracked 
|  40|0x0000000708a00000, 0x0000000708a00000, 0x0000000708c00000|  0%| F|  |TAMS 0x0000000708a00000, 0x0000000708a00000| Untracked 
|  41|0x0000000708c00000, 0x0000000708c00000, 0x0000000708e00000|  0%| F|  |TAMS 0x0000000708c00000, 0x0000000708c00000| Untracked 
|  42|0x0000000708e00000, 0x0000000708e00000, 0x0000000709000000|  0%| F|  |TAMS 0x0000000708e00000, 0x0000000708e00000| Untracked 
|  43|0x0000000709000000, 0x0000000709000000, 0x0000000709200000|  0%| F|  |TAMS 0x0000000709000000, 0x0000000709000000| Untracked 
|  44|0x0000000709200000, 0x0000000709200000, 0x0000000709400000|  0%| F|  |TAMS 0x0000000709200000, 0x0000000709200000| Untracked 
|  45|0x0000000709400000, 0x0000000709400000, 0x0000000709600000|  0%| F|  |TAMS 0x0000000709400000, 0x0000000709400000| Untracked 
|  46|0x0000000709600000, 0x0000000709600000, 0x0000000709800000|  0%| F|  |TAMS 0x0000000709600000, 0x0000000709600000| Untracked 
|  47|0x0000000709800000, 0x0000000709800000, 0x0000000709a00000|  0%| F|  |TAMS 0x0000000709800000, 0x0000000709800000| Untracked 
|  48|0x0000000709a00000, 0x0000000709a00000, 0x0000000709c00000|  0%| F|  |TAMS 0x0000000709a00000, 0x0000000709a00000| Untracked 
|  49|0x0000000709c00000, 0x0000000709c00000, 0x0000000709e00000|  0%| F|  |TAMS 0x0000000709c00000, 0x0000000709c00000| Untracked 
|  50|0x0000000709e00000, 0x0000000709e00000, 0x000000070a000000|  0%| F|  |TAMS 0x0000000709e00000, 0x0000000709e00000| Untracked 
|  51|0x000000070a000000, 0x000000070a000000, 0x000000070a200000|  0%| F|  |TAMS 0x000000070a000000, 0x000000070a000000| Untracked 
|  52|0x000000070a200000, 0x000000070a200000, 0x000000070a400000|  0%| F|  |TAMS 0x000000070a200000, 0x000000070a200000| Untracked 
|  53|0x000000070a400000, 0x000000070a400000, 0x000000070a600000|  0%| F|  |TAMS 0x000000070a400000, 0x000000070a400000| Untracked 
|  54|0x000000070a600000, 0x000000070a600000, 0x000000070a800000|  0%| F|  |TAMS 0x000000070a600000, 0x000000070a600000| Untracked 
|  55|0x000000070a800000, 0x000000070a800000, 0x000000070aa00000|  0%| F|  |TAMS 0x000000070a800000, 0x000000070a800000| Untracked 
|  56|0x000000070aa00000, 0x000000070aa00000, 0x000000070ac00000|  0%| F|  |TAMS 0x000000070aa00000, 0x000000070aa00000| Untracked 
|  57|0x000000070ac00000, 0x000000070ac00000, 0x000000070ae00000|  0%| F|  |TAMS 0x000000070ac00000, 0x000000070ac00000| Untracked 
|  58|0x000000070ae00000, 0x000000070ae00000, 0x000000070b000000|  0%| F|  |TAMS 0x000000070ae00000, 0x000000070ae00000| Untracked 
|  59|0x000000070b000000, 0x000000070b000000, 0x000000070b200000|  0%| F|  |TAMS 0x000000070b000000, 0x000000070b000000| Untracked 
|  60|0x000000070b200000, 0x000000070b200000, 0x000000070b400000|  0%| F|  |TAMS 0x000000070b200000, 0x000000070b200000| Untracked 
|  61|0x000000070b400000, 0x000000070b400000, 0x000000070b600000|  0%| F|  |TAMS 0x000000070b400000, 0x000000070b400000| Untracked 
|  62|0x000000070b600000, 0x000000070b600000, 0x000000070b800000|  0%| F|  |TAMS 0x000000070b600000, 0x000000070b600000| Untracked 
|  63|0x000000070b800000, 0x000000070b800000, 0x000000070ba00000|  0%| F|  |TAMS 0x000000070b800000, 0x000000070b800000| Untracked 
|  64|0x000000070ba00000, 0x000000070ba00000, 0x000000070bc00000|  0%| F|  |TAMS 0x000000070ba00000, 0x000000070ba00000| Untracked 
|  65|0x000000070bc00000, 0x000000070bc00000, 0x000000070be00000|  0%| F|  |TAMS 0x000000070bc00000, 0x000000070bc00000| Untracked 
|  66|0x000000070be00000, 0x000000070be00000, 0x000000070c000000|  0%| F|  |TAMS 0x000000070be00000, 0x000000070be00000| Untracked 
|  67|0x000000070c000000, 0x000000070c000000, 0x000000070c200000|  0%| F|  |TAMS 0x000000070c000000, 0x000000070c000000| Untracked 
|  68|0x000000070c200000, 0x000000070c200000, 0x000000070c400000|  0%| F|  |TAMS 0x000000070c200000, 0x000000070c200000| Untracked 
|  69|0x000000070c400000, 0x000000070c400000, 0x000000070c600000|  0%| F|  |TAMS 0x000000070c400000, 0x000000070c400000| Untracked 
|  70|0x000000070c600000, 0x000000070c600000, 0x000000070c800000|  0%| F|  |TAMS 0x000000070c600000, 0x000000070c600000| Untracked 
|  71|0x000000070c800000, 0x000000070c800000, 0x000000070ca00000|  0%| F|  |TAMS 0x000000070c800000, 0x000000070c800000| Untracked 
|  72|0x000000070ca00000, 0x000000070ca00000, 0x000000070cc00000|  0%| F|  |TAMS 0x000000070ca00000, 0x000000070ca00000| Untracked 
|  73|0x000000070cc00000, 0x000000070cc00000, 0x000000070ce00000|  0%| F|  |TAMS 0x000000070cc00000, 0x000000070cc00000| Untracked 
|  74|0x000000070ce00000, 0x000000070ce00000, 0x000000070d000000|  0%| F|  |TAMS 0x000000070ce00000, 0x000000070ce00000| Untracked 
|  75|0x000000070d000000, 0x000000070d000000, 0x000000070d200000|  0%| F|  |TAMS 0x000000070d000000, 0x000000070d000000| Untracked 
|  76|0x000000070d200000, 0x000000070d200000, 0x000000070d400000|  0%| F|  |TAMS 0x000000070d200000, 0x000000070d200000| Untracked 
|  77|0x000000070d400000, 0x000000070d400000, 0x000000070d600000|  0%| F|  |TAMS 0x000000070d400000, 0x000000070d400000| Untracked 
|  78|0x000000070d600000, 0x000000070d600000, 0x000000070d800000|  0%| F|  |TAMS 0x000000070d600000, 0x000000070d600000| Untracked 
|  79|0x000000070d800000, 0x000000070d800000, 0x000000070da00000|  0%| F|  |TAMS 0x000000070d800000, 0x000000070d800000| Untracked 
|  80|0x000000070da00000, 0x000000070da00000, 0x000000070dc00000|  0%| F|  |TAMS 0x000000070da00000, 0x000000070da00000| Untracked 
|  81|0x000000070dc00000, 0x000000070dc00000, 0x000000070de00000|  0%| F|  |TAMS 0x000000070dc00000, 0x000000070dc00000| Untracked 
|  82|0x000000070de00000, 0x000000070de00000, 0x000000070e000000|  0%| F|  |TAMS 0x000000070de00000, 0x000000070de00000| Untracked 
|  83|0x000000070e000000, 0x000000070e000000, 0x000000070e200000|  0%| F|  |TAMS 0x000000070e000000, 0x000000070e000000| Untracked 
|  84|0x000000070e200000, 0x000000070e200000, 0x000000070e400000|  0%| F|  |TAMS 0x000000070e200000, 0x000000070e200000| Untracked 
|  85|0x000000070e400000, 0x000000070e400000, 0x000000070e600000|  0%| F|  |TAMS 0x000000070e400000, 0x000000070e400000| Untracked 
|  86|0x000000070e600000, 0x000000070e600000, 0x000000070e800000|  0%| F|  |TAMS 0x000000070e600000, 0x000000070e600000| Untracked 
|  87|0x000000070e800000, 0x000000070e800000, 0x000000070ea00000|  0%| F|  |TAMS 0x000000070e800000, 0x000000070e800000| Untracked 
|  88|0x000000070ea00000, 0x000000070ea00000, 0x000000070ec00000|  0%| F|  |TAMS 0x000000070ea00000, 0x000000070ea00000| Untracked 
|  89|0x000000070ec00000, 0x000000070ec00000, 0x000000070ee00000|  0%| F|  |TAMS 0x000000070ec00000, 0x000000070ec00000| Untracked 
|  90|0x000000070ee00000, 0x000000070ee00000, 0x000000070f000000|  0%| F|  |TAMS 0x000000070ee00000, 0x000000070ee00000| Untracked 
|  91|0x000000070f000000, 0x000000070f000000, 0x000000070f200000|  0%| F|  |TAMS 0x000000070f000000, 0x000000070f000000| Untracked 
|  92|0x000000070f200000, 0x000000070f200000, 0x000000070f400000|  0%| F|  |TAMS 0x000000070f200000, 0x000000070f200000| Untracked 
|  93|0x000000070f400000, 0x000000070f400000, 0x000000070f600000|  0%| F|  |TAMS 0x000000070f400000, 0x000000070f400000| Untracked 
|  94|0x000000070f600000, 0x000000070f600000, 0x000000070f800000|  0%| F|  |TAMS 0x000000070f600000, 0x000000070f600000| Untracked 
|  95|0x000000070f800000, 0x000000070f800000, 0x000000070fa00000|  0%| F|  |TAMS 0x000000070f800000, 0x000000070f800000| Untracked 
|  96|0x000000070fa00000, 0x000000070fa00000, 0x000000070fc00000|  0%| F|  |TAMS 0x000000070fa00000, 0x000000070fa00000| Untracked 
|  97|0x000000070fc00000, 0x000000070fc00000, 0x000000070fe00000|  0%| F|  |TAMS 0x000000070fc00000, 0x000000070fc00000| Untracked 
|  98|0x000000070fe00000, 0x000000070fe00000, 0x0000000710000000|  0%| F|  |TAMS 0x000000070fe00000, 0x000000070fe00000| Untracked 
|  99|0x0000000710000000, 0x0000000710000000, 0x0000000710200000|  0%| F|  |TAMS 0x0000000710000000, 0x0000000710000000| Untracked 
| 100|0x0000000710200000, 0x0000000710200000, 0x0000000710400000|  0%| F|  |TAMS 0x0000000710200000, 0x0000000710200000| Untracked 
| 101|0x0000000710400000, 0x0000000710400000, 0x0000000710600000|  0%| F|  |TAMS 0x0000000710400000, 0x0000000710400000| Untracked 
| 102|0x0000000710600000, 0x0000000710600000, 0x0000000710800000|  0%| F|  |TAMS 0x0000000710600000, 0x0000000710600000| Untracked 
| 103|0x0000000710800000, 0x0000000710800000, 0x0000000710a00000|  0%| F|  |TAMS 0x0000000710800000, 0x0000000710800000| Untracked 
| 104|0x0000000710a00000, 0x0000000710a00000, 0x0000000710c00000|  0%| F|  |TAMS 0x0000000710a00000, 0x0000000710a00000| Untracked 
| 105|0x0000000710c00000, 0x0000000710c00000, 0x0000000710e00000|  0%| F|  |TAMS 0x0000000710c00000, 0x0000000710c00000| Untracked 
| 106|0x0000000710e00000, 0x0000000710e00000, 0x0000000711000000|  0%| F|  |TAMS 0x0000000710e00000, 0x0000000710e00000| Untracked 
| 107|0x0000000711000000, 0x0000000711000000, 0x0000000711200000|  0%| F|  |TAMS 0x0000000711000000, 0x0000000711000000| Untracked 
| 108|0x0000000711200000, 0x0000000711200000, 0x0000000711400000|  0%| F|  |TAMS 0x0000000711200000, 0x0000000711200000| Untracked 
| 109|0x0000000711400000, 0x0000000711400000, 0x0000000711600000|  0%| F|  |TAMS 0x0000000711400000, 0x0000000711400000| Untracked 
| 110|0x0000000711600000, 0x0000000711600000, 0x0000000711800000|  0%| F|  |TAMS 0x0000000711600000, 0x0000000711600000| Untracked 
| 111|0x0000000711800000, 0x0000000711800000, 0x0000000711a00000|  0%| F|  |TAMS 0x0000000711800000, 0x0000000711800000| Untracked 
| 112|0x0000000711a00000, 0x0000000711a00000, 0x0000000711c00000|  0%| F|  |TAMS 0x0000000711a00000, 0x0000000711a00000| Untracked 
| 113|0x0000000711c00000, 0x0000000711c00000, 0x0000000711e00000|  0%| F|  |TAMS 0x0000000711c00000, 0x0000000711c00000| Untracked 
| 114|0x0000000711e00000, 0x0000000711e00000, 0x0000000712000000|  0%| F|  |TAMS 0x0000000711e00000, 0x0000000711e00000| Untracked 
| 115|0x0000000712000000, 0x0000000712000000, 0x0000000712200000|  0%| F|  |TAMS 0x0000000712000000, 0x0000000712000000| Untracked 
| 116|0x0000000712200000, 0x0000000712200000, 0x0000000712400000|  0%| F|  |TAMS 0x0000000712200000, 0x0000000712200000| Untracked 
| 117|0x0000000712400000, 0x00000007124e1cb8, 0x0000000712600000| 44%| E|  |TAMS 0x0000000712400000, 0x0000000712400000| Complete 
| 118|0x0000000712600000, 0x0000000712800000, 0x0000000712800000|100%| E|CS|TAMS 0x0000000712600000, 0x0000000712600000| Complete 
| 119|0x0000000712800000, 0x0000000712a00000, 0x0000000712a00000|100%| E|CS|TAMS 0x0000000712800000, 0x0000000712800000| Complete 
| 120|0x0000000712a00000, 0x0000000712c00000, 0x0000000712c00000|100%| E|CS|TAMS 0x0000000712a00000, 0x0000000712a00000| Complete 
| 121|0x0000000712c00000, 0x0000000712e00000, 0x0000000712e00000|100%| E|CS|TAMS 0x0000000712c00000, 0x0000000712c00000| Complete 
| 122|0x0000000712e00000, 0x0000000713000000, 0x0000000713000000|100%| E|CS|TAMS 0x0000000712e00000, 0x0000000712e00000| Complete 
| 123|0x0000000713000000, 0x0000000713200000, 0x0000000713200000|100%| E|CS|TAMS 0x0000000713000000, 0x0000000713000000| Complete 
| 124|0x0000000713200000, 0x0000000713400000, 0x0000000713400000|100%| E|CS|TAMS 0x0000000713200000, 0x0000000713200000| Complete 
| 125|0x0000000713400000, 0x0000000713600000, 0x0000000713600000|100%| E|CS|TAMS 0x0000000713400000, 0x0000000713400000| Complete 
| 126|0x0000000713600000, 0x0000000713800000, 0x0000000713800000|100%| E|CS|TAMS 0x0000000713600000, 0x0000000713600000| Complete 

Card table byte_map: [0x00000202e7c20000,0x00000202e8410000] _byte_map_base: 0x00000202e4403000

Marking Bits (Prev, Next): (CMBitMap*) 0x00000202ce3c5ab0, (CMBitMap*) 0x00000202ce3c5af0
 Prev Bits: [0x00000202e8c00000, 0x00000202ecb18000)
 Next Bits: [0x00000202ecb20000, 0x00000202f0a38000)

Polling page: 0x00000202ce040000

Metaspace:

Usage:
  Non-class:      3.68 MB used.
      Class:    639.53 KB used.
       Both:      4.30 MB used.

Virtual space:
  Non-class space:       64.00 MB reserved,       4.19 MB (  7%) committed,  1 nodes.
      Class space:        1.00 GB reserved,       1.06 MB ( <1%) committed,  1 nodes.
             Both:        1.06 GB reserved,       5.25 MB ( <1%) committed. 

Chunk freelists:
   Non-Class:  2.39 MB
       Class:  2.97 MB
        Both:  5.37 MB

MaxMetaspaceSize: unlimited
CompressedClassSpaceSize: 1.00 GB
Initial GC threshold: 21.00 MB
Current GC threshold: 21.00 MB
CDS: on
MetaspaceReclaimPolicy: balanced
 - commit_granule_bytes: 65536.
 - commit_granule_words: 8192.
 - virtual_space_node_default_size: 8388608.
 - enlarge_chunks_in_place: 1.
 - new_chunks_are_fully_committed: 0.
 - uncommit_free_chunks: 1.
 - use_allocation_guard: 0.


Internal statistics:

num_allocs_failed_limit: 0.
num_arena_births: 1528.
num_arena_deaths: 0.
num_vsnodes_births: 2.
num_vsnodes_deaths: 0.
num_space_committed: 84.
num_space_uncommitted: 0.
num_chunks_returned_to_freelist: 0.
num_chunks_taken_from_freelist: 1961.
num_chunk_merges: 0.
num_chunk_splits: 1149.
num_chunks_enlarged: 348.
num_inconsistent_stats: 0.

CodeHeap 'non-profiled nmethods': size=119168Kb used=655Kb max_used=655Kb free=118512Kb
 bounds [0x00000202df020000, 0x00000202df290000, 0x00000202e6480000]
CodeHeap 'profiled nmethods': size=119104Kb used=2049Kb max_used=2049Kb free=117054Kb
 bounds [0x00000202d7bd0000, 0x00000202d7e40000, 0x00000202df020000]
CodeHeap 'non-nmethods': size=7488Kb used=2999Kb max_used=3035Kb free=4488Kb
 bounds [0x00000202d7480000, 0x00000202d7780000, 0x00000202d7bd0000]
 total_blobs=2059 nmethods=1448 adapters=519
 compilation: enabled
              stopped_count=0, restarted_count=0
 full_count=0

Compilation events (20 events):
Event: 0.377 Thread 0x00000202f7d21770 nmethod 1432 0x00000202df0c1290 code [0x00000202df0c1420, 0x00000202df0c14f8]
Event: 0.377 Thread 0x00000202f7d24b90 nmethod 1433 0x00000202d7dc1290 code [0x00000202d7dc1460, 0x00000202d7dc19f8]
Event: 0.377 Thread 0x00000202f7d21770 1434       3       java.nio.ByteBuffer::position (8 bytes)
Event: 0.377 Thread 0x00000202f7d24b90 1435       1       java.nio.Buffer::capacity (5 bytes)
Event: 0.378 Thread 0x00000202f3a82b50 1436       3       java.util.Optional::of (12 bytes)
Event: 0.378 Thread 0x00000202f7d24b90 nmethod 1435 0x00000202df0c1590 code [0x00000202df0c1720, 0x00000202df0c17f8]
Event: 0.378 Thread 0x00000202f7d21770 nmethod 1434 0x00000202d7dc1b10 code [0x00000202d7dc1ca0, 0x00000202d7dc1de8]
Event: 0.378 Thread 0x00000202f3a82b50 nmethod 1436 0x00000202d7dc1e90 code [0x00000202d7dc2060, 0x00000202d7dc2428]
Event: 0.379 Thread 0x00000202f3a82b50 1439       3       jdk.internal.org.objectweb.asm.Frame::execute (2305 bytes)
Event: 0.379 Thread 0x00000202f7d24b90 1440       3       jdk.internal.org.objectweb.asm.Frame::getAbstractTypeFromDescriptor (415 bytes)
Event: 0.379 Thread 0x00000202f7f7c2b0 1441       4       java.lang.invoke.MethodType::checkSlotCount (33 bytes)
Event: 0.379 Thread 0x00000202f7f7c2b0 nmethod 1441 0x00000202df0c2190 code [0x00000202df0c2300, 0x00000202df0c2378]
Event: 0.380 Thread 0x00000202f3a81ac0 nmethod 1430 0x00000202df0c2790 code [0x00000202df0c2980, 0x00000202df0c3030]
Event: 0.380 Thread 0x00000202f7d24b90 nmethod 1440 0x00000202d7dc2590 code [0x00000202d7dc2920, 0x00000202d7dc44f8]
Event: 0.380 Thread 0x00000202f7d24b90 1444       3       java.lang.invoke.ClassSpecializer$Factory$1Var::slotSize (8 bytes)
Event: 0.380 Thread 0x00000202f8101ea0 1445       4       jdk.internal.org.objectweb.asm.Type::getTypeInternal (199 bytes)
Event: 0.380 Thread 0x00000202f7d24b90 nmethod 1444 0x00000202d7dc4e10 code [0x00000202d7dc4fc0, 0x00000202d7dc51b8]
Event: 0.380 Thread 0x00000202f7d24b90 1447       3       java.lang.invoke.DirectMethodHandle::make (21 bytes)
Event: 0.380 Thread 0x00000202f7d21770 1448       3       java.lang.invoke.InvokerBytecodeGenerator::emitImplicitConversion (161 bytes)
Event: 0.380 Thread 0x00000202f7d24b90 nmethod 1447 0x00000202d7dc5310 code [0x00000202d7dc54c0, 0x00000202d7dc56a8]

GC Heap History (0 events):
No events

Deoptimization events (20 events):
Event: 0.356 Thread 0x00000202ce351ee0 Uncommon trap: trap_request=0xffffff45 fr.pc=0x00000202df0aab5c relative=0x000000000000005c
Event: 0.356 Thread 0x00000202ce351ee0 Uncommon trap: reason=unstable_if action=reinterpret pc=0x00000202df0aab5c method=java.lang.String.isLatin1()Z @ 10 c2
Event: 0.356 Thread 0x00000202ce351ee0 DEOPT PACKING pc=0x00000202df0aab5c sp=0x000000090b2fecb0
Event: 0.356 Thread 0x00000202ce351ee0 DEOPT UNPACKING pc=0x00000202d74d5c23 sp=0x000000090b2fec40 mode 2
Event: 0.369 Thread 0x00000202ce351ee0 Uncommon trap: trap_request=0xffffff45 fr.pc=0x00000202df08bd10 relative=0x0000000000001350
Event: 0.369 Thread 0x00000202ce351ee0 Uncommon trap: reason=unstable_if action=reinterpret pc=0x00000202df08bd10 method=java.lang.invoke.InvokerBytecodeGenerator.getInternalName(Ljava/lang/Class;)Ljava/lang/String; @ 24 c2
Event: 0.369 Thread 0x00000202ce351ee0 DEOPT PACKING pc=0x00000202df08bd10 sp=0x000000090b2fcf20
Event: 0.369 Thread 0x00000202ce351ee0 DEOPT UNPACKING pc=0x00000202d74d5c23 sp=0x000000090b2fce30 mode 2
Event: 0.369 Thread 0x00000202ce351ee0 Uncommon trap: trap_request=0xffffff45 fr.pc=0x00000202df0962a0 relative=0x00000000000007a0
Event: 0.369 Thread 0x00000202ce351ee0 Uncommon trap: reason=unstable_if action=reinterpret pc=0x00000202df0962a0 method=jdk.internal.org.objectweb.asm.Frame.getAbstractTypeFromDescriptor(Ljdk/internal/org/objectweb/asm/SymbolTable;Ljava/lang/String;I)I @ 5 c2
Event: 0.369 Thread 0x00000202ce351ee0 DEOPT PACKING pc=0x00000202df0962a0 sp=0x000000090b2fced0
Event: 0.369 Thread 0x00000202ce351ee0 DEOPT UNPACKING pc=0x00000202d74d5c23 sp=0x000000090b2fce90 mode 2
Event: 0.369 Thread 0x00000202ce351ee0 Uncommon trap: trap_request=0xffffff45 fr.pc=0x00000202df09fb1c relative=0x000000000000105c
Event: 0.369 Thread 0x00000202ce351ee0 Uncommon trap: reason=unstable_if action=reinterpret pc=0x00000202df09fb1c method=jdk.internal.org.objectweb.asm.Frame.execute(IILjdk/internal/org/objectweb/asm/Symbol;Ljdk/internal/org/objectweb/asm/SymbolTable;)V @ 1 c2
Event: 0.369 Thread 0x00000202ce351ee0 DEOPT PACKING pc=0x00000202df09fb1c sp=0x000000090b2fcfc0
Event: 0.369 Thread 0x00000202ce351ee0 DEOPT UNPACKING pc=0x00000202d74d5c23 sp=0x000000090b2fcf70 mode 2
Event: 0.380 Thread 0x00000202ce351ee0 Uncommon trap: trap_request=0xffffff45 fr.pc=0x00000202df09866c relative=0x000000000000024c
Event: 0.380 Thread 0x00000202ce351ee0 Uncommon trap: reason=unstable_if action=reinterpret pc=0x00000202df09866c method=sun.invoke.util.VerifyType.isNullConversion(Ljava/lang/Class;Ljava/lang/Class;Z)Z @ 75 c2
Event: 0.380 Thread 0x00000202ce351ee0 DEOPT PACKING pc=0x00000202df09866c sp=0x000000090b2feee0
Event: 0.380 Thread 0x00000202ce351ee0 DEOPT UNPACKING pc=0x00000202d74d5c23 sp=0x000000090b2fee88 mode 2

Classes loaded (20 events):
Event: 0.367 Loading class jdk/internal/foreign/LayoutPath$PathElementImpl$PathKind
Event: 0.367 Loading class jdk/internal/foreign/LayoutPath$PathElementImpl$PathKind done
Event: 0.370 Loading class java/util/ArrayDeque$DeqSpliterator
Event: 0.370 Loading class java/util/ArrayDeque$DeqSpliterator done
Event: 0.370 Loading class java/util/stream/ReferencePipeline$4
Event: 0.370 Loading class java/util/stream/ReferencePipeline$4 done
Event: 0.370 Loading class java/util/stream/Nodes$IntFixedNodeBuilder
Event: 0.370 Loading class java/util/stream/Node$Builder$OfInt
Event: 0.370 Loading class java/util/stream/Node$Builder$OfInt done
Event: 0.370 Loading class java/util/stream/Nodes$IntArrayNode
Event: 0.370 Loading class java/util/stream/Nodes$IntArrayNode done
Event: 0.370 Loading class java/util/stream/Nodes$IntFixedNodeBuilder done
Event: 0.371 Loading class java/util/stream/ReferencePipeline$4$1
Event: 0.371 Loading class java/util/stream/ReferencePipeline$4$1 done
Event: 0.375 Loading class java/lang/invoke/MemoryAccessVarHandleShortHelper
Event: 0.375 Loading class java/lang/invoke/MemoryAccessVarHandleShortHelper done
Event: 0.379 Loading class java/lang/invoke/BoundMethodHandle$Species_LLLLJ
Event: 0.379 Loading class java/lang/invoke/BoundMethodHandle$Species_LLLLJ done
Event: 0.380 Loading class java/lang/invoke/BoundMethodHandle$Species_LLLLJL
Event: 0.380 Loading class java/lang/invoke/BoundMethodHandle$Species_LLLLJL done

Classes unloaded (0 events):
No events

Classes redefined (0 events):
No events

Internal exceptions (20 events):
Event: 0.342 Thread 0x00000202ce351ee0 Exception <a 'java/lang/NoSuchMethodError'{0x0000000712703b60}: 'void java.lang.invoke.DelegatingMethodHandle$Holder.reinvoke_L(java.lang.Object, java.lang.Object, java.lang.Object, long, long)'> (0x0000000712703b60) 
thrown [t:\workspace\open\src\hotspot\share\interpreter\linkResolver.cpp, line 766]
Event: 0.343 Thread 0x00000202ce351ee0 Exception <a 'java/lang/NoSuchMethodError'{0x0000000712716668}: 'java.lang.Object java.lang.invoke.DirectMethodHandle$Holder.invokeStatic(java.lang.Object, java.lang.Object, java.lang.Object, java.lang.Object, java.lang.Object, long)'> (0x0000000712716668) 
thrown [t:\workspace\open\src\hotspot\share\interpreter\linkResolver.cpp, line 766]
Event: 0.344 Thread 0x00000202ce351ee0 Exception <a 'java/lang/NoSuchMethodError'{0x00000007127202a0}: 'int java.lang.invoke.DirectMethodHandle$Holder.invokeStatic(java.lang.Object, java.lang.Object, java.lang.Object, long)'> (0x00000007127202a0) 
thrown [t:\workspace\open\src\hotspot\share\interpreter\linkResolver.cpp, line 766]
Event: 0.344 Thread 0x00000202ce351ee0 Exception <a 'java/lang/NoSuchMethodError'{0x0000000712723ef8}: 'int java.lang.invoke.DirectMethodHandle$Holder.invokeSpecial(java.lang.Object, java.lang.Object, java.lang.Object, java.lang.Object, long)'> (0x0000000712723ef8) 
thrown [t:\workspace\open\src\hotspot\share\interpreter\linkResolver.cpp, line 766]
Event: 0.344 Thread 0x00000202ce351ee0 Exception <a 'java/lang/NoSuchMethodError'{0x0000000712727680}: 'int java.lang.invoke.DelegatingMethodHandle$Holder.reinvoke_L(java.lang.Object, java.lang.Object, java.lang.Object, long)'> (0x0000000712727680) 
thrown [t:\workspace\open\src\hotspot\share\interpreter\linkResolver.cpp, line 766]
Event: 0.345 Thread 0x00000202ce351ee0 Exception <a 'java/lang/NoSuchMethodError'{0x000000071273ae80}: 'long java.lang.invoke.DirectMethodHandle$Holder.invokeStatic(java.lang.Object, java.lang.Object, java.lang.Object, long)'> (0x000000071273ae80) 
thrown [t:\workspace\open\src\hotspot\share\interpreter\linkResolver.cpp, line 766]
Event: 0.346 Thread 0x00000202ce351ee0 Exception <a 'java/lang/NoSuchMethodError'{0x000000071273ead8}: 'long java.lang.invoke.DirectMethodHandle$Holder.invokeSpecial(java.lang.Object, java.lang.Object, java.lang.Object, java.lang.Object, long)'> (0x000000071273ead8) 
thrown [t:\workspace\open\src\hotspot\share\interpreter\linkResolver.cpp, line 766]
Event: 0.346 Thread 0x00000202ce351ee0 Exception <a 'java/lang/NoSuchMethodError'{0x0000000712742260}: 'long java.lang.invoke.DelegatingMethodHandle$Holder.reinvoke_L(java.lang.Object, java.lang.Object, java.lang.Object, long)'> (0x0000000712742260) 
thrown [t:\workspace\open\src\hotspot\share\interpreter\linkResolver.cpp, line 766]
Event: 0.346 Thread 0x00000202ce351ee0 Exception <a 'java/lang/NoSuchMethodError'{0x000000071274ca18}: 'void java.lang.invoke.Invokers$Holder.invoke_MT(java.lang.Object, java.lang.Object, java.lang.Object, java.lang.Object, java.lang.Object, java.lang.Object)'> (0x000000071274ca18) 
thrown [t:\workspace\open\src\hotspot\share\interpreter\linkResolver.cpp, line 766]
Event: 0.360 Thread 0x00000202ce351ee0 Exception <a 'java/lang/NoSuchMethodError'{0x00000007127bafb8}: 'void java.lang.invoke.DirectMethodHandle$Holder.invokeStatic(java.lang.Object, java.lang.Object, java.lang.Object, long, int)'> (0x00000007127bafb8) 
thrown [t:\workspace\open\src\hotspot\share\interpreter\linkResolver.cpp, line 766]
Event: 0.360 Thread 0x00000202ce351ee0 Exception <a 'java/lang/NoSuchMethodError'{0x00000007127be818}: 'void java.lang.invoke.DelegatingMethodHandle$Holder.reinvoke_L(java.lang.Object, java.lang.Object, java.lang.Object, long, int)'> (0x00000007127be818) 
thrown [t:\workspace\open\src\hotspot\share\interpreter\linkResolver.cpp, line 766]
Event: 0.361 Thread 0x00000202ce351ee0 Exception <a 'java/lang/NoSuchMethodError'{0x00000007127c6130}: 'int java.lang.invoke.DirectMethodHandle$Holder.invokeSpecial(java.lang.Object, java.lang.Object, java.lang.Object, java.lang.Object, long, java.lang.Object)'> (0x00000007127c6130) 
thrown [t:\workspace\open\src\hotspot\share\interpreter\linkResolver.cpp, line 766]
Event: 0.362 Thread 0x00000202ce351ee0 Exception <a 'java/lang/NoSuchMethodError'{0x00000007127cdd08}: 'int java.lang.invoke.DirectMethodHandle$Holder.invokeSpecial(java.lang.Object, java.lang.Object, java.lang.Object, long, long, int, int)'> (0x00000007127cdd08) 
thrown [t:\workspace\open\src\hotspot\share\interpreter\linkResolver.cpp, line 766]
Event: 0.368 Thread 0x00000202ce351ee0 Exception <a 'java/lang/NoSuchMethodError'{0x00000007127f9b10}: 'long java.lang.invoke.DirectMethodHandle$Holder.invokeSpecial(java.lang.Object, java.lang.Object, java.lang.Object, long, long, long)'> (0x00000007127f9b10) 
thrown [t:\workspace\open\src\hotspot\share\interpreter\linkResolver.cpp, line 766]
Event: 0.368 Thread 0x00000202ce351ee0 Exception <a 'java/lang/NoSuchMethodError'{0x00000007127fd260}: 'long java.lang.invoke.DelegatingMethodHandle$Holder.reinvoke_L(java.lang.Object, java.lang.Object, long, long, long)'> (0x00000007127fd260) 
thrown [t:\workspace\open\src\hotspot\share\interpreter\linkResolver.cpp, line 766]
Event: 0.369 Thread 0x00000202ce351ee0 Exception <a 'java/lang/NoSuchMethodError'{0x000000071240b048}: 'java.lang.Object java.lang.invoke.DirectMethodHandle$Holder.invokeSpecial(java.lang.Object, java.lang.Object, java.lang.Object, long, long)'> (0x000000071240b048) 
thrown [t:\workspace\open\src\hotspot\share\interpreter\linkResolver.cpp, line 766]
Event: 0.369 Thread 0x00000202ce351ee0 Exception <a 'java/lang/NoSuchMethodError'{0x000000071240e960}: 'java.lang.Object java.lang.invoke.DelegatingMethodHandle$Holder.delegate(java.lang.Object, java.lang.Object, java.lang.Object, long, long)'> (0x000000071240e960) 
thrown [t:\workspace\open\src\hotspot\share\interpreter\linkResolver.cpp, line 766]
Event: 0.379 Thread 0x00000202ce351ee0 Exception <a 'java/lang/NoSuchMethodError'{0x0000000712475bf0}: 'long java.lang.invoke.DirectMethodHandle$Holder.invokeSpecial(java.lang.Object, java.lang.Object, java.lang.Object, long, long)'> (0x0000000712475bf0) 
thrown [t:\workspace\open\src\hotspot\share\interpreter\linkResolver.cpp, line 766]
Event: 0.379 Thread 0x00000202ce351ee0 Exception <a 'java/lang/NoSuchMethodError'{0x000000071248a540}: 'java.lang.Object java.lang.invoke.DirectMethodHandle$Holder.invokeStatic(java.lang.Object, java.lang.Object, java.lang.Object, java.lang.Object, java.lang.Object, java.lang.Object, java.lang.Object, long)'> (0x000000071248a540) 
thrown [t:\workspace\open\src\hotspot\share\interpreter\linkResolver.cpp, line 766]
Event: 0.380 Thread 0x00000202ce351ee0 Exception <a 'java/lang/NoSuchMethodError'{0x00000007124a6b30}: 'java.lang.Object java.lang.invoke.DirectMethodHandle$Holder.invokeStatic(java.lang.Object, java.lang.Object, java.lang.Object, java.lang.Object, java.lang.Object, java.lang.Object, java.lang.Object, long, java.lang.Object)'> (0x00000007124a6b30) 
thrown [t:\workspace\open\src\hotspot\share\interpreter\linkResolver.cpp, line 766]

VM Operations (6 events):
Event: 0.113 Executing VM operation: HandshakeAllThreads
Event: 0.113 Executing VM operation: HandshakeAllThreads done
Event: 0.137 Executing VM operation: HandshakeAllThreads
Event: 0.137 Executing VM operation: HandshakeAllThreads done
Event: 0.343 Executing VM operation: ICBufferFull
Event: 0.343 Executing VM operation: ICBufferFull done

Events (20 events):
Event: 0.055 Thread 0x00000202f3a7e6c0 Thread added: 0x00000202f3a7e6c0
Event: 0.055 Thread 0x00000202f3a81ac0 Thread added: 0x00000202f3a81ac0
Event: 0.055 Thread 0x00000202f3a82b50 Thread added: 0x00000202f3a82b50
Event: 0.055 Thread 0x00000202f3a85940 Thread added: 0x00000202f3a85940
Event: 0.074 Thread 0x00000202f3a42c40 Thread added: 0x00000202f3a42c40
Event: 0.081 Loaded shared library D:\Program Files\Java\jdk-18\bin\net.dll
Event: 0.085 Loaded shared library D:\Program Files\Java\jdk-18\bin\nio.dll
Event: 0.107 Thread 0x00000202f7d21770 Thread added: 0x00000202f7d21770
Event: 0.114 Thread 0x00000202f7d23390 Thread added: 0x00000202f7d23390
Event: 0.116 Thread 0x00000202f7d24b90 Thread added: 0x00000202f7d24b90
Event: 0.123 Loaded shared library D:\Program Files\Java\jdk-18\bin\zip.dll
Event: 0.126 Loaded shared library D:\Program Files\Java\jdk-18\bin\instrument.dll
Event: 0.129 Loaded shared library D:\Program Files\Java\jdk-18\bin\zip.dll
Event: 0.135 Loaded shared library D:\Program Files\JetBrains\IntelliJ IDEA 2021.2.3\bin\breakgen64.dll
Event: 0.136 Thread 0x00000202f7e68b40 Thread added: 0x00000202f7e68b40
Event: 0.136 Thread 0x00000202f7e6a410 Thread added: 0x00000202f7e6a410
Event: 0.153 Loaded shared library D:\freetype.dll
Event: 0.207 Thread 0x00000202f7f7c2b0 Thread added: 0x00000202f7f7c2b0
Event: 0.219 Thread 0x00000202f8101ea0 Thread added: 0x00000202f8101ea0
Event: 0.350 Loaded shared library D:\Program Files\Java\jdk-18\bin\jimage.dll


Dynamic libraries:
0x00007ff7ae150000 - 0x00007ff7ae15e000 	D:\Program Files\Java\jdk-18\bin\java.exe
0x00007ffc77510000 - 0x00007ffc77705000 	C:\Windows\SYSTEM32\ntdll.dll
0x00007ffc76f20000 - 0x00007ffc76fde000 	C:\Windows\System32\KERNEL32.DLL
0x00007ffc74c70000 - 0x00007ffc74f38000 	C:\Windows\System32\KERNELBASE.dll
0x00007ffc74f40000 - 0x00007ffc75040000 	C:\Windows\System32\ucrtbase.dll
0x00007ffc6eaa0000 - 0x00007ffc6eab7000 	D:\Program Files\Java\jdk-18\bin\jli.dll
0x00007ffc6e800000 - 0x00007ffc6e81a000 	D:\Program Files\Java\jdk-18\bin\VCRUNTIME140.dll
0x00007ffc75cc0000 - 0x00007ffc75e60000 	C:\Windows\System32\USER32.dll
0x00007ffc75530000 - 0x00007ffc75552000 	C:\Windows\System32\win32u.dll
0x00007ffc75c30000 - 0x00007ffc75c5b000 	C:\Windows\System32\GDI32.dll
0x00007ffc750e0000 - 0x00007ffc751ed000 	C:\Windows\System32\gdi32full.dll
0x00007ffc75040000 - 0x00007ffc750dd000 	C:\Windows\System32\msvcp_win.dll
0x00007ffc60870000 - 0x00007ffc60b0a000 	C:\Windows\WinSxS\amd64_microsoft.windows.common-controls_6595b64144ccf1df_6.0.19041.1110_none_60b5254171f9507e\COMCTL32.dll
0x00007ffc76c60000 - 0x00007ffc76cfe000 	C:\Windows\System32\msvcrt.dll
0x00007ffc76e50000 - 0x00007ffc76e80000 	C:\Windows\System32\IMM32.DLL
0x00007ffc6e7c0000 - 0x00007ffc6e7cc000 	D:\Program Files\Java\jdk-18\bin\vcruntime140_1.dll
0x00007ffc61770000 - 0x00007ffc617fd000 	D:\Program Files\Java\jdk-18\bin\msvcp140.dll
0x00007ffc0dbd0000 - 0x00007ffc0e7e1000 	D:\Program Files\Java\jdk-18\bin\server\jvm.dll
0x00007ffc76830000 - 0x00007ffc768de000 	C:\Windows\System32\ADVAPI32.dll
0x00007ffc75560000 - 0x00007ffc755fc000 	C:\Windows\System32\sechost.dll
0x00007ffc75e60000 - 0x00007ffc75f85000 	C:\Windows\System32\RPCRT4.dll
0x00007ffc770b0000 - 0x00007ffc770b8000 	C:\Windows\System32\PSAPI.DLL
0x00007ffc6d640000 - 0x00007ffc6d649000 	C:\Windows\SYSTEM32\WSOCK32.dll
0x00007ffc76de0000 - 0x00007ffc76e4b000 	C:\Windows\System32\WS2_32.dll
0x00007ffc63420000 - 0x00007ffc63447000 	C:\Windows\SYSTEM32\WINMM.dll
0x00007ffc6b890000 - 0x00007ffc6b89a000 	C:\Windows\SYSTEM32\VERSION.dll
0x00007ffc73460000 - 0x00007ffc73472000 	C:\Windows\SYSTEM32\kernel.appcore.dll
0x00007ffc6d650000 - 0x00007ffc6d65a000 	D:\Program Files\Java\jdk-18\bin\jimage.dll
0x00007ffc73170000 - 0x00007ffc73354000 	C:\Windows\SYSTEM32\DBGHELP.DLL
0x00007ffc57450000 - 0x00007ffc5747c000 	C:\Windows\SYSTEM32\dbgcore.DLL
0x00007ffc754a0000 - 0x00007ffc75522000 	C:\Windows\System32\bcryptPrimitives.dll
0x00007ffc6d570000 - 0x00007ffc6d57e000 	D:\Program Files\Java\jdk-18\bin\instrument.dll
0x00007ffc6d580000 - 0x00007ffc6d5a5000 	D:\Program Files\Java\jdk-18\bin\java.dll
0x00007ffc2f9c0000 - 0x00007ffc2fa96000 	D:\Program Files\Java\jdk-18\bin\jsvml.dll
0x00007ffc75f90000 - 0x00007ffc766d4000 	C:\Windows\System32\SHELL32.dll
0x00007ffc72900000 - 0x00007ffc73094000 	C:\Windows\SYSTEM32\windows.storage.dll
0x00007ffc770c0000 - 0x00007ffc77415000 	C:\Windows\System32\combase.dll
0x00007ffc74670000 - 0x00007ffc7469e000 	C:\Windows\SYSTEM32\Wldp.dll
0x00007ffc768e0000 - 0x00007ffc7698d000 	C:\Windows\System32\SHCORE.dll
0x00007ffc75c60000 - 0x00007ffc75cb5000 	C:\Windows\System32\shlwapi.dll
0x00007ffc74b60000 - 0x00007ffc74b7f000 	C:\Windows\SYSTEM32\profapi.dll
0x00007ffc61700000 - 0x00007ffc61713000 	D:\Program Files\Java\jdk-18\bin\net.dll
0x00007ffc6cbc0000 - 0x00007ffc6cccc000 	C:\Windows\SYSTEM32\WINHTTP.dll
0x00007ffc743d0000 - 0x00007ffc7443a000 	C:\Windows\system32\mswsock.dll
0x00007ffc601d0000 - 0x00007ffc601e6000 	D:\Program Files\Java\jdk-18\bin\nio.dll
0x00007ffc520c0000 - 0x00007ffc520d8000 	D:\Program Files\Java\jdk-18\bin\zip.dll
0x00007ffc52080000 - 0x00007ffc5209a000 	D:\Program Files\JetBrains\IntelliJ IDEA 2021.2.3\bin\breakgen64.dll
0x00007ffc388f0000 - 0x00007ffc3899a000 	D:\freetype.dll

dbghelp: loaded successfully - version: 4.0.5 - missing functions: none
symbol engine: initialized successfully - sym options: 0x614 - pdb path: .;D:\Program Files\Java\jdk-18\bin;C:\Windows\SYSTEM32;C:\Windows\WinSxS\amd64_microsoft.windows.common-controls_6595b64144ccf1df_6.0.19041.1110_none_60b5254171f9507e;D:\Program Files\Java\jdk-18\bin\server;D:\Program Files\JetBrains\IntelliJ IDEA 2021.2.3\bin;D:

VM Arguments:
jvm_args: --enable-native-access=test.jfreetype,jfreetype -javaagent:D:\Program Files\JetBrains\IntelliJ IDEA 2021.2.3\lib\idea_rt.jar=65276:D:\Program Files\JetBrains\IntelliJ IDEA 2021.2.3\bin -Dfile.encoding=UTF-8 --module-path=D:\jfreetype\test\target\test-classes;D:\jfreetype\target\classes -Djdk.module.main=test.jfreetype 
java_command: test.jfreetype/io.github.mmc1234.jfreetype.example.Main
java_class_path (initial): <not set>
Launcher Type: SUN_STANDARD

[Global flags]
     intx CICompilerCount                          = 12                                        {product} {ergonomic}
     uint ConcGCThreads                            = 3                                         {product} {ergonomic}
     uint G1ConcRefinementThreads                  = 13                                        {product} {ergonomic}
   size_t G1HeapRegionSize                         = 2097152                                   {product} {ergonomic}
    uintx GCDrainStackTargetSize                   = 64                                        {product} {ergonomic}
   size_t InitialHeapSize                          = 266338304                                 {product} {ergonomic}
   size_t MarkStackSize                            = 4194304                                   {product} {ergonomic}
   size_t MaxHeapSize                              = 4234149888                                {product} {ergonomic}
   size_t MaxNewSize                               = 2539651072                                {product} {ergonomic}
   size_t MinHeapDeltaBytes                        = 2097152                                   {product} {ergonomic}
   size_t MinHeapSize                              = 8388608                                   {product} {ergonomic}
    uintx NonNMethodCodeHeapSize                   = 7602480                                {pd product} {ergonomic}
    uintx NonProfiledCodeHeapSize                  = 122027880                              {pd product} {ergonomic}
    uintx ProfiledCodeHeapSize                     = 122027880                              {pd product} {ergonomic}
    uintx ReservedCodeCacheSize                    = 251658240                              {pd product} {ergonomic}
     bool SegmentedCodeCache                       = true                                      {product} {ergonomic}
   size_t SoftMaxHeapSize                          = 4234149888                             {manageable} {ergonomic}
     bool UseCompressedClassPointers               = true                           {product lp64_product} {ergonomic}
     bool UseCompressedOops                        = true                           {product lp64_product} {ergonomic}
     bool UseG1GC                                  = true                                      {product} {ergonomic}
     bool UseLargePagesIndividualAllocation        = false                                  {pd product} {ergonomic}

Logging:
Log output configuration:
 #0: stdout all=warning uptime,level,tags foldmultilines=false
 #1: stderr all=off uptime,level,tags foldmultilines=false

Environment Variables:
JAVA_HOME=D:\Program Files\Java\jdk1.8.0_301
PATH=C:\Program Files (x86)\Common Files\Intel\Shared Libraries\redist\intel64_win\compiler;D:\Program Files (x86)\VMware\VMware Workstation\bin\;C:\Program Files\PlasticSCM5\server;C:\Program Files\PlasticSCM5\client;C:\Program Files (x86)\Common Files\Intel\Shared Libraries\redist\intel64\compiler;C:\Program Files (x86)\Common Files\Oracle\Java\javapath;C:\Windows\system32;C:\Windows;C:\Windows\System32\Wbem;C:\Windows\System32\WindowsPowerShell\v1.0\;C:\Windows\System32\OpenSSH\;C:\Program Files (x86)\NVIDIA Corporation\PhysX\Common;C:\Program Files\NVIDIA Corporation\NVIDIA NvDLISR;D:\Program Files\Java\jdk1.8.0_301\bin;D:\Program Files\nodejs\;C:\Program Files (x86)\Gpg4win\..\GnuPG\bin;D:\Program Files\Git\cmd;C:\Program Files\dotnet\;C:\Users\Nickid2018\AppData\Local\Microsoft\WindowsApps;D:\Program Files\JetBrains\IntelliJ IDEA Community Edition 2021.2\bin;D:\Program Files\JetBrains\CLion 2021.2\bin;D:\Program Files\JetBrains\IntelliJ IDEA 2021.2\bin;D:\Program Files\JetBrains\PyCharm 2021.2\bin;D:\Program Files\Fiddler;C:\Users\Nickid2018\AppData\Roaming\npm;D:\Program Files\Bandizip\7z;D:\Program Files\JetBrains\PyCharm 2021.2.3\bin;;D:\Program Files\JetBrains\IntelliJ IDEA 2021.2.3\bin;;C:\Users\Nickid2018\.dotnet\tools
USERNAME=Nickid2018
OS=Windows_NT
PROCESSOR_IDENTIFIER=Intel64 Family 6 Model 141 Stepping 1, GenuineIntel



---------------  S Y S T E M  ---------------

OS:
 Windows 10 , 64 bit Build 19041 (10.0.19041.1503)
OS uptime: 8 days 7:47 hours
Hyper-V role detected

CPU: total 16 (initial active 16) (8 cores per cpu, 2 threads per core) family 6 model 141 stepping 1 microcode 0x32, cx8, cmov, fxsr, ht, mmx, 3dnowpref, sse, sse2, sse3, ssse3, sse4.1, sse4.2, popcnt, lzcnt, tsc, tscinvbit, avx, avx2, aes, erms, clmul, bmi1, bmi2, adx, avx512f, avx512dq, avx512cd, avx512bw, avx512vl, sha, fma, vzeroupper, avx512_vpopcntdq, avx512_vpclmulqdq, avx512_vaes, avx512_vnni, clflush, clflushopt, clwb, avx512_vbmi2, avx512_vbmi, hv

Memory: 4k page, system-wide physical 16151M (3922M free)
TotalPageFile size 25367M (AvailPageFile size 5300M)
current process WorkingSet (physical memory assigned to process): 72M, peak: 72M
current process commit charge ("private bytes"): 371M, peak: 373M

vm_info: OpenJDK 64-Bit Server VM (18+36-2087) for windows-amd64 JRE (18+36-2087), built on Feb 15 2022 09:37:35 by "mach5one" with MS VC++ 16.8 / 16.9 (VS2019)

END.
