#
# A fatal error has been detected by the Java Runtime Environment:
#
#  EXCEPTION_ACCESS_VIOLATION (0xc0000005) at pc=0x000002a590269f0d, pid=37896, tid=55628
#
# JRE version: OpenJDK Runtime Environment (18.0+36) (build 18+36-2087)
# Java VM: OpenJDK 64-Bit Server VM (18+36-2087, mixed mode, sharing, tiered, compressed oops, compressed class ptrs, g1 gc, windows-amd64)
# Problematic frame:
# J 1334 c1 jdk.internal.misc.ScopedMemoryAccess.getByte(Ljdk/internal/misc/ScopedMemoryAccess$Scope;Ljava/lang/Object;J)B java.base@18 (20 bytes) @ 0x000002a590269f0d [0x000002a590269ba0+0x000000000000036d]
#
# No core dump will be written. Minidumps are not enabled by default on client versions of Windows
#
# If you would like to submit a bug report, please visit:
#   https://bugreport.java.com/bugreport/crash.jsp
#

---------------  S U M M A R Y ------------

Command Line: --enable-native-access=test.jfreetype,jfreetype -javaagent:D:\Program Files\JetBrains\IntelliJ IDEA 2021.2.3\lib\idea_rt.jar=65243:D:\Program Files\JetBrains\IntelliJ IDEA 2021.2.3\bin -Dfile.encoding=UTF-8 --module-path=D:\jfreetype\test\target\test-classes;D:\jfreetype\target\classes -Djdk.module.main=test.jfreetype test.jfreetype/io.github.mmc1234.jfreetype.example.Main

Host: 11th Gen Intel(R) Core(TM) i7-11800H @ 2.30GHz, 16 cores, 15G,  Windows 10 , 64 bit Build 19041 (10.0.19041.1503)
Time: Sat Feb 26 21:47:27 2022  Windows 10 , 64 bit Build 19041 (10.0.19041.1503) elapsed time: 0.405651 seconds (0d 0h 0m 0s)

---------------  T H R E A D  ---------------

Current thread (0x000002a588020f20):  JavaThread "main" [_thread_in_Java, id=55628, stack(0x000000e533b00000,0x000000e533c00000)]

Stack: [0x000000e533b00000,0x000000e533c00000],  sp=0x000000e533bfed40,  free space=1019k
Native frames: (J=compiled Java code, j=interpreted, Vv=VM code, C=native code)
C  0x000002a590269f0d


siginfo: EXCEPTION_ACCESS_VIOLATION (0xc0000005), reading address 0xffffffffffffffff


Register to memory mapping:

RIP=0x000002a590269f0d is at entry_point+877 in (nmethod*)0x000002a590269990
Compiled method (c1)     411 1334   !   3       jdk.internal.misc.ScopedMemoryAccess::getByte (20 bytes)
 total in heap  [0x000002a590269990,0x000002a59026a800] = 3696
 relocation     [0x000002a590269ae8,0x000002a590269ba0] = 184
 main code      [0x000002a590269ba0,0x000002a59026a380] = 2016
 stub code      [0x000002a59026a380,0x000002a59026a3d8] = 88
 metadata       [0x000002a59026a3d8,0x000002a59026a418] = 64
 scopes data    [0x000002a59026a418,0x000002a59026a508] = 240
 scopes pcs     [0x000002a59026a508,0x000002a59026a688] = 384
 dependencies   [0x000002a59026a688,0x000002a59026a698] = 16
 handler table  [0x000002a59026a698,0x000002a59026a7d0] = 312
 nul chk table  [0x000002a59026a7d0,0x000002a59026a800] = 48
RAX=0x000002a5aba5c8c0 is pointing into metadata
RBX={method} {0x000000080008f7f0} 'getByte' '(Ljdk/internal/misc/ScopedMemoryAccess$Scope;Ljava/lang/Object;J)B' in 'jdk/internal/misc/ScopedMemoryAccess'
RCX=0x0000000000000009 is an unknown value
RDX=0x0000000000000170 is an unknown value
RSP=0x000000e533bfed40 is pointing into the stack for thread: 0x000002a588020f20
RBP=0x000000e533bfee78 is pointing into the stack for thread: 0x000002a588020f20
RSI=0x0000000000000024 is an unknown value
RDI=0xaf8bd6f000000000 is an unknown value
R8 =0x0000000713536008 is an oop: jdk.internal.foreign.ResourceScopeImpl$GlobalScopeImpl 
{0x0000000713536008} - klass: 'jdk/internal/foreign/ResourceScopeImpl$GlobalScopeImpl'
 - ---- fields (total size 4 words):
 - 'state' 'I' @12  0
 - final 'resourceList' 'Ljdk/internal/foreign/ResourceScopeImpl$ResourceList;' @16  a 'jdk/internal/foreign/SharedScope$SharedResourceList'{0x0000000713536458} (e26a6c8b)
 - final 'cleanable' 'Ljava/lang/ref/Cleaner$Cleanable;' @20  NULL (0)
 - final 'owner' 'Ljava/lang/Thread;' @24  NULL (0)
 - final 'ref' 'Ljava/lang/Object;' @28  NULL (0)
R9 =0x0 is NULL
R10=0x0000000800000000 is pointing into metadata
R11=0x000002a590269bc0 is at entry_point+32 in (nmethod*)0x000002a590269990
Compiled method (c1)     416 1334   !   3       jdk.internal.misc.ScopedMemoryAccess::getByte (20 bytes)
 total in heap  [0x000002a590269990,0x000002a59026a800] = 3696
 relocation     [0x000002a590269ae8,0x000002a590269ba0] = 184
 main code      [0x000002a590269ba0,0x000002a59026a380] = 2016
 stub code      [0x000002a59026a380,0x000002a59026a3d8] = 88
 metadata       [0x000002a59026a3d8,0x000002a59026a418] = 64
 scopes data    [0x000002a59026a418,0x000002a59026a508] = 240
 scopes pcs     [0x000002a59026a508,0x000002a59026a688] = 384
 dependencies   [0x000002a59026a688,0x000002a59026a698] = 16
 handler table  [0x000002a59026a698,0x000002a59026a7d0] = 312
 nul chk table  [0x000002a59026a7d0,0x000002a59026a800] = 48
R12=0x0 is NULL
R13=0x000000e533bfee08 is pointing into the stack for thread: 0x000002a588020f20
R14=0x0 is NULL
R15=0x000002a588020f20 is a thread


Registers:
RAX=0x000002a5aba5c8c0, RBX=0x000000080008f7e8, RCX=0x0000000000000009, RDX=0x0000000000000170
RSP=0x000000e533bfed40, RBP=0x000000e533bfee78, RSI=0x0000000000000024, RDI=0xaf8bd6f000000000
R8 =0x0000000713536008, R9 =0x0000000000000000, R10=0x0000000800000000, R11=0x000002a590269bc0
R12=0x0000000000000000, R13=0x000000e533bfee08, R14=0x0000000000000000, R15=0x000002a588020f20
RIP=0x000002a590269f0d, EFLAGS=0x0000000000010246

Top of Stack: (sp=0x000000e533bfed40)
0x000000e533bfed40:   000000e533bfed58 000000e533bfeda8
0x000000e533bfed50:   0000000000000000 0000000000000000
0x000000e533bfed60:   000000e533bfed60 000002a5aba61dad
0x000000e533bfed70:   000000e533bfee10 000002a5aba62a60
0x000000e533bfed80:   0000000000000000 00000007127b8c38
0x000000e533bfed90:   000002a5aba61e50 0000000000000000
0x000000e533bfeda0:   000000e533bfede8 000000e533bfee78
0x000000e533bfedb0:   000002a58f9595cd 0000000000000000
0x000000e533bfedc0:   000000e533bfeeb0 000002a5ab9e7070
0x000000e533bfedd0:   000000e533bfee78 000002a58f969e42
0x000000e533bfede0:   0000000000000000 00000000000000b6
0x000000e533bfedf0:   000000e533bfee78 000002a58f959612
0x000000e533bfee00:   000002a58f959612 af8bd6f000000000
0x000000e533bfee10:   0000000000000000 0000000000000000
0x000000e533bfee20:   0000000713536008 00000007136566c8
0x000000e533bfee30:   000000e533bfee30 000002a5aba61f18 

Instructions: (pc=0x000002a590269f0d)
0x000002a590269e0d:   01 00 00 01 48 b8 c0 c8 a5 ab a5 02 00 00 8b 90
0x000002a590269e1d:   cc 00 00 00 83 c2 02 89 90 cc 00 00 00 81 e2 fe
0x000002a590269e2d:   ff 1f 00 83 fa 00 0f 84 9c 03 00 00 41 8b 40 18
0x000002a590269e3d:   48 c1 e0 03 48 83 f8 00 48 ba c0 c8 a5 ab a5 02
0x000002a590269e4d:   00 00 48 be 10 01 00 00 00 00 00 00 0f 84 0a 00
0x000002a590269e5d:   00 00 48 be 20 01 00 00 00 00 00 00 48 8b 0c 32
0x000002a590269e6d:   48 8d 49 01 48 89 0c 32 0f 84 55 00 00 00 48 ba
0x000002a590269e7d:   c0 c8 a5 ab a5 02 00 00 48 83 82 30 01 00 00 01
0x000002a590269e8d:   49 8b 97 68 02 00 00 48 8b 12 48 3b c2 48 b8 c0
0x000002a590269e9d:   c8 a5 ab a5 02 00 00 48 ba 50 01 00 00 00 00 00
0x000002a590269ead:   00 0f 85 0a 00 00 00 48 ba 40 01 00 00 00 00 00
0x000002a590269ebd:   00 48 8b 34 10 48 8d 76 01 48 89 34 10 0f 85 cd
0x000002a590269ecd:   00 00 00 41 8b 40 0c 83 f8 00 48 b8 c0 c8 a5 ab
0x000002a590269edd:   a5 02 00 00 48 ba 80 01 00 00 00 00 00 00 0f 8c
0x000002a590269eed:   0a 00 00 00 48 ba 70 01 00 00 00 00 00 00 48 8b
0x000002a590269efd:   34 10 48 8d 76 01 48 89 34 10 0f 8c 61 00 00 00
0x000002a590269f0d:   41 0f be 04 39 48 ba 88 c6 a5 ab a5 02 00 00 48
0x000002a590269f1d:   83 82 b8 01 00 00 01 48 ba a8 e4 89 ab a5 02 00
0x000002a590269f2d:   00 8b b2 cc 00 00 00 83 c6 02 89 b2 cc 00 00 00
0x000002a590269f3d:   81 e6 fe ff 1f 00 83 fe 00 0f 84 aa 02 00 00 c1
0x000002a590269f4d:   e0 18 c1 f8 18 c1 e0 18 c1 f8 18 48 81 c4 b0 00
0x000002a590269f5d:   00 00 5d 49 3b a7 38 03 00 00 0f 87 aa 02 00 00
0x000002a590269f6d:   c3 66 90 e9 34 03 00 00 00 00 00 00 00 66 0f 1f
0x000002a590269f7d:   44 00 00 e9 3e 03 00 00 90 48 c1 e0 03 48 3b 00
0x000002a590269f8d:   48 ba 8d 9f 26 90 a5 02 00 00 e8 64 3e 7e ff 90
0x000002a590269f9d:   48 89 bc 24 88 00 00 00 4c 89 8c 24 90 00 00 00
0x000002a590269fad:   4c 89 84 24 80 00 00 00 66 66 90 e9 24 03 00 00
0x000002a590269fbd:   00 00 00 00 00 80 ba 23 01 00 00 04 0f 85 21 03
0x000002a590269fcd:   00 00 49 8b 87 f0 00 00 00 48 8d 78 28 49 3b bf
0x000002a590269fdd:   00 01 00 00 0f 87 09 03 00 00 49 89 bf f0 00 00
0x000002a590269fed:   00 48 c7 00 01 00 00 00 48 8b ca 49 ba 00 00 00
0x000002a590269ffd:   00 08 00 00 00 49 2b ca 89 48 08 48 33 c9 89 48 


Stack slot to memory mapping:
stack at sp + 0 slots: 0x000000e533bfed58 is pointing into the stack for thread: 0x000002a588020f20
stack at sp + 1 slots: 0x000000e533bfeda8 is pointing into the stack for thread: 0x000002a588020f20
stack at sp + 2 slots: 0x0 is NULL
stack at sp + 3 slots: 0x0 is NULL
stack at sp + 4 slots: 0x000000e533bfed60 is pointing into the stack for thread: 0x000002a588020f20
stack at sp + 5 slots: 0x000002a5aba61dad is pointing into metadata
stack at sp + 6 slots: 0x000000e533bfee10 is pointing into the stack for thread: 0x000002a588020f20
stack at sp + 7 slots: 0x000002a5aba62a60 is pointing into metadata


Compiled method (c1)     426 1334   !   3       jdk.internal.misc.ScopedMemoryAccess::getByte (20 bytes)
 total in heap  [0x000002a590269990,0x000002a59026a800] = 3696
 relocation     [0x000002a590269ae8,0x000002a590269ba0] = 184
 main code      [0x000002a590269ba0,0x000002a59026a380] = 2016
 stub code      [0x000002a59026a380,0x000002a59026a3d8] = 88
 metadata       [0x000002a59026a3d8,0x000002a59026a418] = 64
 scopes data    [0x000002a59026a418,0x000002a59026a508] = 240
 scopes pcs     [0x000002a59026a508,0x000002a59026a688] = 384
 dependencies   [0x000002a59026a688,0x000002a59026a698] = 16
 handler table  [0x000002a59026a698,0x000002a59026a7d0] = 312
 nul chk table  [0x000002a59026a7d0,0x000002a59026a800] = 48

[Constant Pool (empty)]

[MachCode]
[Entry Point]
  # {method} {0x000000080008f7f0} 'getByte' '(Ljdk/internal/misc/ScopedMemoryAccess$Scope;Ljava/lang/Object;J)B' in 'jdk/internal/misc/ScopedMemoryAccess'
  # this:     rdx:rdx   = 'jdk/internal/misc/ScopedMemoryAccess'
  # parm0:    r8:r8     = 'jdk/internal/misc/ScopedMemoryAccess$Scope'
  # parm1:    r9:r9     = 'java/lang/Object'
  # parm2:    rdi:rdi   = long
  #           [sp+0xc0]  (sp of caller)
  0x000002a590269ba0: 448b 5208 | 49bb 0000 | 0000 0800 | 0000 4d03 | d34c 3bd0 

  0x000002a590269bb4: ;   {runtime_call ic_miss_stub}
  0x000002a590269bb4: 0f85 c633 | 73ff 660f | 1f44 0000 
[Verified Entry Point]
  0x000002a590269bc0: 8984 2400 | 90ff ff55 | 4881 ecb0 

  0x000002a590269bcc: ;   {metadata(method data for {method} {0x000000080008f7f0} 'getByte' '(Ljdk/internal/misc/ScopedMemoryAccess$Scope;Ljava/lang/Object;J)B' in 'jdk/internal/misc/ScopedMemoryAccess')}
  0x000002a590269bcc: 0000 0048 | b8a8 c4a5 | aba5 0200 | 008b b0cc | 0000 0083 | c602 89b0 | cc00 0000 | 81e6 fe07 
  0x000002a590269bec: 0000 83fe | 000f 8492 

  0x000002a590269bf4: ;   {metadata(method data for {method} {0x000000080008f7f0} 'getByte' '(Ljdk/internal/misc/ScopedMemoryAccess$Scope;Ljava/lang/Object;J)B' in 'jdk/internal/misc/ScopedMemoryAccess')}
  0x000002a590269bf4: 0500 0048 | b8a8 c4a5 | aba5 0200 | 0048 8d80 | 4801 0000 | 498b f048 | 85f6 7507 | 4883 4808 
  0x000002a590269c14: 01eb 528b | 7608 49ba | 0000 0000 | 0800 0000 | 4903 f248 | 3370 0848 | f7c6 fcff | ffff 7435 
  0x000002a590269c34: 48f7 c602 | 0000 0075 | 2c48 8178 | 0800 0000 | 0074 1e48 | 8178 0801 | 0000 0074 | 1448 3370 
  0x000002a590269c54: 0848 f7c6 | fcff ffff | 740b 4883 | 4808 02eb | 0448 8970 | 0849 8bf1 | 4885 f675 | 0748 8348 
  0x000002a590269c74: 1801 eb52 | 8b76 0849 | ba00 0000 | 0008 0000 | 0049 03f2 | 4833 7018 | 48f7 c6fc | ffff ff74 
  0x000002a590269c94: 3548 f7c6 | 0200 0000 | 752c 4881 | 7818 0000 | 0000 741e | 4881 7818 | 0100 0000 | 7414 4833 
  0x000002a590269cb4: 7018 48f7 | c6fc ffff | ff74 0b48 | 8348 1802 | eb04 4889 

  0x000002a590269cc8: ;   {metadata(method data for {method} {0x000000080008f7f0} 'getByte' '(Ljdk/internal/misc/ScopedMemoryAccess$Scope;Ljava/lang/Object;J)B' in 'jdk/internal/misc/ScopedMemoryAccess')}
  0x000002a590269cc8: 7018 48b8 | a8c4 a5ab | a502 0000 | 4883 8010 | 0100 0001 

  0x000002a590269cdc: ;   {metadata(method data for {method} {0x0000000800093cd0} 'getByteInternal' '(Ljdk/internal/misc/ScopedMemoryAccess$Scope;Ljava/lang/Object;J)B' in 'jdk/internal/misc/ScopedMemoryAccess')}
  0x000002a590269cdc: 48b8 88c6 | a5ab a502 | 0000 8b90 | cc00 0000 | 83c2 0289 | 90cc 0000 | 0081 e2fe | ff1f 0083 
  0x000002a590269cfc: fa00 0f84 | a604 0000 | 4983 f800 

  0x000002a590269d08: ;   {metadata(method data for {method} {0x0000000800093cd0} 'getByteInternal' '(Ljdk/internal/misc/ScopedMemoryAccess$Scope;Ljava/lang/Object;J)B' in 'jdk/internal/misc/ScopedMemoryAccess')}
  0x000002a590269d08: 48b8 88c6 | a5ab a502 | 0000 48ba | 1001 0000 | 0000 0000 | 0f84 0a00 | 0000 48ba | 2001 0000 
  0x000002a590269d28: 0000 0000 | 488b 3410 | 488d 7601 | 4889 3410 | 0f84 cf01 | 0000 4983 | f800 0f84 | 2a00 0000 
  0x000002a590269d48: ;   {metadata('jdk/internal/foreign/ResourceScopeImpl')}
  0x000002a590269d48: 48b9 00a3 | c500 0800 | 0000 418b | 7008 49ba | 0000 0000 | 0800 0000 | 4903 f248 | 3b4e 380f 
  0x000002a590269d68: 855e 0400 | 00e9 0000 | 0000 498b | c049 3b00 

  0x000002a590269d78: ;   {metadata(method data for {method} {0x0000000800093cd0} 'getByteInternal' '(Ljdk/internal/misc/ScopedMemoryAccess$Scope;Ljava/lang/Object;J)B' in 'jdk/internal/misc/ScopedMemoryAccess')}
  0x000002a590269d78: 498b c048 | ba88 c6a5 | aba5 0200 | 008b 4008 | 49ba 0000 | 0000 0800 | 0000 4903 | c248 3b82 
  0x000002a590269d98: 4001 0000 | 750d 4883 | 8248 0100 | 0001 e966 | 0000 0048 | 3b82 5001 | 0000 750d | 4883 8258 
  0x000002a590269db8: 0100 0001 | e950 0000 | 0048 81ba | 4001 0000 | 0000 0000 | 7517 4889 | 8240 0100 | 0048 c782 
  0x000002a590269dd8: 4801 0000 | 0100 0000 | e92c 0000 | 0048 81ba | 5001 0000 | 0000 0000 | 7517 4889 | 8250 0100 
  0x000002a590269df8: 0048 c782 | 5801 0000 | 0100 0000 | e908 0000 | 0048 8382 | 3001 0000 

  0x000002a590269e10: ;   {metadata(method data for {method} {0x000002a5ab9133d8} 'checkValidState' '()V' in 'jdk/internal/foreign/ResourceScopeImpl')}
  0x000002a590269e10: 0148 b8c0 | c8a5 aba5 | 0200 008b | 90cc 0000 | 0083 c202 | 8990 cc00 | 0000 81e2 | feff 1f00 
  0x000002a590269e30: 83fa 000f | 849c 0300 | 0041 8b40 | 1848 c1e0 | 0348 83f8 

  0x000002a590269e44: ;   {metadata(method data for {method} {0x000002a5ab9133d8} 'checkValidState' '()V' in 'jdk/internal/foreign/ResourceScopeImpl')}
  0x000002a590269e44: 0048 bac0 | c8a5 aba5 | 0200 0048 | be10 0100 | 0000 0000 | 000f 840a | 0000 0048 | be20 0100 
  0x000002a590269e64: 0000 0000 | 0048 8b0c | 3248 8d49 | 0148 890c | 320f 8455 

  0x000002a590269e78: ;   {metadata(method data for {method} {0x000002a5ab9133d8} 'checkValidState' '()V' in 'jdk/internal/foreign/ResourceScopeImpl')}
  0x000002a590269e78: 0000 0048 | bac0 c8a5 | aba5 0200 | 0048 8382 | 3001 0000 | 0149 8b97 | 6802 0000 | 488b 1248 
  0x000002a590269e98: ;   {metadata(method data for {method} {0x000002a5ab9133d8} 'checkValidState' '()V' in 'jdk/internal/foreign/ResourceScopeImpl')}
  0x000002a590269e98: 3bc2 48b8 | c0c8 a5ab | a502 0000 | 48ba 5001 | 0000 0000 | 0000 0f85 | 0a00 0000 | 48ba 4001 
  0x000002a590269eb8: 0000 0000 | 0000 488b | 3410 488d | 7601 4889 | 3410 0f85 | cd00 0000 | 418b 400c 

  0x000002a590269ed4: ;   {metadata(method data for {method} {0x000002a5ab9133d8} 'checkValidState' '()V' in 'jdk/internal/foreign/ResourceScopeImpl')}
  0x000002a590269ed4: 83f8 0048 | b8c0 c8a5 | aba5 0200 | 0048 ba80 | 0100 0000 | 0000 000f | 8c0a 0000 | 0048 ba70 
  0x000002a590269ef4: 0100 0000 | 0000 0048 | 8b34 1048 | 8d76 0148 | 8934 100f | 8c61 0000 | 0041 0fbe 

  0x000002a590269f10: ;   {metadata(method data for {method} {0x0000000800093cd0} 'getByteInternal' '(Ljdk/internal/misc/ScopedMemoryAccess$Scope;Ljava/lang/Object;J)B' in 'jdk/internal/misc/ScopedMemoryAccess')}
  0x000002a590269f10: 0439 48ba | 88c6 a5ab | a502 0000 | 4883 82b8 | 0100 0001 

  0x000002a590269f24: ;   {metadata(method data for {method} {0x000000080003def0} 'reachabilityFence' '(Ljava/lang/Object;)V' in 'java/lang/ref/Reference')}
  0x000002a590269f24: 48ba a8e4 | 89ab a502 | 0000 8bb2 | cc00 0000 | 83c6 0289 | b2cc 0000 | 0081 e6fe | ff1f 0083 
  0x000002a590269f44: fe00 0f84 | aa02 0000 | c1e0 18c1 | f818 c1e0 | 18c1 f818 | 4881 c4b0 | 0000 005d 

  0x000002a590269f60: ;   {poll_return}
  0x000002a590269f60: 493b a738 | 0300 000f | 87aa 0200 | 00c3 6690 

  0x000002a590269f70: ;   {no_reloc}
  0x000002a590269f70: e934 0300 | 0000 0000 | 0000 660f | 1f44 0000 

  0x000002a590269f80: ; implicit exception: dispatches to 0x000002a59026a2b3
  0x000002a590269f80: e93e 0300 | 0090 48c1 | e003 483b 

  0x000002a590269f8c: ; ImmutableOopMap {r9=Oop r8=Oop rax=Oop }
                      ;*athrow {reexecute=1 rethrow=0 return_oop=0}
                      ; - (reexecute) jdk.internal.foreign.ResourceScopeImpl::checkValidState@37 (line 194)
                      ; - jdk.internal.misc.ScopedMemoryAccess::getByteInternal@5 (line 571)
                      ; - jdk.internal.misc.ScopedMemoryAccess::getByte@4 (line 561)
                      ;   {section_word}
  0x000002a590269f8c: 0048 ba8d | 9f26 90a5 

  0x000002a590269f94: ;   {runtime_call handle_exception_nofpu Runtime1 stub}
  0x000002a590269f94: 0200 00e8 | 643e 7eff | 9048 89bc | 2488 0000 | 004c 898c | 2490 0000 | 004c 8984 | 2480 0000 
  0x000002a590269fb4: 0066 6690 

  0x000002a590269fb8: ;   {no_reloc}
  0x000002a590269fb8: e924 0300 | 0000 0000 | 0000 80ba | 2301 0000 | 040f 8521 | 0300 0049 | 8b87 f000 | 0000 488d 
  0x000002a590269fd8: 7828 493b | bf00 0100 | 000f 8709 | 0300 0049 | 89bf f000 | 0000 48c7 | 0001 0000 | 0048 8bca 
  0x000002a590269ff8: 49ba 0000 | 0000 0800 | 0000 492b | ca89 4808 | 4833 c989 | 480c 4833 | c948 8948 | 1048 8948 
  0x000002a59026a018: 1848 8948 | 2048 8bd0 

  0x000002a59026a020: ;   {metadata(method data for {method} {0x000002a5ab9133d8} 'checkValidState' '()V' in 'jdk/internal/foreign/ResourceScopeImpl')}
  0x000002a59026a020: 48be c0c8 | a5ab a502 | 0000 4883 | 8660 0100 

  0x000002a59026a030: ;   {oop("Attempted access outside owning thread"{0x0000000713471700})}
  0x000002a59026a030: 0001 49b8 | 0017 4713 | 0700 0000 | 488b d048 | 8944 2478 

  0x000002a59026a044: ;   {optimized virtual_call}
  0x000002a59026a044: 6666 90e8 

  0x000002a59026a048: ; ImmutableOopMap {[144]=Oop [128]=Oop [120]=Oop }
                      ;*invokespecial <init> {reexecute=0 rethrow=0 return_oop=0}
                      ; - jdk.internal.foreign.ResourceScopeImpl::checkValidState@23 (line 191)
                      ; - jdk.internal.misc.ScopedMemoryAccess::getByteInternal@5 (line 571)
                      ; - jdk.internal.misc.ScopedMemoryAccess::getByte@4 (line 561)
  0x000002a59026a048: b434 73ff | 488b 4424 

  0x000002a59026a050: ; ImmutableOopMap {[144]=Oop [128]=Oop rax=Oop }
                      ;*athrow {reexecute=1 rethrow=0 return_oop=0}
                      ; - (reexecute) jdk.internal.foreign.ResourceScopeImpl::checkValidState@26 (line 191)
                      ; - jdk.internal.misc.ScopedMemoryAccess::getByteInternal@5 (line 571)
                      ; - jdk.internal.misc.ScopedMemoryAccess::getByte@4 (line 561)
                      ;   {section_word}
  0x000002a59026a050: 7848 ba51 | a026 90a5 

  0x000002a59026a058: ;   {runtime_call handle_exception_nofpu Runtime1 stub}
  0x000002a59026a058: 0200 00e8 | a03d 7eff | 9049 8b87 | c803 0000 | 4d33 d24d | 8997 c803 | 0000 4d33 | d24d 8997 
  0x000002a59026a078: d003 0000 

  0x000002a59026a07c: ;   {metadata(method data for {method} {0x0000000800093cd0} 'getByteInternal' '(Ljdk/internal/misc/ScopedMemoryAccess$Scope;Ljava/lang/Object;J)B' in 'jdk/internal/misc/ScopedMemoryAccess')}
  0x000002a59026a07c: 48ba 88c6 | a5ab a502 | 0000 4883 | 82c8 0100 

  0x000002a59026a08c: ;   {metadata(method data for {method} {0x000000080003def0} 'reachabilityFence' '(Ljava/lang/Object;)V' in 'java/lang/ref/Reference')}
  0x000002a59026a08c: 0001 48ba | a8e4 89ab | a502 0000 | 8bb2 cc00 | 0000 83c6 | 0289 b2cc | 0000 0081 | e6fe ff1f 
  0x000002a59026a0ac: 0083 fe00 | 0f84 4702 

  0x000002a59026a0b4: ; ImmutableOopMap {rax=Oop }
                      ;*athrow {reexecute=1 rethrow=0 return_oop=0}
                      ; - (reexecute) jdk.internal.misc.ScopedMemoryAccess::getByteInternal@35 (line 576)
                      ; - jdk.internal.misc.ScopedMemoryAccess::getByte@4 (line 561)
                      ;   {section_word}
  0x000002a59026a0b4: 0000 48ba | b6a0 2690 | a502 0000 

  0x000002a59026a0c0: ;   {runtime_call handle_exception_nofpu Runtime1 stub}
  0x000002a59026a0c0: e83b 3d7e | ff90 498b | 87c8 0300 | 004d 33d2 | 4d89 97c8 | 0300 004d | 33d2 4d89 | 97d0 0300 
  0x000002a59026a0e0: 000f 1f80 | 0000 0000 

  0x000002a59026a0e8: ;   {no_reloc}
  0x000002a59026a0e8: e940 0200 | 0000 0000 | 0000 80ba | 2301 0000 | 040f 853d | 0200 0049 | 8b87 f000 | 0000 488d 
  0x000002a59026a108: 7828 493b | bf00 0100 | 000f 8725 | 0200 0049 | 89bf f000 | 0000 48c7 | 0001 0000 | 0048 8bca 
  0x000002a59026a128: 49ba 0000 | 0000 0800 | 0000 492b | ca89 4808 | 4833 c989 | 480c 4833 | c948 8948 | 1048 8948 
  0x000002a59026a148: 1848 8948 | 204c 8bc0 

  0x000002a59026a150: ;   {metadata(method data for {method} {0x000000080008f7f0} 'getByte' '(Ljdk/internal/misc/ScopedMemoryAccess$Scope;Ljava/lang/Object;J)B' in 'jdk/internal/misc/ScopedMemoryAccess')}
  0x000002a59026a150: 48ba a8c4 | a5ab a502 | 0000 4883 | 8270 0100 

  0x000002a59026a160: ;   {oop("This segment is already closed"{0x0000000713471750})}
  0x000002a59026a160: 0001 49b8 | 5017 4713 | 0700 0000 | 488b d048 | 8984 2498 

  0x000002a59026a174: ;   {optimized virtual_call}
  0x000002a59026a174: 0000 00e8 

  0x000002a59026a178: ; ImmutableOopMap {[152]=Oop }
                      ;*invokespecial <init> {reexecute=0 rethrow=0 return_oop=0}
                      ; - jdk.internal.misc.ScopedMemoryAccess::getByte@16 (line 563)
  0x000002a59026a178: 8433 73ff | 488b 8424 | 9800 0000 | e9df 0100 

  0x000002a59026a188: ;   {metadata({method} {0x000000080008f7f0} 'getByte' '(Ljdk/internal/misc/ScopedMemoryAccess$Scope;Ljava/lang/Object;J)B' in 'jdk/internal/misc/ScopedMemoryAccess')}
  0x000002a59026a188: 0049 bae8 | f708 0008 | 0000 004c | 8954 2408 | 48c7 0424 | ffff ffff 

  0x000002a59026a1a0: ;   {runtime_call counter_overflow Runtime1 stub}
  0x000002a59026a1a0: e8db 7f7e 

  0x000002a59026a1a4: ; ImmutableOopMap {rdx=Oop r8=Oop r9=Oop }
                      ;*synchronization entry
                      ; - jdk.internal.misc.ScopedMemoryAccess::getByte@-1 (line 561)
  0x000002a59026a1a4: ffe9 4dfa 

  0x000002a59026a1a8: ;   {metadata({method} {0x0000000800093cd0} 'getByteInternal' '(Ljdk/internal/misc/ScopedMemoryAccess$Scope;Ljava/lang/Object;J)B' in 'jdk/internal/misc/ScopedMemoryAccess')}
  0x000002a59026a1a8: ffff 49ba | c83c 0900 | 0800 0000 | 4c89 5424 | 0848 c704 | 24ff ffff 

  0x000002a59026a1c0: ;   {runtime_call counter_overflow Runtime1 stub}
  0x000002a59026a1c0: ffe8 ba7f 

  0x000002a59026a1c4: ; ImmutableOopMap {r8=Oop r9=Oop }
                      ;*synchronization entry
                      ; - jdk.internal.misc.ScopedMemoryAccess::getByteInternal@-1 (line 570)
                      ; - jdk.internal.misc.ScopedMemoryAccess::getByte@4 (line 561)
  0x000002a59026a1c4: 7eff e939 

  0x000002a59026a1c8: ;   {runtime_call throw_incompatible_class_change_error Runtime1 stub}
  0x000002a59026a1c8: fbff ffe8 

  0x000002a59026a1cc: ; ImmutableOopMap {r9=Oop r8=Oop }
                      ;*invokeinterface checkValidState {reexecute=0 rethrow=0 return_oop=0}
                      ; - jdk.internal.misc.ScopedMemoryAccess::getByteInternal@5 (line 571)
                      ; - jdk.internal.misc.ScopedMemoryAccess::getByte@4 (line 561)
  0x000002a59026a1cc: 504c 7eff 

  0x000002a59026a1d0: ;   {runtime_call throw_null_pointer_exception Runtime1 stub}
  0x000002a59026a1d0: e84b 1a7e 

  0x000002a59026a1d4: ; ImmutableOopMap {r9=Oop r8=Oop }
                      ;*invokeinterface checkValidState {reexecute=0 rethrow=0 return_oop=0}
                      ; - jdk.internal.misc.ScopedMemoryAccess::getByteInternal@5 (line 571)
                      ; - jdk.internal.misc.ScopedMemoryAccess::getByte@4 (line 561)
                      ;   {metadata({method} {0x000002a5ab9133d8} 'checkValidState' '()V' in 'jdk/internal/foreign/ResourceScopeImpl')}
  0x000002a59026a1d4: ff49 bad0 | 3391 aba5 | 0200 004c | 8954 2408 | 48c7 0424 | ffff ffff 

  0x000002a59026a1ec: ;   {runtime_call counter_overflow Runtime1 stub}
  0x000002a59026a1ec: e88f 7f7e 

  0x000002a59026a1f0: ; ImmutableOopMap {r9=Oop r8=Oop }
                      ;*synchronization entry
                      ; - jdk.internal.foreign.ResourceScopeImpl::checkValidState@-1 (line 190)
                      ; - jdk.internal.misc.ScopedMemoryAccess::getByteInternal@5 (line 571)
                      ; - jdk.internal.misc.ScopedMemoryAccess::getByte@4 (line 561)
  0x000002a59026a1f0: ffe9 43fc 

  0x000002a59026a1f4: ;   {metadata({method} {0x000000080003def0} 'reachabilityFence' '(Ljava/lang/Object;)V' in 'java/lang/ref/Reference')}
  0x000002a59026a1f4: ffff 49ba | e8de 0300 | 0800 0000 | 4c89 5424 | 0848 c704 | 24ff ffff 

  0x000002a59026a20c: ;   {runtime_call counter_overflow Runtime1 stub}
  0x000002a59026a20c: ffe8 6e7f 

  0x000002a59026a210: ; ImmutableOopMap {}
                      ;*synchronization entry
                      ; - java.lang.ref.Reference::reachabilityFence@-1 (line 619)
                      ; - jdk.internal.misc.ScopedMemoryAccess::getByteInternal@21 (line 575)
                      ; - jdk.internal.misc.ScopedMemoryAccess::getByte@4 (line 561)
  0x000002a59026a210: 7eff e935 

  0x000002a59026a214: ;   {internal_word}
  0x000002a59026a214: fdff ff49 | ba60 9f26 | 90a5 0200 | 004d 8997 | 5003 0000 

  0x000002a59026a228: ;   {runtime_call SafepointBlob}
  0x000002a59026a228: e953 a773 

  0x000002a59026a22c: ;   {oop(NULL)}
  0x000002a59026a22c: ff48 b800 | 0000 0000 | 0000 0050 | 5348 8b58 | 1057 5652 | 5141 5041 | 5141 5241 | 5348 83ec 
  0x000002a59026a24c: 20f7 c40f | 0000 000f | 841a 0000 | 0048 83ec 

  0x000002a59026a25c: ;   {runtime_call}
  0x000002a59026a25c: 0849 ba30 | febd 0dfc | 7f00 0041 | ffd2 4883 | c408 e90d 

  0x000002a59026a270: ;   {runtime_call}
  0x000002a59026a270: 0000 0049 | ba30 febd | 0dfc 7f00 | 0041 ffd2 | 4883 c420 | 415b 415a | 4159 4158 | 595a 5e5f 
  0x000002a59026a290: 483b 8328 | 0100 005b | 580f 850a | 0000 00e9 | d6fc ffff | b800 7c72 

  0x000002a59026a2a8: ;   {runtime_call load_mirror_patching Runtime1 stub}
  0x000002a59026a2a8: 0ae8 d26e 

  0x000002a59026a2ac: ; ImmutableOopMap {r9=Oop r8=Oop }
                      ;*getstatic INSTANCE {reexecute=1 rethrow=0 return_oop=0}
                      ; - (reexecute) jdk.internal.foreign.ResourceScopeImpl::checkValidState@34 (line 194)
                      ; - jdk.internal.misc.ScopedMemoryAccess::getByteInternal@5 (line 571)
                      ; - jdk.internal.misc.ScopedMemoryAccess::getByte@4 (line 561)
  0x000002a59026a2ac: 7eff e9bd 

  0x000002a59026a2b0: ;   {runtime_call throw_null_pointer_exception Runtime1 stub}
  0x000002a59026a2b0: fcff ffe8 

  0x000002a59026a2b4: ; ImmutableOopMap {r9=Oop r8=Oop rax=Oop }
                      ;*getstatic INSTANCE {reexecute=1 rethrow=0 return_oop=0}
                      ; - (reexecute) jdk.internal.foreign.ResourceScopeImpl::checkValidState@34 (line 194)
                      ; - jdk.internal.misc.ScopedMemoryAccess::getByteInternal@5 (line 571)
                      ; - jdk.internal.misc.ScopedMemoryAccess::getByte@4 (line 561)
  0x000002a59026a2b4: 6819 7eff | 8b80 0000 | 0000 b800 

  0x000002a59026a2c0: ;   {runtime_call access_field_patching Runtime1 stub}
  0x000002a59026a2c0: 0b05 06e8 

  0x000002a59026a2c4: ; ImmutableOopMap {r9=Oop r8=Oop rax=Oop }
                      ;*getstatic INSTANCE {reexecute=1 rethrow=0 return_oop=0}
                      ; - (reexecute) jdk.internal.foreign.ResourceScopeImpl::checkValidState@34 (line 194)
                      ; - jdk.internal.misc.ScopedMemoryAccess::getByteInternal@5 (line 571)
                      ; - jdk.internal.misc.ScopedMemoryAccess::getByte@4 (line 561)
  0x000002a59026a2c4: b861 7eff | e9b3 fcff 

  0x000002a59026a2cc: ;   {runtime_call throw_null_pointer_exception Runtime1 stub}
  0x000002a59026a2cc: ffe8 4e19 

  0x000002a59026a2d0: ; ImmutableOopMap {r9=Oop r8=Oop rax=Oop }
                      ;*athrow {reexecute=1 rethrow=0 return_oop=0}
                      ; - (reexecute) jdk.internal.foreign.ResourceScopeImpl::checkValidState@37 (line 194)
                      ; - jdk.internal.misc.ScopedMemoryAccess::getByteInternal@5 (line 571)
                      ; - jdk.internal.misc.ScopedMemoryAccess::getByte@4 (line 561)
                      ;   {metadata(NULL)}
  0x000002a59026a2d0: 7eff 48ba | 0000 0000 | 0000 0000 | b800 0f05 

  0x000002a59026a2e0: ;   {runtime_call load_klass_patching Runtime1 stub}
  0x000002a59026a2e0: 0ae8 1a68 

  0x000002a59026a2e4: ; ImmutableOopMap {[128]=Oop [144]=Oop }
                      ;*new {reexecute=1 rethrow=0 return_oop=0}
                      ; - (reexecute) jdk.internal.foreign.ResourceScopeImpl::checkValidState@17 (line 191)
                      ; - jdk.internal.misc.ScopedMemoryAccess::getByteInternal@5 (line 571)
                      ; - jdk.internal.misc.ScopedMemoryAccess::getByte@4 (line 561)
  0x000002a59026a2e4: 7eff e9cd 

  0x000002a59026a2e8: ;   {runtime_call throw_null_pointer_exception Runtime1 stub}
  0x000002a59026a2e8: fcff ffe8 

  0x000002a59026a2ec: ; ImmutableOopMap {[128]=Oop [144]=Oop }
                      ;*new {reexecute=0 rethrow=0 return_oop=0}
                      ; - jdk.internal.foreign.ResourceScopeImpl::checkValidState@17 (line 191)
                      ; - jdk.internal.misc.ScopedMemoryAccess::getByteInternal@5 (line 571)
                      ; - jdk.internal.misc.ScopedMemoryAccess::getByte@4 (line 561)
  0x000002a59026a2ec: 3019 7eff 

  0x000002a59026a2f0: ;   {runtime_call fast_new_instance_init_check Runtime1 stub}
  0x000002a59026a2f0: 488b d2e8 

  0x000002a59026a2f4: ; ImmutableOopMap {[128]=Oop [144]=Oop }
                      ;*new {reexecute=0 rethrow=0 return_oop=0}
                      ; - jdk.internal.foreign.ResourceScopeImpl::checkValidState@17 (line 191)
                      ; - jdk.internal.misc.ScopedMemoryAccess::getByteInternal@5 (line 571)
                      ; - jdk.internal.misc.ScopedMemoryAccess::getByte@4 (line 561)
  0x000002a59026a2f4: 082b 7eff | e920 fdff 

  0x000002a59026a2fc: ;   {metadata({method} {0x000000080003def0} 'reachabilityFence' '(Ljava/lang/Object;)V' in 'java/lang/ref/Reference')}
  0x000002a59026a2fc: ff49 bae8 | de03 0008 | 0000 004c | 8954 2408 | 48c7 0424 | ffff ffff 

  0x000002a59026a314: ;   {runtime_call counter_overflow Runtime1 stub}
  0x000002a59026a314: e867 7e7e 

  0x000002a59026a318: ; ImmutableOopMap {rax=Oop }
                      ;*synchronization entry
                      ; - java.lang.ref.Reference::reachabilityFence@-1 (line 619)
                      ; - jdk.internal.misc.ScopedMemoryAccess::getByteInternal@30 (line 575)
                      ; - jdk.internal.misc.ScopedMemoryAccess::getByte@4 (line 561)
  0x000002a59026a318: ffe9 98fd 

  0x000002a59026a31c: ;   {metadata(NULL)}
  0x000002a59026a31c: ffff 48ba | 0000 0000 | 0000 0000 | b800 0f05 

  0x000002a59026a32c: ;   {runtime_call load_klass_patching Runtime1 stub}
  0x000002a59026a32c: 0ae8 ce67 

  0x000002a59026a330: ; ImmutableOopMap {}
                      ;*new {reexecute=1 rethrow=0 return_oop=0}
                      ; - (reexecute) jdk.internal.misc.ScopedMemoryAccess::getByte@10 (line 563)
  0x000002a59026a330: 7eff e9b1 

  0x000002a59026a334: ;   {runtime_call throw_null_pointer_exception Runtime1 stub}
  0x000002a59026a334: fdff ffe8 

  0x000002a59026a338: ; ImmutableOopMap {}
                      ;*new {reexecute=0 rethrow=0 return_oop=0}
                      ; - jdk.internal.misc.ScopedMemoryAccess::getByte@10 (line 563)
  0x000002a59026a338: e418 7eff 

  0x000002a59026a33c: ;   {runtime_call fast_new_instance_init_check Runtime1 stub}
  0x000002a59026a33c: 488b d2e8 

  0x000002a59026a340: ; ImmutableOopMap {}
                      ;*new {reexecute=0 rethrow=0 return_oop=0}
                      ; - jdk.internal.misc.ScopedMemoryAccess::getByte@10 (line 563)
  0x000002a59026a340: bc2a 7eff | e904 feff | ff90 9049 | 8b87 c803 | 0000 49c7 | 87c8 0300 | 0000 0000 | 0049 c787 
  0x000002a59026a360: d003 0000 | 0000 0000 | 4881 c4b0 | 0000 005d 

  0x000002a59026a370: ;   {runtime_call unwind_exception Runtime1 stub}
  0x000002a59026a370: e98b 3875 | fff4 f4f4 | f4f4 f4f4 | f4f4 f4f4 
[Stub Code]
  0x000002a59026a380: ;   {no_reloc}
  0x000002a59026a380: 0f1f 4400 

  0x000002a59026a384: ;   {static_stub}
  0x000002a59026a384: 0048 bb00 | 0000 0000 

  0x000002a59026a38c: ;   {runtime_call}
  0x000002a59026a38c: 0000 00e9 | fbff ffff 

  0x000002a59026a394: ;   {static_stub}
  0x000002a59026a394: 9048 bb00 | 0000 0000 

  0x000002a59026a39c: ;   {runtime_call}
  0x000002a59026a39c: 0000 00e9 | fbff ffff 
[Exception Handler]
  0x000002a59026a3a4: ;   {runtime_call handle_exception_from_callee Runtime1 stub}
  0x000002a59026a3a4: e857 417e 

  0x000002a59026a3a8: ;   {external_word}
  0x000002a59026a3a8: ff48 b9a0 | 304c 0efc | 7f00 0048 

  0x000002a59026a3b4: ;   {runtime_call}
  0x000002a59026a3b4: 83e4 f049 | bab0 ce19 | 0efc 7f00 | 0041 ffd2 

  0x000002a59026a3c4: ;   {section_word}
  0x000002a59026a3c4: f449 bac5 | a326 90a5 | 0200 0041 

  0x000002a59026a3d0: ;   {runtime_call DeoptimizationBlob}
  0x000002a59026a3d0: 52e9 caba | 73ff f4f4 
[/MachCode]


---------------  P R O C E S S  ---------------

Threads class SMR info:
_java_thread_list=0x000002a5afde87c0, length=18, elements={
0x000002a588020f20, 0x000002a5ab718de0, 0x000002a5ab719690, 0x000002a5ab739850,
0x000002a5ab73a100, 0x000002a5ab73c9c0, 0x000002a5ab73d270, 0x000002a5ab742270,
0x000002a5ab742ca0, 0x000002a5ab743590, 0x000002a5ab7049b0, 0x000002a5af926980,
0x000002a5af8bdc90, 0x000002a5afa6f950, 0x000002a5af95e960, 0x000002a5afb36520,
0x000002a5afad6ed0, 0x000002a5b0100160
}

Java Threads: ( => current thread )
=>0x000002a588020f20 JavaThread "main" [_thread_in_Java, id=55628, stack(0x000000e533b00000,0x000000e533c00000)]
  0x000002a5ab718de0 JavaThread "Reference Handler" daemon [_thread_blocked, id=49084, stack(0x000000e534200000,0x000000e534300000)]
  0x000002a5ab719690 JavaThread "Finalizer" daemon [_thread_blocked, id=4228, stack(0x000000e534300000,0x000000e534400000)]
  0x000002a5ab739850 JavaThread "Signal Dispatcher" daemon [_thread_blocked, id=32128, stack(0x000000e534400000,0x000000e534500000)]
  0x000002a5ab73a100 JavaThread "Attach Listener" daemon [_thread_blocked, id=35116, stack(0x000000e534500000,0x000000e534600000)]
  0x000002a5ab73c9c0 JavaThread "Service Thread" daemon [_thread_blocked, id=53836, stack(0x000000e534600000,0x000000e534700000)]
  0x000002a5ab73d270 JavaThread "Monitor Deflation Thread" daemon [_thread_blocked, id=55244, stack(0x000000e534700000,0x000000e534800000)]
  0x000002a5ab742270 JavaThread "C2 CompilerThread0" daemon [_thread_blocked, id=52580, stack(0x000000e534800000,0x000000e534900000)]
  0x000002a5ab742ca0 JavaThread "C1 CompilerThread0" daemon [_thread_blocked, id=54032, stack(0x000000e534900000,0x000000e534a00000)]
  0x000002a5ab743590 JavaThread "Sweeper thread" daemon [_thread_blocked, id=40288, stack(0x000000e534a00000,0x000000e534b00000)]
  0x000002a5ab7049b0 JavaThread "Common-Cleaner" daemon [_thread_blocked, id=49132, stack(0x000000e534b00000,0x000000e534c00000)]
  0x000002a5af926980 JavaThread "C1 CompilerThread1" daemon [_thread_blocked, id=54192, stack(0x000000e534c00000,0x000000e534d00000)]
  0x000002a5af8bdc90 JavaThread "C1 CompilerThread2" daemon [_thread_blocked, id=56188, stack(0x000000e534d00000,0x000000e534e00000)]
  0x000002a5afa6f950 JavaThread "Monitor Ctrl-Break" daemon [_thread_in_native, id=53768, stack(0x000000e534e00000,0x000000e534f00000)]
  0x000002a5af95e960 JavaThread "Notification Thread" daemon [_thread_blocked, id=48316, stack(0x000000e534f00000,0x000000e535000000)]
  0x000002a5afb36520 JavaThread "C2 CompilerThread1" daemon [_thread_blocked, id=43564, stack(0x000000e535100000,0x000000e535200000)]
  0x000002a5afad6ed0 JavaThread "C2 CompilerThread2" daemon [_thread_blocked, id=55504, stack(0x000000e535200000,0x000000e535300000)]
  0x000002a5b0100160 JavaThread "C2 CompilerThread3" daemon [_thread_blocked, id=48668, stack(0x000000e535300000,0x000000e535400000)]

Other Threads:
  0x000002a5ab716030 VMThread "VM Thread" [stack: 0x000000e534100000,0x000000e534200000] [id=55460]
  0x000002a588021ec0 WatcherThread "VM Periodic Task Thread" [stack: 0x000000e535000000,0x000000e535100000] [id=45888]
  0x000002a5880946d0 WorkerThread "GC Thread#0" [stack: 0x000000e533c00000,0x000000e533d00000] [id=49188]
  0x000002a5880a6170 ConcurrentGCThread "G1 Main Marker" [stack: 0x000000e533d00000,0x000000e533e00000] [id=46172]
  0x000002a5880a6a70 WorkerThread "G1 Conc#0" [stack: 0x000000e533e00000,0x000000e533f00000] [id=31784]
  0x000002a5ab5d1170 ConcurrentGCThread "G1 Refine#0" [stack: 0x000000e533f00000,0x000000e534000000] [id=48872]
  0x000002a5ab5d1830 ConcurrentGCThread "G1 Service" [stack: 0x000000e534000000,0x000000e534100000] [id=52516]

Threads with active compile tasks:

VM state: not at safepoint (normal execution)

VM Mutex/Monitor currently owned by a thread: None

Heap address: 0x0000000703a00000, size: 4038 MB, Compressed Oops mode: Zero based, Oop shift amount: 3

CDS archive(s) mapped at: [0x0000000800000000-0x0000000800b90000-0x0000000800b90000), size 12124160, SharedBaseAddress: 0x0000000800000000, ArchiveRelocationMode: 0.
Compressed class space mapped at: 0x0000000800c00000-0x0000000840c00000, reserved size: 1073741824
Narrow klass base: 0x0000000800000000, Narrow klass shift: 0, Narrow klass range: 0x100000000

GC Precious Log:
 CardTable entry size: 512
 Card Set container configuration: InlinePtr #cards 4 size 8 Array Of Cards #cards 16 size 48 Howl #buckets 8 coarsen threshold 3686 Howl Bitmap #cards 512 size 80 coarsen threshold 460 Card regions per heap region 1 cards per card region 4096
 CPUs: 16 total, 16 available
 Memory: 16151M
 Large Page Support: Disabled
 NUMA Support: Disabled
 Compressed Oops: Enabled (Zero based)
 Heap Region Size: 2M
 Heap Min Capacity: 8M
 Heap Initial Capacity: 254M
 Heap Max Capacity: 4038M
 Pre-touch: Disabled
 Parallel Workers: 13
 Concurrent Workers: 3
 Concurrent Refinement Workers: 13
 Periodic GC: Disabled

Heap:
 garbage-first heap   total 260096K, used 18432K [0x0000000703a00000, 0x0000000800000000)
  region size 2048K, 10 young (20480K), 0 survivors (0K)
 Metaspace       used 4406K, committed 5376K, reserved 1114112K
  class space    used 639K, committed 1088K, reserved 1048576K

Heap Regions: E=young(eden), S=young(survivor), O=old, HS=humongous(starts), HC=humongous(continues), CS=collection set, F=free, OA=open archive, CA=closed archive, TAMS=top-at-mark-start (previous, next)
|   0|0x0000000703a00000, 0x0000000703a00000, 0x0000000703c00000|  0%| F|  |TAMS 0x0000000703a00000, 0x0000000703a00000| Untracked 
|   1|0x0000000703c00000, 0x0000000703c00000, 0x0000000703e00000|  0%| F|  |TAMS 0x0000000703c00000, 0x0000000703c00000| Untracked 
|   2|0x0000000703e00000, 0x0000000703e00000, 0x0000000704000000|  0%| F|  |TAMS 0x0000000703e00000, 0x0000000703e00000| Untracked 
|   3|0x0000000704000000, 0x0000000704000000, 0x0000000704200000|  0%| F|  |TAMS 0x0000000704000000, 0x0000000704000000| Untracked 
|   4|0x0000000704200000, 0x0000000704200000, 0x0000000704400000|  0%| F|  |TAMS 0x0000000704200000, 0x0000000704200000| Untracked 
|   5|0x0000000704400000, 0x0000000704400000, 0x0000000704600000|  0%| F|  |TAMS 0x0000000704400000, 0x0000000704400000| Untracked 
|   6|0x0000000704600000, 0x0000000704600000, 0x0000000704800000|  0%| F|  |TAMS 0x0000000704600000, 0x0000000704600000| Untracked 
|   7|0x0000000704800000, 0x0000000704800000, 0x0000000704a00000|  0%| F|  |TAMS 0x0000000704800000, 0x0000000704800000| Untracked 
|   8|0x0000000704a00000, 0x0000000704a00000, 0x0000000704c00000|  0%| F|  |TAMS 0x0000000704a00000, 0x0000000704a00000| Untracked 
|   9|0x0000000704c00000, 0x0000000704c00000, 0x0000000704e00000|  0%| F|  |TAMS 0x0000000704c00000, 0x0000000704c00000| Untracked 
|  10|0x0000000704e00000, 0x0000000704e00000, 0x0000000705000000|  0%| F|  |TAMS 0x0000000704e00000, 0x0000000704e00000| Untracked 
|  11|0x0000000705000000, 0x0000000705000000, 0x0000000705200000|  0%| F|  |TAMS 0x0000000705000000, 0x0000000705000000| Untracked 
|  12|0x0000000705200000, 0x0000000705200000, 0x0000000705400000|  0%| F|  |TAMS 0x0000000705200000, 0x0000000705200000| Untracked 
|  13|0x0000000705400000, 0x0000000705400000, 0x0000000705600000|  0%| F|  |TAMS 0x0000000705400000, 0x0000000705400000| Untracked 
|  14|0x0000000705600000, 0x0000000705600000, 0x0000000705800000|  0%| F|  |TAMS 0x0000000705600000, 0x0000000705600000| Untracked 
|  15|0x0000000705800000, 0x0000000705800000, 0x0000000705a00000|  0%| F|  |TAMS 0x0000000705800000, 0x0000000705800000| Untracked 
|  16|0x0000000705a00000, 0x0000000705a00000, 0x0000000705c00000|  0%| F|  |TAMS 0x0000000705a00000, 0x0000000705a00000| Untracked 
|  17|0x0000000705c00000, 0x0000000705c00000, 0x0000000705e00000|  0%| F|  |TAMS 0x0000000705c00000, 0x0000000705c00000| Untracked 
|  18|0x0000000705e00000, 0x0000000705e00000, 0x0000000706000000|  0%| F|  |TAMS 0x0000000705e00000, 0x0000000705e00000| Untracked 
|  19|0x0000000706000000, 0x0000000706000000, 0x0000000706200000|  0%| F|  |TAMS 0x0000000706000000, 0x0000000706000000| Untracked 
|  20|0x0000000706200000, 0x0000000706200000, 0x0000000706400000|  0%| F|  |TAMS 0x0000000706200000, 0x0000000706200000| Untracked 
|  21|0x0000000706400000, 0x0000000706400000, 0x0000000706600000|  0%| F|  |TAMS 0x0000000706400000, 0x0000000706400000| Untracked 
|  22|0x0000000706600000, 0x0000000706600000, 0x0000000706800000|  0%| F|  |TAMS 0x0000000706600000, 0x0000000706600000| Untracked 
|  23|0x0000000706800000, 0x0000000706800000, 0x0000000706a00000|  0%| F|  |TAMS 0x0000000706800000, 0x0000000706800000| Untracked 
|  24|0x0000000706a00000, 0x0000000706a00000, 0x0000000706c00000|  0%| F|  |TAMS 0x0000000706a00000, 0x0000000706a00000| Untracked 
|  25|0x0000000706c00000, 0x0000000706c00000, 0x0000000706e00000|  0%| F|  |TAMS 0x0000000706c00000, 0x0000000706c00000| Untracked 
|  26|0x0000000706e00000, 0x0000000706e00000, 0x0000000707000000|  0%| F|  |TAMS 0x0000000706e00000, 0x0000000706e00000| Untracked 
|  27|0x0000000707000000, 0x0000000707000000, 0x0000000707200000|  0%| F|  |TAMS 0x0000000707000000, 0x0000000707000000| Untracked 
|  28|0x0000000707200000, 0x0000000707200000, 0x0000000707400000|  0%| F|  |TAMS 0x0000000707200000, 0x0000000707200000| Untracked 
|  29|0x0000000707400000, 0x0000000707400000, 0x0000000707600000|  0%| F|  |TAMS 0x0000000707400000, 0x0000000707400000| Untracked 
|  30|0x0000000707600000, 0x0000000707600000, 0x0000000707800000|  0%| F|  |TAMS 0x0000000707600000, 0x0000000707600000| Untracked 
|  31|0x0000000707800000, 0x0000000707800000, 0x0000000707a00000|  0%| F|  |TAMS 0x0000000707800000, 0x0000000707800000| Untracked 
|  32|0x0000000707a00000, 0x0000000707a00000, 0x0000000707c00000|  0%| F|  |TAMS 0x0000000707a00000, 0x0000000707a00000| Untracked 
|  33|0x0000000707c00000, 0x0000000707c00000, 0x0000000707e00000|  0%| F|  |TAMS 0x0000000707c00000, 0x0000000707c00000| Untracked 
|  34|0x0000000707e00000, 0x0000000707e00000, 0x0000000708000000|  0%| F|  |TAMS 0x0000000707e00000, 0x0000000707e00000| Untracked 
|  35|0x0000000708000000, 0x0000000708000000, 0x0000000708200000|  0%| F|  |TAMS 0x0000000708000000, 0x0000000708000000| Untracked 
|  36|0x0000000708200000, 0x0000000708200000, 0x0000000708400000|  0%| F|  |TAMS 0x0000000708200000, 0x0000000708200000| Untracked 
|  37|0x0000000708400000, 0x0000000708400000, 0x0000000708600000|  0%| F|  |TAMS 0x0000000708400000, 0x0000000708400000| Untracked 
|  38|0x0000000708600000, 0x0000000708600000, 0x0000000708800000|  0%| F|  |TAMS 0x0000000708600000, 0x0000000708600000| Untracked 
|  39|0x0000000708800000, 0x0000000708800000, 0x0000000708a00000|  0%| F|  |TAMS 0x0000000708800000, 0x0000000708800000| Untracked 
|  40|0x0000000708a00000, 0x0000000708a00000, 0x0000000708c00000|  0%| F|  |TAMS 0x0000000708a00000, 0x0000000708a00000| Untracked 
|  41|0x0000000708c00000, 0x0000000708c00000, 0x0000000708e00000|  0%| F|  |TAMS 0x0000000708c00000, 0x0000000708c00000| Untracked 
|  42|0x0000000708e00000, 0x0000000708e00000, 0x0000000709000000|  0%| F|  |TAMS 0x0000000708e00000, 0x0000000708e00000| Untracked 
|  43|0x0000000709000000, 0x0000000709000000, 0x0000000709200000|  0%| F|  |TAMS 0x0000000709000000, 0x0000000709000000| Untracked 
|  44|0x0000000709200000, 0x0000000709200000, 0x0000000709400000|  0%| F|  |TAMS 0x0000000709200000, 0x0000000709200000| Untracked 
|  45|0x0000000709400000, 0x0000000709400000, 0x0000000709600000|  0%| F|  |TAMS 0x0000000709400000, 0x0000000709400000| Untracked 
|  46|0x0000000709600000, 0x0000000709600000, 0x0000000709800000|  0%| F|  |TAMS 0x0000000709600000, 0x0000000709600000| Untracked 
|  47|0x0000000709800000, 0x0000000709800000, 0x0000000709a00000|  0%| F|  |TAMS 0x0000000709800000, 0x0000000709800000| Untracked 
|  48|0x0000000709a00000, 0x0000000709a00000, 0x0000000709c00000|  0%| F|  |TAMS 0x0000000709a00000, 0x0000000709a00000| Untracked 
|  49|0x0000000709c00000, 0x0000000709c00000, 0x0000000709e00000|  0%| F|  |TAMS 0x0000000709c00000, 0x0000000709c00000| Untracked 
|  50|0x0000000709e00000, 0x0000000709e00000, 0x000000070a000000|  0%| F|  |TAMS 0x0000000709e00000, 0x0000000709e00000| Untracked 
|  51|0x000000070a000000, 0x000000070a000000, 0x000000070a200000|  0%| F|  |TAMS 0x000000070a000000, 0x000000070a000000| Untracked 
|  52|0x000000070a200000, 0x000000070a200000, 0x000000070a400000|  0%| F|  |TAMS 0x000000070a200000, 0x000000070a200000| Untracked 
|  53|0x000000070a400000, 0x000000070a400000, 0x000000070a600000|  0%| F|  |TAMS 0x000000070a400000, 0x000000070a400000| Untracked 
|  54|0x000000070a600000, 0x000000070a600000, 0x000000070a800000|  0%| F|  |TAMS 0x000000070a600000, 0x000000070a600000| Untracked 
|  55|0x000000070a800000, 0x000000070a800000, 0x000000070aa00000|  0%| F|  |TAMS 0x000000070a800000, 0x000000070a800000| Untracked 
|  56|0x000000070aa00000, 0x000000070aa00000, 0x000000070ac00000|  0%| F|  |TAMS 0x000000070aa00000, 0x000000070aa00000| Untracked 
|  57|0x000000070ac00000, 0x000000070ac00000, 0x000000070ae00000|  0%| F|  |TAMS 0x000000070ac00000, 0x000000070ac00000| Untracked 
|  58|0x000000070ae00000, 0x000000070ae00000, 0x000000070b000000|  0%| F|  |TAMS 0x000000070ae00000, 0x000000070ae00000| Untracked 
|  59|0x000000070b000000, 0x000000070b000000, 0x000000070b200000|  0%| F|  |TAMS 0x000000070b000000, 0x000000070b000000| Untracked 
|  60|0x000000070b200000, 0x000000070b200000, 0x000000070b400000|  0%| F|  |TAMS 0x000000070b200000, 0x000000070b200000| Untracked 
|  61|0x000000070b400000, 0x000000070b400000, 0x000000070b600000|  0%| F|  |TAMS 0x000000070b400000, 0x000000070b400000| Untracked 
|  62|0x000000070b600000, 0x000000070b600000, 0x000000070b800000|  0%| F|  |TAMS 0x000000070b600000, 0x000000070b600000| Untracked 
|  63|0x000000070b800000, 0x000000070b800000, 0x000000070ba00000|  0%| F|  |TAMS 0x000000070b800000, 0x000000070b800000| Untracked 
|  64|0x000000070ba00000, 0x000000070ba00000, 0x000000070bc00000|  0%| F|  |TAMS 0x000000070ba00000, 0x000000070ba00000| Untracked 
|  65|0x000000070bc00000, 0x000000070bc00000, 0x000000070be00000|  0%| F|  |TAMS 0x000000070bc00000, 0x000000070bc00000| Untracked 
|  66|0x000000070be00000, 0x000000070be00000, 0x000000070c000000|  0%| F|  |TAMS 0x000000070be00000, 0x000000070be00000| Untracked 
|  67|0x000000070c000000, 0x000000070c000000, 0x000000070c200000|  0%| F|  |TAMS 0x000000070c000000, 0x000000070c000000| Untracked 
|  68|0x000000070c200000, 0x000000070c200000, 0x000000070c400000|  0%| F|  |TAMS 0x000000070c200000, 0x000000070c200000| Untracked 
|  69|0x000000070c400000, 0x000000070c400000, 0x000000070c600000|  0%| F|  |TAMS 0x000000070c400000, 0x000000070c400000| Untracked 
|  70|0x000000070c600000, 0x000000070c600000, 0x000000070c800000|  0%| F|  |TAMS 0x000000070c600000, 0x000000070c600000| Untracked 
|  71|0x000000070c800000, 0x000000070c800000, 0x000000070ca00000|  0%| F|  |TAMS 0x000000070c800000, 0x000000070c800000| Untracked 
|  72|0x000000070ca00000, 0x000000070ca00000, 0x000000070cc00000|  0%| F|  |TAMS 0x000000070ca00000, 0x000000070ca00000| Untracked 
|  73|0x000000070cc00000, 0x000000070cc00000, 0x000000070ce00000|  0%| F|  |TAMS 0x000000070cc00000, 0x000000070cc00000| Untracked 
|  74|0x000000070ce00000, 0x000000070ce00000, 0x000000070d000000|  0%| F|  |TAMS 0x000000070ce00000, 0x000000070ce00000| Untracked 
|  75|0x000000070d000000, 0x000000070d000000, 0x000000070d200000|  0%| F|  |TAMS 0x000000070d000000, 0x000000070d000000| Untracked 
|  76|0x000000070d200000, 0x000000070d200000, 0x000000070d400000|  0%| F|  |TAMS 0x000000070d200000, 0x000000070d200000| Untracked 
|  77|0x000000070d400000, 0x000000070d400000, 0x000000070d600000|  0%| F|  |TAMS 0x000000070d400000, 0x000000070d400000| Untracked 
|  78|0x000000070d600000, 0x000000070d600000, 0x000000070d800000|  0%| F|  |TAMS 0x000000070d600000, 0x000000070d600000| Untracked 
|  79|0x000000070d800000, 0x000000070d800000, 0x000000070da00000|  0%| F|  |TAMS 0x000000070d800000, 0x000000070d800000| Untracked 
|  80|0x000000070da00000, 0x000000070da00000, 0x000000070dc00000|  0%| F|  |TAMS 0x000000070da00000, 0x000000070da00000| Untracked 
|  81|0x000000070dc00000, 0x000000070dc00000, 0x000000070de00000|  0%| F|  |TAMS 0x000000070dc00000, 0x000000070dc00000| Untracked 
|  82|0x000000070de00000, 0x000000070de00000, 0x000000070e000000|  0%| F|  |TAMS 0x000000070de00000, 0x000000070de00000| Untracked 
|  83|0x000000070e000000, 0x000000070e000000, 0x000000070e200000|  0%| F|  |TAMS 0x000000070e000000, 0x000000070e000000| Untracked 
|  84|0x000000070e200000, 0x000000070e200000, 0x000000070e400000|  0%| F|  |TAMS 0x000000070e200000, 0x000000070e200000| Untracked 
|  85|0x000000070e400000, 0x000000070e400000, 0x000000070e600000|  0%| F|  |TAMS 0x000000070e400000, 0x000000070e400000| Untracked 
|  86|0x000000070e600000, 0x000000070e600000, 0x000000070e800000|  0%| F|  |TAMS 0x000000070e600000, 0x000000070e600000| Untracked 
|  87|0x000000070e800000, 0x000000070e800000, 0x000000070ea00000|  0%| F|  |TAMS 0x000000070e800000, 0x000000070e800000| Untracked 
|  88|0x000000070ea00000, 0x000000070ea00000, 0x000000070ec00000|  0%| F|  |TAMS 0x000000070ea00000, 0x000000070ea00000| Untracked 
|  89|0x000000070ec00000, 0x000000070ec00000, 0x000000070ee00000|  0%| F|  |TAMS 0x000000070ec00000, 0x000000070ec00000| Untracked 
|  90|0x000000070ee00000, 0x000000070ee00000, 0x000000070f000000|  0%| F|  |TAMS 0x000000070ee00000, 0x000000070ee00000| Untracked 
|  91|0x000000070f000000, 0x000000070f000000, 0x000000070f200000|  0%| F|  |TAMS 0x000000070f000000, 0x000000070f000000| Untracked 
|  92|0x000000070f200000, 0x000000070f200000, 0x000000070f400000|  0%| F|  |TAMS 0x000000070f200000, 0x000000070f200000| Untracked 
|  93|0x000000070f400000, 0x000000070f400000, 0x000000070f600000|  0%| F|  |TAMS 0x000000070f400000, 0x000000070f400000| Untracked 
|  94|0x000000070f600000, 0x000000070f600000, 0x000000070f800000|  0%| F|  |TAMS 0x000000070f600000, 0x000000070f600000| Untracked 
|  95|0x000000070f800000, 0x000000070f800000, 0x000000070fa00000|  0%| F|  |TAMS 0x000000070f800000, 0x000000070f800000| Untracked 
|  96|0x000000070fa00000, 0x000000070fa00000, 0x000000070fc00000|  0%| F|  |TAMS 0x000000070fa00000, 0x000000070fa00000| Untracked 
|  97|0x000000070fc00000, 0x000000070fc00000, 0x000000070fe00000|  0%| F|  |TAMS 0x000000070fc00000, 0x000000070fc00000| Untracked 
|  98|0x000000070fe00000, 0x000000070fe00000, 0x0000000710000000|  0%| F|  |TAMS 0x000000070fe00000, 0x000000070fe00000| Untracked 
|  99|0x0000000710000000, 0x0000000710000000, 0x0000000710200000|  0%| F|  |TAMS 0x0000000710000000, 0x0000000710000000| Untracked 
| 100|0x0000000710200000, 0x0000000710200000, 0x0000000710400000|  0%| F|  |TAMS 0x0000000710200000, 0x0000000710200000| Untracked 
| 101|0x0000000710400000, 0x0000000710400000, 0x0000000710600000|  0%| F|  |TAMS 0x0000000710400000, 0x0000000710400000| Untracked 
| 102|0x0000000710600000, 0x0000000710600000, 0x0000000710800000|  0%| F|  |TAMS 0x0000000710600000, 0x0000000710600000| Untracked 
| 103|0x0000000710800000, 0x0000000710800000, 0x0000000710a00000|  0%| F|  |TAMS 0x0000000710800000, 0x0000000710800000| Untracked 
| 104|0x0000000710a00000, 0x0000000710a00000, 0x0000000710c00000|  0%| F|  |TAMS 0x0000000710a00000, 0x0000000710a00000| Untracked 
| 105|0x0000000710c00000, 0x0000000710c00000, 0x0000000710e00000|  0%| F|  |TAMS 0x0000000710c00000, 0x0000000710c00000| Untracked 
| 106|0x0000000710e00000, 0x0000000710e00000, 0x0000000711000000|  0%| F|  |TAMS 0x0000000710e00000, 0x0000000710e00000| Untracked 
| 107|0x0000000711000000, 0x0000000711000000, 0x0000000711200000|  0%| F|  |TAMS 0x0000000711000000, 0x0000000711000000| Untracked 
| 108|0x0000000711200000, 0x0000000711200000, 0x0000000711400000|  0%| F|  |TAMS 0x0000000711200000, 0x0000000711200000| Untracked 
| 109|0x0000000711400000, 0x0000000711400000, 0x0000000711600000|  0%| F|  |TAMS 0x0000000711400000, 0x0000000711400000| Untracked 
| 110|0x0000000711600000, 0x0000000711600000, 0x0000000711800000|  0%| F|  |TAMS 0x0000000711600000, 0x0000000711600000| Untracked 
| 111|0x0000000711800000, 0x0000000711800000, 0x0000000711a00000|  0%| F|  |TAMS 0x0000000711800000, 0x0000000711800000| Untracked 
| 112|0x0000000711a00000, 0x0000000711a00000, 0x0000000711c00000|  0%| F|  |TAMS 0x0000000711a00000, 0x0000000711a00000| Untracked 
| 113|0x0000000711c00000, 0x0000000711c00000, 0x0000000711e00000|  0%| F|  |TAMS 0x0000000711c00000, 0x0000000711c00000| Untracked 
| 114|0x0000000711e00000, 0x0000000711e00000, 0x0000000712000000|  0%| F|  |TAMS 0x0000000711e00000, 0x0000000711e00000| Untracked 
| 115|0x0000000712000000, 0x0000000712000000, 0x0000000712200000|  0%| F|  |TAMS 0x0000000712000000, 0x0000000712000000| Untracked 
| 116|0x0000000712200000, 0x0000000712200000, 0x0000000712400000|  0%| F|  |TAMS 0x0000000712200000, 0x0000000712200000| Untracked 
| 117|0x0000000712400000, 0x00000007124e2490, 0x0000000712600000| 44%| E|  |TAMS 0x0000000712400000, 0x0000000712400000| Complete 
| 118|0x0000000712600000, 0x0000000712800000, 0x0000000712800000|100%| E|CS|TAMS 0x0000000712600000, 0x0000000712600000| Complete 
| 119|0x0000000712800000, 0x0000000712a00000, 0x0000000712a00000|100%| E|CS|TAMS 0x0000000712800000, 0x0000000712800000| Complete 
| 120|0x0000000712a00000, 0x0000000712c00000, 0x0000000712c00000|100%| E|CS|TAMS 0x0000000712a00000, 0x0000000712a00000| Complete 
| 121|0x0000000712c00000, 0x0000000712e00000, 0x0000000712e00000|100%| E|CS|TAMS 0x0000000712c00000, 0x0000000712c00000| Complete 
| 122|0x0000000712e00000, 0x0000000713000000, 0x0000000713000000|100%| E|CS|TAMS 0x0000000712e00000, 0x0000000712e00000| Complete 
| 123|0x0000000713000000, 0x0000000713200000, 0x0000000713200000|100%| E|CS|TAMS 0x0000000713000000, 0x0000000713000000| Complete 
| 124|0x0000000713200000, 0x0000000713400000, 0x0000000713400000|100%| E|CS|TAMS 0x0000000713200000, 0x0000000713200000| Complete 
| 125|0x0000000713400000, 0x0000000713600000, 0x0000000713600000|100%| E|CS|TAMS 0x0000000713400000, 0x0000000713400000| Complete 
| 126|0x0000000713600000, 0x0000000713800000, 0x0000000713800000|100%| E|CS|TAMS 0x0000000713600000, 0x0000000713600000| Complete 

Card table byte_map: [0x000002a59f9c0000,0x000002a5a01b0000] _byte_map_base: 0x000002a59c1a3000

Marking Bits (Prev, Next): (CMBitMap*) 0x000002a588095bf0, (CMBitMap*) 0x000002a588095c30
 Prev Bits: [0x000002a5a09a0000, 0x000002a5a48b8000)
 Next Bits: [0x000002a5a48c0000, 0x000002a5a87d8000)

Polling page: 0x000002a585dd0000

Metaspace:

Usage:
  Non-class:      3.68 MB used.
      Class:    639.53 KB used.
       Both:      4.30 MB used.

Virtual space:
  Non-class space:       64.00 MB reserved,       4.19 MB (  7%) committed,  1 nodes.
      Class space:        1.00 GB reserved,       1.06 MB ( <1%) committed,  1 nodes.
             Both:        1.06 GB reserved,       5.25 MB ( <1%) committed. 

Chunk freelists:
   Non-Class:  2.39 MB
       Class:  2.97 MB
        Both:  5.37 MB

MaxMetaspaceSize: unlimited
CompressedClassSpaceSize: 1.00 GB
Initial GC threshold: 21.00 MB
Current GC threshold: 21.00 MB
CDS: on
MetaspaceReclaimPolicy: balanced
 - commit_granule_bytes: 65536.
 - commit_granule_words: 8192.
 - virtual_space_node_default_size: 8388608.
 - enlarge_chunks_in_place: 1.
 - new_chunks_are_fully_committed: 0.
 - uncommit_free_chunks: 1.
 - use_allocation_guard: 0.


Internal statistics:

num_allocs_failed_limit: 0.
num_arena_births: 1528.
num_arena_deaths: 0.
num_vsnodes_births: 2.
num_vsnodes_deaths: 0.
num_space_committed: 84.
num_space_uncommitted: 0.
num_chunks_returned_to_freelist: 0.
num_chunks_taken_from_freelist: 1961.
num_chunk_merges: 0.
num_chunk_splits: 1149.
num_chunks_enlarged: 348.
num_inconsistent_stats: 0.

CodeHeap 'non-profiled nmethods': size=119168Kb used=665Kb max_used=665Kb free=118502Kb
 bounds [0x000002a5974f0000, 0x000002a597760000, 0x000002a59e950000]
CodeHeap 'profiled nmethods': size=119104Kb used=2046Kb max_used=2046Kb free=117057Kb
 bounds [0x000002a5900a0000, 0x000002a590310000, 0x000002a5974f0000]
CodeHeap 'non-nmethods': size=7488Kb used=2435Kb max_used=2480Kb free=5052Kb
 bounds [0x000002a58f950000, 0x000002a58fbc0000, 0x000002a5900a0000]
 total_blobs=2058 nmethods=1448 adapters=519
 compilation: enabled
              stopped_count=0, restarted_count=0
 full_count=0

Compilation events (20 events):
Event: 0.393 Thread 0x000002a5af8bdc90 1433       3       java.lang.String::isLatin1 (19 bytes)
Event: 0.393 Thread 0x000002a5af8bdc90 nmethod 1433 0x000002a590290a90 code [0x000002a590290c20, 0x000002a590290d98]
Event: 0.393 Thread 0x000002a5af8bdc90 1434       3       java.nio.ByteBuffer::position (8 bytes)
Event: 0.393 Thread 0x000002a5ab742ca0 1435       1       java.nio.Buffer::capacity (5 bytes)
Event: 0.393 Thread 0x000002a5af926980 1436       3       java.util.Optional::of (12 bytes)
Event: 0.393 Thread 0x000002a5ab742ca0 nmethod 1435 0x000002a597590890 code [0x000002a597590a20, 0x000002a597590af8]
Event: 0.393 Thread 0x000002a5af8bdc90 nmethod 1434 0x000002a590290e10 code [0x000002a590290fa0, 0x000002a5902910e8]
Event: 0.393 Thread 0x000002a5af926980 nmethod 1436 0x000002a590291190 code [0x000002a590291360, 0x000002a590291728]
Event: 0.394 Thread 0x000002a5af926980 1437       3       jdk.internal.org.objectweb.asm.Frame::execute (2305 bytes)
Event: 0.394 Thread 0x000002a5ab742ca0 1440       3       jdk.internal.org.objectweb.asm.Frame::getAbstractTypeFromDescriptor (415 bytes)
Event: 0.395 Thread 0x000002a5b0100160 1443       4       jdk.internal.org.objectweb.asm.SymbolTable::addConstantMemberReference (147 bytes)
Event: 0.395 Thread 0x000002a5af8bdc90 1444       3       java.lang.invoke.InvokerBytecodeGenerator::emitPushArgument (150 bytes)
Event: 0.395 Thread 0x000002a5ab742ca0 nmethod 1440 0x000002a590291890 code [0x000002a590291c20, 0x000002a5902937f8]
Event: 0.395 Thread 0x000002a5ab742ca0 1445       3       java.lang.invoke.ClassSpecializer$Factory$1Var::slotSize (8 bytes)
Event: 0.395 Thread 0x000002a5ab742270 1446       4       jdk.internal.org.objectweb.asm.Type::getTypeInternal (199 bytes)
Event: 0.395 Thread 0x000002a5af8bdc90 nmethod 1444 0x000002a590294110 code [0x000002a5902943e0, 0x000002a5902952e8]
Event: 0.395 Thread 0x000002a5ab742ca0 nmethod 1445 0x000002a590295710 code [0x000002a5902958c0, 0x000002a590295ab8]
Event: 0.396 Thread 0x000002a5ab742ca0 1448       3       java.lang.invoke.DirectMethodHandle::make (21 bytes)
Event: 0.396 Thread 0x000002a5ab742ca0 nmethod 1448 0x000002a590295c10 code [0x000002a590295dc0, 0x000002a590295fa8]
Event: 0.396 Thread 0x000002a5afad6ed0 nmethod 1429 0x000002a597591a90 code [0x000002a597591c80, 0x000002a597592330]

GC Heap History (0 events):
No events

Deoptimization events (20 events):
Event: 0.375 Thread 0x000002a588020f20 Uncommon trap: trap_request=0xffffff45 fr.pc=0x000002a5974f8ddc relative=0x000000000000005c
Event: 0.375 Thread 0x000002a588020f20 Uncommon trap: reason=unstable_if action=reinterpret pc=0x000002a5974f8ddc method=java.lang.String.isLatin1()Z @ 10 c2
Event: 0.375 Thread 0x000002a588020f20 DEOPT PACKING pc=0x000002a5974f8ddc sp=0x000000e533bfea90
Event: 0.375 Thread 0x000002a588020f20 DEOPT UNPACKING pc=0x000002a58f9a5c23 sp=0x000000e533bfea20 mode 2
Event: 0.386 Thread 0x000002a588020f20 Uncommon trap: trap_request=0xffffff45 fr.pc=0x000002a5975791b8 relative=0x0000000000001b38
Event: 0.386 Thread 0x000002a588020f20 Uncommon trap: reason=unstable_if action=reinterpret pc=0x000002a5975791b8 method=java.lang.invoke.InvokerBytecodeGenerator.getInternalName(Ljava/lang/Class;)Ljava/lang/String; @ 24 c2
Event: 0.386 Thread 0x000002a588020f20 DEOPT PACKING pc=0x000002a5975791b8 sp=0x000000e533bfcd80
Event: 0.386 Thread 0x000002a588020f20 DEOPT UNPACKING pc=0x000002a58f9a5c23 sp=0x000000e533bfcc10 mode 2
Event: 0.386 Thread 0x000002a588020f20 Uncommon trap: trap_request=0xffffff45 fr.pc=0x000002a597571420 relative=0x00000000000007a0
Event: 0.386 Thread 0x000002a588020f20 Uncommon trap: reason=unstable_if action=reinterpret pc=0x000002a597571420 method=jdk.internal.org.objectweb.asm.Frame.getAbstractTypeFromDescriptor(Ljdk/internal/org/objectweb/asm/SymbolTable;Ljava/lang/String;I)I @ 5 c2
Event: 0.386 Thread 0x000002a588020f20 DEOPT PACKING pc=0x000002a597571420 sp=0x000000e533bfccb0
Event: 0.386 Thread 0x000002a588020f20 DEOPT UNPACKING pc=0x000002a58f9a5c23 sp=0x000000e533bfcc70 mode 2
Event: 0.386 Thread 0x000002a588020f20 Uncommon trap: trap_request=0xffffff45 fr.pc=0x000002a59757491c relative=0x000000000000105c
Event: 0.386 Thread 0x000002a588020f20 Uncommon trap: reason=unstable_if action=reinterpret pc=0x000002a59757491c method=jdk.internal.org.objectweb.asm.Frame.execute(IILjdk/internal/org/objectweb/asm/Symbol;Ljdk/internal/org/objectweb/asm/SymbolTable;)V @ 1 c2
Event: 0.386 Thread 0x000002a588020f20 DEOPT PACKING pc=0x000002a59757491c sp=0x000000e533bfcda0
Event: 0.386 Thread 0x000002a588020f20 DEOPT UNPACKING pc=0x000002a58f9a5c23 sp=0x000000e533bfcd50 mode 2
Event: 0.395 Thread 0x000002a588020f20 Uncommon trap: trap_request=0xffffff45 fr.pc=0x000002a59757ef6c relative=0x000000000000024c
Event: 0.395 Thread 0x000002a588020f20 Uncommon trap: reason=unstable_if action=reinterpret pc=0x000002a59757ef6c method=sun.invoke.util.VerifyType.isNullConversion(Ljava/lang/Class;Ljava/lang/Class;Z)Z @ 75 c2
Event: 0.395 Thread 0x000002a588020f20 DEOPT PACKING pc=0x000002a59757ef6c sp=0x000000e533bfecc0
Event: 0.395 Thread 0x000002a588020f20 DEOPT UNPACKING pc=0x000002a58f9a5c23 sp=0x000000e533bfec68 mode 2

Classes loaded (20 events):
Event: 0.384 Loading class jdk/internal/foreign/LayoutPath$PathElementImpl$PathKind
Event: 0.384 Loading class jdk/internal/foreign/LayoutPath$PathElementImpl$PathKind done
Event: 0.386 Loading class java/util/ArrayDeque$DeqSpliterator
Event: 0.386 Loading class java/util/ArrayDeque$DeqSpliterator done
Event: 0.386 Loading class java/util/stream/ReferencePipeline$4
Event: 0.386 Loading class java/util/stream/ReferencePipeline$4 done
Event: 0.387 Loading class java/util/stream/Nodes$IntFixedNodeBuilder
Event: 0.387 Loading class java/util/stream/Node$Builder$OfInt
Event: 0.387 Loading class java/util/stream/Node$Builder$OfInt done
Event: 0.387 Loading class java/util/stream/Nodes$IntArrayNode
Event: 0.387 Loading class java/util/stream/Nodes$IntArrayNode done
Event: 0.387 Loading class java/util/stream/Nodes$IntFixedNodeBuilder done
Event: 0.387 Loading class java/util/stream/ReferencePipeline$4$1
Event: 0.387 Loading class java/util/stream/ReferencePipeline$4$1 done
Event: 0.391 Loading class java/lang/invoke/MemoryAccessVarHandleShortHelper
Event: 0.391 Loading class java/lang/invoke/MemoryAccessVarHandleShortHelper done
Event: 0.394 Loading class java/lang/invoke/BoundMethodHandle$Species_LLLLJ
Event: 0.394 Loading class java/lang/invoke/BoundMethodHandle$Species_LLLLJ done
Event: 0.395 Loading class java/lang/invoke/BoundMethodHandle$Species_LLLLJL
Event: 0.395 Loading class java/lang/invoke/BoundMethodHandle$Species_LLLLJL done

Classes unloaded (0 events):
No events

Classes redefined (0 events):
No events

Internal exceptions (20 events):
Event: 0.362 Thread 0x000002a588020f20 Exception <a 'java/lang/NoSuchMethodError'{0x0000000712703398}: 'void java.lang.invoke.DelegatingMethodHandle$Holder.reinvoke_L(java.lang.Object, java.lang.Object, java.lang.Object, long, long)'> (0x0000000712703398) 
thrown [t:\workspace\open\src\hotspot\share\interpreter\linkResolver.cpp, line 766]
Event: 0.363 Thread 0x000002a588020f20 Exception <a 'java/lang/NoSuchMethodError'{0x0000000712715ea0}: 'java.lang.Object java.lang.invoke.DirectMethodHandle$Holder.invokeStatic(java.lang.Object, java.lang.Object, java.lang.Object, java.lang.Object, java.lang.Object, long)'> (0x0000000712715ea0) 
thrown [t:\workspace\open\src\hotspot\share\interpreter\linkResolver.cpp, line 766]
Event: 0.364 Thread 0x000002a588020f20 Exception <a 'java/lang/NoSuchMethodError'{0x000000071271fad8}: 'int java.lang.invoke.DirectMethodHandle$Holder.invokeStatic(java.lang.Object, java.lang.Object, java.lang.Object, long)'> (0x000000071271fad8) 
thrown [t:\workspace\open\src\hotspot\share\interpreter\linkResolver.cpp, line 766]
Event: 0.364 Thread 0x000002a588020f20 Exception <a 'java/lang/NoSuchMethodError'{0x0000000712723730}: 'int java.lang.invoke.DirectMethodHandle$Holder.invokeSpecial(java.lang.Object, java.lang.Object, java.lang.Object, java.lang.Object, long)'> (0x0000000712723730) 
thrown [t:\workspace\open\src\hotspot\share\interpreter\linkResolver.cpp, line 766]
Event: 0.364 Thread 0x000002a588020f20 Exception <a 'java/lang/NoSuchMethodError'{0x0000000712726eb8}: 'int java.lang.invoke.DelegatingMethodHandle$Holder.reinvoke_L(java.lang.Object, java.lang.Object, java.lang.Object, long)'> (0x0000000712726eb8) 
thrown [t:\workspace\open\src\hotspot\share\interpreter\linkResolver.cpp, line 766]
Event: 0.365 Thread 0x000002a588020f20 Exception <a 'java/lang/NoSuchMethodError'{0x000000071273a6b8}: 'long java.lang.invoke.DirectMethodHandle$Holder.invokeStatic(java.lang.Object, java.lang.Object, java.lang.Object, long)'> (0x000000071273a6b8) 
thrown [t:\workspace\open\src\hotspot\share\interpreter\linkResolver.cpp, line 766]
Event: 0.365 Thread 0x000002a588020f20 Exception <a 'java/lang/NoSuchMethodError'{0x000000071273e310}: 'long java.lang.invoke.DirectMethodHandle$Holder.invokeSpecial(java.lang.Object, java.lang.Object, java.lang.Object, java.lang.Object, long)'> (0x000000071273e310) 
thrown [t:\workspace\open\src\hotspot\share\interpreter\linkResolver.cpp, line 766]
Event: 0.365 Thread 0x000002a588020f20 Exception <a 'java/lang/NoSuchMethodError'{0x0000000712741a98}: 'long java.lang.invoke.DelegatingMethodHandle$Holder.reinvoke_L(java.lang.Object, java.lang.Object, java.lang.Object, long)'> (0x0000000712741a98) 
thrown [t:\workspace\open\src\hotspot\share\interpreter\linkResolver.cpp, line 766]
Event: 0.366 Thread 0x000002a588020f20 Exception <a 'java/lang/NoSuchMethodError'{0x000000071274c250}: 'void java.lang.invoke.Invokers$Holder.invoke_MT(java.lang.Object, java.lang.Object, java.lang.Object, java.lang.Object, java.lang.Object, java.lang.Object)'> (0x000000071274c250) 
thrown [t:\workspace\open\src\hotspot\share\interpreter\linkResolver.cpp, line 766]
Event: 0.377 Thread 0x000002a588020f20 Exception <a 'java/lang/NoSuchMethodError'{0x00000007127ba7f0}: 'void java.lang.invoke.DirectMethodHandle$Holder.invokeStatic(java.lang.Object, java.lang.Object, java.lang.Object, long, int)'> (0x00000007127ba7f0) 
thrown [t:\workspace\open\src\hotspot\share\interpreter\linkResolver.cpp, line 766]
Event: 0.378 Thread 0x000002a588020f20 Exception <a 'java/lang/NoSuchMethodError'{0x00000007127be050}: 'void java.lang.invoke.DelegatingMethodHandle$Holder.reinvoke_L(java.lang.Object, java.lang.Object, java.lang.Object, long, int)'> (0x00000007127be050) 
thrown [t:\workspace\open\src\hotspot\share\interpreter\linkResolver.cpp, line 766]
Event: 0.378 Thread 0x000002a588020f20 Exception <a 'java/lang/NoSuchMethodError'{0x00000007127c5968}: 'int java.lang.invoke.DirectMethodHandle$Holder.invokeSpecial(java.lang.Object, java.lang.Object, java.lang.Object, java.lang.Object, long, java.lang.Object)'> (0x00000007127c5968) 
thrown [t:\workspace\open\src\hotspot\share\interpreter\linkResolver.cpp, line 766]
Event: 0.379 Thread 0x000002a588020f20 Exception <a 'java/lang/NoSuchMethodError'{0x00000007127cd540}: 'int java.lang.invoke.DirectMethodHandle$Holder.invokeSpecial(java.lang.Object, java.lang.Object, java.lang.Object, long, long, int, int)'> (0x00000007127cd540) 
thrown [t:\workspace\open\src\hotspot\share\interpreter\linkResolver.cpp, line 766]
Event: 0.384 Thread 0x000002a588020f20 Exception <a 'java/lang/NoSuchMethodError'{0x00000007127f9350}: 'long java.lang.invoke.DirectMethodHandle$Holder.invokeSpecial(java.lang.Object, java.lang.Object, java.lang.Object, long, long, long)'> (0x00000007127f9350) 
thrown [t:\workspace\open\src\hotspot\share\interpreter\linkResolver.cpp, line 766]
Event: 0.385 Thread 0x000002a588020f20 Exception <a 'java/lang/NoSuchMethodError'{0x00000007127fcaa0}: 'long java.lang.invoke.DelegatingMethodHandle$Holder.reinvoke_L(java.lang.Object, java.lang.Object, long, long, long)'> (0x00000007127fcaa0) 
thrown [t:\workspace\open\src\hotspot\share\interpreter\linkResolver.cpp, line 766]
Event: 0.385 Thread 0x000002a588020f20 Exception <a 'java/lang/NoSuchMethodError'{0x000000071240a958}: 'java.lang.Object java.lang.invoke.DirectMethodHandle$Holder.invokeSpecial(java.lang.Object, java.lang.Object, java.lang.Object, long, long)'> (0x000000071240a958) 
thrown [t:\workspace\open\src\hotspot\share\interpreter\linkResolver.cpp, line 766]
Event: 0.385 Thread 0x000002a588020f20 Exception <a 'java/lang/NoSuchMethodError'{0x000000071240e270}: 'java.lang.Object java.lang.invoke.DelegatingMethodHandle$Holder.delegate(java.lang.Object, java.lang.Object, java.lang.Object, long, long)'> (0x000000071240e270) 
thrown [t:\workspace\open\src\hotspot\share\interpreter\linkResolver.cpp, line 766]
Event: 0.394 Thread 0x000002a588020f20 Exception <a 'java/lang/NoSuchMethodError'{0x00000007124755c0}: 'long java.lang.invoke.DirectMethodHandle$Holder.invokeSpecial(java.lang.Object, java.lang.Object, java.lang.Object, long, long)'> (0x00000007124755c0) 
thrown [t:\workspace\open\src\hotspot\share\interpreter\linkResolver.cpp, line 766]
Event: 0.394 Thread 0x000002a588020f20 Exception <a 'java/lang/NoSuchMethodError'{0x0000000712489f10}: 'java.lang.Object java.lang.invoke.DirectMethodHandle$Holder.invokeStatic(java.lang.Object, java.lang.Object, java.lang.Object, java.lang.Object, java.lang.Object, java.lang.Object, java.lang.Object, long)'> (0x0000000712489f10) 
thrown [t:\workspace\open\src\hotspot\share\interpreter\linkResolver.cpp, line 766]
Event: 0.395 Thread 0x000002a588020f20 Exception <a 'java/lang/NoSuchMethodError'{0x00000007124a6500}: 'java.lang.Object java.lang.invoke.DirectMethodHandle$Holder.invokeStatic(java.lang.Object, java.lang.Object, java.lang.Object, java.lang.Object, java.lang.Object, java.lang.Object, java.lang.Object, long, java.lang.Object)'> (0x00000007124a6500) 
thrown [t:\workspace\open\src\hotspot\share\interpreter\linkResolver.cpp, line 766]

VM Operations (6 events):
Event: 0.097 Executing VM operation: HandshakeAllThreads
Event: 0.097 Executing VM operation: HandshakeAllThreads done
Event: 0.123 Executing VM operation: HandshakeAllThreads
Event: 0.123 Executing VM operation: HandshakeAllThreads done
Event: 0.374 Executing VM operation: ICBufferFull
Event: 0.374 Executing VM operation: ICBufferFull done

Events (20 events):
Event: 0.040 Thread 0x000002a5ab73d270 Thread added: 0x000002a5ab73d270
Event: 0.040 Thread 0x000002a5ab742270 Thread added: 0x000002a5ab742270
Event: 0.040 Thread 0x000002a5ab742ca0 Thread added: 0x000002a5ab742ca0
Event: 0.040 Thread 0x000002a5ab743590 Thread added: 0x000002a5ab743590
Event: 0.056 Thread 0x000002a5ab7049b0 Thread added: 0x000002a5ab7049b0
Event: 0.063 Loaded shared library D:\Program Files\Java\jdk-18\bin\net.dll
Event: 0.065 Loaded shared library D:\Program Files\Java\jdk-18\bin\nio.dll
Event: 0.092 Thread 0x000002a5af926980 Thread added: 0x000002a5af926980
Event: 0.101 Thread 0x000002a5af8bdc90 Thread added: 0x000002a5af8bdc90
Event: 0.108 Loaded shared library D:\Program Files\Java\jdk-18\bin\zip.dll
Event: 0.110 Loaded shared library D:\Program Files\Java\jdk-18\bin\instrument.dll
Event: 0.113 Loaded shared library D:\Program Files\Java\jdk-18\bin\zip.dll
Event: 0.120 Loaded shared library D:\Program Files\JetBrains\IntelliJ IDEA 2021.2.3\bin\breakgen64.dll
Event: 0.121 Thread 0x000002a5afa6f950 Thread added: 0x000002a5afa6f950
Event: 0.121 Thread 0x000002a5af95e960 Thread added: 0x000002a5af95e960
Event: 0.140 Loaded shared library D:\freetype.dll
Event: 0.222 Thread 0x000002a5afb36520 Thread added: 0x000002a5afb36520
Event: 0.238 Thread 0x000002a5afad6ed0 Thread added: 0x000002a5afad6ed0
Event: 0.323 Thread 0x000002a5b0100160 Thread added: 0x000002a5b0100160
Event: 0.370 Loaded shared library D:\Program Files\Java\jdk-18\bin\jimage.dll


Dynamic libraries:
0x00007ff7ae150000 - 0x00007ff7ae15e000 	D:\Program Files\Java\jdk-18\bin\java.exe
0x00007ffc77510000 - 0x00007ffc77705000 	C:\Windows\SYSTEM32\ntdll.dll
0x00007ffc76f20000 - 0x00007ffc76fde000 	C:\Windows\System32\KERNEL32.DLL
0x00007ffc74c70000 - 0x00007ffc74f38000 	C:\Windows\System32\KERNELBASE.dll
0x00007ffc74f40000 - 0x00007ffc75040000 	C:\Windows\System32\ucrtbase.dll
0x00007ffc6eaa0000 - 0x00007ffc6eab7000 	D:\Program Files\Java\jdk-18\bin\jli.dll
0x00007ffc6e800000 - 0x00007ffc6e81a000 	D:\Program Files\Java\jdk-18\bin\VCRUNTIME140.dll
0x00007ffc75cc0000 - 0x00007ffc75e60000 	C:\Windows\System32\USER32.dll
0x00007ffc75530000 - 0x00007ffc75552000 	C:\Windows\System32\win32u.dll
0x00007ffc75c30000 - 0x00007ffc75c5b000 	C:\Windows\System32\GDI32.dll
0x00007ffc750e0000 - 0x00007ffc751ed000 	C:\Windows\System32\gdi32full.dll
0x00007ffc75040000 - 0x00007ffc750dd000 	C:\Windows\System32\msvcp_win.dll
0x00007ffc60870000 - 0x00007ffc60b0a000 	C:\Windows\WinSxS\amd64_microsoft.windows.common-controls_6595b64144ccf1df_6.0.19041.1110_none_60b5254171f9507e\COMCTL32.dll
0x00007ffc76c60000 - 0x00007ffc76cfe000 	C:\Windows\System32\msvcrt.dll
0x00007ffc76e50000 - 0x00007ffc76e80000 	C:\Windows\System32\IMM32.DLL
0x00007ffc6e7c0000 - 0x00007ffc6e7cc000 	D:\Program Files\Java\jdk-18\bin\vcruntime140_1.dll
0x00007ffc61770000 - 0x00007ffc617fd000 	D:\Program Files\Java\jdk-18\bin\msvcp140.dll
0x00007ffc0dbd0000 - 0x00007ffc0e7e1000 	D:\Program Files\Java\jdk-18\bin\server\jvm.dll
0x00007ffc76830000 - 0x00007ffc768de000 	C:\Windows\System32\ADVAPI32.dll
0x00007ffc75560000 - 0x00007ffc755fc000 	C:\Windows\System32\sechost.dll
0x00007ffc75e60000 - 0x00007ffc75f85000 	C:\Windows\System32\RPCRT4.dll
0x00007ffc770b0000 - 0x00007ffc770b8000 	C:\Windows\System32\PSAPI.DLL
0x00007ffc6d640000 - 0x00007ffc6d649000 	C:\Windows\SYSTEM32\WSOCK32.dll
0x00007ffc6b890000 - 0x00007ffc6b89a000 	C:\Windows\SYSTEM32\VERSION.dll
0x00007ffc63420000 - 0x00007ffc63447000 	C:\Windows\SYSTEM32\WINMM.dll
0x00007ffc76de0000 - 0x00007ffc76e4b000 	C:\Windows\System32\WS2_32.dll
0x00007ffc73460000 - 0x00007ffc73472000 	C:\Windows\SYSTEM32\kernel.appcore.dll
0x00007ffc6d650000 - 0x00007ffc6d65a000 	D:\Program Files\Java\jdk-18\bin\jimage.dll
0x00007ffc73170000 - 0x00007ffc73354000 	C:\Windows\SYSTEM32\DBGHELP.DLL
0x00007ffc57450000 - 0x00007ffc5747c000 	C:\Windows\SYSTEM32\dbgcore.DLL
0x00007ffc754a0000 - 0x00007ffc75522000 	C:\Windows\System32\bcryptPrimitives.dll
0x00007ffc6d570000 - 0x00007ffc6d57e000 	D:\Program Files\Java\jdk-18\bin\instrument.dll
0x00007ffc6d580000 - 0x00007ffc6d5a5000 	D:\Program Files\Java\jdk-18\bin\java.dll
0x00007ffc2f9c0000 - 0x00007ffc2fa96000 	D:\Program Files\Java\jdk-18\bin\jsvml.dll
0x00007ffc75f90000 - 0x00007ffc766d4000 	C:\Windows\System32\SHELL32.dll
0x00007ffc72900000 - 0x00007ffc73094000 	C:\Windows\SYSTEM32\windows.storage.dll
0x00007ffc770c0000 - 0x00007ffc77415000 	C:\Windows\System32\combase.dll
0x00007ffc74670000 - 0x00007ffc7469e000 	C:\Windows\SYSTEM32\Wldp.dll
0x00007ffc768e0000 - 0x00007ffc7698d000 	C:\Windows\System32\SHCORE.dll
0x00007ffc75c60000 - 0x00007ffc75cb5000 	C:\Windows\System32\shlwapi.dll
0x00007ffc74b60000 - 0x00007ffc74b7f000 	C:\Windows\SYSTEM32\profapi.dll
0x00007ffc61700000 - 0x00007ffc61713000 	D:\Program Files\Java\jdk-18\bin\net.dll
0x00007ffc6cbc0000 - 0x00007ffc6cccc000 	C:\Windows\SYSTEM32\WINHTTP.dll
0x00007ffc743d0000 - 0x00007ffc7443a000 	C:\Windows\system32\mswsock.dll
0x00007ffc601d0000 - 0x00007ffc601e6000 	D:\Program Files\Java\jdk-18\bin\nio.dll
0x00007ffc520c0000 - 0x00007ffc520d8000 	D:\Program Files\Java\jdk-18\bin\zip.dll
0x00007ffc52080000 - 0x00007ffc5209a000 	D:\Program Files\JetBrains\IntelliJ IDEA 2021.2.3\bin\breakgen64.dll
0x00007ffc388f0000 - 0x00007ffc3899a000 	D:\freetype.dll

dbghelp: loaded successfully - version: 4.0.5 - missing functions: none
symbol engine: initialized successfully - sym options: 0x614 - pdb path: .;D:\Program Files\Java\jdk-18\bin;C:\Windows\SYSTEM32;C:\Windows\WinSxS\amd64_microsoft.windows.common-controls_6595b64144ccf1df_6.0.19041.1110_none_60b5254171f9507e;D:\Program Files\Java\jdk-18\bin\server;D:\Program Files\JetBrains\IntelliJ IDEA 2021.2.3\bin;D:

VM Arguments:
jvm_args: --enable-native-access=test.jfreetype,jfreetype -javaagent:D:\Program Files\JetBrains\IntelliJ IDEA 2021.2.3\lib\idea_rt.jar=65243:D:\Program Files\JetBrains\IntelliJ IDEA 2021.2.3\bin -Dfile.encoding=UTF-8 --module-path=D:\jfreetype\test\target\test-classes;D:\jfreetype\target\classes -Djdk.module.main=test.jfreetype 
java_command: test.jfreetype/io.github.mmc1234.jfreetype.example.Main
java_class_path (initial): <not set>
Launcher Type: SUN_STANDARD

[Global flags]
     intx CICompilerCount                          = 12                                        {product} {ergonomic}
     uint ConcGCThreads                            = 3                                         {product} {ergonomic}
     uint G1ConcRefinementThreads                  = 13                                        {product} {ergonomic}
   size_t G1HeapRegionSize                         = 2097152                                   {product} {ergonomic}
    uintx GCDrainStackTargetSize                   = 64                                        {product} {ergonomic}
   size_t InitialHeapSize                          = 266338304                                 {product} {ergonomic}
   size_t MarkStackSize                            = 4194304                                   {product} {ergonomic}
   size_t MaxHeapSize                              = 4234149888                                {product} {ergonomic}
   size_t MaxNewSize                               = 2539651072                                {product} {ergonomic}
   size_t MinHeapDeltaBytes                        = 2097152                                   {product} {ergonomic}
   size_t MinHeapSize                              = 8388608                                   {product} {ergonomic}
    uintx NonNMethodCodeHeapSize                   = 7602480                                {pd product} {ergonomic}
    uintx NonProfiledCodeHeapSize                  = 122027880                              {pd product} {ergonomic}
    uintx ProfiledCodeHeapSize                     = 122027880                              {pd product} {ergonomic}
    uintx ReservedCodeCacheSize                    = 251658240                              {pd product} {ergonomic}
     bool SegmentedCodeCache                       = true                                      {product} {ergonomic}
   size_t SoftMaxHeapSize                          = 4234149888                             {manageable} {ergonomic}
     bool UseCompressedClassPointers               = true                           {product lp64_product} {ergonomic}
     bool UseCompressedOops                        = true                           {product lp64_product} {ergonomic}
     bool UseG1GC                                  = true                                      {product} {ergonomic}
     bool UseLargePagesIndividualAllocation        = false                                  {pd product} {ergonomic}

Logging:
Log output configuration:
 #0: stdout all=warning uptime,level,tags foldmultilines=false
 #1: stderr all=off uptime,level,tags foldmultilines=false

Environment Variables:
JAVA_HOME=D:\Program Files\Java\jdk1.8.0_301
PATH=C:\Program Files (x86)\Common Files\Intel\Shared Libraries\redist\intel64_win\compiler;D:\Program Files (x86)\VMware\VMware Workstation\bin\;C:\Program Files\PlasticSCM5\server;C:\Program Files\PlasticSCM5\client;C:\Program Files (x86)\Common Files\Intel\Shared Libraries\redist\intel64\compiler;C:\Program Files (x86)\Common Files\Oracle\Java\javapath;C:\Windows\system32;C:\Windows;C:\Windows\System32\Wbem;C:\Windows\System32\WindowsPowerShell\v1.0\;C:\Windows\System32\OpenSSH\;C:\Program Files (x86)\NVIDIA Corporation\PhysX\Common;C:\Program Files\NVIDIA Corporation\NVIDIA NvDLISR;D:\Program Files\Java\jdk1.8.0_301\bin;D:\Program Files\nodejs\;C:\Program Files (x86)\Gpg4win\..\GnuPG\bin;D:\Program Files\Git\cmd;C:\Program Files\dotnet\;C:\Users\Nickid2018\AppData\Local\Microsoft\WindowsApps;D:\Program Files\JetBrains\IntelliJ IDEA Community Edition 2021.2\bin;D:\Program Files\JetBrains\CLion 2021.2\bin;D:\Program Files\JetBrains\IntelliJ IDEA 2021.2\bin;D:\Program Files\JetBrains\PyCharm 2021.2\bin;D:\Program Files\Fiddler;C:\Users\Nickid2018\AppData\Roaming\npm;D:\Program Files\Bandizip\7z;D:\Program Files\JetBrains\PyCharm 2021.2.3\bin;;D:\Program Files\JetBrains\IntelliJ IDEA 2021.2.3\bin;;C:\Users\Nickid2018\.dotnet\tools
USERNAME=Nickid2018
OS=Windows_NT
PROCESSOR_IDENTIFIER=Intel64 Family 6 Model 141 Stepping 1, GenuineIntel



---------------  S Y S T E M  ---------------

OS:
 Windows 10 , 64 bit Build 19041 (10.0.19041.1503)
OS uptime: 8 days 7:43 hours
Hyper-V role detected

CPU: total 16 (initial active 16) (8 cores per cpu, 2 threads per core) family 6 model 141 stepping 1 microcode 0x32, cx8, cmov, fxsr, ht, mmx, 3dnowpref, sse, sse2, sse3, ssse3, sse4.1, sse4.2, popcnt, lzcnt, tsc, tscinvbit, avx, avx2, aes, erms, clmul, bmi1, bmi2, adx, avx512f, avx512dq, avx512cd, avx512bw, avx512vl, sha, fma, vzeroupper, avx512_vpopcntdq, avx512_vpclmulqdq, avx512_vaes, avx512_vnni, clflush, clflushopt, clwb, avx512_vbmi2, avx512_vbmi, hv

Memory: 4k page, system-wide physical 16151M (3966M free)
TotalPageFile size 25367M (AvailPageFile size 5353M)
current process WorkingSet (physical memory assigned to process): 75M, peak: 77M
current process commit charge ("private bytes"): 372M, peak: 377M

vm_info: OpenJDK 64-Bit Server VM (18+36-2087) for windows-amd64 JRE (18+36-2087), built on Feb 15 2022 09:37:35 by "mach5one" with MS VC++ 16.8 / 16.9 (VS2019)

END.
