#
# A fatal error has been detected by the Java Runtime Environment:
#
#  EXCEPTION_ACCESS_VIOLATION (0xc0000005) at pc=0x0000020d0092d9d0, pid=51720, tid=55624
#
# JRE version: OpenJDK Runtime Environment (18.0+36) (build 18+36-2087)
# Java VM: OpenJDK 64-Bit Server VM (18+36-2087, mixed mode, sharing, tiered, compressed oops, compressed class ptrs, g1 gc, windows-amd64)
# Problematic frame:
# J 1350 c1 jdk.internal.misc.ScopedMemoryAccess.getByte(Ljdk/internal/misc/ScopedMemoryAccess$Scope;Ljava/lang/Object;J)B java.base@18 (20 bytes) @ 0x0000020d0092d9d0 [0x0000020d0092d640+0x0000000000000390]
#
# No core dump will be written. Minidumps are not enabled by default on client versions of Windows
#
# If you would like to submit a bug report, please visit:
#   https://bugreport.java.com/bugreport/crash.jsp
#

---------------  S U M M A R Y ------------

Command Line: -agentlib:jdwp=transport=dt_socket,address=127.0.0.1:65330,suspend=y,server=n --enable-native-access=test.jfreetype,jfreetype -javaagent:C:\Users\Nickid2018\AppData\Local\JetBrains\IntelliJIdea2021.2\captureAgent\debugger-agent.jar -Dfile.encoding=UTF-8 --module-path=D:\jfreetype\test\target\test-classes;D:\jfreetype\target\classes -Djdk.module.main=test.jfreetype test.jfreetype/io.github.mmc1234.jfreetype.example.Main

Host: 11th Gen Intel(R) Core(TM) i7-11800H @ 2.30GHz, 16 cores, 15G,  Windows 10 , 64 bit Build 19041 (10.0.19041.1503)
Time: Sat Feb 26 21:58:54 2022  Windows 10 , 64 bit Build 19041 (10.0.19041.1503) elapsed time: 215.504301 seconds (0d 0h 3m 35s)

---------------  T H R E A D  ---------------

Current thread (0x0000020d763008f0):  JavaThread "main" [_thread_in_Java, id=55624, stack(0x000000d7dcd00000,0x000000d7dce00000)]

Stack: [0x000000d7dcd00000,0x000000d7dce00000],  sp=0x000000d7dcdfef90,  free space=1019k
Native frames: (J=compiled Java code, j=interpreted, Vv=VM code, C=native code)
C  0x0000020d0092d9d0


siginfo: EXCEPTION_ACCESS_VIOLATION (0xc0000005), reading address 0xffffffffffffffff


Register to memory mapping:

RIP=0x0000020d0092d9d0 is at entry_point+912 in (nmethod*)0x0000020d0092d410
Compiled method (c1)  215510 1350   !   3       jdk.internal.misc.ScopedMemoryAccess::getByte (20 bytes)
 total in heap  [0x0000020d0092d410,0x0000020d0092e350] = 3904
 relocation     [0x0000020d0092d568,0x0000020d0092d628] = 192
 main code      [0x0000020d0092d640,0x0000020d0092de40] = 2048
 stub code      [0x0000020d0092de40,0x0000020d0092de98] = 88
 metadata       [0x0000020d0092de98,0x0000020d0092dee8] = 80
 scopes data    [0x0000020d0092dee8,0x0000020d0092e040] = 344
 scopes pcs     [0x0000020d0092e040,0x0000020d0092e1d0] = 400
 dependencies   [0x0000020d0092e1d0,0x0000020d0092e1e8] = 24
 handler table  [0x0000020d0092e1e8,0x0000020d0092e320] = 312
 nul chk table  [0x0000020d0092e320,0x0000020d0092e350] = 48
RAX=0x0000020d19e34518 is pointing into metadata
RBX=0x0000000000000009 is an unknown value
RCX=0x0000000000000024 is an unknown value
RDX=0x00000007136567a8 is an oop: jdk.internal.misc.ScopedMemoryAccess 
{0x00000007136567a8} - klass: 'jdk/internal/misc/ScopedMemoryAccess'
 - ---- fields (total size 2 words):
RSP=0x000000d7dcdfef90 is pointing into the stack for thread: 0x0000020d763008f0
RBP=0x000000d7dcdff0d8 is pointing into the stack for thread: 0x0000020d763008f0
RSI=0x0000000000000170 is an unknown value
RDI=0x1ea7c59000000000 is an unknown value
R8 =0x0000000713268a48 is an oop: jdk.internal.foreign.ResourceScopeImpl$GlobalScopeImpl 
{0x0000000713268a48} - klass: 'jdk/internal/foreign/ResourceScopeImpl$GlobalScopeImpl'
 - ---- fields (total size 4 words):
 - 'state' 'I' @12  0
 - final 'resourceList' 'Ljdk/internal/foreign/ResourceScopeImpl$ResourceList;' @16  a 'jdk/internal/foreign/SharedScope$SharedResourceList'{0x000000071326d440} (e264da88)
 - final 'cleanable' 'Ljava/lang/ref/Cleaner$Cleanable;' @20  NULL (0)
 - final 'owner' 'Ljava/lang/Thread;' @24  NULL (0)
 - final 'ref' 'Ljava/lang/Object;' @28  NULL (0)
R9 =0x0 is NULL
R10=0x0000000800000000 is pointing into metadata
R11=0x0000020d0092d660 is at entry_point+32 in (nmethod*)0x0000020d0092d410
Compiled method (c1)  215514 1350   !   3       jdk.internal.misc.ScopedMemoryAccess::getByte (20 bytes)
 total in heap  [0x0000020d0092d410,0x0000020d0092e350] = 3904
 relocation     [0x0000020d0092d568,0x0000020d0092d628] = 192
 main code      [0x0000020d0092d640,0x0000020d0092de40] = 2048
 stub code      [0x0000020d0092de40,0x0000020d0092de98] = 88
 metadata       [0x0000020d0092de98,0x0000020d0092dee8] = 80
 scopes data    [0x0000020d0092dee8,0x0000020d0092e040] = 344
 scopes pcs     [0x0000020d0092e040,0x0000020d0092e1d0] = 400
 dependencies   [0x0000020d0092e1d0,0x0000020d0092e1e8] = 24
 handler table  [0x0000020d0092e1e8,0x0000020d0092e320] = 312
 nul chk table  [0x0000020d0092e320,0x0000020d0092e350] = 48
R12=0x0 is NULL
R13=0x000000d7dcdff068 is pointing into the stack for thread: 0x0000020d763008f0
R14=0x0 is NULL
R15=0x0000020d763008f0 is a thread


Registers:
RAX=0x0000020d19e34518, RBX=0x0000000000000009, RCX=0x0000000000000024, RDX=0x00000007136567a8
RSP=0x000000d7dcdfef90, RBP=0x000000d7dcdff0d8, RSI=0x0000000000000170, RDI=0x1ea7c59000000000
R8 =0x0000000713268a48, R9 =0x0000000000000000, R10=0x0000000800000000, R11=0x0000020d0092d660
R12=0x0000000000000000, R13=0x000000d7dcdff068, R14=0x0000000000000000, R15=0x0000020d763008f0
RIP=0x0000020d0092d9d0, EFLAGS=0x0000000000010246

Top of Stack: (sp=0x000000d7dcdfef90)
0x000000d7dcdfef90:   0000020d19d04f58 0000000000000000
0x000000d7dcdfefa0:   000000d7dcdfefb8 000000d7dcdff008
0x000000d7dcdfefb0:   1ea7c59000000000 0000000000000000
0x000000d7dcdfefc0:   000000d7dcdfefc0 0000020d19e39805
0x000000d7dcdfefd0:   000000d7dcdff070 0000020d19e3a508
0x000000d7dcdfefe0:   0000000000000000 000000071258ea08
0x000000d7dcdfeff0:   0000020d19e398a8 0000000000000000
0x000000d7dcdff000:   000000d7dcdff048 000000d7dcdff0d8
0x000000d7dcdff010:   0000000713268a48 1ea7c59000000000
0x000000d7dcdff020:   00000007136567a8 0000000000000000
0x000000d7dcdff030:   000000d7dcdff0d8 0000020d000258e2
0x000000d7dcdff040:   0000000000000000 00000000000000b6
0x000000d7dcdff050:   000000d7dcdff0d8 0000020d0000a322
0x000000d7dcdff060:   0000020d0000a322 1ea7c59000000000
0x000000d7dcdff070:   0000000000000000 0000000000000000
0x000000d7dcdff080:   0000000713268a48 00000007136567a8 

Instructions: (pc=0x0000020d0092d9d0)
0x0000020d0092d8d0:   01 00 00 01 48 b8 18 45 e3 19 0d 02 00 00 8b b0
0x0000020d0092d8e0:   cc 00 00 00 83 c6 02 89 b0 cc 00 00 00 81 e6 fe
0x0000020d0092d8f0:   ff 1f 00 83 fe 00 0f 84 9c 03 00 00 41 8b 40 18
0x0000020d0092d900:   48 c1 e0 03 48 83 f8 00 48 be 18 45 e3 19 0d 02
0x0000020d0092d910:   00 00 48 b9 10 01 00 00 00 00 00 00 0f 84 0a 00
0x0000020d0092d920:   00 00 48 b9 20 01 00 00 00 00 00 00 48 8b 1c 0e
0x0000020d0092d930:   48 8d 5b 01 48 89 1c 0e 0f 84 55 00 00 00 48 be
0x0000020d0092d940:   18 45 e3 19 0d 02 00 00 48 83 86 30 01 00 00 01
0x0000020d0092d950:   49 8b b7 68 02 00 00 48 8b 36 48 3b c6 48 b8 18
0x0000020d0092d960:   45 e3 19 0d 02 00 00 48 be 50 01 00 00 00 00 00
0x0000020d0092d970:   00 0f 85 0a 00 00 00 48 be 40 01 00 00 00 00 00
0x0000020d0092d980:   00 48 8b 0c 30 48 8d 49 01 48 89 0c 30 0f 85 d2
0x0000020d0092d990:   00 00 00 41 8b 40 0c 83 f8 00 48 b8 18 45 e3 19
0x0000020d0092d9a0:   0d 02 00 00 48 be 80 01 00 00 00 00 00 00 0f 8c
0x0000020d0092d9b0:   0a 00 00 00 48 be 70 01 00 00 00 00 00 00 48 8b
0x0000020d0092d9c0:   0c 30 48 8d 49 01 48 89 0c 30 0f 8c 61 00 00 00
0x0000020d0092d9d0:   41 0f be 04 39 48 be e0 42 e3 19 0d 02 00 00 48
0x0000020d0092d9e0:   83 86 b8 01 00 00 01 48 be 40 70 ca 19 0d 02 00
0x0000020d0092d9f0:   00 8b 8e cc 00 00 00 83 c1 02 89 8e cc 00 00 00
0x0000020d0092da00:   81 e1 fe ff 1f 00 83 f9 00 0f 84 aa 02 00 00 c1
0x0000020d0092da10:   e0 18 c1 f8 18 c1 e0 18 c1 f8 18 48 81 c4 c0 00
0x0000020d0092da20:   00 00 5d 49 3b a7 38 03 00 00 0f 87 aa 02 00 00
0x0000020d0092da30:   c3 0f 1f 80 00 00 00 00 e9 2f 03 00 00 00 00 00
0x0000020d0092da40:   00 00 66 0f 1f 44 00 00 e9 39 03 00 00 90 48 c1
0x0000020d0092da50:   e0 03 48 3b 00 48 ba 55 da 92 00 0d 02 00 00 e8
0x0000020d0092da60:   1c 14 7e ff 90 66 66 90 e9 37 03 00 00 00 00 00
0x0000020d0092da70:   00 00 80 ba 23 01 00 00 04 0f 85 34 03 00 00 49
0x0000020d0092da80:   8b 87 f0 00 00 00 48 8d 78 28 49 3b bf 00 01 00
0x0000020d0092da90:   00 0f 87 1c 03 00 00 49 89 bf f0 00 00 00 48 c7
0x0000020d0092daa0:   00 01 00 00 00 48 8b ca 49 ba 00 00 00 00 08 00
0x0000020d0092dab0:   00 00 49 2b ca 89 48 08 48 33 c9 89 48 0c 48 33
0x0000020d0092dac0:   c9 48 89 48 10 48 89 48 18 48 89 48 20 48 8b d0 


Stack slot to memory mapping:
stack at sp + 0 slots: {method} {0x0000020d19d04f60} 'maxAlignMask' '()J' in 'jdk/internal/foreign/NativeMemorySegmentImpl'
stack at sp + 1 slots: 0x0 is NULL
stack at sp + 2 slots: 0x000000d7dcdfefb8 is pointing into the stack for thread: 0x0000020d763008f0
stack at sp + 3 slots: 0x000000d7dcdff008 is pointing into the stack for thread: 0x0000020d763008f0
stack at sp + 4 slots: 0x1ea7c59000000000 is an unknown value
stack at sp + 5 slots: 0x0 is NULL
stack at sp + 6 slots: 0x000000d7dcdfefc0 is pointing into the stack for thread: 0x0000020d763008f0
stack at sp + 7 slots: 0x0000020d19e39805 is pointing into metadata


Compiled method (c1)  215527 1350   !   3       jdk.internal.misc.ScopedMemoryAccess::getByte (20 bytes)
 total in heap  [0x0000020d0092d410,0x0000020d0092e350] = 3904
 relocation     [0x0000020d0092d568,0x0000020d0092d628] = 192
 main code      [0x0000020d0092d640,0x0000020d0092de40] = 2048
 stub code      [0x0000020d0092de40,0x0000020d0092de98] = 88
 metadata       [0x0000020d0092de98,0x0000020d0092dee8] = 80
 scopes data    [0x0000020d0092dee8,0x0000020d0092e040] = 344
 scopes pcs     [0x0000020d0092e040,0x0000020d0092e1d0] = 400
 dependencies   [0x0000020d0092e1d0,0x0000020d0092e1e8] = 24
 handler table  [0x0000020d0092e1e8,0x0000020d0092e320] = 312
 nul chk table  [0x0000020d0092e320,0x0000020d0092e350] = 48

[Constant Pool (empty)]

[MachCode]
[Entry Point]
  # {method} {0x000000080008f7f0} 'getByte' '(Ljdk/internal/misc/ScopedMemoryAccess$Scope;Ljava/lang/Object;J)B' in 'jdk/internal/misc/ScopedMemoryAccess'
  # this:     rdx:rdx   = 'jdk/internal/misc/ScopedMemoryAccess'
  # parm0:    r8:r8     = 'jdk/internal/misc/ScopedMemoryAccess$Scope'
  # parm1:    r9:r9     = 'java/lang/Object'
  # parm2:    rdi:rdi   = long
  #           [sp+0xd0]  (sp of caller)
  0x0000020d0092d640: 448b 5208 | 49bb 0000 | 0000 0800 | 0000 4d03 | d34c 3bd0 

  0x0000020d0092d654: ;   {runtime_call ic_miss_stub}
  0x0000020d0092d654: 0f85 26f9 | 71ff 660f | 1f44 0000 
[Verified Entry Point]
  0x0000020d0092d660: 8984 2400 | 90ff ff55 | 4881 ecc0 | 0000 0048 | 8994 2490 | 0000 004c | 8984 2480 | 0000 004c 
  0x0000020d0092d680: 898c 2498 | 0000 0048 | 89bc 2488 

  0x0000020d0092d68c: ;   {metadata(method data for {method} {0x000000080008f7f0} 'getByte' '(Ljdk/internal/misc/ScopedMemoryAccess$Scope;Ljava/lang/Object;J)B' in 'jdk/internal/misc/ScopedMemoryAccess')}
  0x0000020d0092d68c: 0000 0048 | b800 41e3 | 190d 0200 | 008b b0cc | 0000 0083 | c602 89b0 | cc00 0000 | 81e6 fe07 
  0x0000020d0092d6ac: 0000 83fe | 000f 8495 

  0x0000020d0092d6b4: ;   {metadata(method data for {method} {0x000000080008f7f0} 'getByte' '(Ljdk/internal/misc/ScopedMemoryAccess$Scope;Ljava/lang/Object;J)B' in 'jdk/internal/misc/ScopedMemoryAccess')}
  0x0000020d0092d6b4: 0500 0048 | b800 41e3 | 190d 0200 | 0048 8d80 | 4801 0000 | 498b f048 | 85f6 7507 | 4883 4808 
  0x0000020d0092d6d4: 01eb 528b | 7608 49ba | 0000 0000 | 0800 0000 | 4903 f248 | 3370 0848 | f7c6 fcff | ffff 7435 
  0x0000020d0092d6f4: 48f7 c602 | 0000 0075 | 2c48 8178 | 0800 0000 | 0074 1e48 | 8178 0801 | 0000 0074 | 1448 3370 
  0x0000020d0092d714: 0848 f7c6 | fcff ffff | 740b 4883 | 4808 02eb | 0448 8970 | 0849 8bf1 | 4885 f675 | 0748 8348 
  0x0000020d0092d734: 1801 eb52 | 8b76 0849 | ba00 0000 | 0008 0000 | 0049 03f2 | 4833 7018 | 48f7 c6fc | ffff ff74 
  0x0000020d0092d754: 3548 f7c6 | 0200 0000 | 752c 4881 | 7818 0000 | 0000 741e | 4881 7818 | 0100 0000 | 7414 4833 
  0x0000020d0092d774: 7018 48f7 | c6fc ffff | ff74 0b48 | 8348 1802 | eb04 4889 | 7018 488b 

  0x0000020d0092d78c: ;   {metadata(method data for {method} {0x000000080008f7f0} 'getByte' '(Ljdk/internal/misc/ScopedMemoryAccess$Scope;Ljava/lang/Object;J)B' in 'jdk/internal/misc/ScopedMemoryAccess')}
  0x0000020d0092d78c: c248 be00 | 41e3 190d | 0200 0048 | 8386 1001 

  0x0000020d0092d79c: ;   {metadata(method data for {method} {0x0000000800093cd0} 'getByteInternal' '(Ljdk/internal/misc/ScopedMemoryAccess$Scope;Ljava/lang/Object;J)B' in 'jdk/internal/misc/ScopedMemoryAccess')}
  0x0000020d0092d79c: 0000 0148 | b8e0 42e3 | 190d 0200 | 008b b0cc | 0000 0083 | c602 89b0 | cc00 0000 | 81e6 feff 
  0x0000020d0092d7bc: 1f00 83fe | 000f 84a6 | 0400 0049 

  0x0000020d0092d7c8: ;   {metadata(method data for {method} {0x0000000800093cd0} 'getByteInternal' '(Ljdk/internal/misc/ScopedMemoryAccess$Scope;Ljava/lang/Object;J)B' in 'jdk/internal/misc/ScopedMemoryAccess')}
  0x0000020d0092d7c8: 83f8 0048 | b8e0 42e3 | 190d 0200 | 0048 be10 | 0100 0000 | 0000 000f | 840a 0000 | 0048 be20 
  0x0000020d0092d7e8: 0100 0000 | 0000 0048 | 8b0c 3048 | 8d49 0148 | 890c 300f | 84cf 0100 | 0049 83f8 | 000f 842a 
  0x0000020d0092d808: ;   {metadata('jdk/internal/foreign/ResourceScopeImpl')}
  0x0000020d0092d808: 0000 0048 | bb10 66c5 | 0008 0000 | 0041 8b48 | 0849 ba00 | 0000 0008 | 0000 0049 | 03ca 483b 
  0x0000020d0092d828: 5938 0f85 | 5e04 0000 | e900 0000 | 0049 8bc0 

  0x0000020d0092d838: ; implicit exception: dispatches to 0x0000020d0092dc93
  0x0000020d0092d838: 493b 0049 

  0x0000020d0092d83c: ;   {metadata(method data for {method} {0x0000000800093cd0} 'getByteInternal' '(Ljdk/internal/misc/ScopedMemoryAccess$Scope;Ljava/lang/Object;J)B' in 'jdk/internal/misc/ScopedMemoryAccess')}
  0x0000020d0092d83c: 8bc0 48be | e042 e319 | 0d02 0000 | 8b40 0849 | ba00 0000 | 0008 0000 | 0049 03c2 | 483b 8640 
  0x0000020d0092d85c: 0100 0075 | 0d48 8386 | 4801 0000 | 01e9 6600 | 0000 483b | 8650 0100 | 0075 0d48 | 8386 5801 
  0x0000020d0092d87c: 0000 01e9 | 5000 0000 | 4881 be40 | 0100 0000 | 0000 0075 | 1748 8986 | 4001 0000 | 48c7 8648 
  0x0000020d0092d89c: 0100 0001 | 0000 00e9 | 2c00 0000 | 4881 be50 | 0100 0000 | 0000 0075 | 1748 8986 | 5001 0000 
  0x0000020d0092d8bc: 48c7 8658 | 0100 0001 | 0000 00e9 | 0800 0000 | 4883 8630 | 0100 0001 

  0x0000020d0092d8d4: ;   {metadata(method data for {method} {0x0000020d19cf1ba0} 'checkValidState' '()V' in 'jdk/internal/foreign/ResourceScopeImpl')}
  0x0000020d0092d8d4: 48b8 1845 | e319 0d02 | 0000 8bb0 | cc00 0000 | 83c6 0289 | b0cc 0000 | 0081 e6fe | ff1f 0083 
  0x0000020d0092d8f4: fe00 0f84 | 9c03 0000 | 418b 4018 | 48c1 e003 | 4883 f800 

  0x0000020d0092d908: ;   {metadata(method data for {method} {0x0000020d19cf1ba0} 'checkValidState' '()V' in 'jdk/internal/foreign/ResourceScopeImpl')}
  0x0000020d0092d908: 48be 1845 | e319 0d02 | 0000 48b9 | 1001 0000 | 0000 0000 | 0f84 0a00 | 0000 48b9 | 2001 0000 
  0x0000020d0092d928: 0000 0000 | 488b 1c0e | 488d 5b01 | 4889 1c0e | 0f84 5500 

  0x0000020d0092d93c: ;   {metadata(method data for {method} {0x0000020d19cf1ba0} 'checkValidState' '()V' in 'jdk/internal/foreign/ResourceScopeImpl')}
  0x0000020d0092d93c: 0000 48be | 1845 e319 | 0d02 0000 | 4883 8630 | 0100 0001 | 498b b768 | 0200 0048 | 8b36 483b 
  0x0000020d0092d95c: ;   {metadata(method data for {method} {0x0000020d19cf1ba0} 'checkValidState' '()V' in 'jdk/internal/foreign/ResourceScopeImpl')}
  0x0000020d0092d95c: c648 b818 | 45e3 190d | 0200 0048 | be50 0100 | 0000 0000 | 000f 850a | 0000 0048 | be40 0100 
  0x0000020d0092d97c: 0000 0000 | 0048 8b0c | 3048 8d49 | 0148 890c | 300f 85d2 | 0000 0041 | 8b40 0c83 

  0x0000020d0092d998: ;   {metadata(method data for {method} {0x0000020d19cf1ba0} 'checkValidState' '()V' in 'jdk/internal/foreign/ResourceScopeImpl')}
  0x0000020d0092d998: f800 48b8 | 1845 e319 | 0d02 0000 | 48be 8001 | 0000 0000 | 0000 0f8c | 0a00 0000 | 48be 7001 
  0x0000020d0092d9b8: 0000 0000 | 0000 488b | 0c30 488d | 4901 4889 | 0c30 0f8c | 6100 0000 | 410f be04 

  0x0000020d0092d9d4: ;   {metadata(method data for {method} {0x0000000800093cd0} 'getByteInternal' '(Ljdk/internal/misc/ScopedMemoryAccess$Scope;Ljava/lang/Object;J)B' in 'jdk/internal/misc/ScopedMemoryAccess')}
  0x0000020d0092d9d4: 3948 bee0 | 42e3 190d | 0200 0048 | 8386 b801 

  0x0000020d0092d9e4: ;   {metadata(method data for {method} {0x000000080003def0} 'reachabilityFence' '(Ljava/lang/Object;)V' in 'java/lang/ref/Reference')}
  0x0000020d0092d9e4: 0000 0148 | be40 70ca | 190d 0200 | 008b 8ecc | 0000 0083 | c102 898e | cc00 0000 | 81e1 feff 
  0x0000020d0092da04: 1f00 83f9 | 000f 84aa | 0200 00c1 | e018 c1f8 | 18c1 e018 | c1f8 1848 | 81c4 c000 

  0x0000020d0092da20: ;   {poll_return}
  0x0000020d0092da20: 0000 5d49 | 3ba7 3803 | 0000 0f87 | aa02 0000 | c30f 1f80 | 0000 0000 

  0x0000020d0092da38: ;   {no_reloc}
  0x0000020d0092da38: e92f 0300 | 0000 0000 | 0000 660f | 1f44 0000 

  0x0000020d0092da48: ; implicit exception: dispatches to 0x0000020d0092dd76
  0x0000020d0092da48: e939 0300 | 0090 48c1 | e003 483b 

  0x0000020d0092da54: ; ImmutableOopMap {r9=Oop [152]=Oop r8=Oop [128]=Oop [144]=Oop rax=Oop }
                      ;*athrow {reexecute=1 rethrow=0 return_oop=0}
                      ; - (reexecute) jdk.internal.foreign.ResourceScopeImpl::checkValidState@37 (line 194)
                      ; - jdk.internal.misc.ScopedMemoryAccess::getByteInternal@5 (line 571)
                      ; - jdk.internal.misc.ScopedMemoryAccess::getByte@4 (line 561)
                      ;   {section_word}
  0x0000020d0092da54: 0048 ba55 | da92 000d 

  0x0000020d0092da5c: ;   {runtime_call handle_exception_nofpu Runtime1 stub}
  0x0000020d0092da5c: 0200 00e8 | 1c14 7eff | 9066 6690 

  0x0000020d0092da68: ;   {no_reloc}
  0x0000020d0092da68: e937 0300 | 0000 0000 | 0000 80ba | 2301 0000 | 040f 8534 | 0300 0049 | 8b87 f000 | 0000 488d 
  0x0000020d0092da88: 7828 493b | bf00 0100 | 000f 871c | 0300 0049 | 89bf f000 | 0000 48c7 | 0001 0000 | 0048 8bca 
  0x0000020d0092daa8: 49ba 0000 | 0000 0800 | 0000 492b | ca89 4808 | 4833 c989 | 480c 4833 | c948 8948 | 1048 8948 
  0x0000020d0092dac8: 1848 8948 | 2048 8bd0 

  0x0000020d0092dad0: ;   {metadata(method data for {method} {0x0000020d19cf1ba0} 'checkValidState' '()V' in 'jdk/internal/foreign/ResourceScopeImpl')}
  0x0000020d0092dad0: 48be 1845 | e319 0d02 | 0000 4883 | 8660 0100 

  0x0000020d0092dae0: ;   {oop("Attempted access outside owning thread"{0x0000000713752888})}
  0x0000020d0092dae0: 0001 49b8 | 8828 7513 | 0700 0000 | 488b d048 | 8944 2478 

  0x0000020d0092daf4: ;   {optimized virtual_call}
  0x0000020d0092daf4: 6666 90e8 

  0x0000020d0092daf8: ; ImmutableOopMap {[152]=Oop [128]=Oop [120]=Oop [144]=Oop }
                      ;*invokespecial <init> {reexecute=0 rethrow=0 return_oop=0}
                      ; - jdk.internal.foreign.ResourceScopeImpl::checkValidState@23 (line 191)
                      ; - jdk.internal.misc.ScopedMemoryAccess::getByteInternal@5 (line 571)
                      ; - jdk.internal.misc.ScopedMemoryAccess::getByte@4 (line 561)
  0x0000020d0092daf8: 04fa 71ff | 488b 4424 

  0x0000020d0092db00: ; ImmutableOopMap {[152]=Oop [128]=Oop [144]=Oop rax=Oop }
                      ;*athrow {reexecute=1 rethrow=0 return_oop=0}
                      ; - (reexecute) jdk.internal.foreign.ResourceScopeImpl::checkValidState@26 (line 191)
                      ; - jdk.internal.misc.ScopedMemoryAccess::getByteInternal@5 (line 571)
                      ; - jdk.internal.misc.ScopedMemoryAccess::getByte@4 (line 561)
                      ;   {section_word}
  0x0000020d0092db00: 7848 ba01 | db92 000d 

  0x0000020d0092db08: ;   {runtime_call handle_exception_nofpu Runtime1 stub}
  0x0000020d0092db08: 0200 00e8 | 7013 7eff | 9049 8b87 | c803 0000 | 4d33 d24d | 8997 c803 | 0000 4d33 | d24d 8997 
  0x0000020d0092db28: d003 0000 

  0x0000020d0092db2c: ;   {metadata(method data for {method} {0x0000000800093cd0} 'getByteInternal' '(Ljdk/internal/misc/ScopedMemoryAccess$Scope;Ljava/lang/Object;J)B' in 'jdk/internal/misc/ScopedMemoryAccess')}
  0x0000020d0092db2c: 488b f048 | b8e0 42e3 | 190d 0200 | 0048 8380 | c801 0000 

  0x0000020d0092db40: ;   {metadata(method data for {method} {0x000000080003def0} 'reachabilityFence' '(Ljava/lang/Object;)V' in 'java/lang/ref/Reference')}
  0x0000020d0092db40: 0148 b840 | 70ca 190d | 0200 008b | 90cc 0000 | 0083 c202 | 8990 cc00 | 0000 81e2 | feff 1f00 
  0x0000020d0092db60: 83fa 000f | 8457 0200 

  0x0000020d0092db68: ; ImmutableOopMap {[152]=Oop [128]=Oop [144]=Oop rsi=Oop rax=Oop }
                      ;*athrow {reexecute=1 rethrow=0 return_oop=0}
                      ; - (reexecute) jdk.internal.misc.ScopedMemoryAccess::getByteInternal@35 (line 576)
                      ; - jdk.internal.misc.ScopedMemoryAccess::getByte@4 (line 561)
  0x0000020d0092db68: 0048 8bc6 

  0x0000020d0092db6c: ;   {section_word}
  0x0000020d0092db6c: 48ba 6cdb | 9200 0d02 

  0x0000020d0092db74: ;   {runtime_call handle_exception_nofpu Runtime1 stub}
  0x0000020d0092db74: 0000 e805 | 137e ff90 | 498b 87c8 | 0300 004d | 33d2 4d89 | 97c8 0300 | 004d 33d2 | 4d89 97d0 
  0x0000020d0092db94: 0300 0090 

  0x0000020d0092db98: ;   {no_reloc}
  0x0000020d0092db98: e953 0200 | 0000 0000 | 0000 4889 | 8424 a800 | 0000 80ba | 2301 0000 | 040f 8548 | 0200 0049 
  0x0000020d0092dbb8: 8b87 f000 | 0000 488d | 7828 493b | bf00 0100 | 000f 8730 | 0200 0049 | 89bf f000 | 0000 48c7 
  0x0000020d0092dbd8: 0001 0000 | 0048 8bca | 49ba 0000 | 0000 0800 | 0000 492b | ca89 4808 | 4833 c989 | 480c 4833 
  0x0000020d0092dbf8: c948 8948 | 1048 8948 | 1848 8948 | 2048 8bd0 

  0x0000020d0092dc08: ;   {metadata(method data for {method} {0x000000080008f7f0} 'getByte' '(Ljdk/internal/misc/ScopedMemoryAccess$Scope;Ljava/lang/Object;J)B' in 'jdk/internal/misc/ScopedMemoryAccess')}
  0x0000020d0092dc08: 48be 0041 | e319 0d02 | 0000 4883 | 8670 0100 

  0x0000020d0092dc18: ;   {oop("This segment is already closed"{0x00000007137528d8})}
  0x0000020d0092dc18: 0001 49b8 | d828 7513 | 0700 0000 | 488b d048 | 8984 24a0 

  0x0000020d0092dc2c: ;   {optimized virtual_call}
  0x0000020d0092dc2c: 0000 00e8 

  0x0000020d0092dc30: ; ImmutableOopMap {[128]=Oop [160]=Oop [168]=Oop [144]=Oop [152]=Oop }
                      ;*invokespecial <init> {reexecute=0 rethrow=0 return_oop=0}
                      ; - jdk.internal.misc.ScopedMemoryAccess::getByte@16 (line 563)
  0x0000020d0092dc30: ccf8 71ff | 488b 8424 

  0x0000020d0092dc38: ; ImmutableOopMap {[128]=Oop [168]=Oop [144]=Oop [152]=Oop rax=Oop }
                      ;*athrow {reexecute=1 rethrow=0 return_oop=0}
                      ; - (reexecute) jdk.internal.misc.ScopedMemoryAccess::getByte@19 (line 563)
  0x0000020d0092dc38: a000 0000 

  0x0000020d0092dc3c: ;   {section_word}
  0x0000020d0092dc3c: 48ba 3cdc | 9200 0d02 

  0x0000020d0092dc44: ;   {runtime_call handle_exception_nofpu Runtime1 stub}
  0x0000020d0092dc44: 0000 e835 | 127e ff90 

  0x0000020d0092dc4c: ;   {metadata({method} {0x000000080008f7f0} 'getByte' '(Ljdk/internal/misc/ScopedMemoryAccess$Scope;Ljava/lang/Object;J)B' in 'jdk/internal/misc/ScopedMemoryAccess')}
  0x0000020d0092dc4c: 49ba e8f7 | 0800 0800 | 0000 4c89 | 5424 0848 | c704 24ff 

  0x0000020d0092dc60: ;   {runtime_call counter_overflow Runtime1 stub}
  0x0000020d0092dc60: ffff ffe8 

  0x0000020d0092dc64: ; ImmutableOopMap {rdx=Oop [144]=Oop r8=Oop [128]=Oop r9=Oop [152]=Oop }
                      ;*synchronization entry
                      ; - jdk.internal.misc.ScopedMemoryAccess::getByte@-1 (line 561)
  0x0000020d0092dc64: 9855 7eff | e94a faff 

  0x0000020d0092dc6c: ;   {metadata({method} {0x0000000800093cd0} 'getByteInternal' '(Ljdk/internal/misc/ScopedMemoryAccess$Scope;Ljava/lang/Object;J)B' in 'jdk/internal/misc/ScopedMemoryAccess')}
  0x0000020d0092dc6c: ff49 bac8 | 3c09 0008 | 0000 004c | 8954 2408 | 48c7 0424 | ffff ffff 

  0x0000020d0092dc84: ;   {runtime_call counter_overflow Runtime1 stub}
  0x0000020d0092dc84: e877 557e 

  0x0000020d0092dc88: ; ImmutableOopMap {rdx=Oop [144]=Oop r8=Oop [128]=Oop r9=Oop [152]=Oop }
                      ;*synchronization entry
                      ; - jdk.internal.misc.ScopedMemoryAccess::getByteInternal@-1 (line 570)
                      ; - jdk.internal.misc.ScopedMemoryAccess::getByte@4 (line 561)
  0x0000020d0092dc88: ffe9 39fb 

  0x0000020d0092dc8c: ;   {runtime_call throw_incompatible_class_change_error Runtime1 stub}
  0x0000020d0092dc8c: ffff e80d 

  0x0000020d0092dc90: ; ImmutableOopMap {rdx=Oop [144]=Oop r8=Oop [128]=Oop r9=Oop [152]=Oop }
                      ;*invokeinterface checkValidState {reexecute=0 rethrow=0 return_oop=0}
                      ; - jdk.internal.misc.ScopedMemoryAccess::getByteInternal@5 (line 571)
                      ; - jdk.internal.misc.ScopedMemoryAccess::getByte@4 (line 561)
                      ;   {runtime_call throw_null_pointer_exception Runtime1 stub}
  0x0000020d0092dc90: 227e ffe8 

  0x0000020d0092dc94: ; ImmutableOopMap {rdx=Oop [144]=Oop r8=Oop [128]=Oop r9=Oop [152]=Oop }
                      ;*invokeinterface checkValidState {reexecute=0 rethrow=0 return_oop=0}
                      ; - jdk.internal.misc.ScopedMemoryAccess::getByteInternal@5 (line 571)
                      ; - jdk.internal.misc.ScopedMemoryAccess::getByte@4 (line 561)
  0x0000020d0092dc94: 08ed 7dff 

  0x0000020d0092dc98: ;   {metadata({method} {0x0000020d19cf1ba0} 'checkValidState' '()V' in 'jdk/internal/foreign/ResourceScopeImpl')}
  0x0000020d0092dc98: 49ba 981b | cf19 0d02 | 0000 4c89 | 5424 0848 | c704 24ff 

  0x0000020d0092dcac: ;   {runtime_call counter_overflow Runtime1 stub}
  0x0000020d0092dcac: ffff ffe8 

  0x0000020d0092dcb0: ; ImmutableOopMap {rdx=Oop [144]=Oop r8=Oop [128]=Oop r9=Oop [152]=Oop }
                      ;*synchronization entry
                      ; - jdk.internal.foreign.ResourceScopeImpl::checkValidState@-1 (line 190)
                      ; - jdk.internal.misc.ScopedMemoryAccess::getByteInternal@5 (line 571)
                      ; - jdk.internal.misc.ScopedMemoryAccess::getByte@4 (line 561)
  0x0000020d0092dcb0: 4c55 7eff | e943 fcff 

  0x0000020d0092dcb8: ;   {metadata({method} {0x000000080003def0} 'reachabilityFence' '(Ljava/lang/Object;)V' in 'java/lang/ref/Reference')}
  0x0000020d0092dcb8: ff49 bae8 | de03 0008 | 0000 004c | 8954 2408 | 48c7 0424 | ffff ffff 

  0x0000020d0092dcd0: ;   {runtime_call counter_overflow Runtime1 stub}
  0x0000020d0092dcd0: e82b 557e 

  0x0000020d0092dcd4: ; ImmutableOopMap {rdx=Oop [144]=Oop r8=Oop [128]=Oop r9=Oop [152]=Oop }
                      ;*synchronization entry
                      ; - java.lang.ref.Reference::reachabilityFence@-1 (line 619)
                      ; - jdk.internal.misc.ScopedMemoryAccess::getByteInternal@21 (line 575)
                      ; - jdk.internal.misc.ScopedMemoryAccess::getByte@4 (line 561)
  0x0000020d0092dcd4: ffe9 35fd 

  0x0000020d0092dcd8: ;   {internal_word}
  0x0000020d0092dcd8: ffff 49ba | 23da 9200 | 0d02 0000 | 4d89 9750 

  0x0000020d0092dce8: ;   {runtime_call SafepointBlob}
  0x0000020d0092dce8: 0300 00e9 | 906c 72ff 

  0x0000020d0092dcf0: ;   {oop(NULL)}
  0x0000020d0092dcf0: 48b8 0000 | 0000 0000 | 0000 5053 | 488b 5810 | 5756 5251 | 4150 4151 | 4152 4153 | 4883 ec20 
  0x0000020d0092dd10: f7c4 0f00 | 0000 0f84 | 1a00 0000 | 4883 ec08 

  0x0000020d0092dd20: ;   {runtime_call}
  0x0000020d0092dd20: 49ba 30fe | bd0d fc7f | 0000 41ff | d248 83c4 | 08e9 0d00 

  0x0000020d0092dd34: ;   {runtime_call}
  0x0000020d0092dd34: 0000 49ba | 30fe bd0d | fc7f 0000 | 41ff d248 | 83c4 2041 | 5b41 5a41 | 5941 5859 | 5a5e 5f48 
  0x0000020d0092dd54: 3b83 2801 | 0000 5b58 | 0f85 0a00 | 0000 e9db | fcff ffb8 | 007c 720a 

  0x0000020d0092dd6c: ;   {runtime_call load_mirror_patching Runtime1 stub}
  0x0000020d0092dd6c: e88f 447e 

  0x0000020d0092dd70: ; ImmutableOopMap {[144]=Oop r9=Oop [152]=Oop r8=Oop [128]=Oop }
                      ;*getstatic INSTANCE {reexecute=1 rethrow=0 return_oop=0}
                      ; - (reexecute) jdk.internal.foreign.ResourceScopeImpl::checkValidState@34 (line 194)
                      ; - jdk.internal.misc.ScopedMemoryAccess::getByteInternal@5 (line 571)
                      ; - jdk.internal.misc.ScopedMemoryAccess::getByte@4 (line 561)
  0x0000020d0092dd70: ffe9 c2fc 

  0x0000020d0092dd74: ;   {runtime_call throw_null_pointer_exception Runtime1 stub}
  0x0000020d0092dd74: ffff e825 

  0x0000020d0092dd78: ; ImmutableOopMap {[144]=Oop r9=Oop [152]=Oop r8=Oop [128]=Oop rax=Oop }
                      ;*getstatic INSTANCE {reexecute=1 rethrow=0 return_oop=0}
                      ; - (reexecute) jdk.internal.foreign.ResourceScopeImpl::checkValidState@34 (line 194)
                      ; - jdk.internal.misc.ScopedMemoryAccess::getByteInternal@5 (line 571)
                      ; - jdk.internal.misc.ScopedMemoryAccess::getByte@4 (line 561)
  0x0000020d0092dd78: ec7d ff8b | 8000 0000 | 00b8 000b 

  0x0000020d0092dd84: ;   {runtime_call access_field_patching Runtime1 stub}
  0x0000020d0092dd84: 0506 e875 

  0x0000020d0092dd88: ; ImmutableOopMap {[144]=Oop r9=Oop [152]=Oop r8=Oop [128]=Oop rax=Oop }
                      ;*getstatic INSTANCE {reexecute=1 rethrow=0 return_oop=0}
                      ; - (reexecute) jdk.internal.foreign.ResourceScopeImpl::checkValidState@34 (line 194)
                      ; - jdk.internal.misc.ScopedMemoryAccess::getByteInternal@5 (line 571)
                      ; - jdk.internal.misc.ScopedMemoryAccess::getByte@4 (line 561)
  0x0000020d0092dd88: 377e ffe9 | b8fc ffff 

  0x0000020d0092dd90: ;   {runtime_call throw_null_pointer_exception Runtime1 stub}
  0x0000020d0092dd90: e80b ec7d 

  0x0000020d0092dd94: ; ImmutableOopMap {[144]=Oop r9=Oop [152]=Oop r8=Oop [128]=Oop rax=Oop }
                      ;*athrow {reexecute=1 rethrow=0 return_oop=0}
                      ; - (reexecute) jdk.internal.foreign.ResourceScopeImpl::checkValidState@37 (line 194)
                      ; - jdk.internal.misc.ScopedMemoryAccess::getByteInternal@5 (line 571)
                      ; - jdk.internal.misc.ScopedMemoryAccess::getByte@4 (line 561)
                      ;   {metadata(NULL)}
  0x0000020d0092dd94: ff48 ba00 | 0000 0000 | 0000 00b8 | 000f 050a 

  0x0000020d0092dda4: ;   {runtime_call load_klass_patching Runtime1 stub}
  0x0000020d0092dda4: e8d7 3d7e 

  0x0000020d0092dda8: ; ImmutableOopMap {[128]=Oop [152]=Oop [144]=Oop }
                      ;*new {reexecute=1 rethrow=0 return_oop=0}
                      ; - (reexecute) jdk.internal.foreign.ResourceScopeImpl::checkValidState@17 (line 191)
                      ; - jdk.internal.misc.ScopedMemoryAccess::getByteInternal@5 (line 571)
                      ; - jdk.internal.misc.ScopedMemoryAccess::getByte@4 (line 561)
  0x0000020d0092dda8: ffe9 bafc 

  0x0000020d0092ddac: ;   {runtime_call throw_null_pointer_exception Runtime1 stub}
  0x0000020d0092ddac: ffff e8ed 

  0x0000020d0092ddb0: ; ImmutableOopMap {[128]=Oop [152]=Oop [144]=Oop }
                      ;*new {reexecute=0 rethrow=0 return_oop=0}
                      ; - jdk.internal.foreign.ResourceScopeImpl::checkValidState@17 (line 191)
                      ; - jdk.internal.misc.ScopedMemoryAccess::getByteInternal@5 (line 571)
                      ; - jdk.internal.misc.ScopedMemoryAccess::getByte@4 (line 561)
  0x0000020d0092ddb0: eb7d ff48 

  0x0000020d0092ddb4: ;   {runtime_call fast_new_instance_init_check Runtime1 stub}
  0x0000020d0092ddb4: 8bd2 e8c5 

  0x0000020d0092ddb8: ; ImmutableOopMap {[128]=Oop [152]=Oop [144]=Oop }
                      ;*new {reexecute=0 rethrow=0 return_oop=0}
                      ; - jdk.internal.foreign.ResourceScopeImpl::checkValidState@17 (line 191)
                      ; - jdk.internal.misc.ScopedMemoryAccess::getByteInternal@5 (line 571)
                      ; - jdk.internal.misc.ScopedMemoryAccess::getByte@4 (line 561)
  0x0000020d0092ddb8: 007e ffe9 | 0dfd ffff 

  0x0000020d0092ddc0: ;   {metadata({method} {0x000000080003def0} 'reachabilityFence' '(Ljava/lang/Object;)V' in 'java/lang/ref/Reference')}
  0x0000020d0092ddc0: 49ba e8de | 0300 0800 | 0000 4c89 | 5424 0848 | c704 24ff 

  0x0000020d0092ddd4: ;   {runtime_call counter_overflow Runtime1 stub}
  0x0000020d0092ddd4: ffff ffe8 

  0x0000020d0092ddd8: ; ImmutableOopMap {[152]=Oop [128]=Oop [144]=Oop rsi=Oop }
                      ;*synchronization entry
                      ; - java.lang.ref.Reference::reachabilityFence@-1 (line 619)
                      ; - jdk.internal.misc.ScopedMemoryAccess::getByteInternal@30 (line 575)
                      ; - jdk.internal.misc.ScopedMemoryAccess::getByte@4 (line 561)
  0x0000020d0092ddd8: 2454 7eff | e988 fdff 

  0x0000020d0092dde0: ;   {metadata(NULL)}
  0x0000020d0092dde0: ff48 ba00 | 0000 0000 | 0000 00b8 | 000f 050a 

  0x0000020d0092ddf0: ;   {runtime_call load_klass_patching Runtime1 stub}
  0x0000020d0092ddf0: e88b 3d7e 

  0x0000020d0092ddf4: ; ImmutableOopMap {[152]=Oop [128]=Oop rax=Oop [144]=Oop }
                      ;*new {reexecute=1 rethrow=0 return_oop=0}
                      ; - (reexecute) jdk.internal.misc.ScopedMemoryAccess::getByte@10 (line 563)
  0x0000020d0092ddf4: ffe9 9efd 

  0x0000020d0092ddf8: ;   {runtime_call throw_null_pointer_exception Runtime1 stub}
  0x0000020d0092ddf8: ffff e8a1 

  0x0000020d0092ddfc: ; ImmutableOopMap {[152]=Oop [128]=Oop [144]=Oop [168]=Oop }
                      ;*new {reexecute=0 rethrow=0 return_oop=0}
                      ; - jdk.internal.misc.ScopedMemoryAccess::getByte@10 (line 563)
  0x0000020d0092ddfc: eb7d ff48 

  0x0000020d0092de00: ;   {runtime_call fast_new_instance_init_check Runtime1 stub}
  0x0000020d0092de00: 8bd2 e879 

  0x0000020d0092de04: ; ImmutableOopMap {[152]=Oop [128]=Oop [144]=Oop [168]=Oop }
                      ;*new {reexecute=0 rethrow=0 return_oop=0}
                      ; - jdk.internal.misc.ScopedMemoryAccess::getByte@10 (line 563)
  0x0000020d0092de04: 007e ffe9 | f9fd ffff | 9090 498b | 87c8 0300 | 0049 c787 | c803 0000 | 0000 0000 | 49c7 87d0 
  0x0000020d0092de24: 0300 0000 | 0000 0048 | 81c4 c000 

  0x0000020d0092de30: ;   {runtime_call unwind_exception Runtime1 stub}
  0x0000020d0092de30: 0000 5de9 | 4805 75ff | f4f4 f4f4 | f4f4 f4f4 
[Stub Code]
  0x0000020d0092de40: ;   {no_reloc}
  0x0000020d0092de40: 0f1f 4400 

  0x0000020d0092de44: ;   {static_stub}
  0x0000020d0092de44: 0048 bb00 | 0000 0000 

  0x0000020d0092de4c: ;   {runtime_call}
  0x0000020d0092de4c: 0000 00e9 | fbff ffff 

  0x0000020d0092de54: ;   {static_stub}
  0x0000020d0092de54: 9048 bb00 | 0000 0000 

  0x0000020d0092de5c: ;   {runtime_call}
  0x0000020d0092de5c: 0000 00e9 | fbff ffff 
[Exception Handler]
  0x0000020d0092de64: ;   {runtime_call handle_exception_from_callee Runtime1 stub}
  0x0000020d0092de64: e817 177e 

  0x0000020d0092de68: ;   {external_word}
  0x0000020d0092de68: ff48 b9a0 | 304c 0efc | 7f00 0048 

  0x0000020d0092de74: ;   {runtime_call}
  0x0000020d0092de74: 83e4 f049 | bab0 ce19 | 0efc 7f00 | 0041 ffd2 

  0x0000020d0092de84: ;   {section_word}
  0x0000020d0092de84: f449 ba85 | de92 000d | 0200 0041 

  0x0000020d0092de90: ;   {runtime_call DeoptimizationBlob}
  0x0000020d0092de90: 52e9 0a80 | 72ff f4f4 
[/MachCode]


---------------  P R O C E S S  ---------------

Threads class SMR info:
_java_thread_list=0x0000020d1e0bc8b0, length=15, elements={
0x0000020d763008f0, 0x0000020d19a47310, 0x0000020d19a47cb0, 0x0000020d19a693d0,
0x0000020d19a69f80, 0x0000020d19a6c930, 0x0000020d19a6daf0, 0x0000020d19a71c60,
0x0000020d19a74f10, 0x0000020d19a76220, 0x0000020d1dc9f8e0, 0x0000020d1dd85250,
0x0000020d1dc9e0d0, 0x0000020d1de3ff80, 0x0000020d1dca0c20
}

Java Threads: ( => current thread )
=>0x0000020d763008f0 JavaThread "main" [_thread_in_Java, id=55624, stack(0x000000d7dcd00000,0x000000d7dce00000)]
  0x0000020d19a47310 JavaThread "Reference Handler" daemon [_thread_blocked, id=36428, stack(0x000000d7dd400000,0x000000d7dd500000)]
  0x0000020d19a47cb0 JavaThread "Finalizer" daemon [_thread_blocked, id=35872, stack(0x000000d7dd500000,0x000000d7dd600000)]
  0x0000020d19a693d0 JavaThread "Signal Dispatcher" daemon [_thread_blocked, id=48384, stack(0x000000d7dd600000,0x000000d7dd700000)]
  0x0000020d19a69f80 JavaThread "Attach Listener" daemon [_thread_blocked, id=53816, stack(0x000000d7dd700000,0x000000d7dd800000)]
  0x0000020d19a6c930 JavaThread "Service Thread" daemon [_thread_blocked, id=53160, stack(0x000000d7dd800000,0x000000d7dd900000)]
  0x0000020d19a6daf0 JavaThread "Monitor Deflation Thread" daemon [_thread_blocked, id=34448, stack(0x000000d7dd900000,0x000000d7dda00000)]
  0x0000020d19a71c60 JavaThread "C2 CompilerThread0" daemon [_thread_blocked, id=7052, stack(0x000000d7dda00000,0x000000d7ddb00000)]
  0x0000020d19a74f10 JavaThread "C1 CompilerThread0" daemon [_thread_blocked, id=47968, stack(0x000000d7ddb00000,0x000000d7ddc00000)]
  0x0000020d19a76220 JavaThread "Sweeper thread" daemon [_thread_blocked, id=52684, stack(0x000000d7ddc00000,0x000000d7ddd00000)]
  0x0000020d1dc9f8e0 JavaThread "Common-Cleaner" daemon [_thread_blocked, id=25588, stack(0x000000d7ddd00000,0x000000d7dde00000)]
  0x0000020d1dd85250 JavaThread "JDWP Event Helper Thread" daemon [_thread_blocked, id=55944, stack(0x000000d7de000000,0x000000d7de100000)]
  0x0000020d1dc9e0d0 JavaThread "Notification Thread" daemon [_thread_blocked, id=54188, stack(0x000000d7de200000,0x000000d7de300000)]
  0x0000020d1de3ff80 JavaThread "C1 CompilerThread1" daemon [_thread_blocked, id=55584, stack(0x000000d7dca00000,0x000000d7dcb00000)]
  0x0000020d1dca0c20 JavaThread "SIGINT handler" daemon [_thread_blocked, id=43184, stack(0x000000d7dcb00000,0x000000d7dcc00000)]

Other Threads:
  0x0000020d19a44940 VMThread "VM Thread" [stack: 0x000000d7dd300000,0x000000d7dd400000] [id=54176]
  0x0000020d1ddea6f0 WatcherThread "VM Periodic Task Thread" [stack: 0x000000d7de300000,0x000000d7de400000] [id=39356]
  0x0000020d76374160 WorkerThread "GC Thread#0" [stack: 0x000000d7dce00000,0x000000d7dcf00000] [id=41788]
  0x0000020d76385cf0 ConcurrentGCThread "G1 Main Marker" [stack: 0x000000d7dcf00000,0x000000d7dd000000] [id=40612]
  0x0000020d763866e0 WorkerThread "G1 Conc#0" [stack: 0x000000d7dd000000,0x000000d7dd100000] [id=56080]
  0x0000020d763ceb60 ConcurrentGCThread "G1 Refine#0" [stack: 0x000000d7dd100000,0x000000d7dd200000] [id=56216]
  0x0000020d199016c0 ConcurrentGCThread "G1 Service" [stack: 0x000000d7dd200000,0x000000d7dd300000] [id=28456]

Threads with active compile tasks:

VM state: not at safepoint (normal execution)

VM Mutex/Monitor currently owned by a thread: None

Heap address: 0x0000000703a00000, size: 4038 MB, Compressed Oops mode: Zero based, Oop shift amount: 3

CDS archive(s) mapped at: [0x0000000800000000-0x0000000800b90000-0x0000000800b90000), size 12124160, SharedBaseAddress: 0x0000000800000000, ArchiveRelocationMode: 0.
Compressed class space mapped at: 0x0000000800c00000-0x0000000840c00000, reserved size: 1073741824
Narrow klass base: 0x0000000800000000, Narrow klass shift: 0, Narrow klass range: 0x100000000

GC Precious Log:
 CardTable entry size: 512
 Card Set container configuration: InlinePtr #cards 4 size 8 Array Of Cards #cards 16 size 48 Howl #buckets 8 coarsen threshold 3686 Howl Bitmap #cards 512 size 80 coarsen threshold 460 Card regions per heap region 1 cards per card region 4096
 CPUs: 16 total, 16 available
 Memory: 16151M
 Large Page Support: Disabled
 NUMA Support: Disabled
 Compressed Oops: Enabled (Zero based)
 Heap Region Size: 2M
 Heap Min Capacity: 8M
 Heap Initial Capacity: 254M
 Heap Max Capacity: 4038M
 Pre-touch: Disabled
 Parallel Workers: 13
 Concurrent Workers: 3
 Concurrent Refinement Workers: 13
 Periodic GC: Disabled

Heap:
 garbage-first heap   total 260096K, used 20480K [0x0000000703a00000, 0x0000000800000000)
  region size 2048K, 11 young (22528K), 0 survivors (0K)
 Metaspace       used 4367K, committed 5376K, reserved 1114112K
  class space    used 632K, committed 1088K, reserved 1048576K

Heap Regions: E=young(eden), S=young(survivor), O=old, HS=humongous(starts), HC=humongous(continues), CS=collection set, F=free, OA=open archive, CA=closed archive, TAMS=top-at-mark-start (previous, next)
|   0|0x0000000703a00000, 0x0000000703a00000, 0x0000000703c00000|  0%| F|  |TAMS 0x0000000703a00000, 0x0000000703a00000| Untracked 
|   1|0x0000000703c00000, 0x0000000703c00000, 0x0000000703e00000|  0%| F|  |TAMS 0x0000000703c00000, 0x0000000703c00000| Untracked 
|   2|0x0000000703e00000, 0x0000000703e00000, 0x0000000704000000|  0%| F|  |TAMS 0x0000000703e00000, 0x0000000703e00000| Untracked 
|   3|0x0000000704000000, 0x0000000704000000, 0x0000000704200000|  0%| F|  |TAMS 0x0000000704000000, 0x0000000704000000| Untracked 
|   4|0x0000000704200000, 0x0000000704200000, 0x0000000704400000|  0%| F|  |TAMS 0x0000000704200000, 0x0000000704200000| Untracked 
|   5|0x0000000704400000, 0x0000000704400000, 0x0000000704600000|  0%| F|  |TAMS 0x0000000704400000, 0x0000000704400000| Untracked 
|   6|0x0000000704600000, 0x0000000704600000, 0x0000000704800000|  0%| F|  |TAMS 0x0000000704600000, 0x0000000704600000| Untracked 
|   7|0x0000000704800000, 0x0000000704800000, 0x0000000704a00000|  0%| F|  |TAMS 0x0000000704800000, 0x0000000704800000| Untracked 
|   8|0x0000000704a00000, 0x0000000704a00000, 0x0000000704c00000|  0%| F|  |TAMS 0x0000000704a00000, 0x0000000704a00000| Untracked 
|   9|0x0000000704c00000, 0x0000000704c00000, 0x0000000704e00000|  0%| F|  |TAMS 0x0000000704c00000, 0x0000000704c00000| Untracked 
|  10|0x0000000704e00000, 0x0000000704e00000, 0x0000000705000000|  0%| F|  |TAMS 0x0000000704e00000, 0x0000000704e00000| Untracked 
|  11|0x0000000705000000, 0x0000000705000000, 0x0000000705200000|  0%| F|  |TAMS 0x0000000705000000, 0x0000000705000000| Untracked 
|  12|0x0000000705200000, 0x0000000705200000, 0x0000000705400000|  0%| F|  |TAMS 0x0000000705200000, 0x0000000705200000| Untracked 
|  13|0x0000000705400000, 0x0000000705400000, 0x0000000705600000|  0%| F|  |TAMS 0x0000000705400000, 0x0000000705400000| Untracked 
|  14|0x0000000705600000, 0x0000000705600000, 0x0000000705800000|  0%| F|  |TAMS 0x0000000705600000, 0x0000000705600000| Untracked 
|  15|0x0000000705800000, 0x0000000705800000, 0x0000000705a00000|  0%| F|  |TAMS 0x0000000705800000, 0x0000000705800000| Untracked 
|  16|0x0000000705a00000, 0x0000000705a00000, 0x0000000705c00000|  0%| F|  |TAMS 0x0000000705a00000, 0x0000000705a00000| Untracked 
|  17|0x0000000705c00000, 0x0000000705c00000, 0x0000000705e00000|  0%| F|  |TAMS 0x0000000705c00000, 0x0000000705c00000| Untracked 
|  18|0x0000000705e00000, 0x0000000705e00000, 0x0000000706000000|  0%| F|  |TAMS 0x0000000705e00000, 0x0000000705e00000| Untracked 
|  19|0x0000000706000000, 0x0000000706000000, 0x0000000706200000|  0%| F|  |TAMS 0x0000000706000000, 0x0000000706000000| Untracked 
|  20|0x0000000706200000, 0x0000000706200000, 0x0000000706400000|  0%| F|  |TAMS 0x0000000706200000, 0x0000000706200000| Untracked 
|  21|0x0000000706400000, 0x0000000706400000, 0x0000000706600000|  0%| F|  |TAMS 0x0000000706400000, 0x0000000706400000| Untracked 
|  22|0x0000000706600000, 0x0000000706600000, 0x0000000706800000|  0%| F|  |TAMS 0x0000000706600000, 0x0000000706600000| Untracked 
|  23|0x0000000706800000, 0x0000000706800000, 0x0000000706a00000|  0%| F|  |TAMS 0x0000000706800000, 0x0000000706800000| Untracked 
|  24|0x0000000706a00000, 0x0000000706a00000, 0x0000000706c00000|  0%| F|  |TAMS 0x0000000706a00000, 0x0000000706a00000| Untracked 
|  25|0x0000000706c00000, 0x0000000706c00000, 0x0000000706e00000|  0%| F|  |TAMS 0x0000000706c00000, 0x0000000706c00000| Untracked 
|  26|0x0000000706e00000, 0x0000000706e00000, 0x0000000707000000|  0%| F|  |TAMS 0x0000000706e00000, 0x0000000706e00000| Untracked 
|  27|0x0000000707000000, 0x0000000707000000, 0x0000000707200000|  0%| F|  |TAMS 0x0000000707000000, 0x0000000707000000| Untracked 
|  28|0x0000000707200000, 0x0000000707200000, 0x0000000707400000|  0%| F|  |TAMS 0x0000000707200000, 0x0000000707200000| Untracked 
|  29|0x0000000707400000, 0x0000000707400000, 0x0000000707600000|  0%| F|  |TAMS 0x0000000707400000, 0x0000000707400000| Untracked 
|  30|0x0000000707600000, 0x0000000707600000, 0x0000000707800000|  0%| F|  |TAMS 0x0000000707600000, 0x0000000707600000| Untracked 
|  31|0x0000000707800000, 0x0000000707800000, 0x0000000707a00000|  0%| F|  |TAMS 0x0000000707800000, 0x0000000707800000| Untracked 
|  32|0x0000000707a00000, 0x0000000707a00000, 0x0000000707c00000|  0%| F|  |TAMS 0x0000000707a00000, 0x0000000707a00000| Untracked 
|  33|0x0000000707c00000, 0x0000000707c00000, 0x0000000707e00000|  0%| F|  |TAMS 0x0000000707c00000, 0x0000000707c00000| Untracked 
|  34|0x0000000707e00000, 0x0000000707e00000, 0x0000000708000000|  0%| F|  |TAMS 0x0000000707e00000, 0x0000000707e00000| Untracked 
|  35|0x0000000708000000, 0x0000000708000000, 0x0000000708200000|  0%| F|  |TAMS 0x0000000708000000, 0x0000000708000000| Untracked 
|  36|0x0000000708200000, 0x0000000708200000, 0x0000000708400000|  0%| F|  |TAMS 0x0000000708200000, 0x0000000708200000| Untracked 
|  37|0x0000000708400000, 0x0000000708400000, 0x0000000708600000|  0%| F|  |TAMS 0x0000000708400000, 0x0000000708400000| Untracked 
|  38|0x0000000708600000, 0x0000000708600000, 0x0000000708800000|  0%| F|  |TAMS 0x0000000708600000, 0x0000000708600000| Untracked 
|  39|0x0000000708800000, 0x0000000708800000, 0x0000000708a00000|  0%| F|  |TAMS 0x0000000708800000, 0x0000000708800000| Untracked 
|  40|0x0000000708a00000, 0x0000000708a00000, 0x0000000708c00000|  0%| F|  |TAMS 0x0000000708a00000, 0x0000000708a00000| Untracked 
|  41|0x0000000708c00000, 0x0000000708c00000, 0x0000000708e00000|  0%| F|  |TAMS 0x0000000708c00000, 0x0000000708c00000| Untracked 
|  42|0x0000000708e00000, 0x0000000708e00000, 0x0000000709000000|  0%| F|  |TAMS 0x0000000708e00000, 0x0000000708e00000| Untracked 
|  43|0x0000000709000000, 0x0000000709000000, 0x0000000709200000|  0%| F|  |TAMS 0x0000000709000000, 0x0000000709000000| Untracked 
|  44|0x0000000709200000, 0x0000000709200000, 0x0000000709400000|  0%| F|  |TAMS 0x0000000709200000, 0x0000000709200000| Untracked 
|  45|0x0000000709400000, 0x0000000709400000, 0x0000000709600000|  0%| F|  |TAMS 0x0000000709400000, 0x0000000709400000| Untracked 
|  46|0x0000000709600000, 0x0000000709600000, 0x0000000709800000|  0%| F|  |TAMS 0x0000000709600000, 0x0000000709600000| Untracked 
|  47|0x0000000709800000, 0x0000000709800000, 0x0000000709a00000|  0%| F|  |TAMS 0x0000000709800000, 0x0000000709800000| Untracked 
|  48|0x0000000709a00000, 0x0000000709a00000, 0x0000000709c00000|  0%| F|  |TAMS 0x0000000709a00000, 0x0000000709a00000| Untracked 
|  49|0x0000000709c00000, 0x0000000709c00000, 0x0000000709e00000|  0%| F|  |TAMS 0x0000000709c00000, 0x0000000709c00000| Untracked 
|  50|0x0000000709e00000, 0x0000000709e00000, 0x000000070a000000|  0%| F|  |TAMS 0x0000000709e00000, 0x0000000709e00000| Untracked 
|  51|0x000000070a000000, 0x000000070a000000, 0x000000070a200000|  0%| F|  |TAMS 0x000000070a000000, 0x000000070a000000| Untracked 
|  52|0x000000070a200000, 0x000000070a200000, 0x000000070a400000|  0%| F|  |TAMS 0x000000070a200000, 0x000000070a200000| Untracked 
|  53|0x000000070a400000, 0x000000070a400000, 0x000000070a600000|  0%| F|  |TAMS 0x000000070a400000, 0x000000070a400000| Untracked 
|  54|0x000000070a600000, 0x000000070a600000, 0x000000070a800000|  0%| F|  |TAMS 0x000000070a600000, 0x000000070a600000| Untracked 
|  55|0x000000070a800000, 0x000000070a800000, 0x000000070aa00000|  0%| F|  |TAMS 0x000000070a800000, 0x000000070a800000| Untracked 
|  56|0x000000070aa00000, 0x000000070aa00000, 0x000000070ac00000|  0%| F|  |TAMS 0x000000070aa00000, 0x000000070aa00000| Untracked 
|  57|0x000000070ac00000, 0x000000070ac00000, 0x000000070ae00000|  0%| F|  |TAMS 0x000000070ac00000, 0x000000070ac00000| Untracked 
|  58|0x000000070ae00000, 0x000000070ae00000, 0x000000070b000000|  0%| F|  |TAMS 0x000000070ae00000, 0x000000070ae00000| Untracked 
|  59|0x000000070b000000, 0x000000070b000000, 0x000000070b200000|  0%| F|  |TAMS 0x000000070b000000, 0x000000070b000000| Untracked 
|  60|0x000000070b200000, 0x000000070b200000, 0x000000070b400000|  0%| F|  |TAMS 0x000000070b200000, 0x000000070b200000| Untracked 
|  61|0x000000070b400000, 0x000000070b400000, 0x000000070b600000|  0%| F|  |TAMS 0x000000070b400000, 0x000000070b400000| Untracked 
|  62|0x000000070b600000, 0x000000070b600000, 0x000000070b800000|  0%| F|  |TAMS 0x000000070b600000, 0x000000070b600000| Untracked 
|  63|0x000000070b800000, 0x000000070b800000, 0x000000070ba00000|  0%| F|  |TAMS 0x000000070b800000, 0x000000070b800000| Untracked 
|  64|0x000000070ba00000, 0x000000070ba00000, 0x000000070bc00000|  0%| F|  |TAMS 0x000000070ba00000, 0x000000070ba00000| Untracked 
|  65|0x000000070bc00000, 0x000000070bc00000, 0x000000070be00000|  0%| F|  |TAMS 0x000000070bc00000, 0x000000070bc00000| Untracked 
|  66|0x000000070be00000, 0x000000070be00000, 0x000000070c000000|  0%| F|  |TAMS 0x000000070be00000, 0x000000070be00000| Untracked 
|  67|0x000000070c000000, 0x000000070c000000, 0x000000070c200000|  0%| F|  |TAMS 0x000000070c000000, 0x000000070c000000| Untracked 
|  68|0x000000070c200000, 0x000000070c200000, 0x000000070c400000|  0%| F|  |TAMS 0x000000070c200000, 0x000000070c200000| Untracked 
|  69|0x000000070c400000, 0x000000070c400000, 0x000000070c600000|  0%| F|  |TAMS 0x000000070c400000, 0x000000070c400000| Untracked 
|  70|0x000000070c600000, 0x000000070c600000, 0x000000070c800000|  0%| F|  |TAMS 0x000000070c600000, 0x000000070c600000| Untracked 
|  71|0x000000070c800000, 0x000000070c800000, 0x000000070ca00000|  0%| F|  |TAMS 0x000000070c800000, 0x000000070c800000| Untracked 
|  72|0x000000070ca00000, 0x000000070ca00000, 0x000000070cc00000|  0%| F|  |TAMS 0x000000070ca00000, 0x000000070ca00000| Untracked 
|  73|0x000000070cc00000, 0x000000070cc00000, 0x000000070ce00000|  0%| F|  |TAMS 0x000000070cc00000, 0x000000070cc00000| Untracked 
|  74|0x000000070ce00000, 0x000000070ce00000, 0x000000070d000000|  0%| F|  |TAMS 0x000000070ce00000, 0x000000070ce00000| Untracked 
|  75|0x000000070d000000, 0x000000070d000000, 0x000000070d200000|  0%| F|  |TAMS 0x000000070d000000, 0x000000070d000000| Untracked 
|  76|0x000000070d200000, 0x000000070d200000, 0x000000070d400000|  0%| F|  |TAMS 0x000000070d200000, 0x000000070d200000| Untracked 
|  77|0x000000070d400000, 0x000000070d400000, 0x000000070d600000|  0%| F|  |TAMS 0x000000070d400000, 0x000000070d400000| Untracked 
|  78|0x000000070d600000, 0x000000070d600000, 0x000000070d800000|  0%| F|  |TAMS 0x000000070d600000, 0x000000070d600000| Untracked 
|  79|0x000000070d800000, 0x000000070d800000, 0x000000070da00000|  0%| F|  |TAMS 0x000000070d800000, 0x000000070d800000| Untracked 
|  80|0x000000070da00000, 0x000000070da00000, 0x000000070dc00000|  0%| F|  |TAMS 0x000000070da00000, 0x000000070da00000| Untracked 
|  81|0x000000070dc00000, 0x000000070dc00000, 0x000000070de00000|  0%| F|  |TAMS 0x000000070dc00000, 0x000000070dc00000| Untracked 
|  82|0x000000070de00000, 0x000000070de00000, 0x000000070e000000|  0%| F|  |TAMS 0x000000070de00000, 0x000000070de00000| Untracked 
|  83|0x000000070e000000, 0x000000070e000000, 0x000000070e200000|  0%| F|  |TAMS 0x000000070e000000, 0x000000070e000000| Untracked 
|  84|0x000000070e200000, 0x000000070e200000, 0x000000070e400000|  0%| F|  |TAMS 0x000000070e200000, 0x000000070e200000| Untracked 
|  85|0x000000070e400000, 0x000000070e400000, 0x000000070e600000|  0%| F|  |TAMS 0x000000070e400000, 0x000000070e400000| Untracked 
|  86|0x000000070e600000, 0x000000070e600000, 0x000000070e800000|  0%| F|  |TAMS 0x000000070e600000, 0x000000070e600000| Untracked 
|  87|0x000000070e800000, 0x000000070e800000, 0x000000070ea00000|  0%| F|  |TAMS 0x000000070e800000, 0x000000070e800000| Untracked 
|  88|0x000000070ea00000, 0x000000070ea00000, 0x000000070ec00000|  0%| F|  |TAMS 0x000000070ea00000, 0x000000070ea00000| Untracked 
|  89|0x000000070ec00000, 0x000000070ec00000, 0x000000070ee00000|  0%| F|  |TAMS 0x000000070ec00000, 0x000000070ec00000| Untracked 
|  90|0x000000070ee00000, 0x000000070ee00000, 0x000000070f000000|  0%| F|  |TAMS 0x000000070ee00000, 0x000000070ee00000| Untracked 
|  91|0x000000070f000000, 0x000000070f000000, 0x000000070f200000|  0%| F|  |TAMS 0x000000070f000000, 0x000000070f000000| Untracked 
|  92|0x000000070f200000, 0x000000070f200000, 0x000000070f400000|  0%| F|  |TAMS 0x000000070f200000, 0x000000070f200000| Untracked 
|  93|0x000000070f400000, 0x000000070f400000, 0x000000070f600000|  0%| F|  |TAMS 0x000000070f400000, 0x000000070f400000| Untracked 
|  94|0x000000070f600000, 0x000000070f600000, 0x000000070f800000|  0%| F|  |TAMS 0x000000070f600000, 0x000000070f600000| Untracked 
|  95|0x000000070f800000, 0x000000070f800000, 0x000000070fa00000|  0%| F|  |TAMS 0x000000070f800000, 0x000000070f800000| Untracked 
|  96|0x000000070fa00000, 0x000000070fa00000, 0x000000070fc00000|  0%| F|  |TAMS 0x000000070fa00000, 0x000000070fa00000| Untracked 
|  97|0x000000070fc00000, 0x000000070fc00000, 0x000000070fe00000|  0%| F|  |TAMS 0x000000070fc00000, 0x000000070fc00000| Untracked 
|  98|0x000000070fe00000, 0x000000070fe00000, 0x0000000710000000|  0%| F|  |TAMS 0x000000070fe00000, 0x000000070fe00000| Untracked 
|  99|0x0000000710000000, 0x0000000710000000, 0x0000000710200000|  0%| F|  |TAMS 0x0000000710000000, 0x0000000710000000| Untracked 
| 100|0x0000000710200000, 0x0000000710200000, 0x0000000710400000|  0%| F|  |TAMS 0x0000000710200000, 0x0000000710200000| Untracked 
| 101|0x0000000710400000, 0x0000000710400000, 0x0000000710600000|  0%| F|  |TAMS 0x0000000710400000, 0x0000000710400000| Untracked 
| 102|0x0000000710600000, 0x0000000710600000, 0x0000000710800000|  0%| F|  |TAMS 0x0000000710600000, 0x0000000710600000| Untracked 
| 103|0x0000000710800000, 0x0000000710800000, 0x0000000710a00000|  0%| F|  |TAMS 0x0000000710800000, 0x0000000710800000| Untracked 
| 104|0x0000000710a00000, 0x0000000710a00000, 0x0000000710c00000|  0%| F|  |TAMS 0x0000000710a00000, 0x0000000710a00000| Untracked 
| 105|0x0000000710c00000, 0x0000000710c00000, 0x0000000710e00000|  0%| F|  |TAMS 0x0000000710c00000, 0x0000000710c00000| Untracked 
| 106|0x0000000710e00000, 0x0000000710e00000, 0x0000000711000000|  0%| F|  |TAMS 0x0000000710e00000, 0x0000000710e00000| Untracked 
| 107|0x0000000711000000, 0x0000000711000000, 0x0000000711200000|  0%| F|  |TAMS 0x0000000711000000, 0x0000000711000000| Untracked 
| 108|0x0000000711200000, 0x0000000711200000, 0x0000000711400000|  0%| F|  |TAMS 0x0000000711200000, 0x0000000711200000| Untracked 
| 109|0x0000000711400000, 0x0000000711400000, 0x0000000711600000|  0%| F|  |TAMS 0x0000000711400000, 0x0000000711400000| Untracked 
| 110|0x0000000711600000, 0x0000000711600000, 0x0000000711800000|  0%| F|  |TAMS 0x0000000711600000, 0x0000000711600000| Untracked 
| 111|0x0000000711800000, 0x0000000711800000, 0x0000000711a00000|  0%| F|  |TAMS 0x0000000711800000, 0x0000000711800000| Untracked 
| 112|0x0000000711a00000, 0x0000000711a00000, 0x0000000711c00000|  0%| F|  |TAMS 0x0000000711a00000, 0x0000000711a00000| Untracked 
| 113|0x0000000711c00000, 0x0000000711c00000, 0x0000000711e00000|  0%| F|  |TAMS 0x0000000711c00000, 0x0000000711c00000| Untracked 
| 114|0x0000000711e00000, 0x0000000711e00000, 0x0000000712000000|  0%| F|  |TAMS 0x0000000711e00000, 0x0000000711e00000| Untracked 
| 115|0x0000000712000000, 0x0000000712000000, 0x0000000712200000|  0%| F|  |TAMS 0x0000000712000000, 0x0000000712000000| Untracked 
| 116|0x0000000712200000, 0x0000000712400000, 0x0000000712400000|100%| E|  |TAMS 0x0000000712200000, 0x0000000712200000| Complete 
| 117|0x0000000712400000, 0x0000000712600000, 0x0000000712600000|100%| E|CS|TAMS 0x0000000712400000, 0x0000000712400000| Complete 
| 118|0x0000000712600000, 0x0000000712800000, 0x0000000712800000|100%| E|CS|TAMS 0x0000000712600000, 0x0000000712600000| Complete 
| 119|0x0000000712800000, 0x0000000712a00000, 0x0000000712a00000|100%| E|CS|TAMS 0x0000000712800000, 0x0000000712800000| Complete 
| 120|0x0000000712a00000, 0x0000000712c00000, 0x0000000712c00000|100%| E|CS|TAMS 0x0000000712a00000, 0x0000000712a00000| Complete 
| 121|0x0000000712c00000, 0x0000000712e00000, 0x0000000712e00000|100%| E|CS|TAMS 0x0000000712c00000, 0x0000000712c00000| Complete 
| 122|0x0000000712e00000, 0x0000000713000000, 0x0000000713000000|100%| E|CS|TAMS 0x0000000712e00000, 0x0000000712e00000| Complete 
| 123|0x0000000713000000, 0x0000000713200000, 0x0000000713200000|100%| E|CS|TAMS 0x0000000713000000, 0x0000000713000000| Complete 
| 124|0x0000000713200000, 0x0000000713400000, 0x0000000713400000|100%| E|CS|TAMS 0x0000000713200000, 0x0000000713200000| Complete 
| 125|0x0000000713400000, 0x0000000713600000, 0x0000000713600000|100%| E|CS|TAMS 0x0000000713400000, 0x0000000713400000| Complete 
| 126|0x0000000713600000, 0x0000000713800000, 0x0000000713800000|100%| E|CS|TAMS 0x0000000713600000, 0x0000000713600000| Complete 

Card table byte_map: [0x0000020d7eca0000,0x0000020d7f490000] _byte_map_base: 0x0000020d7b483000

Marking Bits (Prev, Next): (CMBitMap*) 0x0000020d76374760, (CMBitMap*) 0x0000020d763747a0
 Prev Bits: [0x0000020d0f000000, 0x0000020d12f18000)
 Next Bits: [0x0000020d12f20000, 0x0000020d16e38000)

Polling page: 0x0000020d73fb0000

Metaspace:

Usage:
  Non-class:      3.65 MB used.
      Class:    632.98 KB used.
       Both:      4.26 MB used.

Virtual space:
  Non-class space:       64.00 MB reserved,       4.19 MB (  7%) committed,  1 nodes.
      Class space:        1.00 GB reserved,       1.06 MB ( <1%) committed,  1 nodes.
             Both:        1.06 GB reserved,       5.25 MB ( <1%) committed. 

Chunk freelists:
   Non-Class:  2.30 MB
       Class:  2.97 MB
        Both:  5.27 MB

MaxMetaspaceSize: unlimited
CompressedClassSpaceSize: 1.00 GB
Initial GC threshold: 21.00 MB
Current GC threshold: 21.00 MB
CDS: on
MetaspaceReclaimPolicy: balanced
 - commit_granule_bytes: 65536.
 - commit_granule_words: 8192.
 - virtual_space_node_default_size: 8388608.
 - enlarge_chunks_in_place: 1.
 - new_chunks_are_fully_committed: 0.
 - uncommit_free_chunks: 1.
 - use_allocation_guard: 0.


Internal statistics:

num_allocs_failed_limit: 0.
num_arena_births: 1546.
num_arena_deaths: 0.
num_vsnodes_births: 2.
num_vsnodes_deaths: 0.
num_space_committed: 84.
num_space_uncommitted: 0.
num_chunks_returned_to_freelist: 0.
num_chunks_taken_from_freelist: 2137.
num_chunk_merges: 0.
num_chunk_splits: 1170.
num_chunks_enlarged: 211.
num_inconsistent_stats: 0.

CodeHeap 'non-profiled nmethods': size=119168Kb used=715Kb max_used=715Kb free=118453Kb
 bounds [0x0000020d07ba0000, 0x0000020d07e10000, 0x0000020d0f000000]
CodeHeap 'profiled nmethods': size=119104Kb used=2128Kb max_used=2128Kb free=116975Kb
 bounds [0x0000020d00750000, 0x0000020d009c0000, 0x0000020d07ba0000]
CodeHeap 'non-nmethods': size=7488Kb used=1939Kb max_used=1971Kb free=5548Kb
 bounds [0x0000020d00000000, 0x0000020d00270000, 0x0000020d00750000]
 total_blobs=2118 nmethods=1512 adapters=516
 compilation: enabled
              stopped_count=0, restarted_count=0
 full_count=0

Compilation events (20 events):
Event: 215.480 Thread 0x0000020d1de3ff80 1492       3       java.util.ArrayList::toArray (57 bytes)
Event: 215.480 Thread 0x0000020d19a74f10 1498       3       java.lang.invoke.BoundMethodHandle$Species_L::speciesData (4 bytes)
Event: 215.482 Thread 0x0000020d19a74f10 nmethod 1498 0x0000020d00960210 code [0x0000020d009603a0, 0x0000020d009604b8]
Event: 215.482 Thread 0x0000020d19a74f10 1493       1       java.lang.invoke.IndirectVarHandle::varType (5 bytes)
Event: 215.482 Thread 0x0000020d1de3ff80 nmethod 1492 0x0000020d00960590 code [0x0000020d00960760, 0x0000020d00960cf8]
Event: 215.483 Thread 0x0000020d1de3ff80 1499       1       java.nio.Buffer::capacity (5 bytes)
Event: 215.484 Thread 0x0000020d19a74f10 nmethod 1493 0x0000020d07c4b190 code [0x0000020d07c4b320, 0x0000020d07c4b3f8]
Event: 215.485 Thread 0x0000020d19a74f10 1500       3       java.util.Optional::of (12 bytes)
Event: 215.485 Thread 0x0000020d1de3ff80 nmethod 1499 0x0000020d07c4b490 code [0x0000020d07c4b620, 0x0000020d07c4b6f8]
Event: 215.488 Thread 0x0000020d19a74f10 nmethod 1500 0x0000020d00960e10 code [0x0000020d00960fe0, 0x0000020d009613c8]
Event: 215.489 Thread 0x0000020d19a71c60 nmethod 1497 0x0000020d07c4b790 code [0x0000020d07c4b920, 0x0000020d07c4bad8]
Event: 215.490 Thread 0x0000020d19a71c60 1503       4       java.lang.invoke.LambdaForm::normalize (322 bytes)
Event: 215.491 Thread 0x0000020d19a74f10 1507       3       java.lang.invoke.DirectMethodHandle::make (21 bytes)
Event: 215.491 Thread 0x0000020d19a74f10 nmethod 1507 0x0000020d00961590 code [0x0000020d00961740, 0x0000020d00961948]
Event: 215.492 Thread 0x0000020d19a74f10 1509       3       sun.invoke.util.VerifyAccess::isMemberAccessible (338 bytes)
Event: 215.492 Thread 0x0000020d1de3ff80 1510       3       java.lang.invoke.ClassSpecializer$Factory$1Var::slotSize (8 bytes)
Event: 215.492 Thread 0x0000020d1de3ff80 nmethod 1510 0x0000020d00961a10 code [0x0000020d00961bc0, 0x0000020d00961db8]
Event: 215.493 Thread 0x0000020d1de3ff80 1512       3       java.util.ArrayList::toArray (12 bytes)
Event: 215.493 Thread 0x0000020d19a74f10 nmethod 1509 0x0000020d00961f10 code [0x0000020d009622a0, 0x0000020d00963688]
Event: 215.493 Thread 0x0000020d1de3ff80 nmethod 1512 0x0000020d00963c10 code [0x0000020d00963dc0, 0x0000020d00963fa8]

GC Heap History (0 events):
No events

Deoptimization events (20 events):
Event: 0.528 Thread 0x0000020d763008f0 Uncommon trap: trap_request=0xffffff45 fr.pc=0x0000020d07c2b954 relative=0x0000000000000af4
Event: 0.528 Thread 0x0000020d763008f0 Uncommon trap: reason=unstable_if action=reinterpret pc=0x0000020d07c2b954 method=jdk.internal.org.objectweb.asm.Frame.accept(Ljdk/internal/org/objectweb/asm/MethodWriter;)V @ 39 c2
Event: 0.528 Thread 0x0000020d763008f0 DEOPT PACKING pc=0x0000020d07c2b954 sp=0x000000d7dcdfe380
Event: 0.528 Thread 0x0000020d763008f0 DEOPT UNPACKING pc=0x0000020d00055c23 sp=0x000000d7dcdfe340 mode 2
Event: 0.549 Thread 0x0000020d763008f0 Uncommon trap: trap_request=0xffffff45 fr.pc=0x0000020d07ba8e60 relative=0x0000000000000060
Event: 0.549 Thread 0x0000020d763008f0 Uncommon trap: reason=unstable_if action=reinterpret pc=0x0000020d07ba8e60 method=java.lang.String.isLatin1()Z @ 10 c2
Event: 0.549 Thread 0x0000020d763008f0 DEOPT PACKING pc=0x0000020d07ba8e60 sp=0x000000d7dcdfece0
Event: 0.549 Thread 0x0000020d763008f0 DEOPT UNPACKING pc=0x0000020d00055c23 sp=0x000000d7dcdfec80 mode 2
Event: 9.149 Thread 0x0000020d763008f0 Uncommon trap: trap_request=0xffffff45 fr.pc=0x0000020d07c21f0c relative=0x000000000000186c
Event: 9.149 Thread 0x0000020d763008f0 Uncommon trap: reason=unstable_if action=reinterpret pc=0x0000020d07c21f0c method=java.lang.invoke.InvokerBytecodeGenerator.getInternalName(Ljava/lang/Class;)Ljava/lang/String; @ 24 c2
Event: 9.149 Thread 0x0000020d763008f0 DEOPT PACKING pc=0x0000020d07c21f0c sp=0x000000d7dcdfcf20
Event: 9.150 Thread 0x0000020d763008f0 DEOPT UNPACKING pc=0x0000020d00055c23 sp=0x000000d7dcdfcdf0 mode 2
Event: 9.150 Thread 0x0000020d763008f0 Uncommon trap: trap_request=0xffffff45 fr.pc=0x0000020d07c0ce90 relative=0x0000000000000890
Event: 9.150 Thread 0x0000020d763008f0 Uncommon trap: reason=unstable_if action=reinterpret pc=0x0000020d07c0ce90 method=jdk.internal.org.objectweb.asm.Frame.getAbstractTypeFromDescriptor(Ljdk/internal/org/objectweb/asm/SymbolTable;Ljava/lang/String;I)I @ 5 c2
Event: 9.150 Thread 0x0000020d763008f0 DEOPT PACKING pc=0x0000020d07c0ce90 sp=0x000000d7dcdfce10
Event: 9.150 Thread 0x0000020d763008f0 DEOPT UNPACKING pc=0x0000020d00055c23 sp=0x000000d7dcdfce10 mode 2
Event: 215.492 Thread 0x0000020d763008f0 Uncommon trap: trap_request=0xffffff45 fr.pc=0x0000020d07c2a910 relative=0x0000000000000270
Event: 215.492 Thread 0x0000020d763008f0 Uncommon trap: reason=unstable_if action=reinterpret pc=0x0000020d07c2a910 method=sun.invoke.util.VerifyType.isNullConversion(Ljava/lang/Class;Ljava/lang/Class;Z)Z @ 75 c2
Event: 215.492 Thread 0x0000020d763008f0 DEOPT PACKING pc=0x0000020d07c2a910 sp=0x000000d7dcdfee40
Event: 215.492 Thread 0x0000020d763008f0 DEOPT UNPACKING pc=0x0000020d00055c23 sp=0x000000d7dcdfede8 mode 2

Classes loaded (20 events):
Event: 9.151 Loading class java/util/stream/ReferencePipeline$4
Event: 9.151 Loading class java/util/stream/ReferencePipeline$4 done
Event: 9.152 Loading class java/util/stream/Nodes$IntFixedNodeBuilder
Event: 9.152 Loading class java/util/stream/Node$Builder$OfInt
Event: 9.152 Loading class java/util/stream/Node$Builder$OfInt done
Event: 9.152 Loading class java/util/stream/Nodes$IntArrayNode
Event: 9.152 Loading class java/util/stream/Nodes$IntArrayNode done
Event: 9.152 Loading class java/util/stream/Nodes$IntFixedNodeBuilder done
Event: 9.152 Loading class java/util/stream/ReferencePipeline$4$1
Event: 9.152 Loading class java/util/stream/ReferencePipeline$4$1 done
Event: 22.479 Loading class com/intellij/rt/debugger/BatchEvaluatorServer
Event: 22.479 Loading class com/intellij/rt/debugger/BatchEvaluatorServer done
Event: 22.489 Loading class java/io/DataOutputStream
Event: 22.489 Loading class java/io/DataOutputStream done
Event: 215.477 Loading class java/lang/invoke/MemoryAccessVarHandleShortHelper
Event: 215.477 Loading class java/lang/invoke/MemoryAccessVarHandleShortHelper done
Event: 215.490 Loading class java/lang/invoke/BoundMethodHandle$Species_LLLLJ
Event: 215.490 Loading class java/lang/invoke/BoundMethodHandle$Species_LLLLJ done
Event: 215.492 Loading class java/lang/invoke/BoundMethodHandle$Species_LLLLJL
Event: 215.492 Loading class java/lang/invoke/BoundMethodHandle$Species_LLLLJL done

Classes unloaded (0 events):
No events

Classes redefined (0 events):
No events

Internal exceptions (20 events):
Event: 0.528 Thread 0x0000020d763008f0 Exception <a 'java/lang/NoSuchMethodError'{0x000000071243fd40}: 'java.lang.Object java.lang.invoke.DirectMethodHandle$Holder.invokeStatic(java.lang.Object, java.lang.Object, java.lang.Object, java.lang.Object, java.lang.Object, long)'> (0x000000071243fd40) 
thrown [t:\workspace\open\src\hotspot\share\interpreter\linkResolver.cpp, line 766]
Event: 0.530 Thread 0x0000020d763008f0 Exception <a 'java/lang/NoSuchMethodError'{0x000000071244d3e0}: 'int java.lang.invoke.DirectMethodHandle$Holder.invokeStatic(java.lang.Object, java.lang.Object, java.lang.Object, long)'> (0x000000071244d3e0) 
thrown [t:\workspace\open\src\hotspot\share\interpreter\linkResolver.cpp, line 766]
Event: 0.530 Thread 0x0000020d763008f0 Exception <a 'java/lang/NoSuchMethodError'{0x0000000712451038}: 'int java.lang.invoke.DirectMethodHandle$Holder.invokeSpecial(java.lang.Object, java.lang.Object, java.lang.Object, java.lang.Object, long)'> (0x0000000712451038) 
thrown [t:\workspace\open\src\hotspot\share\interpreter\linkResolver.cpp, line 766]
Event: 0.530 Thread 0x0000020d763008f0 Exception <a 'java/lang/NoSuchMethodError'{0x00000007124547c0}: 'int java.lang.invoke.DelegatingMethodHandle$Holder.reinvoke_L(java.lang.Object, java.lang.Object, java.lang.Object, long)'> (0x00000007124547c0) 
thrown [t:\workspace\open\src\hotspot\share\interpreter\linkResolver.cpp, line 766]
Event: 0.531 Thread 0x0000020d763008f0 Exception <a 'java/lang/NoSuchMethodError'{0x00000007124683e0}: 'long java.lang.invoke.DirectMethodHandle$Holder.invokeStatic(java.lang.Object, java.lang.Object, java.lang.Object, long)'> (0x00000007124683e0) 
thrown [t:\workspace\open\src\hotspot\share\interpreter\linkResolver.cpp, line 766]
Event: 0.531 Thread 0x0000020d763008f0 Exception <a 'java/lang/NoSuchMethodError'{0x000000071246c038}: 'long java.lang.invoke.DirectMethodHandle$Holder.invokeSpecial(java.lang.Object, java.lang.Object, java.lang.Object, java.lang.Object, long)'> (0x000000071246c038) 
thrown [t:\workspace\open\src\hotspot\share\interpreter\linkResolver.cpp, line 766]
Event: 0.532 Thread 0x0000020d763008f0 Exception <a 'java/lang/NoSuchMethodError'{0x000000071246f7c0}: 'long java.lang.invoke.DelegatingMethodHandle$Holder.reinvoke_L(java.lang.Object, java.lang.Object, java.lang.Object, long)'> (0x000000071246f7c0) 
thrown [t:\workspace\open\src\hotspot\share\interpreter\linkResolver.cpp, line 766]
Event: 0.532 Thread 0x0000020d763008f0 Exception <a 'java/lang/NoSuchMethodError'{0x000000071247a5f8}: 'void java.lang.invoke.Invokers$Holder.invoke_MT(java.lang.Object, java.lang.Object, java.lang.Object, java.lang.Object, java.lang.Object, java.lang.Object)'> (0x000000071247a5f8) 
thrown [t:\workspace\open\src\hotspot\share\interpreter\linkResolver.cpp, line 766]
Event: 0.552 Thread 0x0000020d763008f0 Exception <a 'java/lang/NoSuchMethodError'{0x00000007125905c0}: 'void java.lang.invoke.DirectMethodHandle$Holder.invokeStatic(java.lang.Object, java.lang.Object, java.lang.Object, long, int)'> (0x00000007125905c0) 
thrown [t:\workspace\open\src\hotspot\share\interpreter\linkResolver.cpp, line 766]
Event: 0.552 Thread 0x0000020d763008f0 Exception <a 'java/lang/NoSuchMethodError'{0x0000000712593e20}: 'void java.lang.invoke.DelegatingMethodHandle$Holder.reinvoke_L(java.lang.Object, java.lang.Object, java.lang.Object, long, int)'> (0x0000000712593e20) 
thrown [t:\workspace\open\src\hotspot\share\interpreter\linkResolver.cpp, line 766]
Event: 0.553 Thread 0x0000020d763008f0 Exception <a 'java/lang/NoSuchMethodError'{0x000000071259b4e8}: 'int java.lang.invoke.DirectMethodHandle$Holder.invokeSpecial(java.lang.Object, java.lang.Object, java.lang.Object, java.lang.Object, long, java.lang.Object)'> (0x000000071259b4e8) 
thrown [t:\workspace\open\src\hotspot\share\interpreter\linkResolver.cpp, line 766]
Event: 0.554 Thread 0x0000020d763008f0 Exception <a 'java/lang/NoSuchMethodError'{0x00000007125a30c0}: 'int java.lang.invoke.DirectMethodHandle$Holder.invokeSpecial(java.lang.Object, java.lang.Object, java.lang.Object, long, long, int, int)'> (0x00000007125a30c0) 
thrown [t:\workspace\open\src\hotspot\share\interpreter\linkResolver.cpp, line 766]
Event: 9.146 Thread 0x0000020d763008f0 Exception <a 'java/lang/NoSuchMethodError'{0x00000007125de3a0}: 'long java.lang.invoke.DirectMethodHandle$Holder.invokeSpecial(java.lang.Object, java.lang.Object, java.lang.Object, long, long, long)'> (0x00000007125de3a0) 
thrown [t:\workspace\open\src\hotspot\share\interpreter\linkResolver.cpp, line 766]
Event: 9.146 Thread 0x0000020d763008f0 Exception <a 'java/lang/NoSuchMethodError'{0x00000007125e1af0}: 'long java.lang.invoke.DelegatingMethodHandle$Holder.reinvoke_L(java.lang.Object, java.lang.Object, long, long, long)'> (0x00000007125e1af0) 
thrown [t:\workspace\open\src\hotspot\share\interpreter\linkResolver.cpp, line 766]
Event: 9.148 Thread 0x0000020d763008f0 Exception <a 'java/lang/NoSuchMethodError'{0x00000007125ef428}: 'java.lang.Object java.lang.invoke.DirectMethodHandle$Holder.invokeSpecial(java.lang.Object, java.lang.Object, java.lang.Object, long, long)'> (0x00000007125ef428) 
thrown [t:\workspace\open\src\hotspot\share\interpreter\linkResolver.cpp, line 766]
Event: 9.148 Thread 0x0000020d763008f0 Exception <a 'java/lang/NoSuchMethodError'{0x00000007125f2d40}: 'java.lang.Object java.lang.invoke.DelegatingMethodHandle$Holder.delegate(java.lang.Object, java.lang.Object, java.lang.Object, long, long)'> (0x00000007125f2d40) 
thrown [t:\workspace\open\src\hotspot\share\interpreter\linkResolver.cpp, line 766]
Event: 22.493 Thread 0x0000020d763008f0 Exception <a 'java/lang/NoSuchMethodError'{0x0000000712252b90}: 'java.lang.Object java.lang.invoke.DirectMethodHandle$Holder.invokeSpecial(java.lang.Object, java.lang.Object, long, java.lang.Object)'> (0x0000000712252b90) 
thrown [t:\workspace\open\src\hotspot\share\interpreter\linkResolver.cpp, line 766]
Event: 215.490 Thread 0x0000020d763008f0 Exception <a 'java/lang/NoSuchMethodError'{0x00000007122c4918}: 'long java.lang.invoke.DirectMethodHandle$Holder.invokeSpecial(java.lang.Object, java.lang.Object, java.lang.Object, long, long)'> (0x00000007122c4918) 
thrown [t:\workspace\open\src\hotspot\share\interpreter\linkResolver.cpp, line 766]
Event: 215.491 Thread 0x0000020d763008f0 Exception <a 'java/lang/NoSuchMethodError'{0x00000007122da000}: 'java.lang.Object java.lang.invoke.DirectMethodHandle$Holder.invokeStatic(java.lang.Object, java.lang.Object, java.lang.Object, java.lang.Object, java.lang.Object, java.lang.Object, java.lang.Object, long)'> (0x00000007122da000) 
thrown [t:\workspace\open\src\hotspot\share\interpreter\linkResolver.cpp, line 766]
Event: 215.492 Thread 0x0000020d763008f0 Exception <a 'java/lang/NoSuchMethodError'{0x00000007122f7678}: 'java.lang.Object java.lang.invoke.DirectMethodHandle$Holder.invokeStatic(java.lang.Object, java.lang.Object, java.lang.Object, java.lang.Object, java.lang.Object, java.lang.Object, java.lang.Object, long, java.lang.Object)'> (0x00000007122f7678) 
thrown [t:\workspace\open\src\hotspot\share\interpreter\linkResolver.cpp, line 766]

VM Operations (20 events):
Event: 118.148 Executing VM operation: get/set locals
Event: 118.148 Executing VM operation: get/set locals done
Event: 121.905 Executing VM operation: get/set locals
Event: 121.905 Executing VM operation: get/set locals done
Event: 138.939 Executing VM operation: ChangeBreakpoints
Event: 138.939 Executing VM operation: ChangeBreakpoints done
Event: 138.941 Executing VM operation: ChangeBreakpoints
Event: 138.941 Executing VM operation: ChangeBreakpoints done
Event: 138.941 Executing VM operation: ChangeBreakpoints
Event: 138.941 Executing VM operation: ChangeBreakpoints done
Event: 138.943 Executing VM operation: ChangeBreakpoints
Event: 138.944 Executing VM operation: ChangeBreakpoints done
Event: 215.470 Executing VM operation: ChangeBreakpoints
Event: 215.470 Executing VM operation: ChangeBreakpoints done
Event: 215.470 Executing VM operation: ChangeBreakpoints
Event: 215.471 Executing VM operation: ChangeBreakpoints done
Event: 215.471 Executing VM operation: ChangeBreakpoints
Event: 215.471 Executing VM operation: ChangeBreakpoints done
Event: 215.471 Executing VM operation: ChangeBreakpoints
Event: 215.472 Executing VM operation: ChangeBreakpoints done

Events (20 events):
Event: 0.080 Loaded shared library D:\Program Files\Java\jdk-18\bin\nio.dll
Event: 0.091 Thread 0x0000020d1dcb5c60 Thread added: 0x0000020d1dcb5c60
Event: 0.113 Thread 0x0000020d1dd81b80 Thread added: 0x0000020d1dd81b80
Event: 0.113 Thread 0x0000020d1dd85250 Thread added: 0x0000020d1dd85250
Event: 0.114 Thread 0x0000020d1de41de0 Thread added: 0x0000020d1de41de0
Event: 0.236 Loaded shared library D:\Program Files\Java\jdk-18\bin\zip.dll
Event: 0.246 Loaded shared library D:\Program Files\Java\jdk-18\bin\instrument.dll
Event: 0.252 Loaded shared library D:\Program Files\Java\jdk-18\bin\zip.dll
Event: 0.266 Loaded shared library D:\Program Files\Java\jdk-18\bin\verify.dll
Event: 0.270 Thread 0x0000020d1dc9e0d0 Thread added: 0x0000020d1dc9e0d0
Event: 0.296 Loaded shared library D:\freetype.dll
Event: 0.395 Thread 0x0000020d1e14fbb0 Thread added: 0x0000020d1e14fbb0
Event: 0.465 Thread 0x0000020d1e46f320 Thread added: 0x0000020d1e46f320
Event: 0.539 Loaded shared library D:\Program Files\Java\jdk-18\bin\jimage.dll
Event: 4.129 Thread 0x0000020d1e46f320 Thread exited: 0x0000020d1e46f320
Event: 9.132 Thread 0x0000020d1dcb5c60 Thread exited: 0x0000020d1dcb5c60
Event: 9.132 Thread 0x0000020d1e14fbb0 Thread exited: 0x0000020d1e14fbb0
Event: 215.470 Thread 0x0000020d1de41de0 Thread exited: 0x0000020d1de41de0
Event: 215.474 Thread 0x0000020d1dd81b80 Thread exited: 0x0000020d1dd81b80
Event: 215.479 Thread 0x0000020d1de3ff80 Thread added: 0x0000020d1de3ff80


Dynamic libraries:
0x00007ff7ae150000 - 0x00007ff7ae15e000 	D:\Program Files\Java\jdk-18\bin\java.exe
0x00007ffc77510000 - 0x00007ffc77705000 	C:\Windows\SYSTEM32\ntdll.dll
0x00007ffc76f20000 - 0x00007ffc76fde000 	C:\Windows\System32\KERNEL32.DLL
0x00007ffc74c70000 - 0x00007ffc74f38000 	C:\Windows\System32\KERNELBASE.dll
0x00007ffc74f40000 - 0x00007ffc75040000 	C:\Windows\System32\ucrtbase.dll
0x00007ffc6eaa0000 - 0x00007ffc6eab7000 	D:\Program Files\Java\jdk-18\bin\jli.dll
0x00007ffc6e800000 - 0x00007ffc6e81a000 	D:\Program Files\Java\jdk-18\bin\VCRUNTIME140.dll
0x00007ffc75cc0000 - 0x00007ffc75e60000 	C:\Windows\System32\USER32.dll
0x00007ffc75530000 - 0x00007ffc75552000 	C:\Windows\System32\win32u.dll
0x00007ffc75c30000 - 0x00007ffc75c5b000 	C:\Windows\System32\GDI32.dll
0x00007ffc750e0000 - 0x00007ffc751ed000 	C:\Windows\System32\gdi32full.dll
0x00007ffc75040000 - 0x00007ffc750dd000 	C:\Windows\System32\msvcp_win.dll
0x00007ffc60870000 - 0x00007ffc60b0a000 	C:\Windows\WinSxS\amd64_microsoft.windows.common-controls_6595b64144ccf1df_6.0.19041.1110_none_60b5254171f9507e\COMCTL32.dll
0x00007ffc76c60000 - 0x00007ffc76cfe000 	C:\Windows\System32\msvcrt.dll
0x00007ffc76e50000 - 0x00007ffc76e80000 	C:\Windows\System32\IMM32.DLL
0x00007ffc6e7c0000 - 0x00007ffc6e7cc000 	D:\Program Files\Java\jdk-18\bin\vcruntime140_1.dll
0x00007ffc61770000 - 0x00007ffc617fd000 	D:\Program Files\Java\jdk-18\bin\msvcp140.dll
0x00007ffc0dbd0000 - 0x00007ffc0e7e1000 	D:\Program Files\Java\jdk-18\bin\server\jvm.dll
0x00007ffc76830000 - 0x00007ffc768de000 	C:\Windows\System32\ADVAPI32.dll
0x00007ffc75560000 - 0x00007ffc755fc000 	C:\Windows\System32\sechost.dll
0x00007ffc75e60000 - 0x00007ffc75f85000 	C:\Windows\System32\RPCRT4.dll
0x00007ffc770b0000 - 0x00007ffc770b8000 	C:\Windows\System32\PSAPI.DLL
0x00007ffc6d640000 - 0x00007ffc6d649000 	C:\Windows\SYSTEM32\WSOCK32.dll
0x00007ffc63420000 - 0x00007ffc63447000 	C:\Windows\SYSTEM32\WINMM.dll
0x00007ffc6b890000 - 0x00007ffc6b89a000 	C:\Windows\SYSTEM32\VERSION.dll
0x00007ffc76de0000 - 0x00007ffc76e4b000 	C:\Windows\System32\WS2_32.dll
0x00007ffc73460000 - 0x00007ffc73472000 	C:\Windows\SYSTEM32\kernel.appcore.dll
0x00007ffc6d650000 - 0x00007ffc6d65a000 	D:\Program Files\Java\jdk-18\bin\jimage.dll
0x00007ffc73170000 - 0x00007ffc73354000 	C:\Windows\SYSTEM32\DBGHELP.DLL
0x00007ffc57450000 - 0x00007ffc5747c000 	C:\Windows\SYSTEM32\dbgcore.DLL
0x00007ffc754a0000 - 0x00007ffc75522000 	C:\Windows\System32\bcryptPrimitives.dll
0x00007ffc3e3a0000 - 0x00007ffc3e3db000 	D:\Program Files\Java\jdk-18\bin\jdwp.dll
0x00007ffc6d090000 - 0x00007ffc6d09e000 	D:\Program Files\Java\jdk-18\bin\instrument.dll
0x00007ffc6d580000 - 0x00007ffc6d5a5000 	D:\Program Files\Java\jdk-18\bin\java.dll
0x00007ffc2f9c0000 - 0x00007ffc2fa96000 	D:\Program Files\Java\jdk-18\bin\jsvml.dll
0x00007ffc75f90000 - 0x00007ffc766d4000 	C:\Windows\System32\SHELL32.dll
0x00007ffc72900000 - 0x00007ffc73094000 	C:\Windows\SYSTEM32\windows.storage.dll
0x00007ffc770c0000 - 0x00007ffc77415000 	C:\Windows\System32\combase.dll
0x00007ffc74670000 - 0x00007ffc7469e000 	C:\Windows\SYSTEM32\Wldp.dll
0x00007ffc768e0000 - 0x00007ffc7698d000 	C:\Windows\System32\SHCORE.dll
0x00007ffc75c60000 - 0x00007ffc75cb5000 	C:\Windows\System32\shlwapi.dll
0x00007ffc74b60000 - 0x00007ffc74b7f000 	C:\Windows\SYSTEM32\profapi.dll
0x00007ffc61700000 - 0x00007ffc61713000 	D:\Program Files\Java\jdk-18\bin\net.dll
0x00007ffc6cbc0000 - 0x00007ffc6cccc000 	C:\Windows\SYSTEM32\WINHTTP.dll
0x00007ffc743d0000 - 0x00007ffc7443a000 	C:\Windows\system32\mswsock.dll
0x00007ffc601d0000 - 0x00007ffc601e6000 	D:\Program Files\Java\jdk-18\bin\nio.dll
0x00007ffc622d0000 - 0x00007ffc622dc000 	D:\Program Files\Java\jdk-18\bin\dt_socket.dll
0x00007ffc74070000 - 0x00007ffc740ab000 	C:\Windows\SYSTEM32\IPHLPAPI.DLL
0x00007ffc520c0000 - 0x00007ffc520d8000 	D:\Program Files\Java\jdk-18\bin\zip.dll
0x00007ffc6d570000 - 0x00007ffc6d580000 	D:\Program Files\Java\jdk-18\bin\verify.dll
0x00007ffc388f0000 - 0x00007ffc3899a000 	D:\freetype.dll

dbghelp: loaded successfully - version: 4.0.5 - missing functions: none
symbol engine: initialized successfully - sym options: 0x614 - pdb path: .;D:\Program Files\Java\jdk-18\bin;C:\Windows\SYSTEM32;C:\Windows\WinSxS\amd64_microsoft.windows.common-controls_6595b64144ccf1df_6.0.19041.1110_none_60b5254171f9507e;D:\Program Files\Java\jdk-18\bin\server;D:

VM Arguments:
jvm_args: -agentlib:jdwp=transport=dt_socket,address=127.0.0.1:65330,suspend=y,server=n --enable-native-access=test.jfreetype,jfreetype -javaagent:C:\Users\Nickid2018\AppData\Local\JetBrains\IntelliJIdea2021.2\captureAgent\debugger-agent.jar -Dfile.encoding=UTF-8 --module-path=D:\jfreetype\test\target\test-classes;D:\jfreetype\target\classes -Djdk.module.main=test.jfreetype 
java_command: test.jfreetype/io.github.mmc1234.jfreetype.example.Main
java_class_path (initial): D:\Program Files\JetBrains\IntelliJ IDEA 2021.2.3\lib\idea_rt.jar
Launcher Type: SUN_STANDARD

[Global flags]
     intx CICompilerCount                          = 12                                        {product} {ergonomic}
     uint ConcGCThreads                            = 3                                         {product} {ergonomic}
     uint G1ConcRefinementThreads                  = 13                                        {product} {ergonomic}
   size_t G1HeapRegionSize                         = 2097152                                   {product} {ergonomic}
    uintx GCDrainStackTargetSize                   = 64                                        {product} {ergonomic}
   size_t InitialHeapSize                          = 266338304                                 {product} {ergonomic}
   size_t MarkStackSize                            = 4194304                                   {product} {ergonomic}
   size_t MaxHeapSize                              = 4234149888                                {product} {ergonomic}
   size_t MaxNewSize                               = 2539651072                                {product} {ergonomic}
   size_t MinHeapDeltaBytes                        = 2097152                                   {product} {ergonomic}
   size_t MinHeapSize                              = 8388608                                   {product} {ergonomic}
    uintx NonNMethodCodeHeapSize                   = 7602480                                {pd product} {ergonomic}
    uintx NonProfiledCodeHeapSize                  = 122027880                              {pd product} {ergonomic}
    uintx ProfiledCodeHeapSize                     = 122027880                              {pd product} {ergonomic}
    uintx ReservedCodeCacheSize                    = 251658240                              {pd product} {ergonomic}
     bool SegmentedCodeCache                       = true                                      {product} {ergonomic}
   size_t SoftMaxHeapSize                          = 4234149888                             {manageable} {ergonomic}
     bool UseCompressedClassPointers               = true                           {product lp64_product} {ergonomic}
     bool UseCompressedOops                        = true                           {product lp64_product} {ergonomic}
     bool UseG1GC                                  = true                                      {product} {ergonomic}
     bool UseLargePagesIndividualAllocation        = false                                  {pd product} {ergonomic}

Logging:
Log output configuration:
 #0: stdout all=warning uptime,level,tags foldmultilines=false
 #1: stderr all=off uptime,level,tags foldmultilines=false

Environment Variables:
JAVA_HOME=D:\Program Files\Java\jdk1.8.0_301
PATH=C:\Program Files (x86)\Common Files\Intel\Shared Libraries\redist\intel64_win\compiler;D:\Program Files (x86)\VMware\VMware Workstation\bin\;C:\Program Files\PlasticSCM5\server;C:\Program Files\PlasticSCM5\client;C:\Program Files (x86)\Common Files\Intel\Shared Libraries\redist\intel64\compiler;C:\Program Files (x86)\Common Files\Oracle\Java\javapath;C:\Windows\system32;C:\Windows;C:\Windows\System32\Wbem;C:\Windows\System32\WindowsPowerShell\v1.0\;C:\Windows\System32\OpenSSH\;C:\Program Files (x86)\NVIDIA Corporation\PhysX\Common;C:\Program Files\NVIDIA Corporation\NVIDIA NvDLISR;D:\Program Files\Java\jdk1.8.0_301\bin;D:\Program Files\nodejs\;C:\Program Files (x86)\Gpg4win\..\GnuPG\bin;D:\Program Files\Git\cmd;C:\Program Files\dotnet\;C:\Users\Nickid2018\AppData\Local\Microsoft\WindowsApps;D:\Program Files\JetBrains\IntelliJ IDEA Community Edition 2021.2\bin;D:\Program Files\JetBrains\CLion 2021.2\bin;D:\Program Files\JetBrains\IntelliJ IDEA 2021.2\bin;D:\Program Files\JetBrains\PyCharm 2021.2\bin;D:\Program Files\Fiddler;C:\Users\Nickid2018\AppData\Roaming\npm;D:\Program Files\Bandizip\7z;D:\Program Files\JetBrains\PyCharm 2021.2.3\bin;;D:\Program Files\JetBrains\IntelliJ IDEA 2021.2.3\bin;;C:\Users\Nickid2018\.dotnet\tools
USERNAME=Nickid2018
OS=Windows_NT
PROCESSOR_IDENTIFIER=Intel64 Family 6 Model 141 Stepping 1, GenuineIntel



---------------  S Y S T E M  ---------------

OS:
 Windows 10 , 64 bit Build 19041 (10.0.19041.1503)
OS uptime: 8 days 7:54 hours
Hyper-V role detected

CPU: total 16 (initial active 16) (8 cores per cpu, 2 threads per core) family 6 model 141 stepping 1 microcode 0x32, cx8, cmov, fxsr, ht, mmx, 3dnowpref, sse, sse2, sse3, ssse3, sse4.1, sse4.2, popcnt, lzcnt, tsc, tscinvbit, avx, avx2, aes, erms, clmul, bmi1, bmi2, adx, avx512f, avx512dq, avx512cd, avx512bw, avx512vl, sha, fma, vzeroupper, avx512_vpopcntdq, avx512_vpclmulqdq, avx512_vaes, avx512_vnni, clflush, clflushopt, clwb, avx512_vbmi2, avx512_vbmi, hv

Memory: 4k page, system-wide physical 16151M (4074M free)
TotalPageFile size 25367M (AvailPageFile size 5091M)
current process WorkingSet (physical memory assigned to process): 66M, peak: 75M
current process commit charge ("private bytes"): 361M, peak: 376M

vm_info: OpenJDK 64-Bit Server VM (18+36-2087) for windows-amd64 JRE (18+36-2087), built on Feb 15 2022 09:37:35 by "mach5one" with MS VC++ 16.8 / 16.9 (VS2019)

END.
